[[3.16227766e+00 3.00274000e-04]
 [3.16227766e+00 1.68856479e-03]
 [3.16227766e+00 9.49549762e-03]
 [1.12201845e+01 3.00274000e-04]
 [1.12201845e+01 1.68856479e-03]
 [1.12201845e+01 9.49549762e-03]
 [3.98107171e+01 3.00274000e-04]
 [3.98107171e+01 1.68856479e-03]
 [3.98107171e+01 9.49549762e-03]]
[[3.16227766e+00 3.00274000e-04]
 [3.16227766e+00 1.68856479e-03]
 [3.16227766e+00 9.49549762e-03]
 [1.12201845e+01 3.00274000e-04]
 [1.12201845e+01 1.68856479e-03]
 [1.12201845e+01 9.49549762e-03]
 [3.98107171e+01 3.00274000e-04]
 [3.98107171e+01 1.68856479e-03]
[[3.16227766e+00 3.00274000e-04]
 [3.16227766e+00 1.68856479e-03]
 [3.16227766e+00 9.49549762e-03]
 [1.12201845e+01 3.00274000e-04]
 [1.12201845e+01 1.68856479e-03]
 [1.12201845e+01 9.49549762e-03]
 [3.98107171e+01 3.00274000e-04]
 [3.98107171e+01 1.68856479e-03]
 [3.98107171e+01 9.49549762e-03]]
[[3.16227766e+00 3.00274000e-04]
 [3.16227766e+00 1.68856479e-03]
 [3.16227766e+00 9.49549762e-03]
 [1.12201845e+01 3.00274000e-04]
 [1.12201845e+01 1.68856479e-03]
 [1.12201845e+01 9.49549762e-03]
 [3.98107171e+01 3.00274000e-04]
 [3.98107171e+01 1.68856479e-03]
 [3.98107171e+01 9.49549762e-03]]
[[3.16227766e+00 3.00274000e-04]
 [3.16227766e+00 1.68856479e-03]
 [3.16227766e+00 9.49549762e-03]
 [1.12201845e+01 3.00274000e-04]
 [1.12201845e+01 1.68856479e-03]
 [1.12201845e+01 9.49549762e-03]
 [3.98107171e+01 3.00274000e-04]
 [3.98107171e+01 1.68856479e-03]
 [3.98107171e+01 9.49549762e-03]]
[[3.16227766e+00 3.00274000e-04]
 [3.16227766e+00 1.68856479e-03]
 [3.16227766e+00 9.49549762e-03]
 [1.12201845e+01 3.00274000e-04]
 [1.12201845e+01 1.68856479e-03]
 [1.12201845e+01 9.49549762e-03]
 [3.98107171e+01 3.00274000e-04]
 [3.98107171e+01 1.68856479e-03]
 [3.98107171e+01 9.49549762e-03]]
[[3.16227766e+00 3.00274000e-04]
 [3.16227766e+00 1.68856479e-03]
 [3.16227766e+00 9.49549762e-03]
 [1.12201845e+01 3.00274000e-04]
 [1.12201845e+01 1.68856479e-03]
 [1.12201845e+01 9.49549762e-03]
 [3.98107171e+01 3.00274000e-04]
 [3.98107171e+01 1.68856479e-03]
 [3.98107171e+01 9.49549762e-03]]
[[3.16227766e+00 3.00274000e-04]
 [3.16227766e+00 1.68856479e-03]
 [3.16227766e+00 9.49549762e-03]
 [1.12201845e+01 3.00274000e-04]
 [1.12201845e+01 1.68856479e-03]
 [1.12201845e+01 9.49549762e-03]
 [3.98107171e+01 3.00274000e-04]
 [3.98107171e+01 1.68856479e-03]
 [3.98107171e+01 9.49549762e-03]]
[[3.16227766e+00 3.00274000e-04]
 [3.16227766e+00 1.68856479e-03]
 [3.16227766e+00 9.49549762e-03]
 [1.12201845e+01 3.00274000e-04]
 [1.12201845e+01 1.68856479e-03]
 [1.12201845e+01 9.49549762e-03]
 [3.98107171e+01 3.00274000e-04]
 [3.98107171e+01 1.68856479e-03]
 [3.98107171e+01 9.49549762e-03]]
[[3.16227766e+00 3.00274000e-04]
 [3.16227766e+00 1.68856479e-03]
 [3.16227766e+00 9.49549762e-03]
 [1.12201845e+01 3.00274000e-04]
 [1.12201845e+01 1.68856479e-03]
 [1.12201845e+01 9.49549762e-03]
 [3.98107171e+01 3.00274000e-04]
 [3.98107171e+01 1.68856479e-03]
 [3.98107171e+01 9.49549762e-03]]
[[3.16227766e+00 3.00274000e-04]
 [3.16227766e+00 1.68856479e-03]
 [3.16227766e+00 9.49549762e-03]
 [1.12201845e+01 3.00274000e-04]
 [1.12201845e+01 1.68856479e-03]
 [1.12201845e+01 9.49549762e-03]
 [3.98107171e+01 3.00274000e-04]
 [3.98107171e+01 1.68856479e-03]
 [3.98107171e+01 9.49549762e-03]]
[[3.16227766e+00 3.00274000e-04]
 [3.16227766e+00 1.68856479e-03]
 [3.16227766e+00 9.49549762e-03]
 [1.12201845e+01 3.00274000e-04]
 [1.12201845e+01 1.68856479e-03]
 [1.12201845e+01 9.49549762e-03]
 [3.98107171e+01 3.00274000e-04]
 [3.98107171e+01 1.68856479e-03]
 [3.98107171e+01 9.49549762e-03]]
[[3.16227766e+00 3.00274000e-04]
 [3.16227766e+00 1.68856479e-03]
 [3.16227766e+00 9.49549762e-03]
 [1.12201845e+01 3.00274000e-04]
 [1.12201845e+01 1.68856479e-03]
 [1.12201845e+01 9.49549762e-03]
 [3.98107171e+01 3.00274000e-04]
 [3.98107171e+01 1.68856479e-03]
 [3.98107171e+01 9.49549762e-03]]
[[3.16227766e+00 3.00274000e-04]
 [3.16227766e+00 1.68856479e-03]
 [3.16227766e+00 9.49549762e-03]
 [1.12201845e+01 3.00274000e-04]
 [1.12201845e+01 1.68856479e-03]
 [1.12201845e+01 9.49549762e-03]
 [3.98107171e+01 3.00274000e-04]
 [3.98107171e+01 1.68856479e-03]
 [3.98107171e+01 9.49549762e-03]]
[[3.16227766e+00 3.00274000e-04]
 [3.16227766e+00 1.68856479e-03]
 [3.16227766e+00 9.49549762e-03]
 [1.12201845e+01 3.00274000e-04]
 [1.12201845e+01 1.68856479e-03]
 [1.12201845e+01 9.49549762e-03]
 [3.98107171e+01 3.00274000e-04]
 [3.98107171e+01 1.68856479e-03]
 [3.98107171e+01 9.49549762e-03]]
[[3.16227766e+00 3.00274000e-04]
 [3.16227766e+00 1.68856479e-03]
 [3.16227766e+00 9.49549762e-03]
 [1.12201845e+01 3.00274000e-04]
 [1.12201845e+01 1.68856479e-03]
 [1.12201845e+01 9.49549762e-03]
 [3.98107171e+01 3.00274000e-04]
 [3.98107171e+01 1.68856479e-03]
 [3.98107171e+01 9.49549762e-03]]
[[3.16227766e+00 3.00274000e-04]
 [3.16227766e+00 1.68856479e-03]
 [3.16227766e+00 9.49549762e-03]
 [1.12201845e+01 3.00274000e-04]
 [1.12201845e+01 1.68856479e-03]
 [1.12201845e+01 9.49549762e-03]
 [3.98107171e+01 3.00274000e-04]
 [3.98107171e+01 1.68856479e-03]
 [3.98107171e+01 9.49549762e-03]]
[[3.16227766e+00 3.00274000e-04]
 [3.16227766e+00 1.68856479e-03]
 [3.16227766e+00 9.49549762e-03]
 [1.12201845e+01 3.00274000e-04]
 [1.12201845e+01 1.68856479e-03]
 [1.12201845e+01 9.49549762e-03]
 [3.98107171e+01 3.00274000e-04]
 [3.98107171e+01 1.68856479e-03]
 [3.98107171e+01 9.49549762e-03]]
[[3.16227766e+00 3.00274000e-04]
 [3.16227766e+00 1.68856479e-03]
 [3.16227766e+00 9.49549762e-03]
 [1.12201845e+01 3.00274000e-04]
 [1.12201845e+01 1.68856479e-03]
 [1.12201845e+01 9.49549762e-03]
 [3.98107171e+01 3.00274000e-04]
 [3.98107171e+01 1.68856479e-03]
 [3.98107171e+01 9.49549762e-03]]
[[3.16227766e+00 3.00274000e-04]
 [3.16227766e+00 1.68856479e-03]
 [3.16227766e+00 9.49549762e-03]
 [1.12201845e+01 3.00274000e-04]
 [1.12201845e+01 1.68856479e-03]
 [1.12201845e+01 9.49549762e-03]
 [3.98107171e+01 3.00274000e-04]
 [3.98107171e+01 1.68856479e-03]
 [3.98107171e+01 9.49549762e-03]]
[[3.16227766e+00 3.00274000e-04]
 [3.16227766e+00 1.68856479e-03]
 [3.16227766e+00 9.49549762e-03]
 [1.12201845e+01 3.00274000e-04]
 [1.12201845e+01 1.68856479e-03]
 [1.12201845e+01 9.49549762e-03]
 [3.98107171e+01 3.00274000e-04]
 [3.98107171e+01 1.68856479e-03]
 [3.98107171e+01 9.49549762e-03]]
 [3.98107171e+01 9.49549762e-03]]
2.0182613530010656 3.7657922936076966
2.3668091448360347 2.4908843454222223
5.117514324550702 3.260169732082057
2.7391794667980847 1.0919016109366178
0.2628796567010266 5.239186001379234
5.4904717840738515 1.451778132098111
4.022128127589135 0.7854695801998619
3.606370517391592 0.8661761446143786
0.5147797183325586 3.221517783759241
2.99170709468683 1.085421665207231
0.23622402463082276 4.367458566263839
3.971632224484761 0.8518070432061476
0.13418969353507063 5.088877484937038
5.854509534242963 4.286381309954571
5.888438553862142 4.453525773581871
3.686959301108655 1.8659422670381143
4.544548995945836 1.8718714474448102
1.2993364294411092 0.17739798915879137
4.751031547386433 0.4746583499595729
1.3048877128652543 1.7349595561890085
1.0906830671669587 5.633050658634515
[[3.16227766e+00 3.00274000e-04]
 [3.16227766e+00 1.68856479e-03]
 [3.16227766e+00 9.49549762e-03]
 [1.12201845e+01 3.00274000e-04]
 [1.12201845e+01 1.68856479e-03]
 [1.12201845e+01 9.49549762e-03]
 [3.98107171e+01 3.00274000e-04]
 [3.98107171e+01 1.68856479e-03]
 [3.98107171e+01 9.49549762e-03]]
[[3.16227766e+00 3.00274000e-04]
 [3.16227766e+00 1.68856479e-03]
 [3.16227766e+00 9.49549762e-03]
 [1.12201845e+01 3.00274000e-04]
 [1.12201845e+01 1.68856479e-03]
 [1.12201845e+01 9.49549762e-03]
 [3.98107171e+01 3.00274000e-04]
 [3.98107171e+01 1.68856479e-03]
 [3.98107171e+01 9.49549762e-03]]
[[3.16227766e+00 3.00274000e-04]
 [3.16227766e+00 1.68856479e-03]
 [3.16227766e+00 9.49549762e-03]
 [1.12201845e+01 3.00274000e-04]
 [1.12201845e+01 1.68856479e-03]
 [1.12201845e+01 9.49549762e-03]
 [3.98107171e+01 3.00274000e-04]
 [3.98107171e+01 1.68856479e-03]
 [3.98107171e+01 9.49549762e-03]]
[[3.16227766e+00 3.00274000e-04]
 [3.16227766e+00 1.68856479e-03]
 [3.16227766e+00 9.49549762e-03]
 [1.12201845e+01 3.00274000e-04]
 [1.12201845e+01 1.68856479e-03]
 [1.12201845e+01 9.49549762e-03]
 [3.98107171e+01 3.00274000e-04]
 [3.98107171e+01 1.68856479e-03]
 [3.98107171e+01 9.49549762e-03]]
[[3.16227766e+00 3.00274000e-04]
 [3.16227766e+00 1.68856479e-03]
 [3.16227766e+00 9.49549762e-03]
 [1.12201845e+01 3.00274000e-04]
 [1.12201845e+01 1.68856479e-03]
 [1.12201845e+01 9.49549762e-03]
 [3.98107171e+01 3.00274000e-04]
 [3.98107171e+01 1.68856479e-03]
 [3.98107171e+01 9.49549762e-03]]
[[3.16227766e+00 3.00274000e-04]
 [3.16227766e+00 1.68856479e-03]
 [3.16227766e+00 9.49549762e-03]
 [1.12201845e+01 3.00274000e-04]
 [1.12201845e+01 1.68856479e-03]
 [1.12201845e+01 9.49549762e-03]
 [3.98107171e+01 3.00274000e-04]
 [3.98107171e+01 1.68856479e-03]
 [3.98107171e+01 9.49549762e-03]]
[[3.16227766e+00 3.00274000e-04]
 [3.16227766e+00 1.68856479e-03]
 [3.16227766e+00 9.49549762e-03]
 [1.12201845e+01 3.00274000e-04]
 [1.12201845e+01 1.68856479e-03]
 [1.12201845e+01 9.49549762e-03]
 [3.98107171e+01 3.00274000e-04]
 [3.98107171e+01 1.68856479e-03]
 [3.98107171e+01 9.49549762e-03]]
[[3.16227766e+00 3.00274000e-04]
 [3.16227766e+00 1.68856479e-03]
 [3.16227766e+00 9.49549762e-03]
 [1.12201845e+01 3.00274000e-04]
 [1.12201845e+01 1.68856479e-03]
 [1.12201845e+01 9.49549762e-03]
 [3.98107171e+01 3.00274000e-04]
 [3.98107171e+01 1.68856479e-03]
 [3.98107171e+01 9.49549762e-03]]
[[3.16227766e+00 3.00274000e-04]
 [3.16227766e+00 1.68856479e-03]
 [3.16227766e+00 9.49549762e-03]
 [1.12201845e+01 3.00274000e-04]
 [1.12201845e+01 1.68856479e-03]
 [1.12201845e+01 9.49549762e-03]
 [3.98107171e+01 3.00274000e-04]
 [3.98107171e+01 1.68856479e-03]
 [3.98107171e+01 9.49549762e-03]]
[[3.16227766e+00 3.00274000e-04]
 [3.16227766e+00 1.68856479e-03]
 [3.16227766e+00 9.49549762e-03]
 [1.12201845e+01 3.00274000e-04]
 [1.12201845e+01 1.68856479e-03]
 [1.12201845e+01 9.49549762e-03]
 [3.98107171e+01 3.00274000e-04]
 [3.98107171e+01 1.68856479e-03]
 [3.98107171e+01 9.49549762e-03]]
[[3.16227766e+00 3.00274000e-04]
 [3.16227766e+00 1.68856479e-03]
 [3.16227766e+00 9.49549762e-03]
 [1.12201845e+01 3.00274000e-04]
 [1.12201845e+01 1.68856479e-03]
 [1.12201845e+01 9.49549762e-03]
 [3.98107171e+01 3.00274000e-04]
 [3.98107171e+01 1.68856479e-03]
 [3.98107171e+01 9.49549762e-03]]
[[3.16227766e+00 3.00274000e-04]
 [3.16227766e+00 1.68856479e-03]
 [3.16227766e+00 9.49549762e-03]
 [1.12201845e+01 3.00274000e-04]
 [1.12201845e+01 1.68856479e-03]
 [1.12201845e+01 9.49549762e-03]
 [3.98107171e+01 3.00274000e-04]
 [3.98107171e+01 1.68856479e-03]
 [3.98107171e+01 9.49549762e-03]]
[[3.16227766e+00 3.00274000e-04]
 [3.16227766e+00 1.68856479e-03]
 [3.16227766e+00 9.49549762e-03]
 [1.12201845e+01 3.00274000e-04]
 [1.12201845e+01 1.68856479e-03]
 [1.12201845e+01 9.49549762e-03]
 [3.98107171e+01 3.00274000e-04]
 [3.98107171e+01 1.68856479e-03]
 [3.98107171e+01 9.49549762e-03]]
[[3.16227766e+00 3.00274000e-04]
 [3.16227766e+00 1.68856479e-03]
 [3.16227766e+00 9.49549762e-03]
 [1.12201845e+01 3.00274000e-04]
 [1.12201845e+01 1.68856479e-03]
 [1.12201845e+01 9.49549762e-03]
 [3.98107171e+01 3.00274000e-04]
 [3.98107171e+01 1.68856479e-03]
[[3.16227766e+00 3.00274000e-04]
 [3.16227766e+00 1.68856479e-03]
 [3.16227766e+00 9.49549762e-03]
 [1.12201845e+01 3.00274000e-04]
 [1.12201845e+01 1.68856479e-03]
 [1.12201845e+01 9.49549762e-03]
 [3.98107171e+01 3.00274000e-04]
 [3.98107171e+01 1.68856479e-03]
 [3.98107171e+01 9.49549762e-03]]
[[3.16227766e+00 3.00274000e-04]
 [3.16227766e+00 1.68856479e-03]
 [3.16227766e+00 9.49549762e-03]
 [1.12201845e+01 3.00274000e-04]
 [1.12201845e+01 1.68856479e-03]
 [1.12201845e+01 9.49549762e-03]
 [3.98107171e+01 3.00274000e-04]
 [3.98107171e+01 1.68856479e-03]
 [3.98107171e+01 9.49549762e-03]]
[[3.16227766e+00 3.00274000e-04]
 [3.16227766e+00 1.68856479e-03]
 [3.16227766e+00 9.49549762e-03]
 [1.12201845e+01 3.00274000e-04]
 [1.12201845e+01 1.68856479e-03]
 [1.12201845e+01 9.49549762e-03]
 [3.98107171e+01 3.00274000e-04]
 [3.98107171e+01 1.68856479e-03]
 [3.98107171e+01 9.49549762e-03]]
[[3.16227766e+00 3.00274000e-04]
 [3.16227766e+00 1.68856479e-03]
 [3.16227766e+00 9.49549762e-03]
 [1.12201845e+01 3.00274000e-04]
 [1.12201845e+01 1.68856479e-03]
 [1.12201845e+01 9.49549762e-03]
 [3.98107171e+01 3.00274000e-04]
 [3.98107171e+01 1.68856479e-03]
 [3.98107171e+01 9.49549762e-03]]
[[3.16227766e+00 3.00274000e-04]
 [3.16227766e+00 1.68856479e-03]
 [3.16227766e+00 9.49549762e-03]
 [1.12201845e+01 3.00274000e-04]
 [1.12201845e+01 1.68856479e-03]
 [1.12201845e+01 9.49549762e-03]
 [3.98107171e+01 3.00274000e-04]
 [3.98107171e+01 1.68856479e-03]
 [3.98107171e+01 9.49549762e-03]]
[[3.16227766e+00 3.00274000e-04]
 [3.16227766e+00 1.68856479e-03]
 [3.16227766e+00 9.49549762e-03]
 [1.12201845e+01 3.00274000e-04]
 [1.12201845e+01 1.68856479e-03]
 [1.12201845e+01 9.49549762e-03]
 [3.98107171e+01 3.00274000e-04]
 [3.98107171e+01 1.68856479e-03]
 [3.98107171e+01 9.49549762e-03]]
[[3.16227766e+00 3.00274000e-04]
 [3.16227766e+00 1.68856479e-03]
 [3.16227766e+00 9.49549762e-03]
 [1.12201845e+01 3.00274000e-04]
 [1.12201845e+01 1.68856479e-03]
 [1.12201845e+01 9.49549762e-03]
 [3.98107171e+01 3.00274000e-04]
 [3.98107171e+01 1.68856479e-03]
 [3.98107171e+01 9.49549762e-03]]
[[3.16227766e+00 3.00274000e-04]
 [3.16227766e+00 1.68856479e-03]
 [3.16227766e+00 9.49549762e-03]
 [1.12201845e+01 3.00274000e-04]
 [1.12201845e+01 1.68856479e-03]
 [1.12201845e+01 9.49549762e-03]
 [3.98107171e+01 3.00274000e-04]
 [3.98107171e+01 1.68856479e-03]
 [3.98107171e+01 9.49549762e-03]]
[[3.16227766e+00 3.00274000e-04]
 [3.16227766e+00 1.68856479e-03]
 [3.16227766e+00 9.49549762e-03]
 [1.12201845e+01 3.00274000e-04]
 [1.12201845e+01 1.68856479e-03]
 [1.12201845e+01 9.49549762e-03]
 [3.98107171e+01 3.00274000e-04]
 [3.98107171e+01 1.68856479e-03]
 [3.98107171e+01 9.49549762e-03]]
[[3.16227766e+00 3.00274000e-04]
 [3.16227766e+00 1.68856479e-03]
 [3.16227766e+00 9.49549762e-03]
 [1.12201845e+01 3.00274000e-04]
 [1.12201845e+01 1.68856479e-03]
 [1.12201845e+01 9.49549762e-03]
 [3.98107171e+01 3.00274000e-04]
 [3.98107171e+01 1.68856479e-03]
 [3.98107171e+01 9.49549762e-03]]
[[3.16227766e+00 3.00274000e-04]
 [3.16227766e+00 1.68856479e-03]
 [3.16227766e+00 9.49549762e-03]
 [1.12201845e+01 3.00274000e-04]
 [1.12201845e+01 1.68856479e-03]
 [1.12201845e+01 9.49549762e-03]
 [3.98107171e+01 3.00274000e-04]
 [3.98107171e+01 1.68856479e-03]
 [3.98107171e+01 9.49549762e-03]]
[[3.16227766e+00 3.00274000e-04]
 [3.16227766e+00 1.68856479e-03]
 [3.16227766e+00 9.49549762e-03]
 [1.12201845e+01 3.00274000e-04]
 [1.12201845e+01 1.68856479e-03]
 [1.12201845e+01 9.49549762e-03]
 [3.98107171e+01 3.00274000e-04]
 [3.98107171e+01 1.68856479e-03]
 [3.98107171e+01 9.49549762e-03]]
[[3.16227766e+00 3.00274000e-04]
 [3.16227766e+00 1.68856479e-03]
 [3.16227766e+00 9.49549762e-03]
 [1.12201845e+01 3.00274000e-04]
 [1.12201845e+01 1.68856479e-03]
 [1.12201845e+01 9.49549762e-03]
 [3.98107171e+01 3.00274000e-04]
 [3.98107171e+01 1.68856479e-03]
 [3.98107171e+01 9.49549762e-03]]
[[3.16227766e+00 3.00274000e-04]
 [3.16227766e+00 1.68856479e-03]
 [3.16227766e+00 9.49549762e-03]
 [1.12201845e+01 3.00274000e-04]
 [1.12201845e+01 1.68856479e-03]
 [1.12201845e+01 9.49549762e-03]
 [3.98107171e+01 3.00274000e-04]
 [3.98107171e+01 1.68856479e-03]
 [3.98107171e+01 9.49549762e-03]]
[[3.16227766e+00 3.00274000e-04]
 [3.16227766e+00 1.68856479e-03]
 [3.16227766e+00 9.49549762e-03]
 [1.12201845e+01 3.00274000e-04]
 [1.12201845e+01 1.68856479e-03]
 [1.12201845e+01 9.49549762e-03]
 [3.98107171e+01 3.00274000e-04]
 [3.98107171e+01 1.68856479e-03]
 [3.98107171e+01 9.49549762e-03]]
[[3.16227766e+00 3.00274000e-04]
 [3.16227766e+00 1.68856479e-03]
 [3.16227766e+00 9.49549762e-03]
 [1.12201845e+01 3.00274000e-04]
 [1.12201845e+01 1.68856479e-03]
 [1.12201845e+01 9.49549762e-03]
 [3.98107171e+01 3.00274000e-04]
 [3.98107171e+01 1.68856479e-03]
 [3.98107171e+01 9.49549762e-03]]
 [3.98107171e+01 9.49549762e-03]]
[[3.16227766e+00 3.00274000e-04]
 [3.16227766e+00 1.68856479e-03]
 [3.16227766e+00 9.49549762e-03]
 [1.12201845e+01 3.00274000e-04]
 [1.12201845e+01 1.68856479e-03]
 [1.12201845e+01 9.49549762e-03]
 [3.98107171e+01 3.00274000e-04]
 [3.98107171e+01 1.68856479e-03]
 [3.98107171e+01 9.49549762e-03]]
[[3.16227766e+00 3.00274000e-04]
 [3.16227766e+00 1.68856479e-03]
 [3.16227766e+00 9.49549762e-03]
 [1.12201845e+01 3.00274000e-04]
 [1.12201845e+01 1.68856479e-03]
 [1.12201845e+01 9.49549762e-03]
 [3.98107171e+01 3.00274000e-04]
 [3.98107171e+01 1.68856479e-03]
 [3.98107171e+01 9.49549762e-03]]
[[3.16227766e+00 3.00274000e-04]
 [3.16227766e+00 1.68856479e-03]
 [3.16227766e+00 9.49549762e-03]
 [1.12201845e+01 3.00274000e-04]
 [1.12201845e+01 1.68856479e-03]
 [1.12201845e+01 9.49549762e-03]
 [3.98107171e+01 3.00274000e-04]
 [3.98107171e+01 1.68856479e-03]
 [3.98107171e+01 9.49549762e-03]]
[[3.16227766e+00 3.00274000e-04]
 [3.16227766e+00 1.68856479e-03]
 [3.16227766e+00 9.49549762e-03]
 [1.12201845e+01 3.00274000e-04]
 [1.12201845e+01 1.68856479e-03]
 [1.12201845e+01 9.49549762e-03]
 [3.98107171e+01 3.00274000e-04]
 [3.98107171e+01 1.68856479e-03]
 [3.98107171e+01 9.49549762e-03]]
[[3.16227766e+00 3.00274000e-04]
 [3.16227766e+00 1.68856479e-03]
 [3.16227766e+00 9.49549762e-03]
 [1.12201845e+01 3.00274000e-04]
 [1.12201845e+01 1.68856479e-03]
 [1.12201845e+01 9.49549762e-03]
 [3.98107171e+01 3.00274000e-04]
 [3.98107171e+01 1.68856479e-03]
 [3.98107171e+01 9.49549762e-03]]
[[3.16227766e+00 3.00274000e-04]
 [3.16227766e+00 1.68856479e-03]
 [3.16227766e+00 9.49549762e-03]
 [1.12201845e+01 3.00274000e-04]
 [1.12201845e+01 1.68856479e-03]
 [1.12201845e+01 9.49549762e-03]
 [3.98107171e+01 3.00274000e-04]
 [3.98107171e+01 1.68856479e-03]
 [3.98107171e+01 9.49549762e-03]]
[[3.16227766e+00 3.00274000e-04]
 [3.16227766e+00 1.68856479e-03]
 [3.16227766e+00 9.49549762e-03]
 [1.12201845e+01 3.00274000e-04]
 [1.12201845e+01 1.68856479e-03]
 [1.12201845e+01 9.49549762e-03]
 [3.98107171e+01 3.00274000e-04]
 [3.98107171e+01 1.68856479e-03]
 [3.98107171e+01 9.49549762e-03]]
[[3.16227766e+00 3.00274000e-04]
 [3.16227766e+00 1.68856479e-03]
 [3.16227766e+00 9.49549762e-03]
 [1.12201845e+01 3.00274000e-04]
 [1.12201845e+01 1.68856479e-03]
 [1.12201845e+01 9.49549762e-03]
 [3.98107171e+01 3.00274000e-04]
 [3.98107171e+01 1.68856479e-03]
 [3.98107171e+01 9.49549762e-03]]
[[3.16227766e+00 3.00274000e-04]
 [3.16227766e+00 1.68856479e-03]
 [3.16227766e+00 9.49549762e-03]
 [1.12201845e+01 3.00274000e-04]
 [1.12201845e+01 1.68856479e-03]
 [1.12201845e+01 9.49549762e-03]
 [3.98107171e+01 3.00274000e-04]
 [3.98107171e+01 1.68856479e-03]
 [3.98107171e+01 9.49549762e-03]]
[[3.16227766e+00 3.00274000e-04]
 [3.16227766e+00 1.68856479e-03]
 [3.16227766e+00 9.49549762e-03]
 [1.12201845e+01 3.00274000e-04]
 [1.12201845e+01 1.68856479e-03]
 [1.12201845e+01 9.49549762e-03]
 [3.98107171e+01 3.00274000e-04]
 [3.98107171e+01 1.68856479e-03]
 [3.98107171e+01 9.49549762e-03]]
[[3.16227766e+00 3.00274000e-04]
 [3.16227766e+00 1.68856479e-03]
 [3.16227766e+00 9.49549762e-03]
 [1.12201845e+01 3.00274000e-04]
 [1.12201845e+01 1.68856479e-03]
 [1.12201845e+01 9.49549762e-03]
 [3.98107171e+01 3.00274000e-04]
 [3.98107171e+01 1.68856479e-03]
 [3.98107171e+01 9.49549762e-03]]
[[3.16227766e+00 3.00274000e-04]
 [3.16227766e+00 1.68856479e-03]
 [3.16227766e+00 9.49549762e-03]
 [1.12201845e+01 3.00274000e-04]
 [1.12201845e+01 1.68856479e-03]
 [1.12201845e+01 9.49549762e-03]
 [3.98107171e+01 3.00274000e-04]
 [3.98107171e+01 1.68856479e-03]
 [3.98107171e+01 9.49549762e-03]]
[[3.16227766e+00 3.00274000e-04]
 [3.16227766e+00 1.68856479e-03]
 [3.16227766e+00 9.49549762e-03]
 [1.12201845e+01 3.00274000e-04]
 [1.12201845e+01 1.68856479e-03]
 [1.12201845e+01 9.49549762e-03]
 [3.98107171e+01 3.00274000e-04]
 [3.98107171e+01 1.68856479e-03]
 [3.98107171e+01 9.49549762e-03]]
[[3.16227766e+00 3.00274000e-04]
 [3.16227766e+00 1.68856479e-03]
 [3.16227766e+00 9.49549762e-03]
 [1.12201845e+01 3.00274000e-04]
 [1.12201845e+01 1.68856479e-03]
 [1.12201845e+01 9.49549762e-03]
 [3.98107171e+01 3.00274000e-04]
 [3.98107171e+01 1.68856479e-03]
 [3.98107171e+01 9.49549762e-03]]
[[3.16227766e+00 3.00274000e-04]
 [3.16227766e+00 1.68856479e-03]
 [3.16227766e+00 9.49549762e-03]
 [1.12201845e+01 3.00274000e-04]
 [1.12201845e+01 1.68856479e-03]
 [1.12201845e+01 9.49549762e-03]
 [3.98107171e+01 3.00274000e-04]
 [3.98107171e+01 1.68856479e-03]
 [3.98107171e+01 9.49549762e-03]]
[[3.16227766e+00 3.00274000e-04]
 [3.16227766e+00 1.68856479e-03]
 [3.16227766e+00 9.49549762e-03]
 [1.12201845e+01 3.00274000e-04]
 [1.12201845e+01 1.68856479e-03]
 [1.12201845e+01 9.49549762e-03]
 [3.98107171e+01 3.00274000e-04]
 [3.98107171e+01 1.68856479e-03]
 [3.98107171e+01 9.49549762e-03]]
[[3.16227766e+00 3.00274000e-04]
 [3.16227766e+00 1.68856479e-03]
 [3.16227766e+00 9.49549762e-03]
 [1.12201845e+01 3.00274000e-04]
 [1.12201845e+01 1.68856479e-03]
 [1.12201845e+01 9.49549762e-03]
 [3.98107171e+01 3.00274000e-04]
 [3.98107171e+01 1.68856479e-03]
 [3.98107171e+01 9.49549762e-03]]
[[3.16227766e+00 3.00274000e-04]
 [3.16227766e+00 1.68856479e-03]
 [3.16227766e+00 9.49549762e-03]
 [1.12201845e+01 3.00274000e-04]
 [1.12201845e+01 1.68856479e-03]
 [1.12201845e+01 9.49549762e-03]
 [3.98107171e+01 3.00274000e-04]
 [3.98107171e+01 1.68856479e-03]
 [3.98107171e+01 9.49549762e-03]]
[[3.16227766e+00 3.00274000e-04]
 [3.16227766e+00 1.68856479e-03]
 [3.16227766e+00 9.49549762e-03]
 [1.12201845e+01 3.00274000e-04]
 [1.12201845e+01 1.68856479e-03]
 [1.12201845e+01 9.49549762e-03]
 [3.98107171e+01 3.00274000e-04]
 [3.98107171e+01 1.68856479e-03]
 [3.98107171e+01 9.49549762e-03]]
[[3.16227766e+00 3.00274000e-04]
 [3.16227766e+00 1.68856479e-03]
 [3.16227766e+00 9.49549762e-03]
 [1.12201845e+01 3.00274000e-04]
 [1.12201845e+01 1.68856479e-03]
 [1.12201845e+01 9.49549762e-03]
 [3.98107171e+01 3.00274000e-04]
 [3.98107171e+01 1.68856479e-03]
 [3.98107171e+01 9.49549762e-03]]
[[3.16227766e+00 3.00274000e-04]
 [3.16227766e+00 1.68856479e-03]
 [3.16227766e+00 9.49549762e-03]
 [1.12201845e+01 3.00274000e-04]
 [1.12201845e+01 1.68856479e-03]
 [1.12201845e+01 9.49549762e-03]
 [3.98107171e+01 3.00274000e-04]
 [3.98107171e+01 1.68856479e-03]
 [3.98107171e+01 9.49549762e-03]]
[[3.16227766e+00 3.00274000e-04]
 [3.16227766e+00 1.68856479e-03]
 [3.16227766e+00 9.49549762e-03]
 [1.12201845e+01 3.00274000e-04]
 [1.12201845e+01 1.68856479e-03]
 [1.12201845e+01 9.49549762e-03]
 [3.98107171e+01 3.00274000e-04]
 [3.98107171e+01 1.68856479e-03]
 [3.98107171e+01 9.49549762e-03]]
[[3.16227766e+00 3.00274000e-04]
 [3.16227766e+00 1.68856479e-03]
 [3.16227766e+00 9.49549762e-03]
 [1.12201845e+01 3.00274000e-04]
 [1.12201845e+01 1.68856479e-03]
 [1.12201845e+01 9.49549762e-03]
 [3.98107171e+01 3.00274000e-04]
 [3.98107171e+01 1.68856479e-03]
 [3.98107171e+01 9.49549762e-03]]
[[3.16227766e+00 3.00274000e-04]
 [3.16227766e+00 1.68856479e-03]
 [3.16227766e+00 9.49549762e-03]
 [1.12201845e+01 3.00274000e-04]
 [1.12201845e+01 1.68856479e-03]
 [1.12201845e+01 9.49549762e-03]
 [3.98107171e+01 3.00274000e-04]
 [3.98107171e+01 1.68856479e-03]
 [3.98107171e+01 9.49549762e-03]]
[[3.16227766e+00 3.00274000e-04]
 [3.16227766e+00 1.68856479e-03]
 [3.16227766e+00 9.49549762e-03]
 [1.12201845e+01 3.00274000e-04]
 [1.12201845e+01 1.68856479e-03]
 [1.12201845e+01 9.49549762e-03]
 [3.98107171e+01 3.00274000e-04]
 [3.98107171e+01 1.68856479e-03]
 [3.98107171e+01 9.49549762e-03]]
[[3.16227766e+00 3.00274000e-04]
 [3.16227766e+00 1.68856479e-03]
 [3.16227766e+00 9.49549762e-03]
 [1.12201845e+01 3.00274000e-04]
 [1.12201845e+01 1.68856479e-03]
 [1.12201845e+01 9.49549762e-03]
 [3.98107171e+01 3.00274000e-04]
 [3.98107171e+01 1.68856479e-03]
 [3.98107171e+01 9.49549762e-03]]
[[3.16227766e+00 3.00274000e-04]
 [3.16227766e+00 1.68856479e-03]
 [3.16227766e+00 9.49549762e-03]
 [1.12201845e+01 3.00274000e-04]
 [1.12201845e+01 1.68856479e-03]
 [1.12201845e+01 9.49549762e-03]
 [3.98107171e+01 3.00274000e-04]
 [3.98107171e+01 1.68856479e-03]
 [3.98107171e+01 9.49549762e-03]]
[[3.16227766e+00 3.00274000e-04]
 [3.16227766e+00 1.68856479e-03]
 [3.16227766e+00 9.49549762e-03]
 [1.12201845e+01 3.00274000e-04]
 [1.12201845e+01 1.68856479e-03]
 [1.12201845e+01 9.49549762e-03]
 [3.98107171e+01 3.00274000e-04]
 [3.98107171e+01 1.68856479e-03]
 [3.98107171e+01 9.49549762e-03]]
[[3.16227766e+00 3.00274000e-04]
 [3.16227766e+00 1.68856479e-03]
 [3.16227766e+00 9.49549762e-03]
 [1.12201845e+01 3.00274000e-04]
 [1.12201845e+01 1.68856479e-03]
 [1.12201845e+01 9.49549762e-03]
 [3.98107171e+01 3.00274000e-04]
 [3.98107171e+01 1.68856479e-03]
 [3.98107171e+01 9.49549762e-03]]
[[3.16227766e+00 3.00274000e-04]
 [3.16227766e+00 1.68856479e-03]
 [3.16227766e+00 9.49549762e-03]
 [1.12201845e+01 3.00274000e-04]
 [1.12201845e+01 1.68856479e-03]
 [1.12201845e+01 9.49549762e-03]
 [3.98107171e+01 3.00274000e-04]
 [3.98107171e+01 1.68856479e-03]
 [3.98107171e+01 9.49549762e-03]]
[[3.16227766e+00 3.00274000e-04]
 [3.16227766e+00 1.68856479e-03]
 [3.16227766e+00 9.49549762e-03]
 [1.12201845e+01 3.00274000e-04]
 [1.12201845e+01 1.68856479e-03]
 [1.12201845e+01 9.49549762e-03]
 [3.98107171e+01 3.00274000e-04]
 [3.98107171e+01 1.68856479e-03]
 [3.98107171e+01 9.49549762e-03]]
[[3.16227766e+00 3.00274000e-04]
 [3.16227766e+00 1.68856479e-03]
 [3.16227766e+00 9.49549762e-03]
 [1.12201845e+01 3.00274000e-04]
 [1.12201845e+01 1.68856479e-03]
 [1.12201845e+01 9.49549762e-03]
 [3.98107171e+01 3.00274000e-04]
 [3.98107171e+01 1.68856479e-03]
 [3.98107171e+01 9.49549762e-03]]
[[3.16227766e+00 3.00274000e-04]
 [3.16227766e+00 1.68856479e-03]
 [3.16227766e+00 9.49549762e-03]
 [1.12201845e+01 3.00274000e-04]
 [1.12201845e+01 1.68856479e-03]
 [1.12201845e+01 9.49549762e-03]
 [3.98107171e+01 3.00274000e-04]
 [3.98107171e+01 1.68856479e-03]
 [3.98107171e+01 9.49549762e-03]]
[[3.16227766e+00 3.00274000e-04]
 [3.16227766e+00 1.68856479e-03]
 [3.16227766e+00 9.49549762e-03]
 [1.12201845e+01 3.00274000e-04]
 [1.12201845e+01 1.68856479e-03]
 [1.12201845e+01 9.49549762e-03]
 [3.98107171e+01 3.00274000e-04]
 [3.98107171e+01 1.68856479e-03]
 [3.98107171e+01 9.49549762e-03]]
[[3.16227766e+00 3.00274000e-04]
 [3.16227766e+00 1.68856479e-03]
 [3.16227766e+00 9.49549762e-03]
 [1.12201845e+01 3.00274000e-04]
 [1.12201845e+01 1.68856479e-03]
 [1.12201845e+01 9.49549762e-03]
 [3.98107171e+01 3.00274000e-04]
 [3.98107171e+01 1.68856479e-03]
 [3.98107171e+01 9.49549762e-03]]
[[3.16227766e+00 3.00274000e-04]
 [3.16227766e+00 1.68856479e-03]
 [3.16227766e+00 9.49549762e-03]
 [1.12201845e+01 3.00274000e-04]
 [1.12201845e+01 1.68856479e-03]
 [1.12201845e+01 9.49549762e-03]
 [3.98107171e+01 3.00274000e-04]
 [3.98107171e+01 1.68856479e-03]
 [3.98107171e+01 9.49549762e-03]]
[[3.16227766e+00 3.00274000e-04]
 [3.16227766e+00 1.68856479e-03]
 [3.16227766e+00 9.49549762e-03]
 [1.12201845e+01 3.00274000e-04]
 [1.12201845e+01 1.68856479e-03]
 [1.12201845e+01 9.49549762e-03]
 [3.98107171e+01 3.00274000e-04]
 [3.98107171e+01 1.68856479e-03]
 [3.98107171e+01 9.49549762e-03]]
[[3.16227766e+00 3.00274000e-04]
 [3.16227766e+00 1.68856479e-03]
 [3.16227766e+00 9.49549762e-03]
 [1.12201845e+01 3.00274000e-04]
 [1.12201845e+01 1.68856479e-03]
 [1.12201845e+01 9.49549762e-03]
 [3.98107171e+01 3.00274000e-04]
 [3.98107171e+01 1.68856479e-03]
 [3.98107171e+01 9.49549762e-03]]
[[3.16227766e+00 3.00274000e-04]
 [3.16227766e+00 1.68856479e-03]
 [3.16227766e+00 9.49549762e-03]
 [1.12201845e+01 3.00274000e-04]
 [1.12201845e+01 1.68856479e-03]
 [1.12201845e+01 9.49549762e-03]
 [3.98107171e+01 3.00274000e-04]
 [3.98107171e+01 1.68856479e-03]
 [3.98107171e+01 9.49549762e-03]]
[[3.16227766e+00 3.00274000e-04]
 [3.16227766e+00 1.68856479e-03]
 [3.16227766e+00 9.49549762e-03]
 [1.12201845e+01 3.00274000e-04]
 [1.12201845e+01 1.68856479e-03]
 [1.12201845e+01 9.49549762e-03]
 [3.98107171e+01 3.00274000e-04]
 [3.98107171e+01 1.68856479e-03]
 [3.98107171e+01 9.49549762e-03]]
[[3.16227766e+00 3.00274000e-04]
 [3.16227766e+00 1.68856479e-03]
 [3.16227766e+00 9.49549762e-03]
 [1.12201845e+01 3.00274000e-04]
 [1.12201845e+01 1.68856479e-03]
 [1.12201845e+01 9.49549762e-03]
 [3.98107171e+01 3.00274000e-04]
 [3.98107171e+01 1.68856479e-03]
 [3.98107171e+01 9.49549762e-03]]
[[3.16227766e+00 3.00274000e-04]
 [3.16227766e+00 1.68856479e-03]
 [3.16227766e+00 9.49549762e-03]
 [1.12201845e+01 3.00274000e-04]
 [1.12201845e+01 1.68856479e-03]
 [1.12201845e+01 9.49549762e-03]
 [3.98107171e+01 3.00274000e-04]
 [3.98107171e+01 1.68856479e-03]
 [3.98107171e+01 9.49549762e-03]]
[[3.16227766e+00 3.00274000e-04]
 [3.16227766e+00 1.68856479e-03]
 [3.16227766e+00 9.49549762e-03]
 [1.12201845e+01 3.00274000e-04]
 [1.12201845e+01 1.68856479e-03]
 [1.12201845e+01 9.49549762e-03]
 [3.98107171e+01 3.00274000e-04]
 [3.98107171e+01 1.68856479e-03]
 [3.98107171e+01 9.49549762e-03]]
[[3.16227766e+00 3.00274000e-04]
 [3.16227766e+00 1.68856479e-03]
 [3.16227766e+00 9.49549762e-03]
 [1.12201845e+01 3.00274000e-04]
 [1.12201845e+01 1.68856479e-03]
 [1.12201845e+01 9.49549762e-03]
 [3.98107171e+01 3.00274000e-04]
 [3.98107171e+01 1.68856479e-03]
 [3.98107171e+01 9.49549762e-03]]
[[3.16227766e+00 3.00274000e-04]
 [3.16227766e+00 1.68856479e-03]
 [3.16227766e+00 9.49549762e-03]
 [1.12201845e+01 3.00274000e-04]
 [1.12201845e+01 1.68856479e-03]
 [1.12201845e+01 9.49549762e-03]
 [3.98107171e+01 3.00274000e-04]
 [3.98107171e+01 1.68856479e-03]
 [3.98107171e+01 9.49549762e-03]]
[[3.16227766e+00 3.00274000e-04]
 [3.16227766e+00 1.68856479e-03]
 [3.16227766e+00 9.49549762e-03]
 [1.12201845e+01 3.00274000e-04]
 [1.12201845e+01 1.68856479e-03]
 [1.12201845e+01 9.49549762e-03]
 [3.98107171e+01 3.00274000e-04]
 [3.98107171e+01 1.68856479e-03]
 [3.98107171e+01 9.49549762e-03]]
[[3.16227766e+00 3.00274000e-04]
 [3.16227766e+00 1.68856479e-03]
 [3.16227766e+00 9.49549762e-03]
 [1.12201845e+01 3.00274000e-04]
 [1.12201845e+01 1.68856479e-03]
 [1.12201845e+01 9.49549762e-03]
 [3.98107171e+01 3.00274000e-04]
 [3.98107171e+01 1.68856479e-03]
 [3.98107171e+01 9.49549762e-03]]
[[3.16227766e+00 3.00274000e-04]
 [3.16227766e+00 1.68856479e-03]
 [3.16227766e+00 9.49549762e-03]
 [1.12201845e+01 3.00274000e-04]
 [1.12201845e+01 1.68856479e-03]
 [1.12201845e+01 9.49549762e-03]
 [3.98107171e+01 3.00274000e-04]
 [3.98107171e+01 1.68856479e-03]
 [3.98107171e+01 9.49549762e-03]]
[[3.16227766e+00 3.00274000e-04]
 [3.16227766e+00 1.68856479e-03]
 [3.16227766e+00 9.49549762e-03]
 [1.12201845e+01 3.00274000e-04]
 [1.12201845e+01 1.68856479e-03]
 [1.12201845e+01 9.49549762e-03]
 [3.98107171e+01 3.00274000e-04]
 [3.98107171e+01 1.68856479e-03]
 [3.98107171e+01 9.49549762e-03]]
[[3.16227766e+00 3.00274000e-04]
 [3.16227766e+00 1.68856479e-03]
 [3.16227766e+00 9.49549762e-03]
 [1.12201845e+01 3.00274000e-04]
 [1.12201845e+01 1.68856479e-03]
 [1.12201845e+01 9.49549762e-03]
 [3.98107171e+01 3.00274000e-04]
 [3.98107171e+01 1.68856479e-03]
 [3.98107171e+01 9.49549762e-03]]
[[3.16227766e+00 3.00274000e-04]
 [3.16227766e+00 1.68856479e-03]
 [3.16227766e+00 9.49549762e-03]
 [1.12201845e+01 3.00274000e-04]
 [1.12201845e+01 1.68856479e-03]
 [1.12201845e+01 9.49549762e-03]
 [3.98107171e+01 3.00274000e-04]
 [3.98107171e+01 1.68856479e-03]
 [3.98107171e+01 9.49549762e-03]]
[[3.16227766e+00 3.00274000e-04]
 [3.16227766e+00 1.68856479e-03]
 [3.16227766e+00 9.49549762e-03]
 [1.12201845e+01 3.00274000e-04]
 [1.12201845e+01 1.68856479e-03]
 [1.12201845e+01 9.49549762e-03]
 [3.98107171e+01 3.00274000e-04]
 [3.98107171e+01 1.68856479e-03]
 [3.98107171e+01 9.49549762e-03]]
[[3.16227766e+00 3.00274000e-04]
 [3.16227766e+00 1.68856479e-03]
 [3.16227766e+00 9.49549762e-03]
 [1.12201845e+01 3.00274000e-04]
 [1.12201845e+01 1.68856479e-03]
 [1.12201845e+01 9.49549762e-03]
 [3.98107171e+01 3.00274000e-04]
 [3.98107171e+01 1.68856479e-03]
 [3.98107171e+01 9.49549762e-03]]
[[3.16227766e+00 3.00274000e-04]
 [3.16227766e+00 1.68856479e-03]
 [3.16227766e+00 9.49549762e-03]
 [1.12201845e+01 3.00274000e-04]
 [1.12201845e+01 1.68856479e-03]
 [1.12201845e+01 9.49549762e-03]
 [3.98107171e+01 3.00274000e-04]
 [3.98107171e+01 1.68856479e-03]
 [3.98107171e+01 9.49549762e-03]]
[[3.16227766e+00 3.00274000e-04]
 [3.16227766e+00 1.68856479e-03]
 [3.16227766e+00 9.49549762e-03]
 [1.12201845e+01 3.00274000e-04]
 [1.12201845e+01 1.68856479e-03]
 [1.12201845e+01 9.49549762e-03]
 [3.98107171e+01 3.00274000e-04]
 [3.98107171e+01 1.68856479e-03]
 [3.98107171e+01 9.49549762e-03]]
3.442908261205636 5.163868820314634
6.178143653693411 1.2372549870862424
4.877689217930542 0.502055552356979
4.793305820238248 2.1762212943919685
5.110839547987562 5.551610177665849
1.918855337667293 5.725524752038953
1.9369402157894215 0.5459260537387421
3.4730185440075343 0.8063193403615848
4.699231137841299 2.1151761641270412
3.7569789484487446 0.3139325559764832
2.1397364893969524 0.5532470452379198
2.447617556102249 1.4532156183558371
6.173413691978283 3.141445194233174
2.0277584204731944 2.9889309857636968
0.6723946788765515 5.113581684131055
1.6175135039252195 5.7953553354762475
3.4200051218135243 6.213308720599196
1.245128870634258 2.221441540915951
0.0812762781287544 5.952205763451343
5.291235083009831 1.5900034500227342
5.592290385976273 0.9932814866170097
1.473583402421822 3.5214391669876415
3.1675332008625396 4.932096490800501
2.722082260782086 5.623943876217733
3.791864665982154 1.2606411503527346
2.2800281718531092 0.9422299371768186
0.04552088641662017 3.3429114497306767
[[3.16227766e+00 3.00274000e-04]
 [3.16227766e+00 1.68856479e-03]
 [3.16227766e+00 9.49549762e-03]
 [1.12201845e+01 3.00274000e-04]
 [1.12201845e+01 1.68856479e-03]
 [1.12201845e+01 9.49549762e-03]
 [3.98107171e+01 3.00274000e-04]
 [3.98107171e+01 1.68856479e-03]
 [3.98107171e+01 9.49549762e-03]]
5.939741862104707 5.849649475119133
4.578859511552625 4.610489533468982
5.2935207127894595 4.9937669542918925
1.7694039409622937 0.2486261373928873
2.0392510940457105 0.5035107923021626
2.3531711862337223 0.3144803816067664
6.2816819882316715 0.15685046178032142
0.6496119870127643 3.318151000450925
2.6823960912665346 5.262687242005809
1.4623647165565055 6.1815552766941915
4.8597783479241405 0.42258262349230297
1.1057616489143125 1.4943592796703036
3.7459220065541943 0.02677730937715697
5.727346941268435 1.000663860454219
2.813244954917873 5.982080393598541
0.11165084394094771 1.276748787340873
[[3.16227766e+00 3.00274000e-04]
 [3.16227766e+00 1.68856479e-03]
 [3.16227766e+00 9.49549762e-03]
 [1.12201845e+01 3.00274000e-04]
 [1.12201845e+01 1.68856479e-03]
 [1.12201845e+01 9.49549762e-03]
 [3.98107171e+01 3.00274000e-04]
 [3.98107171e+01 1.68856479e-03]
 [3.98107171e+01 9.49549762e-03]]
[[3.16227766e+00 3.00274000e-04]
 [3.16227766e+00 1.68856479e-03]
 [3.16227766e+00 9.49549762e-03]
 [1.12201845e+01 3.00274000e-04]
 [1.12201845e+01 1.68856479e-03]
 [1.12201845e+01 9.49549762e-03]
 [3.98107171e+01 3.00274000e-04]
 [3.98107171e+01 1.68856479e-03]
 [3.98107171e+01 9.49549762e-03]]
[[3.16227766e+00 3.00274000e-04]
 [3.16227766e+00 1.68856479e-03]
 [3.16227766e+00 9.49549762e-03]
 [1.12201845e+01 3.00274000e-04]
 [1.12201845e+01 1.68856479e-03]
 [1.12201845e+01 9.49549762e-03]
 [3.98107171e+01 3.00274000e-04]
 [3.98107171e+01 1.68856479e-03]
 [3.98107171e+01 9.49549762e-03]]
5.4605876317902515 4.395064673800133
2.2888502725399915 1.593441744324925
1.7692542906236726 5.841536770344053
5.091082102437063 4.327373629164196
0.8559984626972257 0.9172389587697439
3.6376814954373624 1.965308574610636
5.743955073544989 1.573657385967886
3.347894741847282 1.8374828866343444
3.876976214349315 5.459889493757976
5.105426214092422 5.540105993653431
2.7221256880805775 4.723552054860953
5.813134625347072 4.627679730117483
5.8701807803598465 2.494196818277266
0.8300161761292111 2.5349808202128474
2.2657493992037008 6.203263562322524
5.230993852083576 0.03638623472637264
3.2133575860628456 3.7751153522003054
1.1451873278403113 4.548938593574619
1.504936819836478 6.027680059162583
2.4953656663639925 4.303747271229061
0.9216275370318949 1.9781996540634643
2.1983030125694834 2.4214083315745674
3.8065585918644036 5.571397228763633
0.8327745523466475 5.7652331009862445
5.847402705946287 5.518587637441891
4.098849288017753 5.875576184709788
2.254493061060782 4.119988101988097
[[3.16227766e+00 3.00274000e-04]
 [3.16227766e+00 1.68856479e-03]
 [3.16227766e+00 9.49549762e-03]
 [1.12201845e+01 3.00274000e-04]
 [1.12201845e+01 1.68856479e-03]
 [1.12201845e+01 9.49549762e-03]
 [3.98107171e+01 3.00274000e-04]
 [3.98107171e+01 1.68856479e-03]
 [3.98107171e+01 9.49549762e-03]]
4.191157961814361 2.00895591600852
4.8680567435336215 0.3704377141684889
[[3.16227766e+00 3.00274000e-04]
 [3.16227766e+00 1.68856479e-03]
 [3.16227766e+00 9.49549762e-03]
 [1.12201845e+01 3.00274000e-04]
 [1.12201845e+01 1.68856479e-03]
 [1.12201845e+01 9.49549762e-03]
 [3.98107171e+01 3.00274000e-04]
 [3.98107171e+01 1.68856479e-03]
 [3.98107171e+01 9.49549762e-03]]
2.96856514865956 0.20042798811573143
0.5109856575700833 5.373141968118798
3.1088680270360283 6.155056555721727
2.1342316347662615 4.463570359237924
5.7972088479146615 0.6715430440306277
0.5753830715841921 5.032305367814343
1.1309986309187425 1.6656246713526859
5.329039108980137 5.648963594834731
0.5576355772509262 1.710231618007758
2.549369814772379 0.8756190811832824
4.598321167535995 0.1478848149855588
4.163874426019147 2.4403988959589844
3.24750035076718 0.021697090748987576
6.09543307394387 3.4209449916288066
0.8939454872098674 2.774727689780821
2.7109334177620625 0.7561155292020962
2.937230280638381 6.171683605772034
1.4799248536558054 4.06285976483822
3.373000529465584 1.8006183430119669
[[3.16227766e+00 3.00274000e-04]
 [3.16227766e+00 1.68856479e-03]
 [3.16227766e+00 9.49549762e-03]
 [1.12201845e+01 3.00274000e-04]
 [1.12201845e+01 1.68856479e-03]
 [1.12201845e+01 9.49549762e-03]
 [3.98107171e+01 3.00274000e-04]
 [3.98107171e+01 1.68856479e-03]
 [3.98107171e+01 9.49549762e-03]]
[[3.16227766e+00 3.00274000e-04]
 [3.16227766e+00 1.68856479e-03]
 [3.16227766e+00 9.49549762e-03]
 [1.12201845e+01 3.00274000e-04]
 [1.12201845e+01 1.68856479e-03]
 [1.12201845e+01 9.49549762e-03]
 [3.98107171e+01 3.00274000e-04]
 [3.98107171e+01 1.68856479e-03]
 [3.98107171e+01 9.49549762e-03]]
[[3.16227766e+00 3.00274000e-04]
 [3.16227766e+00 1.68856479e-03]
 [3.16227766e+00 9.49549762e-03]
 [1.12201845e+01 3.00274000e-04]
 [1.12201845e+01 1.68856479e-03]
 [1.12201845e+01 9.49549762e-03]
 [3.98107171e+01 3.00274000e-04]
 [3.98107171e+01 1.68856479e-03]
 [3.98107171e+01 9.49549762e-03]]
[[3.16227766e+00 3.00274000e-04]
 [3.16227766e+00 1.68856479e-03]
 [3.16227766e+00 9.49549762e-03]
 [1.12201845e+01 3.00274000e-04]
 [1.12201845e+01 1.68856479e-03]
 [1.12201845e+01 9.49549762e-03]
 [3.98107171e+01 3.00274000e-04]
 [3.98107171e+01 1.68856479e-03]
 [3.98107171e+01 9.49549762e-03]]
[[3.16227766e+00 3.00274000e-04]
 [3.16227766e+00 1.68856479e-03]
 [3.16227766e+00 9.49549762e-03]
 [1.12201845e+01 3.00274000e-04]
 [1.12201845e+01 1.68856479e-03]
 [1.12201845e+01 9.49549762e-03]
 [3.98107171e+01 3.00274000e-04]
 [3.98107171e+01 1.68856479e-03]
 [3.98107171e+01 9.49549762e-03]]
[[3.16227766e+00 3.00274000e-04]
 [3.16227766e+00 1.68856479e-03]
 [3.16227766e+00 9.49549762e-03]
 [1.12201845e+01 3.00274000e-04]
 [1.12201845e+01 1.68856479e-03]
 [1.12201845e+01 9.49549762e-03]
 [3.98107171e+01 3.00274000e-04]
 [3.98107171e+01 1.68856479e-03]
 [3.98107171e+01 9.49549762e-03]]
[[3.16227766e+00 3.00274000e-04]
 [3.16227766e+00 1.68856479e-03]
 [3.16227766e+00 9.49549762e-03]
 [1.12201845e+01 3.00274000e-04]
 [1.12201845e+01 1.68856479e-03]
 [1.12201845e+01 9.49549762e-03]
 [3.98107171e+01 3.00274000e-04]
 [3.98107171e+01 1.68856479e-03]
 [3.98107171e+01 9.49549762e-03]]
[[3.16227766e+00 3.00274000e-04]
 [3.16227766e+00 1.68856479e-03]
 [3.16227766e+00 9.49549762e-03]
 [1.12201845e+01 3.00274000e-04]
 [1.12201845e+01 1.68856479e-03]
 [1.12201845e+01 9.49549762e-03]
 [3.98107171e+01 3.00274000e-04]
 [3.98107171e+01 1.68856479e-03]
 [3.98107171e+01 9.49549762e-03]]
[[3.16227766e+00 3.00274000e-04]
 [3.16227766e+00 1.68856479e-03]
 [3.16227766e+00 9.49549762e-03]
 [1.12201845e+01 3.00274000e-04]
 [1.12201845e+01 1.68856479e-03]
 [1.12201845e+01 9.49549762e-03]
 [3.98107171e+01 3.00274000e-04]
 [3.98107171e+01 1.68856479e-03]
 [3.98107171e+01 9.49549762e-03]]
[[3.16227766e+00 3.00274000e-04]
 [3.16227766e+00 1.68856479e-03]
 [3.16227766e+00 9.49549762e-03]
 [1.12201845e+01 3.00274000e-04]
 [1.12201845e+01 1.68856479e-03]
 [1.12201845e+01 9.49549762e-03]
 [3.98107171e+01 3.00274000e-04]
 [3.98107171e+01 1.68856479e-03]
 [3.98107171e+01 9.49549762e-03]]
[[3.16227766e+00 3.00274000e-04]
 [3.16227766e+00 1.68856479e-03]
 [3.16227766e+00 9.49549762e-03]
 [1.12201845e+01 3.00274000e-04]
 [1.12201845e+01 1.68856479e-03]
 [1.12201845e+01 9.49549762e-03]
 [3.98107171e+01 3.00274000e-04]
 [3.98107171e+01 1.68856479e-03]
 [3.98107171e+01 9.49549762e-03]]
[[3.16227766e+00 3.00274000e-04]
 [3.16227766e+00 1.68856479e-03]
 [3.16227766e+00 9.49549762e-03]
 [1.12201845e+01 3.00274000e-04]
 [1.12201845e+01 1.68856479e-03]
 [1.12201845e+01 9.49549762e-03]
 [3.98107171e+01 3.00274000e-04]
 [3.98107171e+01 1.68856479e-03]
 [3.98107171e+01 9.49549762e-03]]
[[3.16227766e+00 3.00274000e-04]
 [3.16227766e+00 1.68856479e-03]
 [3.16227766e+00 9.49549762e-03]
 [1.12201845e+01 3.00274000e-04]
 [1.12201845e+01 1.68856479e-03]
 [1.12201845e+01 9.49549762e-03]
 [3.98107171e+01 3.00274000e-04]
 [3.98107171e+01 1.68856479e-03]
 [3.98107171e+01 9.49549762e-03]]
[[3.16227766e+00 3.00274000e-04]
 [3.16227766e+00 1.68856479e-03]
 [3.16227766e+00 9.49549762e-03]
 [1.12201845e+01 3.00274000e-04]
 [1.12201845e+01 1.68856479e-03]
 [1.12201845e+01 9.49549762e-03]
 [3.98107171e+01 3.00274000e-04]
 [3.98107171e+01 1.68856479e-03]
 [3.98107171e+01 9.49549762e-03]]
[[3.16227766e+00 3.00274000e-04]
 [3.16227766e+00 1.68856479e-03]
 [3.16227766e+00 9.49549762e-03]
 [1.12201845e+01 3.00274000e-04]
 [1.12201845e+01 1.68856479e-03]
 [1.12201845e+01 9.49549762e-03]
 [3.98107171e+01 3.00274000e-04]
 [3.98107171e+01 1.68856479e-03]
 [3.98107171e+01 9.49549762e-03]]
[[3.16227766e+00 3.00274000e-04]
 [3.16227766e+00 1.68856479e-03]
 [3.16227766e+00 9.49549762e-03]
 [1.12201845e+01 3.00274000e-04]
 [1.12201845e+01 1.68856479e-03]
 [1.12201845e+01 9.49549762e-03]
 [3.98107171e+01 3.00274000e-04]
 [3.98107171e+01 1.68856479e-03]
 [3.98107171e+01 9.49549762e-03]]
[[3.16227766e+00 3.00274000e-04]
 [3.16227766e+00 1.68856479e-03]
 [3.16227766e+00 9.49549762e-03]
 [1.12201845e+01 3.00274000e-04]
 [1.12201845e+01 1.68856479e-03]
 [1.12201845e+01 9.49549762e-03]
 [3.98107171e+01 3.00274000e-04]
 [3.98107171e+01 1.68856479e-03]
 [3.98107171e+01 9.49549762e-03]]
[[3.16227766e+00 3.00274000e-04]
 [3.16227766e+00 1.68856479e-03]
 [3.16227766e+00 9.49549762e-03]
 [1.12201845e+01 3.00274000e-04]
 [1.12201845e+01 1.68856479e-03]
 [1.12201845e+01 9.49549762e-03]
 [3.98107171e+01 3.00274000e-04]
 [3.98107171e+01 1.68856479e-03]
 [3.98107171e+01 9.49549762e-03]]
[[3.16227766e+00 3.00274000e-04]
 [3.16227766e+00 1.68856479e-03]
 [3.16227766e+00 9.49549762e-03]
 [1.12201845e+01 3.00274000e-04]
 [1.12201845e+01 1.68856479e-03]
 [1.12201845e+01 9.49549762e-03]
 [3.98107171e+01 3.00274000e-04]
 [3.98107171e+01 1.68856479e-03]
 [3.98107171e+01 9.49549762e-03]]
[[3.16227766e+00 3.00274000e-04]
 [3.16227766e+00 1.68856479e-03]
 [3.16227766e+00 9.49549762e-03]
 [1.12201845e+01 3.00274000e-04]
 [1.12201845e+01 1.68856479e-03]
 [1.12201845e+01 9.49549762e-03]
 [3.98107171e+01 3.00274000e-04]
 [3.98107171e+01 1.68856479e-03]
 [3.98107171e+01 9.49549762e-03]]
[[3.16227766e+00 3.00274000e-04]
 [3.16227766e+00 1.68856479e-03]
 [3.16227766e+00 9.49549762e-03]
 [1.12201845e+01 3.00274000e-04]
 [1.12201845e+01 1.68856479e-03]
 [1.12201845e+01 9.49549762e-03]
 [3.98107171e+01 3.00274000e-04]
 [3.98107171e+01 1.68856479e-03]
 [3.98107171e+01 9.49549762e-03]]
[[3.16227766e+00 3.00274000e-04]
 [3.16227766e+00 1.68856479e-03]
 [3.16227766e+00 9.49549762e-03]
 [1.12201845e+01 3.00274000e-04]
 [1.12201845e+01 1.68856479e-03]
 [1.12201845e+01 9.49549762e-03]
 [3.98107171e+01 3.00274000e-04]
 [3.98107171e+01 1.68856479e-03]
 [3.98107171e+01 9.49549762e-03]]
[[3.16227766e+00 3.00274000e-04]
 [3.16227766e+00 1.68856479e-03]
 [3.16227766e+00 9.49549762e-03]
 [1.12201845e+01 3.00274000e-04]
 [1.12201845e+01 1.68856479e-03]
 [1.12201845e+01 9.49549762e-03]
 [3.98107171e+01 3.00274000e-04]
 [3.98107171e+01 1.68856479e-03]
 [3.98107171e+01 9.49549762e-03]]
[[3.16227766e+00 3.00274000e-04]
 [3.16227766e+00 1.68856479e-03]
 [3.16227766e+00 9.49549762e-03]
 [1.12201845e+01 3.00274000e-04]
 [1.12201845e+01 1.68856479e-03]
 [1.12201845e+01 9.49549762e-03]
 [3.98107171e+01 3.00274000e-04]
 [3.98107171e+01 1.68856479e-03]
 [3.98107171e+01 9.49549762e-03]]
[[3.16227766e+00 3.00274000e-04]
 [3.16227766e+00 1.68856479e-03]
 [3.16227766e+00 9.49549762e-03]
 [1.12201845e+01 3.00274000e-04]
 [1.12201845e+01 1.68856479e-03]
 [1.12201845e+01 9.49549762e-03]
 [3.98107171e+01 3.00274000e-04]
 [3.98107171e+01 1.68856479e-03]
 [3.98107171e+01 9.49549762e-03]]
[[3.16227766e+00 3.00274000e-04]
 [3.16227766e+00 1.68856479e-03]
 [3.16227766e+00 9.49549762e-03]
 [1.12201845e+01 3.00274000e-04]
 [1.12201845e+01 1.68856479e-03]
 [1.12201845e+01 9.49549762e-03]
 [3.98107171e+01 3.00274000e-04]
 [3.98107171e+01 1.68856479e-03]
 [3.98107171e+01 9.49549762e-03]]
[[3.16227766e+00 3.00274000e-04]
 [3.16227766e+00 1.68856479e-03]
 [3.16227766e+00 9.49549762e-03]
 [1.12201845e+01 3.00274000e-04]
 [1.12201845e+01 1.68856479e-03]
 [1.12201845e+01 9.49549762e-03]
 [3.98107171e+01 3.00274000e-04]
 [3.98107171e+01 1.68856479e-03]
 [3.98107171e+01 9.49549762e-03]]
[[3.16227766e+00 3.00274000e-04]
 [3.16227766e+00 1.68856479e-03]
 [3.16227766e+00 9.49549762e-03]
 [1.12201845e+01 3.00274000e-04]
 [1.12201845e+01 1.68856479e-03]
 [1.12201845e+01 9.49549762e-03]
 [3.98107171e+01 3.00274000e-04]
 [3.98107171e+01 1.68856479e-03]
 [3.98107171e+01 9.49549762e-03]]
[[3.16227766e+00 3.00274000e-04]
 [3.16227766e+00 1.68856479e-03]
 [3.16227766e+00 9.49549762e-03]
 [1.12201845e+01 3.00274000e-04]
 [1.12201845e+01 1.68856479e-03]
 [1.12201845e+01 9.49549762e-03]
 [3.98107171e+01 3.00274000e-04]
 [3.98107171e+01 1.68856479e-03]
 [3.98107171e+01 9.49549762e-03]]
[[3.16227766e+00 3.00274000e-04]
 [3.16227766e+00 1.68856479e-03]
 [3.16227766e+00 9.49549762e-03]
 [1.12201845e+01 3.00274000e-04]
 [1.12201845e+01 1.68856479e-03]
 [1.12201845e+01 9.49549762e-03]
 [3.98107171e+01 3.00274000e-04]
 [3.98107171e+01 1.68856479e-03]
 [3.98107171e+01 9.49549762e-03]]
[[3.16227766e+00 3.00274000e-04]
 [3.16227766e+00 1.68856479e-03]
 [3.16227766e+00 9.49549762e-03]
 [1.12201845e+01 3.00274000e-04]
 [1.12201845e+01 1.68856479e-03]
 [1.12201845e+01 9.49549762e-03]
 [3.98107171e+01 3.00274000e-04]
 [3.98107171e+01 1.68856479e-03]
 [3.98107171e+01 9.49549762e-03]]
[[3.16227766e+00 3.00274000e-04]
 [3.16227766e+00 1.68856479e-03]
 [3.16227766e+00 9.49549762e-03]
 [1.12201845e+01 3.00274000e-04]
 [1.12201845e+01 1.68856479e-03]
 [1.12201845e+01 9.49549762e-03]
 [3.98107171e+01 3.00274000e-04]
 [3.98107171e+01 1.68856479e-03]
 [3.98107171e+01 9.49549762e-03]]
[[3.16227766e+00 3.00274000e-04]
 [3.16227766e+00 1.68856479e-03]
 [3.16227766e+00 9.49549762e-03]
 [1.12201845e+01 3.00274000e-04]
 [1.12201845e+01 1.68856479e-03]
 [1.12201845e+01 9.49549762e-03]
 [3.98107171e+01 3.00274000e-04]
 [3.98107171e+01 1.68856479e-03]
 [3.98107171e+01 9.49549762e-03]]
[[3.16227766e+00 3.00274000e-04]
 [3.16227766e+00 1.68856479e-03]
 [3.16227766e+00 9.49549762e-03]
 [1.12201845e+01 3.00274000e-04]
 [1.12201845e+01 1.68856479e-03]
 [1.12201845e+01 9.49549762e-03]
 [3.98107171e+01 3.00274000e-04]
 [3.98107171e+01 1.68856479e-03]
 [3.98107171e+01 9.49549762e-03]]
[[3.16227766e+00 3.00274000e-04]
 [3.16227766e+00 1.68856479e-03]
 [3.16227766e+00 9.49549762e-03]
 [1.12201845e+01 3.00274000e-04]
 [1.12201845e+01 1.68856479e-03]
 [1.12201845e+01 9.49549762e-03]
 [3.98107171e+01 3.00274000e-04]
 [3.98107171e+01 1.68856479e-03]
 [3.98107171e+01 9.49549762e-03]]
[[3.16227766e+00 3.00274000e-04]
 [3.16227766e+00 1.68856479e-03]
 [3.16227766e+00 9.49549762e-03]
 [1.12201845e+01 3.00274000e-04]
 [1.12201845e+01 1.68856479e-03]
 [1.12201845e+01 9.49549762e-03]
 [3.98107171e+01 3.00274000e-04]
 [3.98107171e+01 1.68856479e-03]
 [3.98107171e+01 9.49549762e-03]]
[[3.16227766e+00 3.00274000e-04]
 [3.16227766e+00 1.68856479e-03]
 [3.16227766e+00 9.49549762e-03]
 [1.12201845e+01 3.00274000e-04]
 [1.12201845e+01 1.68856479e-03]
 [1.12201845e+01 9.49549762e-03]
 [3.98107171e+01 3.00274000e-04]
 [3.98107171e+01 1.68856479e-03]
 [3.98107171e+01 9.49549762e-03]]
[[3.16227766e+00 3.00274000e-04]
 [3.16227766e+00 1.68856479e-03]
 [3.16227766e+00 9.49549762e-03]
 [1.12201845e+01 3.00274000e-04]
 [1.12201845e+01 1.68856479e-03]
 [1.12201845e+01 9.49549762e-03]
 [3.98107171e+01 3.00274000e-04]
 [3.98107171e+01 1.68856479e-03]
 [3.98107171e+01 9.49549762e-03]]
[[3.16227766e+00 3.00274000e-04]
 [3.16227766e+00 1.68856479e-03]
 [3.16227766e+00 9.49549762e-03]
 [1.12201845e+01 3.00274000e-04]
 [1.12201845e+01 1.68856479e-03]
 [1.12201845e+01 9.49549762e-03]
 [3.98107171e+01 3.00274000e-04]
 [3.98107171e+01 1.68856479e-03]
 [3.98107171e+01 9.49549762e-03]]
[[3.16227766e+00 3.00274000e-04]
 [3.16227766e+00 1.68856479e-03]
 [3.16227766e+00 9.49549762e-03]
 [1.12201845e+01 3.00274000e-04]
 [1.12201845e+01 1.68856479e-03]
 [1.12201845e+01 9.49549762e-03]
 [3.98107171e+01 3.00274000e-04]
 [3.98107171e+01 1.68856479e-03]
 [3.98107171e+01 9.49549762e-03]]
[[3.16227766e+00 3.00274000e-04]
 [3.16227766e+00 1.68856479e-03]
 [3.16227766e+00 9.49549762e-03]
 [1.12201845e+01 3.00274000e-04]
 [1.12201845e+01 1.68856479e-03]
 [1.12201845e+01 9.49549762e-03]
 [3.98107171e+01 3.00274000e-04]
 [3.98107171e+01 1.68856479e-03]
 [3.98107171e+01 9.49549762e-03]]
[[3.16227766e+00 3.00274000e-04]
 [3.16227766e+00 1.68856479e-03]
 [3.16227766e+00 9.49549762e-03]
 [1.12201845e+01 3.00274000e-04]
 [1.12201845e+01 1.68856479e-03]
 [1.12201845e+01 9.49549762e-03]
 [3.98107171e+01 3.00274000e-04]
 [3.98107171e+01 1.68856479e-03]
 [3.98107171e+01 9.49549762e-03]]
[[3.16227766e+00 3.00274000e-04]
 [3.16227766e+00 1.68856479e-03]
 [3.16227766e+00 9.49549762e-03]
 [1.12201845e+01 3.00274000e-04]
 [1.12201845e+01 1.68856479e-03]
 [1.12201845e+01 9.49549762e-03]
 [3.98107171e+01 3.00274000e-04]
 [3.98107171e+01 1.68856479e-03]
 [3.98107171e+01 9.49549762e-03]]
[[3.16227766e+00 3.00274000e-04]
 [3.16227766e+00 1.68856479e-03]
 [3.16227766e+00 9.49549762e-03]
 [1.12201845e+01 3.00274000e-04]
 [1.12201845e+01 1.68856479e-03]
 [1.12201845e+01 9.49549762e-03]
 [3.98107171e+01 3.00274000e-04]
 [3.98107171e+01 1.68856479e-03]
 [3.98107171e+01 9.49549762e-03]]
[[3.16227766e+00 3.00274000e-04]
 [3.16227766e+00 1.68856479e-03]
 [3.16227766e+00 9.49549762e-03]
 [1.12201845e+01 3.00274000e-04]
 [1.12201845e+01 1.68856479e-03]
 [1.12201845e+01 9.49549762e-03]
 [3.98107171e+01 3.00274000e-04]
 [3.98107171e+01 1.68856479e-03]
 [3.98107171e+01 9.49549762e-03]]
[[3.16227766e+00 3.00274000e-04]
 [3.16227766e+00 1.68856479e-03]
 [3.16227766e+00 9.49549762e-03]
 [1.12201845e+01 3.00274000e-04]
 [1.12201845e+01 1.68856479e-03]
 [1.12201845e+01 9.49549762e-03]
 [3.98107171e+01 3.00274000e-04]
 [3.98107171e+01 1.68856479e-03]
 [3.98107171e+01 9.49549762e-03]]
[[3.16227766e+00 3.00274000e-04]
 [3.16227766e+00 1.68856479e-03]
 [3.16227766e+00 9.49549762e-03]
 [1.12201845e+01 3.00274000e-04]
 [1.12201845e+01 1.68856479e-03]
 [1.12201845e+01 9.49549762e-03]
 [3.98107171e+01 3.00274000e-04]
 [3.98107171e+01 1.68856479e-03]
 [3.98107171e+01 9.49549762e-03]]
[[3.16227766e+00 3.00274000e-04]
 [3.16227766e+00 1.68856479e-03]
 [3.16227766e+00 9.49549762e-03]
 [1.12201845e+01 3.00274000e-04]
 [1.12201845e+01 1.68856479e-03]
 [1.12201845e+01 9.49549762e-03]
 [3.98107171e+01 3.00274000e-04]
 [3.98107171e+01 1.68856479e-03]
 [3.98107171e+01 9.49549762e-03]]
[[3.16227766e+00 3.00274000e-04]
 [3.16227766e+00 1.68856479e-03]
 [3.16227766e+00 9.49549762e-03]
 [1.12201845e+01 3.00274000e-04]
 [1.12201845e+01 1.68856479e-03]
 [1.12201845e+01 9.49549762e-03]
 [3.98107171e+01 3.00274000e-04]
 [3.98107171e+01 1.68856479e-03]
 [3.98107171e+01 9.49549762e-03]]
[[3.16227766e+00 3.00274000e-04]
 [3.16227766e+00 1.68856479e-03]
 [3.16227766e+00 9.49549762e-03]
 [1.12201845e+01 3.00274000e-04]
 [1.12201845e+01 1.68856479e-03]
 [1.12201845e+01 9.49549762e-03]
 [3.98107171e+01 3.00274000e-04]
 [3.98107171e+01 1.68856479e-03]
 [3.98107171e+01 9.49549762e-03]]
[[3.16227766e+00 3.00274000e-04]
 [3.16227766e+00 1.68856479e-03]
 [3.16227766e+00 9.49549762e-03]
 [1.12201845e+01 3.00274000e-04]
 [1.12201845e+01 1.68856479e-03]
 [1.12201845e+01 9.49549762e-03]
 [3.98107171e+01 3.00274000e-04]
 [3.98107171e+01 1.68856479e-03]
 [3.98107171e+01 9.49549762e-03]]
[[3.16227766e+00 3.00274000e-04]
 [3.16227766e+00 1.68856479e-03]
 [3.16227766e+00 9.49549762e-03]
 [1.12201845e+01 3.00274000e-04]
 [1.12201845e+01 1.68856479e-03]
 [1.12201845e+01 9.49549762e-03]
 [3.98107171e+01 3.00274000e-04]
 [3.98107171e+01 1.68856479e-03]
 [3.98107171e+01 9.49549762e-03]]
[[3.16227766e+00 3.00274000e-04]
 [3.16227766e+00 1.68856479e-03]
 [3.16227766e+00 9.49549762e-03]
 [1.12201845e+01 3.00274000e-04]
 [1.12201845e+01 1.68856479e-03]
 [1.12201845e+01 9.49549762e-03]
 [3.98107171e+01 3.00274000e-04]
 [3.98107171e+01 1.68856479e-03]
 [3.98107171e+01 9.49549762e-03]]
[[3.16227766e+00 3.00274000e-04]
 [3.16227766e+00 1.68856479e-03]
 [3.16227766e+00 9.49549762e-03]
 [1.12201845e+01 3.00274000e-04]
 [1.12201845e+01 1.68856479e-03]
 [1.12201845e+01 9.49549762e-03]
 [3.98107171e+01 3.00274000e-04]
 [3.98107171e+01 1.68856479e-03]
 [3.98107171e+01 9.49549762e-03]]
[[3.16227766e+00 3.00274000e-04]
 [3.16227766e+00 1.68856479e-03]
 [3.16227766e+00 9.49549762e-03]
 [1.12201845e+01 3.00274000e-04]
 [1.12201845e+01 1.68856479e-03]
 [1.12201845e+01 9.49549762e-03]
 [3.98107171e+01 3.00274000e-04]
 [3.98107171e+01 1.68856479e-03]
 [3.98107171e+01 9.49549762e-03]]
[[3.16227766e+00 3.00274000e-04]
 [3.16227766e+00 1.68856479e-03]
 [3.16227766e+00 9.49549762e-03]
 [1.12201845e+01 3.00274000e-04]
 [1.12201845e+01 1.68856479e-03]
 [1.12201845e+01 9.49549762e-03]
 [3.98107171e+01 3.00274000e-04]
 [3.98107171e+01 1.68856479e-03]
 [3.98107171e+01 9.49549762e-03]]
[[3.16227766e+00 3.00274000e-04]
 [3.16227766e+00 1.68856479e-03]
 [3.16227766e+00 9.49549762e-03]
 [1.12201845e+01 3.00274000e-04]
 [1.12201845e+01 1.68856479e-03]
 [1.12201845e+01 9.49549762e-03]
 [3.98107171e+01 3.00274000e-04]
 [3.98107171e+01 1.68856479e-03]
 [3.98107171e+01 9.49549762e-03]]
[[3.16227766e+00 3.00274000e-04]
 [3.16227766e+00 1.68856479e-03]
 [3.16227766e+00 9.49549762e-03]
 [1.12201845e+01 3.00274000e-04]
 [1.12201845e+01 1.68856479e-03]
 [1.12201845e+01 9.49549762e-03]
 [3.98107171e+01 3.00274000e-04]
 [3.98107171e+01 1.68856479e-03]
 [3.98107171e+01 9.49549762e-03]]
[[3.16227766e+00 3.00274000e-04]
 [3.16227766e+00 1.68856479e-03]
 [3.16227766e+00 9.49549762e-03]
 [1.12201845e+01 3.00274000e-04]
 [1.12201845e+01 1.68856479e-03]
 [1.12201845e+01 9.49549762e-03]
 [3.98107171e+01 3.00274000e-04]
 [3.98107171e+01 1.68856479e-03]
 [3.98107171e+01 9.49549762e-03]]
[[3.16227766e+00 3.00274000e-04]
 [3.16227766e+00 1.68856479e-03]
 [3.16227766e+00 9.49549762e-03]
 [1.12201845e+01 3.00274000e-04]
 [1.12201845e+01 1.68856479e-03]
 [1.12201845e+01 9.49549762e-03]
 [3.98107171e+01 3.00274000e-04]
 [3.98107171e+01 1.68856479e-03]
 [3.98107171e+01 9.49549762e-03]]
[[3.16227766e+00 3.00274000e-04]
 [3.16227766e+00 1.68856479e-03]
 [3.16227766e+00 9.49549762e-03]
 [1.12201845e+01 3.00274000e-04]
 [1.12201845e+01 1.68856479e-03]
 [1.12201845e+01 9.49549762e-03]
 [3.98107171e+01 3.00274000e-04]
 [3.98107171e+01 1.68856479e-03]
 [3.98107171e+01 9.49549762e-03]]
[[3.16227766e+00 3.00274000e-04]
 [3.16227766e+00 1.68856479e-03]
 [3.16227766e+00 9.49549762e-03]
 [1.12201845e+01 3.00274000e-04]
 [1.12201845e+01 1.68856479e-03]
 [1.12201845e+01 9.49549762e-03]
 [3.98107171e+01 3.00274000e-04]
 [3.98107171e+01 1.68856479e-03]
 [3.98107171e+01 9.49549762e-03]]
[[3.16227766e+00 3.00274000e-04]
 [3.16227766e+00 1.68856479e-03]
 [3.16227766e+00 9.49549762e-03]
 [1.12201845e+01 3.00274000e-04]
 [1.12201845e+01 1.68856479e-03]
 [1.12201845e+01 9.49549762e-03]
 [3.98107171e+01 3.00274000e-04]
 [3.98107171e+01 1.68856479e-03]
 [3.98107171e+01 9.49549762e-03]]
[[3.16227766e+00 3.00274000e-04]
 [3.16227766e+00 1.68856479e-03]
 [3.16227766e+00 9.49549762e-03]
 [1.12201845e+01 3.00274000e-04]
 [1.12201845e+01 1.68856479e-03]
 [1.12201845e+01 9.49549762e-03]
 [3.98107171e+01 3.00274000e-04]
 [3.98107171e+01 1.68856479e-03]
 [3.98107171e+01 9.49549762e-03]]
[[3.16227766e+00 3.00274000e-04]
 [3.16227766e+00 1.68856479e-03]
 [3.16227766e+00 9.49549762e-03]
 [1.12201845e+01 3.00274000e-04]
 [1.12201845e+01 1.68856479e-03]
 [1.12201845e+01 9.49549762e-03]
 [3.98107171e+01 3.00274000e-04]
 [3.98107171e+01 1.68856479e-03]
 [3.98107171e+01 9.49549762e-03]]
[[3.16227766e+00 3.00274000e-04]
 [3.16227766e+00 1.68856479e-03]
 [3.16227766e+00 9.49549762e-03]
 [1.12201845e+01 3.00274000e-04]
 [1.12201845e+01 1.68856479e-03]
 [1.12201845e+01 9.49549762e-03]
 [3.98107171e+01 3.00274000e-04]
 [3.98107171e+01 1.68856479e-03]
 [3.98107171e+01 9.49549762e-03]]
[[3.16227766e+00 3.00274000e-04]
 [3.16227766e+00 1.68856479e-03]
 [3.16227766e+00 9.49549762e-03]
 [1.12201845e+01 3.00274000e-04]
 [1.12201845e+01 1.68856479e-03]
 [1.12201845e+01 9.49549762e-03]
 [3.98107171e+01 3.00274000e-04]
 [3.98107171e+01 1.68856479e-03]
 [3.98107171e+01 9.49549762e-03]]
[[3.16227766e+00 3.00274000e-04]
 [3.16227766e+00 1.68856479e-03]
 [3.16227766e+00 9.49549762e-03]
 [1.12201845e+01 3.00274000e-04]
 [1.12201845e+01 1.68856479e-03]
 [1.12201845e+01 9.49549762e-03]
 [3.98107171e+01 3.00274000e-04]
 [3.98107171e+01 1.68856479e-03]
[[3.16227766e+00 3.00274000e-04]
 [3.16227766e+00 1.68856479e-03]
 [3.16227766e+00 9.49549762e-03]
 [1.12201845e+01 3.00274000e-04]
 [1.12201845e+01 1.68856479e-03]
 [1.12201845e+01 9.49549762e-03]
 [3.98107171e+01 3.00274000e-04]
 [3.98107171e+01 1.68856479e-03]
 [3.98107171e+01 9.49549762e-03]]
[[3.16227766e+00 3.00274000e-04]
 [3.16227766e+00 1.68856479e-03]
 [3.16227766e+00 9.49549762e-03]
 [1.12201845e+01 3.00274000e-04]
 [1.12201845e+01 1.68856479e-03]
 [1.12201845e+01 9.49549762e-03]
 [3.98107171e+01 3.00274000e-04]
 [3.98107171e+01 1.68856479e-03]
 [3.98107171e+01 9.49549762e-03]]
[[3.16227766e+00 3.00274000e-04]
 [3.16227766e+00 1.68856479e-03]
 [3.16227766e+00 9.49549762e-03]
 [1.12201845e+01 3.00274000e-04]
 [1.12201845e+01 1.68856479e-03]
 [1.12201845e+01 9.49549762e-03]
 [3.98107171e+01 3.00274000e-04]
 [3.98107171e+01 1.68856479e-03]
 [3.98107171e+01 9.49549762e-03]]
[[3.16227766e+00 3.00274000e-04]
 [3.16227766e+00 1.68856479e-03]
 [3.16227766e+00 9.49549762e-03]
 [1.12201845e+01 3.00274000e-04]
 [1.12201845e+01 1.68856479e-03]
 [1.12201845e+01 9.49549762e-03]
 [3.98107171e+01 3.00274000e-04]
 [3.98107171e+01 1.68856479e-03]
 [3.98107171e+01 9.49549762e-03]]
 [3.98107171e+01 9.49549762e-03]]
[[3.16227766e+00 3.00274000e-04]
 [3.16227766e+00 1.68856479e-03]
 [3.16227766e+00 9.49549762e-03]
 [1.12201845e+01 3.00274000e-04]
 [1.12201845e+01 1.68856479e-03]
 [1.12201845e+01 9.49549762e-03]
 [3.98107171e+01 3.00274000e-04]
 [3.98107171e+01 1.68856479e-03]
 [3.98107171e+01 9.49549762e-03]]
[[3.16227766e+00 3.00274000e-04]
 [3.16227766e+00 1.68856479e-03]
 [3.16227766e+00 9.49549762e-03]
 [1.12201845e+01 3.00274000e-04]
 [1.12201845e+01 1.68856479e-03]
 [1.12201845e+01 9.49549762e-03]
 [3.98107171e+01 3.00274000e-04]
 [3.98107171e+01 1.68856479e-03]
[[3.16227766e+00 3.00274000e-04]
 [3.16227766e+00 1.68856479e-03]
 [3.16227766e+00 9.49549762e-03]
 [1.12201845e+01 3.00274000e-04]
 [1.12201845e+01 1.68856479e-03]
 [1.12201845e+01 9.49549762e-03]
 [3.98107171e+01 3.00274000e-04]
 [3.98107171e+01 1.68856479e-03]
 [3.98107171e+01 9.49549762e-03]]
[[3.16227766e+00 3.00274000e-04]
 [3.16227766e+00 1.68856479e-03]
 [3.16227766e+00 9.49549762e-03]
 [1.12201845e+01 3.00274000e-04]
 [1.12201845e+01 1.68856479e-03]
 [1.12201845e+01 9.49549762e-03]
 [3.98107171e+01 3.00274000e-04]
 [3.98107171e+01 1.68856479e-03]
 [3.98107171e+01 9.49549762e-03]]
 [3.98107171e+01 9.49549762e-03]]
[[3.16227766e+00 3.00274000e-04]
 [3.16227766e+00 1.68856479e-03]
 [3.16227766e+00 9.49549762e-03]
 [1.12201845e+01 3.00274000e-04]
 [1.12201845e+01 1.68856479e-03]
 [1.12201845e+01 9.49549762e-03]
 [3.98107171e+01 3.00274000e-04]
 [3.98107171e+01 1.68856479e-03]
 [3.98107171e+01 9.49549762e-03]]
[[3.16227766e+00 3.00274000e-04]
 [3.16227766e+00 1.68856479e-03]
 [3.16227766e+00 9.49549762e-03]
 [1.12201845e+01 3.00274000e-04]
 [1.12201845e+01 1.68856479e-03]
 [1.12201845e+01 9.49549762e-03]
 [3.98107171e+01 3.00274000e-04]
 [3.98107171e+01 1.68856479e-03]
 [3.98107171e+01 9.49549762e-03]]
[[3.16227766e+00 3.00274000e-04]
 [3.16227766e+00 1.68856479e-03]
 [3.16227766e+00 9.49549762e-03]
 [1.12201845e+01 3.00274000e-04]
 [1.12201845e+01 1.68856479e-03]
 [1.12201845e+01 9.49549762e-03]
 [3.98107171e+01 3.00274000e-04]
 [3.98107171e+01 1.68856479e-03]
 [3.98107171e+01 9.49549762e-03]]
[[3.16227766e+00 3.00274000e-04]
 [3.16227766e+00 1.68856479e-03]
 [3.16227766e+00 9.49549762e-03]
 [1.12201845e+01 3.00274000e-04]
 [1.12201845e+01 1.68856479e-03]
 [1.12201845e+01 9.49549762e-03]
 [3.98107171e+01 3.00274000e-04]
 [3.98107171e+01 1.68856479e-03]
 [3.98107171e+01 9.49549762e-03]]
[[3.16227766e+00 3.00274000e-04]
 [3.16227766e+00 1.68856479e-03]
 [3.16227766e+00 9.49549762e-03]
 [1.12201845e+01 3.00274000e-04]
 [1.12201845e+01 1.68856479e-03]
 [1.12201845e+01 9.49549762e-03]
 [3.98107171e+01 3.00274000e-04]
 [3.98107171e+01 1.68856479e-03]
 [3.98107171e+01 9.49549762e-03]]
[[3.16227766e+00 3.00274000e-04]
 [3.16227766e+00 1.68856479e-03]
 [3.16227766e+00 9.49549762e-03]
 [1.12201845e+01 3.00274000e-04]
 [1.12201845e+01 1.68856479e-03]
 [1.12201845e+01 9.49549762e-03]
 [3.98107171e+01 3.00274000e-04]
 [3.98107171e+01 1.68856479e-03]
 [3.98107171e+01 9.49549762e-03]]
[[3.16227766e+00 3.00274000e-04]
 [3.16227766e+00 1.68856479e-03]
 [3.16227766e+00 9.49549762e-03]
 [1.12201845e+01 3.00274000e-04]
 [1.12201845e+01 1.68856479e-03]
 [1.12201845e+01 9.49549762e-03]
 [3.98107171e+01 3.00274000e-04]
 [3.98107171e+01 1.68856479e-03]
 [3.98107171e+01 9.49549762e-03]]
[[3.16227766e+00 3.00274000e-04]
 [3.16227766e+00 1.68856479e-03]
 [3.16227766e+00 9.49549762e-03]
 [1.12201845e+01 3.00274000e-04]
 [1.12201845e+01 1.68856479e-03]
 [1.12201845e+01 9.49549762e-03]
 [3.98107171e+01 3.00274000e-04]
 [3.98107171e+01 1.68856479e-03]
 [3.98107171e+01 9.49549762e-03]]
[[3.16227766e+00 3.00274000e-04]
 [3.16227766e+00 1.68856479e-03]
 [3.16227766e+00 9.49549762e-03]
 [1.12201845e+01 3.00274000e-04]
 [1.12201845e+01 1.68856479e-03]
 [1.12201845e+01 9.49549762e-03]
 [3.98107171e+01 3.00274000e-04]
 [3.98107171e+01 1.68856479e-03]
 [3.98107171e+01 9.49549762e-03]]
[[3.16227766e+00 3.00274000e-04]
 [3.16227766e+00 1.68856479e-03]
 [3.16227766e+00 9.49549762e-03]
 [1.12201845e+01 3.00274000e-04]
 [1.12201845e+01 1.68856479e-03]
 [1.12201845e+01 9.49549762e-03]
 [3.98107171e+01 3.00274000e-04]
 [3.98107171e+01 1.68856479e-03]
 [3.98107171e+01 9.49549762e-03]]
[[3.16227766e+00 3.00274000e-04]
 [3.16227766e+00 1.68856479e-03]
 [3.16227766e+00 9.49549762e-03]
 [1.12201845e+01 3.00274000e-04]
 [1.12201845e+01 1.68856479e-03]
 [1.12201845e+01 9.49549762e-03]
 [3.98107171e+01 3.00274000e-04]
 [3.98107171e+01 1.68856479e-03]
 [3.98107171e+01 9.49549762e-03]]
[[3.16227766e+00 3.00274000e-04]
 [3.16227766e+00 1.68856479e-03]
 [3.16227766e+00 9.49549762e-03]
 [1.12201845e+01 3.00274000e-04]
 [1.12201845e+01 1.68856479e-03]
 [1.12201845e+01 9.49549762e-03]
 [3.98107171e+01 3.00274000e-04]
 [3.98107171e+01 1.68856479e-03]
 [3.98107171e+01 9.49549762e-03]]
5.940093730620929 4.208700429224764
3.4886006303190293 5.388801474036099
0.2172037821515231 0.7349361416603553
4.238216958402008 4.559568824469768
1.988957498788796 3.4339499868574963
1.6436268084876977 1.049098842611664
1.8655432397848979 5.073715652372464
1.1708433402663248 3.9187632973794413
3.782882299713279 2.7792788227177523
4.646474062889417 4.074111275007379
3.8032711711357736 3.2502168299860084
4.893689772682689 4.419700875891675
1.4906272106669116 4.901397742824625
0.04469231046865369 6.227571769220148
0.04967116827889065 3.4151675770859047
5.212887376412733 1.2570364269214258
2.431948383658134 5.090683024875262
3.5860660458690705 2.4095824437640823
0.08715877010902769 4.384152302326368
0.49344591278180017 2.25643794114285
1.7235480299606127 6.056781223517804
3.4942758763539508 5.707021831845243
3.1309679684986573 4.813882023481829
1.7155716673728219 1.7419852284590553
5.696352072908781 1.0597366357236262
0.5446199988639578 3.5238050018970437
0.04219841542495239 3.453804531201991
2.9924685973598937 2.526627639328358
6.15783477125283 3.323816965179224
2.868503281756703 3.6759073102599062
4.223885505292002 4.958385868524845
3.9018111919661647 2.267746563775481
6.207180527936914 2.9627550837100074
4.639921291847252 1.3621879583417003
5.16843770108828 0.07916520324513349
4.6379418194161675 1.2665927186989536
5.5848295372897985 1.071574311085669
6.258441879226949 5.9490077416482485
2.8259962774001073 2.8520084102104435
6.044169028278316 5.129606839573222
5.76000956608099 1.5245162167281259
1.4489517705162052 4.761269070742234
4.8661495500822545 2.8970766002046955
1.433567757692333 4.80639396047793
1.057407096701372 4.121078016256798
3.808143565611748 4.51335260019077
0.24254245200473842 2.2501849588650593
5.463325758691254 0.05922367470055106
0.6351097429043491 6.101819113426261
4.4126055832364734 2.3167360480557724
0.19130947229484743 3.9372849010665942
2.502497930980693 4.144709881054871
3.3653178202579923 3.5669317554538615
1.8430162413978162 1.7119688051231103
3.1634257940855743 2.455549242094904
3.7886083855572625 3.244921512482546
1.4999416239648917 3.8634089603487762
1.5282818085245333 0.8987638353808819
1.5817923354860892 6.115915995624951
0.950306850856963 0.540704591182545
6.061586873501636 1.0398936533880707
5.776971361968841 3.90905796991916
3.0419798274717 2.5976393726195974
3.4305047475482957 0.3488206112064316
4.830371042875091 5.474213093236937
3.10394621762907 3.180161774055936
2.176148300244455 1.398090599712747
0.9334778310265823 3.227405307938777
5.476338547017028 0.7561007885474352
2.825708075285623 0.6880599327348713
5.592357753590111 2.7876901806268024
1.9478795771646165 1.3956288651982054
4.291425520157513 3.1302292264074287
6.155331836883696 1.4669964498611514
1.8505291044200722 3.348538376440854
5.111933644427216 1.9510549826786463
2.3130716684139303 1.9088868080107537
1.340563835340187 4.357071941983474
0.6283894568841065 1.5921819334537188
0.5747123821101009 3.118174873299281
1.2109240721050831 1.9833727608614706
3.7920869344659276 0.662961533537562
4.673897494759663 1.8439229232297376
0.10093515026580105 4.060433998955081
0.33051582555278863 2.829752240520917
3.0604056104337882 1.024914644526734
1.7720962379908527 3.105703967690377
4.810727906814143 5.75961943539195
2
-0.6127531053528652 3.0720180304839153 0.0
2
-0.612753129632876 3.0720180224828457 0.0
2
-0.6127530758073384 3.0720180331841656 0.0
2
-0.6127531523570858 3.0720180167633315 0.0
2
-0.6127531603444001 3.0720180164255946 0.0
2
-0.6127531044449539 3.072018031288849 0.0
2
-0.6127530721302359 3.0720180373984545 0.0
2
-0.6127530884641358 3.0720180308310105 0.0
2
-0.6127531738912929 3.072018013883743 0.0
2
-0.6127530799093402 3.0720180348760895 0.0
2
-0.6127531232442734 3.0720180238300476 0.0
2
-0.6127530885308244 3.072018027890717 0.0
2
-0.6127531192983141 3.0720180283473404 0.0
2
-0.6127531120723889 3.0720180258336707 0.0
2
-0.6127530790301163 3.072018033753886 0.0
2
-0.6127530980017236 3.0720180260370316 0.0
2
-0.6127530948998023 3.072018031096515 0.0
2
-0.6127530687693356 3.0720180340062577 0.0
2
-0.6127530948195983 3.0720180312206455 0.0
2
-0.6127531841047773 3.0720180112892783 0.0
2
-0.6127530957951328 3.0720180324492254 0.0
2
-0.6127530800340861 3.0720180357491444 0.0
2
-0.6127531303112438 3.0720180269516746 0.0
2
-0.6127531325136112 3.0720180215407122 0.0
2
-0.6127531077409288 3.0720180339039667 0.0
2
-0.6127530805493413 3.07201803798608 0.0
2
-0.6127530469385932 3.072018049642444 0.0
2
-0.6127531188425087 3.072018020066913 0.0
2
-0.612753085970063 3.072018032173744 0.0
2
-0.612753093081221 3.072018029631286 0.0
2
-0.6127530970746574 3.072018029195419 0.0
2
-0.6127531362480663 3.07201802572908 0.0
2
-0.6127531459627144 3.0720180208606336 0.0
2
-0.6127531267635299 3.07201802253993 0.0
2
-0.6127531891464286 3.0720180138135245 0.0
2
-0.6127531113807646 3.0720180275584914 0.0
2
-0.6127530948397658 3.07201803014193 0.0
2
-0.6127530776717429 3.072018031582156 0.0
2
-0.6127531102266696 3.0720180215011696 0.0
2
-0.6127530885381549 3.0720180304836777 0.0
2
-0.6127531276923912 3.0720180286381016 0.0
2
-0.6127531232192137 3.0720180252998124 0.0
2
-0.6127530875978573 3.072018033093532 0.0
2
-0.6127531078393136 3.0720180312150935 0.0
2
-0.6127531188203366 3.072018022463778 0.0
2
-0.6127531113839868 3.0720180241307413 0.0
2
-0.6127530869095806 3.072018041138953 0.0
2
-0.6127531309601711 3.0720180187913626 0.0
2
-0.6127530758164499 3.072018030698479 0.0
2
-0.6127531464550929 3.07201801826055 0.0
2
-0.6127531904798476 3.0720180084370248 0.0
2
-0.6127531298483755 3.072018030586639 0.0
2
-0.6127531461319713 3.0720180211839696 0.0
2
-0.6127530970308745 3.072018029539154 0.0
2
-0.6127530911338932 3.072018035399066 0.0
2
-0.6127531304912487 3.072018022021684 0.0
2
-0.6127530685321105 3.072018029574844 0.0
2
-0.6127531157780637 3.072018032014871 0.0
2
-0.612753107821741 3.0720180310105243 0.0
2
-0.6127530981307303 3.07201803378618 0.0
2
-0.61275311718224 3.072018023227034 0.0
2
-0.6127530966394702 3.0720180317836774 0.0
2
-0.6127531072210601 3.0720180332737423 0.0
2
-0.6127531135151374 3.0720180227890603 0.0
2
-0.6127531014011017 3.0720180316833305 0.0
2
-0.6127531504592081 3.0720180185137718 0.0
2
-0.6127531118320177 3.072018028746144 0.0
2
-0.6127531450866496 3.0720180258934375 0.0
2
-0.6127530697666963 3.0720180353013222 0.0
2
-0.6127531077555137 3.072018035222335 0.0
2
-0.612753106214351 3.0720180279909997 0.0
2
-0.6127530880048844 3.0720180303961664 0.0
2
-0.6127531117927274 3.0720180262645718 0.0
2
-0.6127530646274142 3.0720180374171147 0.0
2
-0.6127530715784628 3.072018036981963 0.0
2
-0.6127530719764943 3.0720180392961263 0.0
2
-0.6127531111258313 3.072018026459658 0.0
2
-0.6127531153898058 3.0720180300288034 0.0
2
-0.6127530920425975 3.0720180349146435 0.0
2
-0.6127531698178285 3.072018014146269 0.0
2
-0.6127531195509317 3.0720180262538674 0.0
2
-0.6127530924607919 3.072018031484219 0.0
2
-0.6127531073330483 3.072018023126599 0.0
2
-0.6127530933668105 3.0720180331074687 0.0
2
-0.6127531019617016 3.0720180307638034 0.0
2
-0.6127531189680964 3.0720180245802466 0.0
2
-0.6127530928498551 3.072018030709034 0.0
2
-0.6127531466037616 3.072018016676485 0.0
2
-0.6127531825602457 3.0720180174427623 0.0
2
-0.6127530636441411 3.0720180377163704 0.0
2
-0.6127531170852223 3.072018027848409 0.0
2
-0.6127530801963226 3.0720180308593648 0.0
2
-0.6127531242901356 3.072018024228658 0.0
2
-0.6127530980321485 3.0720180267662327 0.0
2
-0.6127530894456047 3.072018032876043 0.0
2
-0.6127530877280811 3.0720180299188073 0.0
2
-0.6127531148320092 3.0720180244566606 0.0
2
-0.6127531391426287 3.0720180189974053 0.0
2
-0.6127531397635393 3.0720180197939286 0.0
2
-0.6127531126978255 3.0720180349302106 0.0
2
-0.6127531140732158 3.0720180243048336 0.0
2
-0.6127531317392396 3.0720180244422055 0.0
2
-0.6127531568255282 3.072018016314321 0.0
2
-0.6127530962564163 3.0720180298708244 0.0
2
-0.6127531371392771 3.072018020727262 0.0
2
-0.6127530998220543 3.0720180284774194 0.0
2
-0.6127530747249164 3.072018035904482 0.0
2
-0.6127530901165837 3.0720180323762496 0.0
2
-0.6127530933267626 3.0720180375210115 0.0
2
-0.612753119915002 3.072018023305272 0.0
2
-0.61275311675061 3.07201802528374 0.0
2
-0.6127531428438113 3.0720180231600924 0.0
2
-0.6127531076083733 3.0720180318962957 0.0
3
5.226976596219893 -0.03599490756386309 0.0
3
3.32859697505755 4.457476553564494 0.0
3
0.7322306687933555 5.266285777915418 0.0
3
1.513320809544505 -5.507828345926262 0.0
3
2.2306967247036527 4.725140360961937 0.0
3
-3.3587210453387786 4.167696684692549 0.0
3
5.090725714152263 -1.8990396596684973 0.0
3
4.910391743773417 -2.0636200007672256 0.0
3
-5.502947117411092 -0.49233931214227505 0.0
3
0.7504505067392282 4.989555958139257 0.0
3
2.7671289677137243 4.717626749110707 0.0
3
4.508381032587243 0.23495560610225605 0.0
3
5.126023802887511 -1.6557668662194072 0.0
3
-4.282320115887704 3.4670689458213455 0.0
3
-5.267921109375932 -0.6317210526941207 0.0
3
3.5152587910836015 3.610332910066453 0.0
3
2.2097322766141123 4.810521059774027 0.0
3
-5.216508114237353 0.08674725222193791 0.0
3
-5.2392158865030725 1.3395602224267726 0.0
3
-3.0769396961988202 0.6553576191388407 0.0
3
2.4325271206006627 2.2562822893836487 0.0
3
2.2551813849726976 3.885317585525795 0.0
3
-4.831725656055236 1.5135323925461168 0.0
3
5.433537196377343 -1.7610742357222509 0.0
3
4.8982766954231245 -0.11775640699720802 0.0
3
3.911826400112385 -3.190202823147673 0.0
3
-2.671939611616145 1.672806493515199 0.0
3
-0.7083554445044301 1.5417773656297509 0.0
3
-1.194190511863021 1.5025302023628637 0.0
3
-1.9246092599303177 -0.3991762622543283 0.0
3
-0.4376644741583935 1.7794458368868 0.0
3
-1.1595873771997243 -1.4183553629093058 0.0
3
1.2529765113688205 1.2109423428063806 0.0
3
0.07664709853346288 -1.8805497241324407 0.0
3
-0.22351144644747814 1.6866656105667934 0.0
3
-1.347498170465728 -1.219878159824951 0.0
3
1.1251905674242804 1.349419719413402 0.0
3
1.0929572259565379 -1.3299658064029012 0.0
3
0.7925276223812749 -1.6903823152365318 0.0
3
-2.2086010409637473 -0.3923602815912081 0.0
3
-1.2346112092156583 1.5722366934464314 0.0
3
-0.28490003950708165 1.6646780430520334 0.0
3
-2.225725093599058 0.805791563692323 0.0
3
-1.7132680501139514 0.1798286723930562 0.0
3
0.8867315193888295 -1.570616982408659 0.0
3
-0.09500003839466509 1.663101249327337 0.0
3
-0.0823376356323881 -1.78035274596694 0.0
3
-1.5459130087474096 0.6323065039497129 0.0
3
1.1093183478661253 -1.2943178594436162 0.0
3
1.3382674801636834 -0.9030100585276121 0.0
3
1.4088184481712882 0.9194528266163499 0.0
3
-0.16653603358011676 -1.5859847179080608 0.0
3
-0.45805733987997477 -1.640274424203369 0.0
3
-1.5986270873342852 0.005493071749783196 0.0
3
1.5559441799170224 0.0871247838746582 0.0
3
0.5046389259075625 1.5227652609493043 0.0
3
0.3709597300265559 1.44141320017422 0.0
