[[3.16227766e+00 3.00274000e-04]
 [3.16227766e+00 1.68856479e-03]
 [3.16227766e+00 9.49549762e-03]
 [1.12201845e+01 3.00274000e-04]
 [1.12201845e+01 1.68856479e-03]
 [1.12201845e+01 9.49549762e-03]
 [3.98107171e+01 3.00274000e-04]
 [3.98107171e+01 1.68856479e-03]
 [3.98107171e+01 9.49549762e-03]]
[[3.16227766e+00 3.00274000e-04]
 [3.16227766e+00 1.68856479e-03]
 [3.16227766e+00 9.49549762e-03]
 [1.12201845e+01 3.00274000e-04]
 [1.12201845e+01 1.68856479e-03]
 [1.12201845e+01 9.49549762e-03]
 [3.98107171e+01 3.00274000e-04]
 [3.98107171e+01 1.68856479e-03]
 [3.98107171e+01 9.49549762e-03]]
[[3.16227766e+00 3.00274000e-04]
 [3.16227766e+00 1.68856479e-03]
 [3.16227766e+00 9.49549762e-03]
 [1.12201845e+01 3.00274000e-04]
 [1.12201845e+01 1.68856479e-03]
 [1.12201845e+01 9.49549762e-03]
 [3.98107171e+01 3.00274000e-04]
 [3.98107171e+01 1.68856479e-03]
[[3.16227766e+00 3.00274000e-04]
 [3.16227766e+00 1.68856479e-03]
 [3.16227766e+00 9.49549762e-03]
 [1.12201845e+01 3.00274000e-04]
 [1.12201845e+01 1.68856479e-03]
 [1.12201845e+01 9.49549762e-03]
 [3.98107171e+01 3.00274000e-04]
 [3.98107171e+01 1.68856479e-03]
 [3.98107171e+01 9.49549762e-03]]
[[3.16227766e+00 3.00274000e-04]
 [3.16227766e+00 1.68856479e-03]
 [3.16227766e+00 9.49549762e-03]
 [1.12201845e+01 3.00274000e-04]
 [1.12201845e+01 1.68856479e-03]
 [1.12201845e+01 9.49549762e-03]
 [3.98107171e+01 3.00274000e-04]
 [3.98107171e+01 1.68856479e-03]
 [3.98107171e+01 9.49549762e-03]]
[[3.16227766e+00 3.00274000e-04]
 [3.16227766e+00 1.68856479e-03]
 [3.16227766e+00 9.49549762e-03]
 [1.12201845e+01 3.00274000e-04]
 [1.12201845e+01 1.68856479e-03]
 [1.12201845e+01 9.49549762e-03]
 [3.98107171e+01 3.00274000e-04]
 [3.98107171e+01 1.68856479e-03]
 [3.98107171e+01 9.49549762e-03]]
[[3.16227766e+00 3.00274000e-04]
 [3.16227766e+00 1.68856479e-03]
 [3.16227766e+00 9.49549762e-03]
 [1.12201845e+01 3.00274000e-04]
 [1.12201845e+01 1.68856479e-03]
 [1.12201845e+01 9.49549762e-03]
 [3.98107171e+01 3.00274000e-04]
 [3.98107171e+01 1.68856479e-03]
 [3.98107171e+01 9.49549762e-03]]
[[3.16227766e+00 3.00274000e-04]
 [3.16227766e+00 1.68856479e-03]
 [3.16227766e+00 9.49549762e-03]
 [1.12201845e+01 3.00274000e-04]
 [1.12201845e+01 1.68856479e-03]
 [1.12201845e+01 9.49549762e-03]
 [3.98107171e+01 3.00274000e-04]
 [3.98107171e+01 1.68856479e-03]
 [3.98107171e+01 9.49549762e-03]]
 [3.98107171e+01 9.49549762e-03]]
[[3.16227766e+00 3.00274000e-04]
 [3.16227766e+00 1.68856479e-03]
 [3.16227766e+00 9.49549762e-03]
 [1.12201845e+01 3.00274000e-04]
 [1.12201845e+01 1.68856479e-03]
 [1.12201845e+01 9.49549762e-03]
 [3.98107171e+01 3.00274000e-04]
 [3.98107171e+01 1.68856479e-03]
 [3.98107171e+01 9.49549762e-03]]
3.7945528416503627 4.597070442251904
1.2756434251711675 1.1100375785278525
4.61342479034917 0.5084628989842035
2.3344918079157853 3.4996200524850565
4.226734113778181 4.070999377240121
1.5194653410354289 0.3468250799518085
6.004432698973241 3.812212350040708
5.922098277559084 3.842453897124775
[[3.16227766e+00 3.00274000e-04]
 [3.16227766e+00 1.68856479e-03]
 [3.16227766e+00 9.49549762e-03]
 [1.12201845e+01 3.00274000e-04]
 [1.12201845e+01 1.68856479e-03]
 [1.12201845e+01 9.49549762e-03]
 [3.98107171e+01 3.00274000e-04]
 [3.98107171e+01 1.68856479e-03]
[[3.16227766e+00 3.00274000e-04]
 [3.16227766e+00 1.68856479e-03]
 [3.16227766e+00 9.49549762e-03]
 [1.12201845e+01 3.00274000e-04]
 [1.12201845e+01 1.68856479e-03]
 [1.12201845e+01 9.49549762e-03]
 [3.98107171e+01 3.00274000e-04]
 [3.98107171e+01 1.68856479e-03]
 [3.98107171e+01 9.49549762e-03]]
[[3.16227766e+00 3.00274000e-04]
 [3.16227766e+00 1.68856479e-03]
 [3.16227766e+00 9.49549762e-03]
 [1.12201845e+01 3.00274000e-04]
 [1.12201845e+01 1.68856479e-03]
 [1.12201845e+01 9.49549762e-03]
 [3.98107171e+01 3.00274000e-04]
 [3.98107171e+01 1.68856479e-03]
 [3.98107171e+01 9.49549762e-03]]
[[3.16227766e+00 3.00274000e-04]
 [3.16227766e+00 1.68856479e-03]
 [3.16227766e+00 9.49549762e-03]
 [1.12201845e+01 3.00274000e-04]
 [1.12201845e+01 1.68856479e-03]
 [1.12201845e+01 9.49549762e-03]
 [3.98107171e+01 3.00274000e-04]
 [3.98107171e+01 1.68856479e-03]
 [3.98107171e+01 9.49549762e-03]]
[[3.16227766e+00 3.00274000e-04]
 [3.16227766e+00 1.68856479e-03]
 [3.16227766e+00 9.49549762e-03]
 [1.12201845e+01 3.00274000e-04]
 [1.12201845e+01 1.68856479e-03]
 [1.12201845e+01 9.49549762e-03]
 [3.98107171e+01 3.00274000e-04]
 [3.98107171e+01 1.68856479e-03]
 [3.98107171e+01 9.49549762e-03]]
[[3.16227766e+00 3.00274000e-04]
 [3.16227766e+00 1.68856479e-03]
 [3.16227766e+00 9.49549762e-03]
 [1.12201845e+01 3.00274000e-04]
 [1.12201845e+01 1.68856479e-03]
 [1.12201845e+01 9.49549762e-03]
 [3.98107171e+01 3.00274000e-04]
 [3.98107171e+01 1.68856479e-03]
 [3.98107171e+01 9.49549762e-03]]
[[3.16227766e+00 3.00274000e-04]
 [3.16227766e+00 1.68856479e-03]
 [3.16227766e+00 9.49549762e-03]
 [1.12201845e+01 3.00274000e-04]
 [1.12201845e+01 1.68856479e-03]
 [1.12201845e+01 9.49549762e-03]
 [3.98107171e+01 3.00274000e-04]
 [3.98107171e+01 1.68856479e-03]
 [3.98107171e+01 9.49549762e-03]]
[[3.16227766e+00 3.00274000e-04]
 [3.16227766e+00 1.68856479e-03]
 [3.16227766e+00 9.49549762e-03]
 [1.12201845e+01 3.00274000e-04]
 [1.12201845e+01 1.68856479e-03]
 [1.12201845e+01 9.49549762e-03]
 [3.98107171e+01 3.00274000e-04]
 [3.98107171e+01 1.68856479e-03]
 [3.98107171e+01 9.49549762e-03]]
[[3.16227766e+00 3.00274000e-04]
 [3.16227766e+00 1.68856479e-03]
 [3.16227766e+00 9.49549762e-03]
 [1.12201845e+01 3.00274000e-04]
 [1.12201845e+01 1.68856479e-03]
 [1.12201845e+01 9.49549762e-03]
 [3.98107171e+01 3.00274000e-04]
 [3.98107171e+01 1.68856479e-03]
 [3.98107171e+01 9.49549762e-03]]
[[3.16227766e+00 3.00274000e-04]
 [3.16227766e+00 1.68856479e-03]
 [3.16227766e+00 9.49549762e-03]
 [1.12201845e+01 3.00274000e-04]
 [1.12201845e+01 1.68856479e-03]
 [1.12201845e+01 9.49549762e-03]
 [3.98107171e+01 3.00274000e-04]
 [3.98107171e+01 1.68856479e-03]
 [3.98107171e+01 9.49549762e-03]]
[[3.16227766e+00 3.00274000e-04]
 [3.16227766e+00 1.68856479e-03]
 [3.16227766e+00 9.49549762e-03]
 [1.12201845e+01 3.00274000e-04]
 [1.12201845e+01 1.68856479e-03]
 [1.12201845e+01 9.49549762e-03]
 [3.98107171e+01 3.00274000e-04]
 [3.98107171e+01 1.68856479e-03]
 [3.98107171e+01 9.49549762e-03]]
[[3.16227766e+00 3.00274000e-04]
 [3.16227766e+00 1.68856479e-03]
 [3.16227766e+00 9.49549762e-03]
 [1.12201845e+01 3.00274000e-04]
 [1.12201845e+01 1.68856479e-03]
 [1.12201845e+01 9.49549762e-03]
 [3.98107171e+01 3.00274000e-04]
 [3.98107171e+01 1.68856479e-03]
 [3.98107171e+01 9.49549762e-03]]
[[3.16227766e+00 3.00274000e-04]
 [3.16227766e+00 1.68856479e-03]
 [3.16227766e+00 9.49549762e-03]
 [1.12201845e+01 3.00274000e-04]
 [1.12201845e+01 1.68856479e-03]
 [1.12201845e+01 9.49549762e-03]
 [3.98107171e+01 3.00274000e-04]
 [3.98107171e+01 1.68856479e-03]
 [3.98107171e+01 9.49549762e-03]]
[[3.16227766e+00 3.00274000e-04]
 [3.16227766e+00 1.68856479e-03]
 [3.16227766e+00 9.49549762e-03]
 [1.12201845e+01 3.00274000e-04]
 [1.12201845e+01 1.68856479e-03]
 [1.12201845e+01 9.49549762e-03]
 [3.98107171e+01 3.00274000e-04]
 [3.98107171e+01 1.68856479e-03]
 [3.98107171e+01 9.49549762e-03]]
[[3.16227766e+00 3.00274000e-04]
 [3.16227766e+00 1.68856479e-03]
 [3.16227766e+00 9.49549762e-03]
 [1.12201845e+01 3.00274000e-04]
 [1.12201845e+01 1.68856479e-03]
 [1.12201845e+01 9.49549762e-03]
 [3.98107171e+01 3.00274000e-04]
 [3.98107171e+01 1.68856479e-03]
 [3.98107171e+01 9.49549762e-03]]
[[3.16227766e+00 3.00274000e-04]
 [3.16227766e+00 1.68856479e-03]
 [3.16227766e+00 9.49549762e-03]
 [1.12201845e+01 3.00274000e-04]
 [1.12201845e+01 1.68856479e-03]
 [1.12201845e+01 9.49549762e-03]
 [3.98107171e+01 3.00274000e-04]
 [3.98107171e+01 1.68856479e-03]
 [3.98107171e+01 9.49549762e-03]]
[[3.16227766e+00 3.00274000e-04]
 [3.16227766e+00 1.68856479e-03]
 [3.16227766e+00 9.49549762e-03]
 [1.12201845e+01 3.00274000e-04]
 [1.12201845e+01 1.68856479e-03]
 [1.12201845e+01 9.49549762e-03]
 [3.98107171e+01 3.00274000e-04]
 [3.98107171e+01 1.68856479e-03]
 [3.98107171e+01 9.49549762e-03]]
[[3.16227766e+00 3.00274000e-04]
 [3.16227766e+00 1.68856479e-03]
 [3.16227766e+00 9.49549762e-03]
 [1.12201845e+01 3.00274000e-04]
 [1.12201845e+01 1.68856479e-03]
 [1.12201845e+01 9.49549762e-03]
 [3.98107171e+01 3.00274000e-04]
 [3.98107171e+01 1.68856479e-03]
 [3.98107171e+01 9.49549762e-03]]
[[3.16227766e+00 3.00274000e-04]
 [3.16227766e+00 1.68856479e-03]
 [3.16227766e+00 9.49549762e-03]
 [1.12201845e+01 3.00274000e-04]
 [1.12201845e+01 1.68856479e-03]
 [1.12201845e+01 9.49549762e-03]
 [3.98107171e+01 3.00274000e-04]
 [3.98107171e+01 1.68856479e-03]
 [3.98107171e+01 9.49549762e-03]]
[[3.16227766e+00 3.00274000e-04]
 [3.16227766e+00 1.68856479e-03]
 [3.16227766e+00 9.49549762e-03]
 [1.12201845e+01 3.00274000e-04]
 [1.12201845e+01 1.68856479e-03]
 [1.12201845e+01 9.49549762e-03]
 [3.98107171e+01 3.00274000e-04]
 [3.98107171e+01 1.68856479e-03]
 [3.98107171e+01 9.49549762e-03]]
 [3.98107171e+01 9.49549762e-03]]
[[3.16227766e+00 3.00274000e-04]
 [3.16227766e+00 1.68856479e-03]
 [3.16227766e+00 9.49549762e-03]
 [1.12201845e+01 3.00274000e-04]
 [1.12201845e+01 1.68856479e-03]
 [1.12201845e+01 9.49549762e-03]
 [3.98107171e+01 3.00274000e-04]
 [3.98107171e+01 1.68856479e-03]
[[3.16227766e+00 3.00274000e-04]
 [3.16227766e+00 1.68856479e-03]
 [3.16227766e+00 9.49549762e-03]
 [1.12201845e+01 3.00274000e-04]
 [1.12201845e+01 1.68856479e-03]
 [1.12201845e+01 9.49549762e-03]
 [3.98107171e+01 3.00274000e-04]
 [3.98107171e+01 1.68856479e-03]
 [3.98107171e+01 9.49549762e-03]]
[[3.16227766e+00 3.00274000e-04]
 [3.16227766e+00 1.68856479e-03]
 [3.16227766e+00 9.49549762e-03]
 [1.12201845e+01 3.00274000e-04]
 [1.12201845e+01 1.68856479e-03]
 [1.12201845e+01 9.49549762e-03]
 [3.98107171e+01 3.00274000e-04]
 [3.98107171e+01 1.68856479e-03]
 [3.98107171e+01 9.49549762e-03]]
[[3.16227766e+00 3.00274000e-04]
 [3.16227766e+00 1.68856479e-03]
 [3.16227766e+00 9.49549762e-03]
 [1.12201845e+01 3.00274000e-04]
 [1.12201845e+01 1.68856479e-03]
 [1.12201845e+01 9.49549762e-03]
 [3.98107171e+01 3.00274000e-04]
 [3.98107171e+01 1.68856479e-03]
 [3.98107171e+01 9.49549762e-03]]
[[3.16227766e+00 3.00274000e-04]
 [3.16227766e+00 1.68856479e-03]
 [3.16227766e+00 9.49549762e-03]
 [1.12201845e+01 3.00274000e-04]
 [1.12201845e+01 1.68856479e-03]
 [1.12201845e+01 9.49549762e-03]
 [3.98107171e+01 3.00274000e-04]
 [3.98107171e+01 1.68856479e-03]
 [3.98107171e+01 9.49549762e-03]]
[[3.16227766e+00 3.00274000e-04]
 [3.16227766e+00 1.68856479e-03]
 [3.16227766e+00 9.49549762e-03]
 [1.12201845e+01 3.00274000e-04]
 [1.12201845e+01 1.68856479e-03]
 [1.12201845e+01 9.49549762e-03]
 [3.98107171e+01 3.00274000e-04]
 [3.98107171e+01 1.68856479e-03]
 [3.98107171e+01 9.49549762e-03]]
[[3.16227766e+00 3.00274000e-04]
 [3.16227766e+00 1.68856479e-03]
 [3.16227766e+00 9.49549762e-03]
 [1.12201845e+01 3.00274000e-04]
 [1.12201845e+01 1.68856479e-03]
 [1.12201845e+01 9.49549762e-03]
 [3.98107171e+01 3.00274000e-04]
 [3.98107171e+01 1.68856479e-03]
 [3.98107171e+01 9.49549762e-03]]
 [3.98107171e+01 9.49549762e-03]]
[[3.16227766e+00 3.00274000e-04]
 [3.16227766e+00 1.68856479e-03]
 [3.16227766e+00 9.49549762e-03]
 [1.12201845e+01 3.00274000e-04]
 [1.12201845e+01 1.68856479e-03]
 [1.12201845e+01 9.49549762e-03]
 [3.98107171e+01 3.00274000e-04]
 [3.98107171e+01 1.68856479e-03]
 [3.98107171e+01 9.49549762e-03]]
[[3.16227766e+00 3.00274000e-04]
 [3.16227766e+00 1.68856479e-03]
 [3.16227766e+00 9.49549762e-03]
 [1.12201845e+01 3.00274000e-04]
 [1.12201845e+01 1.68856479e-03]
 [1.12201845e+01 9.49549762e-03]
 [3.98107171e+01 3.00274000e-04]
 [3.98107171e+01 1.68856479e-03]
 [3.98107171e+01 9.49549762e-03]]
[[3.16227766e+00 3.00274000e-04]
 [3.16227766e+00 1.68856479e-03]
 [3.16227766e+00 9.49549762e-03]
 [1.12201845e+01 3.00274000e-04]
 [1.12201845e+01 1.68856479e-03]
 [1.12201845e+01 9.49549762e-03]
 [3.98107171e+01 3.00274000e-04]
 [3.98107171e+01 1.68856479e-03]
 [3.98107171e+01 9.49549762e-03]]
0.47226145985596496 5.476837369740846
[[3.16227766e+00 3.00274000e-04]
 [3.16227766e+00 1.68856479e-03]
 [3.16227766e+00 9.49549762e-03]
 [1.12201845e+01 3.00274000e-04]
 [1.12201845e+01 1.68856479e-03]
 [1.12201845e+01 9.49549762e-03]
 [3.98107171e+01 3.00274000e-04]
 [3.98107171e+01 1.68856479e-03]
 [3.98107171e+01 9.49549762e-03]]
[[3.16227766e+00 3.00274000e-04]
 [3.16227766e+00 1.68856479e-03]
 [3.16227766e+00 9.49549762e-03]
 [1.12201845e+01 3.00274000e-04]
 [1.12201845e+01 1.68856479e-03]
 [1.12201845e+01 9.49549762e-03]
 [3.98107171e+01 3.00274000e-04]
 [3.98107171e+01 1.68856479e-03]
 [3.98107171e+01 9.49549762e-03]]
[[3.16227766e+00 3.00274000e-04]
 [3.16227766e+00 1.68856479e-03]
 [3.16227766e+00 9.49549762e-03]
 [1.12201845e+01 3.00274000e-04]
 [1.12201845e+01 1.68856479e-03]
 [1.12201845e+01 9.49549762e-03]
 [3.98107171e+01 3.00274000e-04]
 [3.98107171e+01 1.68856479e-03]
 [3.98107171e+01 9.49549762e-03]]
[[3.16227766e+00 3.00274000e-04]
 [3.16227766e+00 1.68856479e-03]
 [3.16227766e+00 9.49549762e-03]
 [1.12201845e+01 3.00274000e-04]
 [1.12201845e+01 1.68856479e-03]
 [1.12201845e+01 9.49549762e-03]
 [3.98107171e+01 3.00274000e-04]
 [3.98107171e+01 1.68856479e-03]
[[3.16227766e+00 3.00274000e-04]
 [3.16227766e+00 1.68856479e-03]
 [3.16227766e+00 9.49549762e-03]
 [1.12201845e+01 3.00274000e-04]
 [1.12201845e+01 1.68856479e-03]
 [1.12201845e+01 9.49549762e-03]
 [3.98107171e+01 3.00274000e-04]
 [3.98107171e+01 1.68856479e-03]
 [3.98107171e+01 9.49549762e-03]]
[[3.16227766e+00 3.00274000e-04]
 [3.16227766e+00 1.68856479e-03]
 [3.16227766e+00 9.49549762e-03]
 [1.12201845e+01 3.00274000e-04]
 [1.12201845e+01 1.68856479e-03]
 [1.12201845e+01 9.49549762e-03]
 [3.98107171e+01 3.00274000e-04]
 [3.98107171e+01 1.68856479e-03]
 [3.98107171e+01 9.49549762e-03]]
[[3.16227766e+00 3.00274000e-04]
 [3.16227766e+00 1.68856479e-03]
 [3.16227766e+00 9.49549762e-03]
 [1.12201845e+01 3.00274000e-04]
 [1.12201845e+01 1.68856479e-03]
 [1.12201845e+01 9.49549762e-03]
 [3.98107171e+01 3.00274000e-04]
 [3.98107171e+01 1.68856479e-03]
 [3.98107171e+01 9.49549762e-03]]
[[3.16227766e+00 3.00274000e-04]
 [3.16227766e+00 1.68856479e-03]
 [3.16227766e+00 9.49549762e-03]
 [1.12201845e+01 3.00274000e-04]
 [1.12201845e+01 1.68856479e-03]
 [1.12201845e+01 9.49549762e-03]
 [3.98107171e+01 3.00274000e-04]
 [3.98107171e+01 1.68856479e-03]
 [3.98107171e+01 9.49549762e-03]]
 [3.98107171e+01 9.49549762e-03]]
[[3.16227766e+00 3.00274000e-04]
 [3.16227766e+00 1.68856479e-03]
 [3.16227766e+00 9.49549762e-03]
 [1.12201845e+01 3.00274000e-04]
 [1.12201845e+01 1.68856479e-03]
 [1.12201845e+01 9.49549762e-03]
 [3.98107171e+01 3.00274000e-04]
 [3.98107171e+01 1.68856479e-03]
 [3.98107171e+01 9.49549762e-03]]
[[3.16227766e+00 3.00274000e-04]
 [3.16227766e+00 1.68856479e-03]
 [3.16227766e+00 9.49549762e-03]
 [1.12201845e+01 3.00274000e-04]
 [1.12201845e+01 1.68856479e-03]
 [1.12201845e+01 9.49549762e-03]
 [3.98107171e+01 3.00274000e-04]
 [3.98107171e+01 1.68856479e-03]
 [3.98107171e+01 9.49549762e-03]]
1.2714255108602468 0.937343133878202
5.26785436883443 6.074900905637854
5.586188885294037 3.0708615470719307
1.2998637229004857 3.915563351050584
5.485291281713275 4.131970529734234
1.4953951782751325 4.324107723242752
5.094175957420147 5.41375937833605
3.376784789666005 0.7184998158326551
2.326507507149068 5.605361536466544
0.4851771738514764 4.007851939183362
4.388194477090381 1.1592399658081525
0.7556044190986001 4.481797331995226
6.174154782910247 1.203982094913727
5.37741727433854 0.003374225433363898
0.64429915091926 0.12703143341771989
2.9255096882899356 5.449387262439154
4.182374992564812 1.4426322351561591
2.9550009707950635 5.3516406035189314
0.23970943354141666 3.743476204660924
4.125203875514666 0.4037316448773069
0.9997267053459019 0.02611609616291898
1.67239502932722 5.242302600713477
4.199973986172429 5.082566744051527
1.4405115133840276 0.04483589493148719
3.4673125020704294 0.10592718918062033
1.1219489391268522 0.6514270164147311
3.345770467372384 2.264848596004944
0.8281685666480257 1.0277564562462396
5.0317830456918875 1.556131746613239
1.8652368686745509 4.734816005116031
0.033276590794965914 0.4148949271212073
4.12589828941726 2.759741364595621
5.9852975359640315 5.043976861259775
4.921501671922015 1.0687451787881754
3.4751448924268216 2.9491571079023653
0.47986472946543923 1.023141393837153
6.0692099276247315 2.7760212077486557
0.7788532138958911 4.995452617492717
5.739500696091673 4.773782942012458
3.6664212402742486 4.520637735404395
[[3.16227766e+00 3.00274000e-04]
 [3.16227766e+00 1.68856479e-03]
 [3.16227766e+00 9.49549762e-03]
 [1.12201845e+01 3.00274000e-04]
 [1.12201845e+01 1.68856479e-03]
 [1.12201845e+01 9.49549762e-03]
 [3.98107171e+01 3.00274000e-04]
 [3.98107171e+01 1.68856479e-03]
 [3.98107171e+01 9.49549762e-03]]
[[3.16227766e+00 3.00274000e-04]
 [3.16227766e+00 1.68856479e-03]
 [3.16227766e+00 9.49549762e-03]
 [1.12201845e+01 3.00274000e-04]
 [1.12201845e+01 1.68856479e-03]
 [1.12201845e+01 9.49549762e-03]
 [3.98107171e+01 3.00274000e-04]
 [3.98107171e+01 1.68856479e-03]
[[3.16227766e+00 3.00274000e-04]
 [3.16227766e+00 1.68856479e-03]
 [3.16227766e+00 9.49549762e-03]
 [1.12201845e+01 3.00274000e-04]
 [1.12201845e+01 1.68856479e-03]
 [1.12201845e+01 9.49549762e-03]
 [3.98107171e+01 3.00274000e-04]
 [3.98107171e+01 1.68856479e-03]
 [3.98107171e+01 9.49549762e-03]]
[[3.16227766e+00 3.00274000e-04]
 [3.16227766e+00 1.68856479e-03]
 [3.16227766e+00 9.49549762e-03]
 [1.12201845e+01 3.00274000e-04]
 [1.12201845e+01 1.68856479e-03]
 [1.12201845e+01 9.49549762e-03]
 [3.98107171e+01 3.00274000e-04]
 [3.98107171e+01 1.68856479e-03]
 [3.98107171e+01 9.49549762e-03]]
[[3.16227766e+00 3.00274000e-04]
 [3.16227766e+00 1.68856479e-03]
 [3.16227766e+00 9.49549762e-03]
 [1.12201845e+01 3.00274000e-04]
 [1.12201845e+01 1.68856479e-03]
 [1.12201845e+01 9.49549762e-03]
 [3.98107171e+01 3.00274000e-04]
 [3.98107171e+01 1.68856479e-03]
 [3.98107171e+01 9.49549762e-03]]
[[3.16227766e+00 3.00274000e-04]
 [3.16227766e+00 1.68856479e-03]
 [3.16227766e+00 9.49549762e-03]
 [1.12201845e+01 3.00274000e-04]
 [1.12201845e+01 1.68856479e-03]
 [1.12201845e+01 9.49549762e-03]
 [3.98107171e+01 3.00274000e-04]
 [3.98107171e+01 1.68856479e-03]
 [3.98107171e+01 9.49549762e-03]]
[[3.16227766e+00 3.00274000e-04]
 [3.16227766e+00 1.68856479e-03]
 [3.16227766e+00 9.49549762e-03]
 [1.12201845e+01 3.00274000e-04]
 [1.12201845e+01 1.68856479e-03]
 [1.12201845e+01 9.49549762e-03]
 [3.98107171e+01 3.00274000e-04]
 [3.98107171e+01 1.68856479e-03]
 [3.98107171e+01 9.49549762e-03]]
[[3.16227766e+00 3.00274000e-04]
 [3.16227766e+00 1.68856479e-03]
 [3.16227766e+00 9.49549762e-03]
 [1.12201845e+01 3.00274000e-04]
 [1.12201845e+01 1.68856479e-03]
 [1.12201845e+01 9.49549762e-03]
 [3.98107171e+01 3.00274000e-04]
 [3.98107171e+01 1.68856479e-03]
 [3.98107171e+01 9.49549762e-03]]
[[3.16227766e+00 3.00274000e-04]
 [3.16227766e+00 1.68856479e-03]
 [3.16227766e+00 9.49549762e-03]
 [1.12201845e+01 3.00274000e-04]
 [1.12201845e+01 1.68856479e-03]
 [1.12201845e+01 9.49549762e-03]
 [3.98107171e+01 3.00274000e-04]
 [3.98107171e+01 1.68856479e-03]
 [3.98107171e+01 9.49549762e-03]]
[[3.16227766e+00 3.00274000e-04]
 [3.16227766e+00 1.68856479e-03]
 [3.16227766e+00 9.49549762e-03]
 [1.12201845e+01 3.00274000e-04]
 [1.12201845e+01 1.68856479e-03]
 [1.12201845e+01 9.49549762e-03]
 [3.98107171e+01 3.00274000e-04]
 [3.98107171e+01 1.68856479e-03]
 [3.98107171e+01 9.49549762e-03]]
[[3.16227766e+00 3.00274000e-04]
 [3.16227766e+00 1.68856479e-03]
 [3.16227766e+00 9.49549762e-03]
 [1.12201845e+01 3.00274000e-04]
 [1.12201845e+01 1.68856479e-03]
 [1.12201845e+01 9.49549762e-03]
 [3.98107171e+01 3.00274000e-04]
 [3.98107171e+01 1.68856479e-03]
 [3.98107171e+01 9.49549762e-03]]
[[3.16227766e+00 3.00274000e-04]
 [3.16227766e+00 1.68856479e-03]
 [3.16227766e+00 9.49549762e-03]
 [1.12201845e+01 3.00274000e-04]
 [1.12201845e+01 1.68856479e-03]
 [1.12201845e+01 9.49549762e-03]
 [3.98107171e+01 3.00274000e-04]
 [3.98107171e+01 1.68856479e-03]
 [3.98107171e+01 9.49549762e-03]]
[[3.16227766e+00 3.00274000e-04]
 [3.16227766e+00 1.68856479e-03]
 [3.16227766e+00 9.49549762e-03]
 [1.12201845e+01 3.00274000e-04]
 [1.12201845e+01 1.68856479e-03]
 [1.12201845e+01 9.49549762e-03]
 [3.98107171e+01 3.00274000e-04]
 [3.98107171e+01 1.68856479e-03]
 [3.98107171e+01 9.49549762e-03]]
[[3.16227766e+00 3.00274000e-04]
 [3.16227766e+00 1.68856479e-03]
 [3.16227766e+00 9.49549762e-03]
 [1.12201845e+01 3.00274000e-04]
 [1.12201845e+01 1.68856479e-03]
 [1.12201845e+01 9.49549762e-03]
 [3.98107171e+01 3.00274000e-04]
 [3.98107171e+01 1.68856479e-03]
 [3.98107171e+01 9.49549762e-03]]
[[3.16227766e+00 3.00274000e-04]
 [3.16227766e+00 1.68856479e-03]
 [3.16227766e+00 9.49549762e-03]
 [1.12201845e+01 3.00274000e-04]
 [1.12201845e+01 1.68856479e-03]
 [1.12201845e+01 9.49549762e-03]
 [3.98107171e+01 3.00274000e-04]
 [3.98107171e+01 1.68856479e-03]
 [3.98107171e+01 9.49549762e-03]]
 [3.98107171e+01 9.49549762e-03]]
4.923911093450509 4.193725800435396
5.06701112062199 3.118009985360664
4.691772884903053 0.34304378706337124
2.8500384856088905 0.8235522656306692
4.023859234361953 5.5934393911856555
3.084819031921167 6.032417134068261
4.976099986320664 3.8655780141723097
0.9339685134837561 3.3702324705765125
3.6509344466090554 1.1119622744719548
1.6482285560795977 0.006410388604703749
2.2575991550826653 1.1395348982892761
2.514438340965368 4.462059395661748
4.867292358043957 2.2524441111939653
3.339045733848577 4.912466201679397
4.53881835814519 2.914941169475824
[[3.16227766e+00 3.00274000e-04]
 [3.16227766e+00 1.68856479e-03]
 [3.16227766e+00 9.49549762e-03]
 [1.12201845e+01 3.00274000e-04]
 [1.12201845e+01 1.68856479e-03]
 [1.12201845e+01 9.49549762e-03]
 [3.98107171e+01 3.00274000e-04]
 [3.98107171e+01 1.68856479e-03]
[[3.16227766e+00 3.00274000e-04]
 [3.16227766e+00 1.68856479e-03]
 [3.16227766e+00 9.49549762e-03]
 [1.12201845e+01 3.00274000e-04]
 [1.12201845e+01 1.68856479e-03]
 [1.12201845e+01 9.49549762e-03]
 [3.98107171e+01 3.00274000e-04]
 [3.98107171e+01 1.68856479e-03]
 [3.98107171e+01 9.49549762e-03]]
[[3.16227766e+00 3.00274000e-04]
 [3.16227766e+00 1.68856479e-03]
 [3.16227766e+00 9.49549762e-03]
 [1.12201845e+01 3.00274000e-04]
 [1.12201845e+01 1.68856479e-03]
 [1.12201845e+01 9.49549762e-03]
 [3.98107171e+01 3.00274000e-04]
 [3.98107171e+01 1.68856479e-03]
 [3.98107171e+01 9.49549762e-03]]
[[3.16227766e+00 3.00274000e-04]
 [3.16227766e+00 1.68856479e-03]
 [3.16227766e+00 9.49549762e-03]
 [1.12201845e+01 3.00274000e-04]
 [1.12201845e+01 1.68856479e-03]
 [1.12201845e+01 9.49549762e-03]
 [3.98107171e+01 3.00274000e-04]
 [3.98107171e+01 1.68856479e-03]
 [3.98107171e+01 9.49549762e-03]]
[[3.16227766e+00 3.00274000e-04]
 [3.16227766e+00 1.68856479e-03]
 [3.16227766e+00 9.49549762e-03]
 [1.12201845e+01 3.00274000e-04]
 [1.12201845e+01 1.68856479e-03]
 [1.12201845e+01 9.49549762e-03]
 [3.98107171e+01 3.00274000e-04]
 [3.98107171e+01 1.68856479e-03]
 [3.98107171e+01 9.49549762e-03]]
[[3.16227766e+00 3.00274000e-04]
 [3.16227766e+00 1.68856479e-03]
 [3.16227766e+00 9.49549762e-03]
 [1.12201845e+01 3.00274000e-04]
 [1.12201845e+01 1.68856479e-03]
 [1.12201845e+01 9.49549762e-03]
 [3.98107171e+01 3.00274000e-04]
 [3.98107171e+01 1.68856479e-03]
 [3.98107171e+01 9.49549762e-03]]
[[3.16227766e+00 3.00274000e-04]
 [3.16227766e+00 1.68856479e-03]
 [3.16227766e+00 9.49549762e-03]
 [1.12201845e+01 3.00274000e-04]
 [1.12201845e+01 1.68856479e-03]
 [1.12201845e+01 9.49549762e-03]
 [3.98107171e+01 3.00274000e-04]
 [3.98107171e+01 1.68856479e-03]
 [3.98107171e+01 9.49549762e-03]]
[[3.16227766e+00 3.00274000e-04]
 [3.16227766e+00 1.68856479e-03]
 [3.16227766e+00 9.49549762e-03]
 [1.12201845e+01 3.00274000e-04]
 [1.12201845e+01 1.68856479e-03]
 [1.12201845e+01 9.49549762e-03]
 [3.98107171e+01 3.00274000e-04]
 [3.98107171e+01 1.68856479e-03]
 [3.98107171e+01 9.49549762e-03]]
[[3.16227766e+00 3.00274000e-04]
 [3.16227766e+00 1.68856479e-03]
 [3.16227766e+00 9.49549762e-03]
 [1.12201845e+01 3.00274000e-04]
 [1.12201845e+01 1.68856479e-03]
 [1.12201845e+01 9.49549762e-03]
 [3.98107171e+01 3.00274000e-04]
 [3.98107171e+01 1.68856479e-03]
 [3.98107171e+01 9.49549762e-03]]
[[3.16227766e+00 3.00274000e-04]
 [3.16227766e+00 1.68856479e-03]
 [3.16227766e+00 9.49549762e-03]
 [1.12201845e+01 3.00274000e-04]
 [1.12201845e+01 1.68856479e-03]
 [1.12201845e+01 9.49549762e-03]
 [3.98107171e+01 3.00274000e-04]
 [3.98107171e+01 1.68856479e-03]
 [3.98107171e+01 9.49549762e-03]]
[[3.16227766e+00 3.00274000e-04]
 [3.16227766e+00 1.68856479e-03]
 [3.16227766e+00 9.49549762e-03]
 [1.12201845e+01 3.00274000e-04]
 [1.12201845e+01 1.68856479e-03]
 [1.12201845e+01 9.49549762e-03]
 [3.98107171e+01 3.00274000e-04]
 [3.98107171e+01 1.68856479e-03]
 [3.98107171e+01 9.49549762e-03]]
[[3.16227766e+00 3.00274000e-04]
 [3.16227766e+00 1.68856479e-03]
 [3.16227766e+00 9.49549762e-03]
 [1.12201845e+01 3.00274000e-04]
 [1.12201845e+01 1.68856479e-03]
 [1.12201845e+01 9.49549762e-03]
 [3.98107171e+01 3.00274000e-04]
 [3.98107171e+01 1.68856479e-03]
 [3.98107171e+01 9.49549762e-03]]
[[3.16227766e+00 3.00274000e-04]
 [3.16227766e+00 1.68856479e-03]
 [3.16227766e+00 9.49549762e-03]
 [1.12201845e+01 3.00274000e-04]
 [1.12201845e+01 1.68856479e-03]
 [1.12201845e+01 9.49549762e-03]
 [3.98107171e+01 3.00274000e-04]
 [3.98107171e+01 1.68856479e-03]
 [3.98107171e+01 9.49549762e-03]]
[[3.16227766e+00 3.00274000e-04]
 [3.16227766e+00 1.68856479e-03]
 [3.16227766e+00 9.49549762e-03]
 [1.12201845e+01 3.00274000e-04]
 [1.12201845e+01 1.68856479e-03]
 [1.12201845e+01 9.49549762e-03]
 [3.98107171e+01 3.00274000e-04]
 [3.98107171e+01 1.68856479e-03]
 [3.98107171e+01 9.49549762e-03]]
[[3.16227766e+00 3.00274000e-04]
 [3.16227766e+00 1.68856479e-03]
 [3.16227766e+00 9.49549762e-03]
 [1.12201845e+01 3.00274000e-04]
 [1.12201845e+01 1.68856479e-03]
 [1.12201845e+01 9.49549762e-03]
 [3.98107171e+01 3.00274000e-04]
 [3.98107171e+01 1.68856479e-03]
 [3.98107171e+01 9.49549762e-03]]
[[3.16227766e+00 3.00274000e-04]
 [3.16227766e+00 1.68856479e-03]
 [3.16227766e+00 9.49549762e-03]
 [1.12201845e+01 3.00274000e-04]
 [1.12201845e+01 1.68856479e-03]
 [1.12201845e+01 9.49549762e-03]
 [3.98107171e+01 3.00274000e-04]
 [3.98107171e+01 1.68856479e-03]
 [3.98107171e+01 9.49549762e-03]]
[[3.16227766e+00 3.00274000e-04]
 [3.16227766e+00 1.68856479e-03]
 [3.16227766e+00 9.49549762e-03]
 [1.12201845e+01 3.00274000e-04]
 [1.12201845e+01 1.68856479e-03]
 [1.12201845e+01 9.49549762e-03]
 [3.98107171e+01 3.00274000e-04]
 [3.98107171e+01 1.68856479e-03]
 [3.98107171e+01 9.49549762e-03]]
[[3.16227766e+00 3.00274000e-04]
 [3.16227766e+00 1.68856479e-03]
 [3.16227766e+00 9.49549762e-03]
 [1.12201845e+01 3.00274000e-04]
 [1.12201845e+01 1.68856479e-03]
 [1.12201845e+01 9.49549762e-03]
 [3.98107171e+01 3.00274000e-04]
 [3.98107171e+01 1.68856479e-03]
 [3.98107171e+01 9.49549762e-03]]
[[3.16227766e+00 3.00274000e-04]
 [3.16227766e+00 1.68856479e-03]
 [3.16227766e+00 9.49549762e-03]
 [1.12201845e+01 3.00274000e-04]
 [1.12201845e+01 1.68856479e-03]
 [1.12201845e+01 9.49549762e-03]
 [3.98107171e+01 3.00274000e-04]
 [3.98107171e+01 1.68856479e-03]
 [3.98107171e+01 9.49549762e-03]]
[[3.16227766e+00 3.00274000e-04]
 [3.16227766e+00 1.68856479e-03]
 [3.16227766e+00 9.49549762e-03]
 [1.12201845e+01 3.00274000e-04]
 [1.12201845e+01 1.68856479e-03]
 [1.12201845e+01 9.49549762e-03]
 [3.98107171e+01 3.00274000e-04]
 [3.98107171e+01 1.68856479e-03]
 [3.98107171e+01 9.49549762e-03]]
[[3.16227766e+00 3.00274000e-04]
 [3.16227766e+00 1.68856479e-03]
 [3.16227766e+00 9.49549762e-03]
 [1.12201845e+01 3.00274000e-04]
 [1.12201845e+01 1.68856479e-03]
 [1.12201845e+01 9.49549762e-03]
 [3.98107171e+01 3.00274000e-04]
 [3.98107171e+01 1.68856479e-03]
 [3.98107171e+01 9.49549762e-03]]
 [3.98107171e+01 9.49549762e-03]]
0.6684118990558846 4.063155932830305
3.3848605332379855 2.0132549879974135
0.42559755321305226 2.133023717432649
1.5607375800415286 0.09670443734231166
2.2267701326296345 1.3109831652043864
1.3943186852917937 0.5502042858683452
1.2895798169026744 5.84172343355808
5.463581033791226 1.4729417398160076
2.9586873716848308 6.257371530219088
2.480858724475914 5.693921243078027
1.8020703223410814 4.169761683936532
2.9716082206824166 4.677556958790391
1.6860415612998516 5.4651329437475695
0.8775871781550556 1.4080041187206964
0.04805418452232378 1.2169068433314016
3.5440384209855775 4.1306619677790195
0.324490068038828 6.245729129787204
1.7519446319436414 1.2221895130407177
1.4400890825820971 4.149034141327247
0.9529192738701632 5.264503459925662
0.7942209923430155 2.3725327682111548
[[3.16227766e+00 3.00274000e-04]
 [3.16227766e+00 1.68856479e-03]
 [3.16227766e+00 9.49549762e-03]
 [1.12201845e+01 3.00274000e-04]
 [1.12201845e+01 1.68856479e-03]
 [1.12201845e+01 9.49549762e-03]
 [3.98107171e+01 3.00274000e-04]
 [3.98107171e+01 1.68856479e-03]
 [3.98107171e+01 9.49549762e-03]]
4.807859497284503 2.1101204303972887
[[3.16227766e+00 3.00274000e-04]
 [3.16227766e+00 1.68856479e-03]
 [3.16227766e+00 9.49549762e-03]
 [1.12201845e+01 3.00274000e-04]
 [1.12201845e+01 1.68856479e-03]
 [1.12201845e+01 9.49549762e-03]
 [3.98107171e+01 3.00274000e-04]
 [3.98107171e+01 1.68856479e-03]
[[3.16227766e+00 3.00274000e-04]
 [3.16227766e+00 1.68856479e-03]
 [3.16227766e+00 9.49549762e-03]
 [1.12201845e+01 3.00274000e-04]
 [1.12201845e+01 1.68856479e-03]
 [1.12201845e+01 9.49549762e-03]
 [3.98107171e+01 3.00274000e-04]
 [3.98107171e+01 1.68856479e-03]
 [3.98107171e+01 9.49549762e-03]]
[[3.16227766e+00 3.00274000e-04]
 [3.16227766e+00 1.68856479e-03]
 [3.16227766e+00 9.49549762e-03]
 [1.12201845e+01 3.00274000e-04]
 [1.12201845e+01 1.68856479e-03]
 [1.12201845e+01 9.49549762e-03]
 [3.98107171e+01 3.00274000e-04]
 [3.98107171e+01 1.68856479e-03]
 [3.98107171e+01 9.49549762e-03]]
[[3.16227766e+00 3.00274000e-04]
 [3.16227766e+00 1.68856479e-03]
 [3.16227766e+00 9.49549762e-03]
 [1.12201845e+01 3.00274000e-04]
 [1.12201845e+01 1.68856479e-03]
 [1.12201845e+01 9.49549762e-03]
 [3.98107171e+01 3.00274000e-04]
 [3.98107171e+01 1.68856479e-03]
 [3.98107171e+01 9.49549762e-03]]
[[3.16227766e+00 3.00274000e-04]
 [3.16227766e+00 1.68856479e-03]
 [3.16227766e+00 9.49549762e-03]
 [1.12201845e+01 3.00274000e-04]
 [1.12201845e+01 1.68856479e-03]
 [1.12201845e+01 9.49549762e-03]
 [3.98107171e+01 3.00274000e-04]
 [3.98107171e+01 1.68856479e-03]
 [3.98107171e+01 9.49549762e-03]]
[[3.16227766e+00 3.00274000e-04]
 [3.16227766e+00 1.68856479e-03]
 [3.16227766e+00 9.49549762e-03]
 [1.12201845e+01 3.00274000e-04]
 [1.12201845e+01 1.68856479e-03]
 [1.12201845e+01 9.49549762e-03]
 [3.98107171e+01 3.00274000e-04]
 [3.98107171e+01 1.68856479e-03]
 [3.98107171e+01 9.49549762e-03]]
[[3.16227766e+00 3.00274000e-04]
 [3.16227766e+00 1.68856479e-03]
 [3.16227766e+00 9.49549762e-03]
 [1.12201845e+01 3.00274000e-04]
 [1.12201845e+01 1.68856479e-03]
 [1.12201845e+01 9.49549762e-03]
 [3.98107171e+01 3.00274000e-04]
 [3.98107171e+01 1.68856479e-03]
 [3.98107171e+01 9.49549762e-03]]
[[3.16227766e+00 3.00274000e-04]
 [3.16227766e+00 1.68856479e-03]
 [3.16227766e+00 9.49549762e-03]
 [1.12201845e+01 3.00274000e-04]
 [1.12201845e+01 1.68856479e-03]
 [1.12201845e+01 9.49549762e-03]
 [3.98107171e+01 3.00274000e-04]
 [3.98107171e+01 1.68856479e-03]
 [3.98107171e+01 9.49549762e-03]]
[[3.16227766e+00 3.00274000e-04]
 [3.16227766e+00 1.68856479e-03]
 [3.16227766e+00 9.49549762e-03]
 [1.12201845e+01 3.00274000e-04]
 [1.12201845e+01 1.68856479e-03]
 [1.12201845e+01 9.49549762e-03]
 [3.98107171e+01 3.00274000e-04]
 [3.98107171e+01 1.68856479e-03]
 [3.98107171e+01 9.49549762e-03]]
[[3.16227766e+00 3.00274000e-04]
 [3.16227766e+00 1.68856479e-03]
 [3.16227766e+00 9.49549762e-03]
 [1.12201845e+01 3.00274000e-04]
 [1.12201845e+01 1.68856479e-03]
 [1.12201845e+01 9.49549762e-03]
 [3.98107171e+01 3.00274000e-04]
 [3.98107171e+01 1.68856479e-03]
 [3.98107171e+01 9.49549762e-03]]
[[3.16227766e+00 3.00274000e-04]
 [3.16227766e+00 1.68856479e-03]
 [3.16227766e+00 9.49549762e-03]
 [1.12201845e+01 3.00274000e-04]
 [1.12201845e+01 1.68856479e-03]
 [1.12201845e+01 9.49549762e-03]
 [3.98107171e+01 3.00274000e-04]
 [3.98107171e+01 1.68856479e-03]
 [3.98107171e+01 9.49549762e-03]]
[[3.16227766e+00 3.00274000e-04]
 [3.16227766e+00 1.68856479e-03]
 [3.16227766e+00 9.49549762e-03]
 [1.12201845e+01 3.00274000e-04]
 [1.12201845e+01 1.68856479e-03]
 [1.12201845e+01 9.49549762e-03]
 [3.98107171e+01 3.00274000e-04]
 [3.98107171e+01 1.68856479e-03]
 [3.98107171e+01 9.49549762e-03]]
[[3.16227766e+00 3.00274000e-04]
 [3.16227766e+00 1.68856479e-03]
 [3.16227766e+00 9.49549762e-03]
 [1.12201845e+01 3.00274000e-04]
 [1.12201845e+01 1.68856479e-03]
 [1.12201845e+01 9.49549762e-03]
 [3.98107171e+01 3.00274000e-04]
 [3.98107171e+01 1.68856479e-03]
 [3.98107171e+01 9.49549762e-03]]
[[3.16227766e+00 3.00274000e-04]
 [3.16227766e+00 1.68856479e-03]
 [3.16227766e+00 9.49549762e-03]
 [1.12201845e+01 3.00274000e-04]
 [1.12201845e+01 1.68856479e-03]
 [1.12201845e+01 9.49549762e-03]
 [3.98107171e+01 3.00274000e-04]
 [3.98107171e+01 1.68856479e-03]
 [3.98107171e+01 9.49549762e-03]]
[[3.16227766e+00 3.00274000e-04]
 [3.16227766e+00 1.68856479e-03]
 [3.16227766e+00 9.49549762e-03]
 [1.12201845e+01 3.00274000e-04]
 [1.12201845e+01 1.68856479e-03]
 [1.12201845e+01 9.49549762e-03]
 [3.98107171e+01 3.00274000e-04]
 [3.98107171e+01 1.68856479e-03]
 [3.98107171e+01 9.49549762e-03]]
[[3.16227766e+00 3.00274000e-04]
 [3.16227766e+00 1.68856479e-03]
 [3.16227766e+00 9.49549762e-03]
 [1.12201845e+01 3.00274000e-04]
 [1.12201845e+01 1.68856479e-03]
 [1.12201845e+01 9.49549762e-03]
 [3.98107171e+01 3.00274000e-04]
 [3.98107171e+01 1.68856479e-03]
 [3.98107171e+01 9.49549762e-03]]
[[3.16227766e+00 3.00274000e-04]
 [3.16227766e+00 1.68856479e-03]
 [3.16227766e+00 9.49549762e-03]
 [1.12201845e+01 3.00274000e-04]
 [1.12201845e+01 1.68856479e-03]
 [1.12201845e+01 9.49549762e-03]
 [3.98107171e+01 3.00274000e-04]
 [3.98107171e+01 1.68856479e-03]
 [3.98107171e+01 9.49549762e-03]]
[[3.16227766e+00 3.00274000e-04]
 [3.16227766e+00 1.68856479e-03]
 [3.16227766e+00 9.49549762e-03]
 [1.12201845e+01 3.00274000e-04]
 [1.12201845e+01 1.68856479e-03]
 [1.12201845e+01 9.49549762e-03]
 [3.98107171e+01 3.00274000e-04]
 [3.98107171e+01 1.68856479e-03]
 [3.98107171e+01 9.49549762e-03]]
[[3.16227766e+00 3.00274000e-04]
 [3.16227766e+00 1.68856479e-03]
 [3.16227766e+00 9.49549762e-03]
 [1.12201845e+01 3.00274000e-04]
 [1.12201845e+01 1.68856479e-03]
 [1.12201845e+01 9.49549762e-03]
 [3.98107171e+01 3.00274000e-04]
 [3.98107171e+01 1.68856479e-03]
 [3.98107171e+01 9.49549762e-03]]
[[3.16227766e+00 3.00274000e-04]
 [3.16227766e+00 1.68856479e-03]
 [3.16227766e+00 9.49549762e-03]
 [1.12201845e+01 3.00274000e-04]
 [1.12201845e+01 1.68856479e-03]
 [1.12201845e+01 9.49549762e-03]
 [3.98107171e+01 3.00274000e-04]
 [3.98107171e+01 1.68856479e-03]
 [3.98107171e+01 9.49549762e-03]]
[[3.16227766e+00 3.00274000e-04]
 [3.16227766e+00 1.68856479e-03]
 [3.16227766e+00 9.49549762e-03]
 [1.12201845e+01 3.00274000e-04]
 [1.12201845e+01 1.68856479e-03]
 [1.12201845e+01 9.49549762e-03]
 [3.98107171e+01 3.00274000e-04]
 [3.98107171e+01 1.68856479e-03]
 [3.98107171e+01 9.49549762e-03]]
[[3.16227766e+00 3.00274000e-04]
 [3.16227766e+00 1.68856479e-03]
 [3.16227766e+00 9.49549762e-03]
 [1.12201845e+01 3.00274000e-04]
 [1.12201845e+01 1.68856479e-03]
 [1.12201845e+01 9.49549762e-03]
 [3.98107171e+01 3.00274000e-04]
 [3.98107171e+01 1.68856479e-03]
 [3.98107171e+01 9.49549762e-03]]
[[3.16227766e+00 3.00274000e-04]
 [3.16227766e+00 1.68856479e-03]
 [3.16227766e+00 9.49549762e-03]
 [1.12201845e+01 3.00274000e-04]
 [1.12201845e+01 1.68856479e-03]
 [1.12201845e+01 9.49549762e-03]
 [3.98107171e+01 3.00274000e-04]
 [3.98107171e+01 1.68856479e-03]
 [3.98107171e+01 9.49549762e-03]]
[[3.16227766e+00 3.00274000e-04]
 [3.16227766e+00 1.68856479e-03]
 [3.16227766e+00 9.49549762e-03]
 [1.12201845e+01 3.00274000e-04]
 [1.12201845e+01 1.68856479e-03]
 [1.12201845e+01 9.49549762e-03]
 [3.98107171e+01 3.00274000e-04]
 [3.98107171e+01 1.68856479e-03]
 [3.98107171e+01 9.49549762e-03]]
[[3.16227766e+00 3.00274000e-04]
 [3.16227766e+00 1.68856479e-03]
 [3.16227766e+00 9.49549762e-03]
 [1.12201845e+01 3.00274000e-04]
 [1.12201845e+01 1.68856479e-03]
 [1.12201845e+01 9.49549762e-03]
 [3.98107171e+01 3.00274000e-04]
 [3.98107171e+01 1.68856479e-03]
 [3.98107171e+01 9.49549762e-03]]
[[3.16227766e+00 3.00274000e-04]
 [3.16227766e+00 1.68856479e-03]
 [3.16227766e+00 9.49549762e-03]
 [1.12201845e+01 3.00274000e-04]
 [1.12201845e+01 1.68856479e-03]
 [1.12201845e+01 9.49549762e-03]
 [3.98107171e+01 3.00274000e-04]
 [3.98107171e+01 1.68856479e-03]
 [3.98107171e+01 9.49549762e-03]]
[[3.16227766e+00 3.00274000e-04]
 [3.16227766e+00 1.68856479e-03]
 [3.16227766e+00 9.49549762e-03]
 [1.12201845e+01 3.00274000e-04]
 [1.12201845e+01 1.68856479e-03]
 [1.12201845e+01 9.49549762e-03]
 [3.98107171e+01 3.00274000e-04]
 [3.98107171e+01 1.68856479e-03]
 [3.98107171e+01 9.49549762e-03]]
[[3.16227766e+00 3.00274000e-04]
 [3.16227766e+00 1.68856479e-03]
 [3.16227766e+00 9.49549762e-03]
 [1.12201845e+01 3.00274000e-04]
 [1.12201845e+01 1.68856479e-03]
 [1.12201845e+01 9.49549762e-03]
 [3.98107171e+01 3.00274000e-04]
 [3.98107171e+01 1.68856479e-03]
 [3.98107171e+01 9.49549762e-03]]
[[3.16227766e+00 3.00274000e-04]
 [3.16227766e+00 1.68856479e-03]
 [3.16227766e+00 9.49549762e-03]
 [1.12201845e+01 3.00274000e-04]
 [1.12201845e+01 1.68856479e-03]
 [1.12201845e+01 9.49549762e-03]
 [3.98107171e+01 3.00274000e-04]
 [3.98107171e+01 1.68856479e-03]
 [3.98107171e+01 9.49549762e-03]]
[[3.16227766e+00 3.00274000e-04]
 [3.16227766e+00 1.68856479e-03]
 [3.16227766e+00 9.49549762e-03]
 [1.12201845e+01 3.00274000e-04]
 [1.12201845e+01 1.68856479e-03]
 [1.12201845e+01 9.49549762e-03]
 [3.98107171e+01 3.00274000e-04]
 [3.98107171e+01 1.68856479e-03]
 [3.98107171e+01 9.49549762e-03]]
[[3.16227766e+00 3.00274000e-04]
 [3.16227766e+00 1.68856479e-03]
 [3.16227766e+00 9.49549762e-03]
 [1.12201845e+01 3.00274000e-04]
 [1.12201845e+01 1.68856479e-03]
 [1.12201845e+01 9.49549762e-03]
 [3.98107171e+01 3.00274000e-04]
 [3.98107171e+01 1.68856479e-03]
 [3.98107171e+01 9.49549762e-03]]
[[3.16227766e+00 3.00274000e-04]
 [3.16227766e+00 1.68856479e-03]
 [3.16227766e+00 9.49549762e-03]
 [1.12201845e+01 3.00274000e-04]
 [1.12201845e+01 1.68856479e-03]
 [1.12201845e+01 9.49549762e-03]
 [3.98107171e+01 3.00274000e-04]
 [3.98107171e+01 1.68856479e-03]
 [3.98107171e+01 9.49549762e-03]]
[[3.16227766e+00 3.00274000e-04]
 [3.16227766e+00 1.68856479e-03]
 [3.16227766e+00 9.49549762e-03]
 [1.12201845e+01 3.00274000e-04]
 [1.12201845e+01 1.68856479e-03]
 [1.12201845e+01 9.49549762e-03]
 [3.98107171e+01 3.00274000e-04]
 [3.98107171e+01 1.68856479e-03]
 [3.98107171e+01 9.49549762e-03]]
[[3.16227766e+00 3.00274000e-04]
 [3.16227766e+00 1.68856479e-03]
 [3.16227766e+00 9.49549762e-03]
 [1.12201845e+01 3.00274000e-04]
 [1.12201845e+01 1.68856479e-03]
 [1.12201845e+01 9.49549762e-03]
 [3.98107171e+01 3.00274000e-04]
 [3.98107171e+01 1.68856479e-03]
 [3.98107171e+01 9.49549762e-03]]
[[3.16227766e+00 3.00274000e-04]
 [3.16227766e+00 1.68856479e-03]
 [3.16227766e+00 9.49549762e-03]
 [1.12201845e+01 3.00274000e-04]
 [1.12201845e+01 1.68856479e-03]
 [1.12201845e+01 9.49549762e-03]
 [3.98107171e+01 3.00274000e-04]
 [3.98107171e+01 1.68856479e-03]
 [3.98107171e+01 9.49549762e-03]]
[[3.16227766e+00 3.00274000e-04]
 [3.16227766e+00 1.68856479e-03]
 [3.16227766e+00 9.49549762e-03]
 [1.12201845e+01 3.00274000e-04]
 [1.12201845e+01 1.68856479e-03]
 [1.12201845e+01 9.49549762e-03]
 [3.98107171e+01 3.00274000e-04]
 [3.98107171e+01 1.68856479e-03]
 [3.98107171e+01 9.49549762e-03]]
 [3.98107171e+01 9.49549762e-03]]
4.409233800209106 5.9570257743771
2.707338696838045 2.9432854470745258
0.6794709457700076 5.681877170064713
0.682094151492293 6.096882137942328
4.24309474255019 3.553894823435754
3.3254381362166163 0.9325050458591274
2.019939600732157 0.838871827651879
3.765851142554184 2.9212917029636087
4.118476387912799 3.3727586029508063
0.8915568954809721 1.2500077546499118
3.8945716088077598 3.909663345095053
0.13188998608262334 2.3762913326342705
3.233142519126236 3.3341776894022526
5.536582123967098 0.1756483149285077
0.35147639919425167 5.290864205970279
2.9828976379999674 0.5629683809884287
1.55683582603857 4.881707978148219
0.8424953855557981 1.3367447715663467
4.384017427453377 0.32297690235015947
6.274925174843152 4.559570580704433
3.8419588705006333 0.505876036703149
4.562055122661141 0.3695904466818039
0.8792766607298026 4.269451404794855
4.673225056412041 4.501411176939859
5.950016310391934 0.3130927848196327
4.585609875933022 1.3827370652250415
5.481109170723815 3.074857368316645
0.03602427225166525 1.9393874502853845
2.488584311325823 4.073815723810093
0.7469377082546629 4.156494267752127
6.192717098900365 2.88258436030125
2.8856205748816275 2.0952275658216544
0.3238567162221582 1.568659818254587
0.09589237977777393 0.6584974050985782
4.883410445476042 1.6180073321539388
5.065087574104424 2.9267366469273934
[[3.16227766e+00 3.00274000e-04]
 [3.16227766e+00 1.68856479e-03]
 [3.16227766e+00 9.49549762e-03]
 [1.12201845e+01 3.00274000e-04]
 [1.12201845e+01 1.68856479e-03]
 [1.12201845e+01 9.49549762e-03]
 [3.98107171e+01 3.00274000e-04]
 [3.98107171e+01 1.68856479e-03]
 [3.98107171e+01 9.49549762e-03]]
[[3.16227766e+00 3.00274000e-04]
 [3.16227766e+00 1.68856479e-03]
 [3.16227766e+00 9.49549762e-03]
 [1.12201845e+01 3.00274000e-04]
 [1.12201845e+01 1.68856479e-03]
 [1.12201845e+01 9.49549762e-03]
 [3.98107171e+01 3.00274000e-04]
 [3.98107171e+01 1.68856479e-03]
 [3.98107171e+01 9.49549762e-03]]
[[3.16227766e+00 3.00274000e-04]
 [3.16227766e+00 1.68856479e-03]
 [3.16227766e+00 9.49549762e-03]
 [1.12201845e+01 3.00274000e-04]
 [1.12201845e+01 1.68856479e-03]
 [1.12201845e+01 9.49549762e-03]
 [3.98107171e+01 3.00274000e-04]
 [3.98107171e+01 1.68856479e-03]
 [3.98107171e+01 9.49549762e-03]]
[[3.16227766e+00 3.00274000e-04]
 [3.16227766e+00 1.68856479e-03]
 [3.16227766e+00 9.49549762e-03]
 [1.12201845e+01 3.00274000e-04]
 [1.12201845e+01 1.68856479e-03]
 [1.12201845e+01 9.49549762e-03]
 [3.98107171e+01 3.00274000e-04]
 [3.98107171e+01 1.68856479e-03]
[[3.16227766e+00 3.00274000e-04]
 [3.16227766e+00 1.68856479e-03]
 [3.16227766e+00 9.49549762e-03]
 [1.12201845e+01 3.00274000e-04]
 [1.12201845e+01 1.68856479e-03]
 [1.12201845e+01 9.49549762e-03]
 [3.98107171e+01 3.00274000e-04]
 [3.98107171e+01 1.68856479e-03]
 [3.98107171e+01 9.49549762e-03]]
[[3.16227766e+00 3.00274000e-04]
 [3.16227766e+00 1.68856479e-03]
 [3.16227766e+00 9.49549762e-03]
 [1.12201845e+01 3.00274000e-04]
 [1.12201845e+01 1.68856479e-03]
 [1.12201845e+01 9.49549762e-03]
 [3.98107171e+01 3.00274000e-04]
 [3.98107171e+01 1.68856479e-03]
 [3.98107171e+01 9.49549762e-03]]
[[3.16227766e+00 3.00274000e-04]
 [3.16227766e+00 1.68856479e-03]
 [3.16227766e+00 9.49549762e-03]
 [1.12201845e+01 3.00274000e-04]
 [1.12201845e+01 1.68856479e-03]
 [1.12201845e+01 9.49549762e-03]
 [3.98107171e+01 3.00274000e-04]
 [3.98107171e+01 1.68856479e-03]
 [3.98107171e+01 9.49549762e-03]]
[[3.16227766e+00 3.00274000e-04]
 [3.16227766e+00 1.68856479e-03]
 [3.16227766e+00 9.49549762e-03]
 [1.12201845e+01 3.00274000e-04]
 [1.12201845e+01 1.68856479e-03]
 [1.12201845e+01 9.49549762e-03]
 [3.98107171e+01 3.00274000e-04]
 [3.98107171e+01 1.68856479e-03]
 [3.98107171e+01 9.49549762e-03]]
[[3.16227766e+00 3.00274000e-04]
 [3.16227766e+00 1.68856479e-03]
 [3.16227766e+00 9.49549762e-03]
 [1.12201845e+01 3.00274000e-04]
 [1.12201845e+01 1.68856479e-03]
 [1.12201845e+01 9.49549762e-03]
 [3.98107171e+01 3.00274000e-04]
 [3.98107171e+01 1.68856479e-03]
 [3.98107171e+01 9.49549762e-03]]
[[3.16227766e+00 3.00274000e-04]
 [3.16227766e+00 1.68856479e-03]
 [3.16227766e+00 9.49549762e-03]
 [1.12201845e+01 3.00274000e-04]
 [1.12201845e+01 1.68856479e-03]
 [1.12201845e+01 9.49549762e-03]
 [3.98107171e+01 3.00274000e-04]
 [3.98107171e+01 1.68856479e-03]
 [3.98107171e+01 9.49549762e-03]]
[[3.16227766e+00 3.00274000e-04]
 [3.16227766e+00 1.68856479e-03]
 [3.16227766e+00 9.49549762e-03]
 [1.12201845e+01 3.00274000e-04]
 [1.12201845e+01 1.68856479e-03]
 [1.12201845e+01 9.49549762e-03]
 [3.98107171e+01 3.00274000e-04]
 [3.98107171e+01 1.68856479e-03]
 [3.98107171e+01 9.49549762e-03]]
[[3.16227766e+00 3.00274000e-04]
 [3.16227766e+00 1.68856479e-03]
 [3.16227766e+00 9.49549762e-03]
 [1.12201845e+01 3.00274000e-04]
 [1.12201845e+01 1.68856479e-03]
 [1.12201845e+01 9.49549762e-03]
 [3.98107171e+01 3.00274000e-04]
 [3.98107171e+01 1.68856479e-03]
 [3.98107171e+01 9.49549762e-03]]
 [3.98107171e+01 9.49549762e-03]]
[[3.16227766e+00 3.00274000e-04]
 [3.16227766e+00 1.68856479e-03]
 [3.16227766e+00 9.49549762e-03]
 [1.12201845e+01 3.00274000e-04]
 [1.12201845e+01 1.68856479e-03]
 [1.12201845e+01 9.49549762e-03]
 [3.98107171e+01 3.00274000e-04]
 [3.98107171e+01 1.68856479e-03]
 [3.98107171e+01 9.49549762e-03]]
[[3.16227766e+00 3.00274000e-04]
 [3.16227766e+00 1.68856479e-03]
 [3.16227766e+00 9.49549762e-03]
 [1.12201845e+01 3.00274000e-04]
 [1.12201845e+01 1.68856479e-03]
 [1.12201845e+01 9.49549762e-03]
 [3.98107171e+01 3.00274000e-04]
 [3.98107171e+01 1.68856479e-03]
 [3.98107171e+01 9.49549762e-03]]
[[3.16227766e+00 3.00274000e-04]
 [3.16227766e+00 1.68856479e-03]
 [3.16227766e+00 9.49549762e-03]
 [1.12201845e+01 3.00274000e-04]
 [1.12201845e+01 1.68856479e-03]
 [1.12201845e+01 9.49549762e-03]
 [3.98107171e+01 3.00274000e-04]
 [3.98107171e+01 1.68856479e-03]
 [3.98107171e+01 9.49549762e-03]]
[[3.16227766e+00 3.00274000e-04]
 [3.16227766e+00 1.68856479e-03]
 [3.16227766e+00 9.49549762e-03]
 [1.12201845e+01 3.00274000e-04]
 [1.12201845e+01 1.68856479e-03]
 [1.12201845e+01 9.49549762e-03]
 [3.98107171e+01 3.00274000e-04]
 [3.98107171e+01 1.68856479e-03]
 [3.98107171e+01 9.49549762e-03]]
[[3.16227766e+00 3.00274000e-04]
 [3.16227766e+00 1.68856479e-03]
 [3.16227766e+00 9.49549762e-03]
 [1.12201845e+01 3.00274000e-04]
 [1.12201845e+01 1.68856479e-03]
 [1.12201845e+01 9.49549762e-03]
 [3.98107171e+01 3.00274000e-04]
 [3.98107171e+01 1.68856479e-03]
 [3.98107171e+01 9.49549762e-03]]
[[3.16227766e+00 3.00274000e-04]
 [3.16227766e+00 1.68856479e-03]
 [3.16227766e+00 9.49549762e-03]
 [1.12201845e+01 3.00274000e-04]
 [1.12201845e+01 1.68856479e-03]
 [1.12201845e+01 9.49549762e-03]
 [3.98107171e+01 3.00274000e-04]
 [3.98107171e+01 1.68856479e-03]
 [3.98107171e+01 9.49549762e-03]]
[[3.16227766e+00 3.00274000e-04]
 [3.16227766e+00 1.68856479e-03]
 [3.16227766e+00 9.49549762e-03]
 [1.12201845e+01 3.00274000e-04]
 [1.12201845e+01 1.68856479e-03]
 [1.12201845e+01 9.49549762e-03]
 [3.98107171e+01 3.00274000e-04]
 [3.98107171e+01 1.68856479e-03]
 [3.98107171e+01 9.49549762e-03]]
[[3.16227766e+00 3.00274000e-04]
 [3.16227766e+00 1.68856479e-03]
 [3.16227766e+00 9.49549762e-03]
 [1.12201845e+01 3.00274000e-04]
 [1.12201845e+01 1.68856479e-03]
 [1.12201845e+01 9.49549762e-03]
 [3.98107171e+01 3.00274000e-04]
 [3.98107171e+01 1.68856479e-03]
 [3.98107171e+01 9.49549762e-03]]
[[3.16227766e+00 3.00274000e-04]
 [3.16227766e+00 1.68856479e-03]
 [3.16227766e+00 9.49549762e-03]
 [1.12201845e+01 3.00274000e-04]
 [1.12201845e+01 1.68856479e-03]
 [1.12201845e+01 9.49549762e-03]
 [3.98107171e+01 3.00274000e-04]
 [3.98107171e+01 1.68856479e-03]
 [3.98107171e+01 9.49549762e-03]]
[[3.16227766e+00 3.00274000e-04]
 [3.16227766e+00 1.68856479e-03]
 [3.16227766e+00 9.49549762e-03]
 [1.12201845e+01 3.00274000e-04]
 [1.12201845e+01 1.68856479e-03]
 [1.12201845e+01 9.49549762e-03]
 [3.98107171e+01 3.00274000e-04]
 [3.98107171e+01 1.68856479e-03]
 [3.98107171e+01 9.49549762e-03]]
[[3.16227766e+00 3.00274000e-04]
 [3.16227766e+00 1.68856479e-03]
 [3.16227766e+00 9.49549762e-03]
 [1.12201845e+01 3.00274000e-04]
 [1.12201845e+01 1.68856479e-03]
 [1.12201845e+01 9.49549762e-03]
 [3.98107171e+01 3.00274000e-04]
 [3.98107171e+01 1.68856479e-03]
 [3.98107171e+01 9.49549762e-03]]
[[3.16227766e+00 3.00274000e-04]
 [3.16227766e+00 1.68856479e-03]
 [3.16227766e+00 9.49549762e-03]
 [1.12201845e+01 3.00274000e-04]
 [1.12201845e+01 1.68856479e-03]
 [1.12201845e+01 9.49549762e-03]
 [3.98107171e+01 3.00274000e-04]
 [3.98107171e+01 1.68856479e-03]
 [3.98107171e+01 9.49549762e-03]]
[[3.16227766e+00 3.00274000e-04]
 [3.16227766e+00 1.68856479e-03]
 [3.16227766e+00 9.49549762e-03]
 [1.12201845e+01 3.00274000e-04]
 [1.12201845e+01 1.68856479e-03]
 [1.12201845e+01 9.49549762e-03]
 [3.98107171e+01 3.00274000e-04]
 [3.98107171e+01 1.68856479e-03]
 [3.98107171e+01 9.49549762e-03]]
[[3.16227766e+00 3.00274000e-04]
 [3.16227766e+00 1.68856479e-03]
 [3.16227766e+00 9.49549762e-03]
 [1.12201845e+01 3.00274000e-04]
 [1.12201845e+01 1.68856479e-03]
 [1.12201845e+01 9.49549762e-03]
 [3.98107171e+01 3.00274000e-04]
 [3.98107171e+01 1.68856479e-03]
 [3.98107171e+01 9.49549762e-03]]
[[3.16227766e+00 3.00274000e-04]
 [3.16227766e+00 1.68856479e-03]
 [3.16227766e+00 9.49549762e-03]
 [1.12201845e+01 3.00274000e-04]
 [1.12201845e+01 1.68856479e-03]
 [1.12201845e+01 9.49549762e-03]
 [3.98107171e+01 3.00274000e-04]
 [3.98107171e+01 1.68856479e-03]
 [3.98107171e+01 9.49549762e-03]]
[[3.16227766e+00 3.00274000e-04]
 [3.16227766e+00 1.68856479e-03]
 [3.16227766e+00 9.49549762e-03]
 [1.12201845e+01 3.00274000e-04]
 [1.12201845e+01 1.68856479e-03]
 [1.12201845e+01 9.49549762e-03]
 [3.98107171e+01 3.00274000e-04]
 [3.98107171e+01 1.68856479e-03]
 [3.98107171e+01 9.49549762e-03]]
4.084016186570496 0.9087789228064099
6.233433047808909 5.4811679779704585
4.359379903157676 0.6544404055474415
2.187406001812238 3.4216291092680664
0.06840645866098893 2.6078844893024846
3.6872697775606267 0.9809444299822185
4.220476077195977 4.383953279884066
0.18567132643024364 2.448516230457262
0.2398103324653786 4.831798919724567
5.280414448383841 3.2114595460923794
3.8105483828998716 0.7745560073434216
2.138758114301568 5.302277008191865
5.21968322972156 1.5838252151399792
5.14254444029833 6.095627930936623
1.085244571801161 1.5463698487859678
3.752319173489894 4.661799312494769
2.600863458809802 2.078705026862822
5.129276378253796 4.322224584090342
3.544606947331441 3.610566843090939
0.6146697010858269 4.648617058436061
3.6894296302990255 5.674089986987325
5.154060515466295 4.273685905659519
2.211400628899562 0.6124116946695657
5.3039755386521374 3.094948947173585
4.357808517586476 4.04154247110259
1.2630616397389485 0.922724899798998
3.5192648402944124 1.224507374186438
3.096956942628456 3.2937712308358664
2
0.25553811398040993 -11.198355258213738 0.0
2
0.2555381346591574 -11.198355259046885 0.0
2
0.2555381897807809 -11.198355253835656 0.0
2
0.25553824454937446 -11.198355254962845 0.0
2
0.2555380494661089 -11.198355259597532 0.0
2
0.2555381108415957 -11.19835525552853 0.0
2
0.2555382439681976 -11.198355256527453 0.0
2
0.25553820101461433 -11.198355258040378 0.0
2
0.2555381563121544 -11.198355258859454 0.0
2
0.25553831233815094 -11.19835525279519 0.0
2
0.2555381445583193 -11.198355255223785 0.0
2
0.25553810771969127 -11.198355254687451 0.0
2
0.25553817902777354 -11.198355257107908 0.0
2
0.2555381161839495 -11.198355255866483 0.0
2
0.25553818718993204 -11.198355253635036 0.0
2
0.2555382204222151 -11.198355256054867 0.0
2
0.25553810079920447 -11.198355256813457 0.0
2
0.2555382429704385 -11.198355255631887 0.0
2
0.25553824068423364 -11.198355257287428 0.0
2
0.2555381882708361 -11.198355253891147 0.0
2
0.25553825757537596 -11.198355253960035 0.0
2
0.25553825599379953 -11.19835525323094 0.0
2
0.255538114473691 -11.198355260028471 0.0
2
0.2555383158222677 -11.198355252881552 0.0
2
0.25553818528542793 -11.19835525516634 0.0
2
0.2555381656257507 -11.198355256489217 0.0
2
0.2555381226388508 -11.19835525950907 0.0
2
0.25553816913849614 -11.198355255842154 0.0
2
0.2555381988579962 -11.198355252434537 0.0
2
0.25553819280818696 -11.198355256050895 0.0
2
0.2555382941017801 -11.19835525555315 0.0
2
0.2555381617656497 -11.198355255200108 0.0
2
0.25553827833183584 -11.1983552503111 0.0
2
0.2555381086241816 -11.198355256269966 0.0
2
0.25553802049222074 -11.198355260267252 0.0
2
0.25553810431880875 -11.198355257878944 0.0
2
0.2555381950875071 -11.198355255986282 0.0
2
0.2555382020110272 -11.198355255784586 0.0
2
0.25553825920809403 -11.198355255093272 0.0
2
0.2555381847288833 -11.198355254327247 0.0
2
0.25553807294011577 -11.19835525824463 0.0
2
0.2555380672878518 -11.1983552561959 0.0
2
0.255538157297393 -11.198355258487705 0.0
2
0.25553816526728435 -11.19835525307685 0.0
2
0.25553815281507153 -11.198355257759909 0.0
2
0.2555383132508331 -11.198355252122111 0.0
2
0.25553823171372253 -11.198355255346753 0.0
2
0.25553811929626596 -11.198355255884506 0.0
2
0.2555380754385551 -11.198355258057797 0.0
2
0.25553810392444354 -11.198355255686451 0.0
2
0.25553811060493886 -11.198355259173892 0.0
2
0.25553814466768965 -11.198355255077876 0.0
2
0.25553805659756196 -11.198355258089993 0.0
2
0.2555381347840717 -11.19835525776778 0.0
2
0.2555382718427236 -11.198355253746499 0.0
2
0.25553811684130534 -11.198355256691785 0.0
2
0.2555382422629535 -11.198355255646748 0.0
2
0.255538279031588 -11.198355254386197 0.0
2
0.2555382148824601 -11.198355253921351 0.0
2
0.25553829680709184 -11.198355250835208 0.0
2
0.2555382160534576 -11.198355257920776 0.0
2
0.2555381667440887 -11.198355257963954 0.0
2
0.25553802802406933 -11.198355257827462 0.0
2
0.25553818098705233 -11.198355260002463 0.0
2
0.2555382259568118 -11.198355254639905 0.0
2
0.25553806448638755 -11.198355259905306 0.0
2
0.25553827779134686 -11.198355252022413 0.0
2
0.2555381194146027 -11.198355256398713 0.0
2
0.25553814958116383 -11.198355255253466 0.0
2
0.2555382692634206 -11.198355255203595 0.0
2
0.2555381183578561 -11.198355257222321 0.0
2
0.25553805986804845 -11.198355259944666 0.0
2
0.2555382641595356 -11.198355254309845 0.0
2
0.25553947677003996 -11.198355231430558 0.0
2
0.25553826183102046 -11.19835525559414 0.0
2
0.25553821518676045 -11.198355253173789 0.0
2
0.2555380549424615 -11.198355257990427 0.0
2
0.2555387387711059 -11.198355247304365 0.0
2
0.25554014140907233 -11.198355210467394 0.0
2
0.2555432265335287 -11.198355137000796 0.0
2
0.2555462589204949 -11.198355072115218 0.0
2
0.25553846384022516 -11.198355251415506 0.0
2
0.2555382592275517 -11.198355256822499 0.0
3
-3.6489862118891425 15.26789132902782 0.0
3
13.45279219011312 6.123570030584858 0.0
3
9.76937256908796 -5.351286335255192 0.0
3
7.529600353067206 -13.149199892687163 0.0
3
1.409613545273401 -15.555834366042713 0.0
3
0.5767738121106883 -16.257502853392996 0.0
3
11.270006213094202 2.6750380754264476 0.0
3
5.863709966439138 -9.602375127398076 0.0
3
-10.605940487562009 -4.607450371381554 0.0
3
14.299334292654686 5.942517218760772 0.0
3
-10.696189235345116 -4.40875164668355 0.0
3
-11.827598041821746 -8.476783159844029 0.0
3
-3.835833089475827 13.63338110280903 0.0
3
-10.444766948221414 2.8284461972394555 0.0
3
8.142218146821968 -7.921337043873117 0.0
3
-6.374771670952144 13.767221797862897 0.0
3
14.441847767620283 5.613482395475369 0.0
3
-10.911674944434225 -10.117298754926702 0.0
3
14.346402569261137 4.795561173545259 0.0
3
-10.366613157529844 -4.615835973522525 0.0
3
13.41368485437552 6.985754516923547 0.0
3
-11.576185125514266 -2.8284840677607663 0.0
3
0.09973251689389073 15.518291114845317 0.0
3
6.827758966559381 14.23740424355923 0.0
3
14.942134470560315 -3.3742084415110036 0.0
3
7.153836000544007 -13.27405819298993 0.0
3
-6.960026769484326 -12.49099665551299 0.0
3
12.149481492127652 8.700452032924986 0.0
3
-11.142359104235409 -3.9861975157856793 0.0
3
2.0448076443224 -15.184381367228116 0.0
3
-14.503244726174676 6.968412264805105 0.0
3
-9.037350272192391 -0.7763066519443473 0.0
3
-8.920885186495703 -1.2245616448379812 0.0
3
7.0121322937709625 2.469640970998987 0.0
3
2.1265711529688742 8.859856054330333 0.0
3
-8.280542152319441 1.2812470512915577 0.0
3
6.06616879521311 -5.748746181312672 0.0
3
-2.5002576868428035 8.50166882177451 0.0
3
-0.3265922586327815 -7.370998809287609 0.0
3
-1.382691796743201 8.533134442406205 0.0
3
6.872662894575162 -4.479831687560457 0.0
3
5.178559995832032 -7.180151858842839 0.0
3
0.09389491177924625 8.204759545933188 0.0
3
6.946638035817877 -3.5190032308708465 0.0
3
-3.855909145343315 -6.828759262684373 0.0
3
-1.9321416635595083 7.634868496077666 0.0
3
7.087651818265734 -3.742029825889631 0.0
3
7.20405424925974 -2.844283829833473 0.0
3
5.612929123692256 -6.444411800434295 0.0
3
-5.247017750174235 -4.731516838138885 0.0
3
-0.96365237680984 7.814732470834333 0.0
3
1.9643640225023045 7.469084400498375 0.0
3
-6.952537284922415 2.5613690378583476 0.0
3
4.135923662396953 -6.395808877570102 0.0
3
-0.12304231438566185 -6.794240010637469 0.0
3
5.5176492256974745 -4.398225235234355 0.0
3
-6.265810682744962 4.038717969065716 0.0
3
7.444146487355805 -1.1927859424502292 0.0
3
-2.9288145252709112 -6.384453888900813 0.0
3
4.970866436609739 -4.437455207673635 0.0
3
-5.678060854202306 -3.7252994825537726 0.0
3
-5.907882612918835 -2.7686201208045498 0.0
3
-6.797668664214664 -0.8157765966591016 0.0
3
-6.746600170798168 0.580600388734235 0.0
3
5.205610205212746 -5.051032742207001 0.0
3
5.608271488669151 3.330598683369541 0.0
