[[3.16227766e+00 3.00274000e-04]
 [3.16227766e+00 1.68856479e-03]
 [3.16227766e+00 9.49549762e-03]
 [1.12201845e+01 3.00274000e-04]
 [1.12201845e+01 1.68856479e-03]
 [1.12201845e+01 9.49549762e-03]
 [3.98107171e+01 3.00274000e-04]
 [3.98107171e+01 1.68856479e-03]
 [3.98107171e+01 9.49549762e-03]]
[[3.16227766e+00 3.00274000e-04]
 [3.16227766e+00 1.68856479e-03]
 [3.16227766e+00 9.49549762e-03]
 [1.12201845e+01 3.00274000e-04]
 [1.12201845e+01 1.68856479e-03]
 [1.12201845e+01 9.49549762e-03]
 [3.98107171e+01 3.00274000e-04]
 [3.98107171e+01 1.68856479e-03]
 [3.98107171e+01 9.49549762e-03]]
[[3.16227766e+00 3.00274000e-04]
 [3.16227766e+00 1.68856479e-03]
 [3.16227766e+00 9.49549762e-03]
 [1.12201845e+01 3.00274000e-04]
 [1.12201845e+01 1.68856479e-03]
 [1.12201845e+01 9.49549762e-03]
 [3.98107171e+01 3.00274000e-04]
 [3.98107171e+01 1.68856479e-03]
 [3.98107171e+01 9.49549762e-03]]
4.995055910433573 2.0461997028911654
0.33905526756585874 4.991351145179074
2.168424836138018 4.27998029193347
[[3.16227766e+00 3.00274000e-04]
 [3.16227766e+00 1.68856479e-03]
 [3.16227766e+00 9.49549762e-03]
 [1.12201845e+01 3.00274000e-04]
 [1.12201845e+01 1.68856479e-03]
 [1.12201845e+01 9.49549762e-03]
 [3.98107171e+01 3.00274000e-04]
 [3.98107171e+01 1.68856479e-03]
 [3.98107171e+01 9.49549762e-03]]
[[3.16227766e+00 3.00274000e-04]
 [3.16227766e+00 1.68856479e-03]
 [3.16227766e+00 9.49549762e-03]
 [1.12201845e+01 3.00274000e-04]
 [1.12201845e+01 1.68856479e-03]
 [1.12201845e+01 9.49549762e-03]
 [3.98107171e+01 3.00274000e-04]
 [3.98107171e+01 1.68856479e-03]
 [3.98107171e+01 9.49549762e-03]]
[[3.16227766e+00 3.00274000e-04]
 [3.16227766e+00 1.68856479e-03]
 [3.16227766e+00 9.49549762e-03]
 [1.12201845e+01 3.00274000e-04]
 [1.12201845e+01 1.68856479e-03]
 [1.12201845e+01 9.49549762e-03]
 [3.98107171e+01 3.00274000e-04]
 [3.98107171e+01 1.68856479e-03]
 [3.98107171e+01 9.49549762e-03]]
[[3.16227766e+00 3.00274000e-04]
 [3.16227766e+00 1.68856479e-03]
 [3.16227766e+00 9.49549762e-03]
 [1.12201845e+01 3.00274000e-04]
 [1.12201845e+01 1.68856479e-03]
 [1.12201845e+01 9.49549762e-03]
 [3.98107171e+01 3.00274000e-04]
 [3.98107171e+01 1.68856479e-03]
 [3.98107171e+01 9.49549762e-03]]
[[3.16227766e+00 3.00274000e-04]
 [3.16227766e+00 1.68856479e-03]
 [3.16227766e+00 9.49549762e-03]
 [1.12201845e+01 3.00274000e-04]
 [1.12201845e+01 1.68856479e-03]
 [1.12201845e+01 9.49549762e-03]
 [3.98107171e+01 3.00274000e-04]
 [3.98107171e+01 1.68856479e-03]
 [3.98107171e+01 9.49549762e-03]]
[[3.16227766e+00 3.00274000e-04]
 [3.16227766e+00 1.68856479e-03]
 [3.16227766e+00 9.49549762e-03]
 [1.12201845e+01 3.00274000e-04]
 [1.12201845e+01 1.68856479e-03]
 [1.12201845e+01 9.49549762e-03]
 [3.98107171e+01 3.00274000e-04]
 [3.98107171e+01 1.68856479e-03]
 [3.98107171e+01 9.49549762e-03]]
[[3.16227766e+00 3.00274000e-04]
 [3.16227766e+00 1.68856479e-03]
 [3.16227766e+00 9.49549762e-03]
 [1.12201845e+01 3.00274000e-04]
 [1.12201845e+01 1.68856479e-03]
 [1.12201845e+01 9.49549762e-03]
 [3.98107171e+01 3.00274000e-04]
 [3.98107171e+01 1.68856479e-03]
 [3.98107171e+01 9.49549762e-03]]
[[3.16227766e+00 3.00274000e-04]
 [3.16227766e+00 1.68856479e-03]
 [3.16227766e+00 9.49549762e-03]
 [1.12201845e+01 3.00274000e-04]
 [1.12201845e+01 1.68856479e-03]
 [1.12201845e+01 9.49549762e-03]
 [3.98107171e+01 3.00274000e-04]
 [3.98107171e+01 1.68856479e-03]
 [3.98107171e+01 9.49549762e-03]]
[[3.16227766e+00 3.00274000e-04]
 [3.16227766e+00 1.68856479e-03]
 [3.16227766e+00 9.49549762e-03]
 [1.12201845e+01 3.00274000e-04]
 [1.12201845e+01 1.68856479e-03]
 [1.12201845e+01 9.49549762e-03]
 [3.98107171e+01 3.00274000e-04]
 [3.98107171e+01 1.68856479e-03]
 [3.98107171e+01 9.49549762e-03]]
[[3.16227766e+00 3.00274000e-04]
 [3.16227766e+00 1.68856479e-03]
 [3.16227766e+00 9.49549762e-03]
 [1.12201845e+01 3.00274000e-04]
 [1.12201845e+01 1.68856479e-03]
 [1.12201845e+01 9.49549762e-03]
 [3.98107171e+01 3.00274000e-04]
 [3.98107171e+01 1.68856479e-03]
 [3.98107171e+01 9.49549762e-03]]
[[3.16227766e+00 3.00274000e-04]
 [3.16227766e+00 1.68856479e-03]
 [3.16227766e+00 9.49549762e-03]
 [1.12201845e+01 3.00274000e-04]
 [1.12201845e+01 1.68856479e-03]
 [1.12201845e+01 9.49549762e-03]
 [3.98107171e+01 3.00274000e-04]
 [3.98107171e+01 1.68856479e-03]
 [3.98107171e+01 9.49549762e-03]]
0.701940259395031 1.1866800912673576
5.09146366926824 5.52348043940418
4.064501226290049 3.718353048142635
1.7010982335965776 0.9966353374895338
0.06084856908585727 6.148749418861864
5.38114171269698 4.656642726876293
5.980773647366967 3.4810689126885803
5.84890296495187 1.8889853989897287
0.8000009347353964 5.606264582090566
2.1590121771222104 6.1685585327952515
4.773950722372344 1.918391314316387
[[3.16227766e+00 3.00274000e-04]
 [3.16227766e+00 1.68856479e-03]
 [3.16227766e+00 9.49549762e-03]
 [1.12201845e+01 3.00274000e-04]
 [1.12201845e+01 1.68856479e-03]
 [1.12201845e+01 9.49549762e-03]
 [3.98107171e+01 3.00274000e-04]
 [3.98107171e+01 1.68856479e-03]
[[3.16227766e+00 3.00274000e-04]
 [3.16227766e+00 1.68856479e-03]
 [3.16227766e+00 9.49549762e-03]
 [1.12201845e+01 3.00274000e-04]
 [1.12201845e+01 1.68856479e-03]
 [1.12201845e+01 9.49549762e-03]
 [3.98107171e+01 3.00274000e-04]
 [3.98107171e+01 1.68856479e-03]
 [3.98107171e+01 9.49549762e-03]]
[[3.16227766e+00 3.00274000e-04]
 [3.16227766e+00 1.68856479e-03]
 [3.16227766e+00 9.49549762e-03]
 [1.12201845e+01 3.00274000e-04]
 [1.12201845e+01 1.68856479e-03]
 [1.12201845e+01 9.49549762e-03]
 [3.98107171e+01 3.00274000e-04]
 [3.98107171e+01 1.68856479e-03]
 [3.98107171e+01 9.49549762e-03]]
[[3.16227766e+00 3.00274000e-04]
 [3.16227766e+00 1.68856479e-03]
 [3.16227766e+00 9.49549762e-03]
 [1.12201845e+01 3.00274000e-04]
 [1.12201845e+01 1.68856479e-03]
 [1.12201845e+01 9.49549762e-03]
 [3.98107171e+01 3.00274000e-04]
 [3.98107171e+01 1.68856479e-03]
 [3.98107171e+01 9.49549762e-03]]
[[3.16227766e+00 3.00274000e-04]
 [3.16227766e+00 1.68856479e-03]
 [3.16227766e+00 9.49549762e-03]
 [1.12201845e+01 3.00274000e-04]
 [1.12201845e+01 1.68856479e-03]
 [1.12201845e+01 9.49549762e-03]
 [3.98107171e+01 3.00274000e-04]
 [3.98107171e+01 1.68856479e-03]
 [3.98107171e+01 9.49549762e-03]]
[[3.16227766e+00 3.00274000e-04]
 [3.16227766e+00 1.68856479e-03]
 [3.16227766e+00 9.49549762e-03]
 [1.12201845e+01 3.00274000e-04]
 [1.12201845e+01 1.68856479e-03]
 [1.12201845e+01 9.49549762e-03]
 [3.98107171e+01 3.00274000e-04]
 [3.98107171e+01 1.68856479e-03]
 [3.98107171e+01 9.49549762e-03]]
[[3.16227766e+00 3.00274000e-04]
 [3.16227766e+00 1.68856479e-03]
 [3.16227766e+00 9.49549762e-03]
 [1.12201845e+01 3.00274000e-04]
 [1.12201845e+01 1.68856479e-03]
 [1.12201845e+01 9.49549762e-03]
 [3.98107171e+01 3.00274000e-04]
 [3.98107171e+01 1.68856479e-03]
 [3.98107171e+01 9.49549762e-03]]
[[3.16227766e+00 3.00274000e-04]
 [3.16227766e+00 1.68856479e-03]
 [3.16227766e+00 9.49549762e-03]
 [1.12201845e+01 3.00274000e-04]
 [1.12201845e+01 1.68856479e-03]
 [1.12201845e+01 9.49549762e-03]
 [3.98107171e+01 3.00274000e-04]
 [3.98107171e+01 1.68856479e-03]
 [3.98107171e+01 9.49549762e-03]]
[[3.16227766e+00 3.00274000e-04]
 [3.16227766e+00 1.68856479e-03]
 [3.16227766e+00 9.49549762e-03]
 [1.12201845e+01 3.00274000e-04]
 [1.12201845e+01 1.68856479e-03]
 [1.12201845e+01 9.49549762e-03]
 [3.98107171e+01 3.00274000e-04]
 [3.98107171e+01 1.68856479e-03]
 [3.98107171e+01 9.49549762e-03]]
[[3.16227766e+00 3.00274000e-04]
 [3.16227766e+00 1.68856479e-03]
 [3.16227766e+00 9.49549762e-03]
 [1.12201845e+01 3.00274000e-04]
 [1.12201845e+01 1.68856479e-03]
 [1.12201845e+01 9.49549762e-03]
 [3.98107171e+01 3.00274000e-04]
 [3.98107171e+01 1.68856479e-03]
 [3.98107171e+01 9.49549762e-03]]
[[3.16227766e+00 3.00274000e-04]
 [3.16227766e+00 1.68856479e-03]
 [3.16227766e+00 9.49549762e-03]
 [1.12201845e+01 3.00274000e-04]
 [1.12201845e+01 1.68856479e-03]
 [1.12201845e+01 9.49549762e-03]
 [3.98107171e+01 3.00274000e-04]
 [3.98107171e+01 1.68856479e-03]
 [3.98107171e+01 9.49549762e-03]]
[[3.16227766e+00 3.00274000e-04]
 [3.16227766e+00 1.68856479e-03]
 [3.16227766e+00 9.49549762e-03]
 [1.12201845e+01 3.00274000e-04]
 [1.12201845e+01 1.68856479e-03]
 [1.12201845e+01 9.49549762e-03]
 [3.98107171e+01 3.00274000e-04]
 [3.98107171e+01 1.68856479e-03]
 [3.98107171e+01 9.49549762e-03]]
[[3.16227766e+00 3.00274000e-04]
 [3.16227766e+00 1.68856479e-03]
 [3.16227766e+00 9.49549762e-03]
 [1.12201845e+01 3.00274000e-04]
 [1.12201845e+01 1.68856479e-03]
 [1.12201845e+01 9.49549762e-03]
 [3.98107171e+01 3.00274000e-04]
 [3.98107171e+01 1.68856479e-03]
 [3.98107171e+01 9.49549762e-03]]
[[3.16227766e+00 3.00274000e-04]
 [3.16227766e+00 1.68856479e-03]
 [3.16227766e+00 9.49549762e-03]
 [1.12201845e+01 3.00274000e-04]
 [1.12201845e+01 1.68856479e-03]
 [1.12201845e+01 9.49549762e-03]
 [3.98107171e+01 3.00274000e-04]
 [3.98107171e+01 1.68856479e-03]
 [3.98107171e+01 9.49549762e-03]]
[[3.16227766e+00 3.00274000e-04]
 [3.16227766e+00 1.68856479e-03]
 [3.16227766e+00 9.49549762e-03]
 [1.12201845e+01 3.00274000e-04]
 [1.12201845e+01 1.68856479e-03]
 [1.12201845e+01 9.49549762e-03]
 [3.98107171e+01 3.00274000e-04]
 [3.98107171e+01 1.68856479e-03]
 [3.98107171e+01 9.49549762e-03]]
[[3.16227766e+00 3.00274000e-04]
 [3.16227766e+00 1.68856479e-03]
 [3.16227766e+00 9.49549762e-03]
 [1.12201845e+01 3.00274000e-04]
 [1.12201845e+01 1.68856479e-03]
 [1.12201845e+01 9.49549762e-03]
 [3.98107171e+01 3.00274000e-04]
 [3.98107171e+01 1.68856479e-03]
 [3.98107171e+01 9.49549762e-03]]
[[3.16227766e+00 3.00274000e-04]
 [3.16227766e+00 1.68856479e-03]
 [3.16227766e+00 9.49549762e-03]
 [1.12201845e+01 3.00274000e-04]
 [1.12201845e+01 1.68856479e-03]
 [1.12201845e+01 9.49549762e-03]
 [3.98107171e+01 3.00274000e-04]
 [3.98107171e+01 1.68856479e-03]
 [3.98107171e+01 9.49549762e-03]]
[[3.16227766e+00 3.00274000e-04]
 [3.16227766e+00 1.68856479e-03]
 [3.16227766e+00 9.49549762e-03]
 [1.12201845e+01 3.00274000e-04]
 [1.12201845e+01 1.68856479e-03]
 [1.12201845e+01 9.49549762e-03]
 [3.98107171e+01 3.00274000e-04]
 [3.98107171e+01 1.68856479e-03]
 [3.98107171e+01 9.49549762e-03]]
[[3.16227766e+00 3.00274000e-04]
 [3.16227766e+00 1.68856479e-03]
 [3.16227766e+00 9.49549762e-03]
 [1.12201845e+01 3.00274000e-04]
 [1.12201845e+01 1.68856479e-03]
 [1.12201845e+01 9.49549762e-03]
 [3.98107171e+01 3.00274000e-04]
 [3.98107171e+01 1.68856479e-03]
 [3.98107171e+01 9.49549762e-03]]
[[3.16227766e+00 3.00274000e-04]
 [3.16227766e+00 1.68856479e-03]
 [3.16227766e+00 9.49549762e-03]
 [1.12201845e+01 3.00274000e-04]
 [1.12201845e+01 1.68856479e-03]
 [1.12201845e+01 9.49549762e-03]
 [3.98107171e+01 3.00274000e-04]
 [3.98107171e+01 1.68856479e-03]
 [3.98107171e+01 9.49549762e-03]]
[[3.16227766e+00 3.00274000e-04]
 [3.16227766e+00 1.68856479e-03]
 [3.16227766e+00 9.49549762e-03]
 [1.12201845e+01 3.00274000e-04]
 [1.12201845e+01 1.68856479e-03]
 [1.12201845e+01 9.49549762e-03]
 [3.98107171e+01 3.00274000e-04]
 [3.98107171e+01 1.68856479e-03]
 [3.98107171e+01 9.49549762e-03]]
[[3.16227766e+00 3.00274000e-04]
 [3.16227766e+00 1.68856479e-03]
 [3.16227766e+00 9.49549762e-03]
 [1.12201845e+01 3.00274000e-04]
 [1.12201845e+01 1.68856479e-03]
 [1.12201845e+01 9.49549762e-03]
 [3.98107171e+01 3.00274000e-04]
 [3.98107171e+01 1.68856479e-03]
 [3.98107171e+01 9.49549762e-03]]
[[3.16227766e+00 3.00274000e-04]
 [3.16227766e+00 1.68856479e-03]
 [3.16227766e+00 9.49549762e-03]
 [1.12201845e+01 3.00274000e-04]
 [1.12201845e+01 1.68856479e-03]
 [1.12201845e+01 9.49549762e-03]
 [3.98107171e+01 3.00274000e-04]
 [3.98107171e+01 1.68856479e-03]
 [3.98107171e+01 9.49549762e-03]]
[[3.16227766e+00 3.00274000e-04]
 [3.16227766e+00 1.68856479e-03]
 [3.16227766e+00 9.49549762e-03]
 [1.12201845e+01 3.00274000e-04]
 [1.12201845e+01 1.68856479e-03]
 [1.12201845e+01 9.49549762e-03]
 [3.98107171e+01 3.00274000e-04]
 [3.98107171e+01 1.68856479e-03]
 [3.98107171e+01 9.49549762e-03]]
[[3.16227766e+00 3.00274000e-04]
 [3.16227766e+00 1.68856479e-03]
 [3.16227766e+00 9.49549762e-03]
 [1.12201845e+01 3.00274000e-04]
 [1.12201845e+01 1.68856479e-03]
 [1.12201845e+01 9.49549762e-03]
 [3.98107171e+01 3.00274000e-04]
 [3.98107171e+01 1.68856479e-03]
 [3.98107171e+01 9.49549762e-03]]
[[3.16227766e+00 3.00274000e-04]
 [3.16227766e+00 1.68856479e-03]
 [3.16227766e+00 9.49549762e-03]
 [1.12201845e+01 3.00274000e-04]
 [1.12201845e+01 1.68856479e-03]
 [1.12201845e+01 9.49549762e-03]
 [3.98107171e+01 3.00274000e-04]
 [3.98107171e+01 1.68856479e-03]
 [3.98107171e+01 9.49549762e-03]]
[[3.16227766e+00 3.00274000e-04]
 [3.16227766e+00 1.68856479e-03]
 [3.16227766e+00 9.49549762e-03]
 [1.12201845e+01 3.00274000e-04]
 [1.12201845e+01 1.68856479e-03]
 [1.12201845e+01 9.49549762e-03]
 [3.98107171e+01 3.00274000e-04]
 [3.98107171e+01 1.68856479e-03]
 [3.98107171e+01 9.49549762e-03]]
[[3.16227766e+00 3.00274000e-04]
 [3.16227766e+00 1.68856479e-03]
 [3.16227766e+00 9.49549762e-03]
 [1.12201845e+01 3.00274000e-04]
 [1.12201845e+01 1.68856479e-03]
 [1.12201845e+01 9.49549762e-03]
 [3.98107171e+01 3.00274000e-04]
 [3.98107171e+01 1.68856479e-03]
 [3.98107171e+01 9.49549762e-03]]
[[3.16227766e+00 3.00274000e-04]
 [3.16227766e+00 1.68856479e-03]
 [3.16227766e+00 9.49549762e-03]
 [1.12201845e+01 3.00274000e-04]
 [1.12201845e+01 1.68856479e-03]
 [1.12201845e+01 9.49549762e-03]
 [3.98107171e+01 3.00274000e-04]
 [3.98107171e+01 1.68856479e-03]
 [3.98107171e+01 9.49549762e-03]]
[[3.16227766e+00 3.00274000e-04]
 [3.16227766e+00 1.68856479e-03]
 [3.16227766e+00 9.49549762e-03]
 [1.12201845e+01 3.00274000e-04]
 [1.12201845e+01 1.68856479e-03]
 [1.12201845e+01 9.49549762e-03]
 [3.98107171e+01 3.00274000e-04]
 [3.98107171e+01 1.68856479e-03]
 [3.98107171e+01 9.49549762e-03]]
[[3.16227766e+00 3.00274000e-04]
 [3.16227766e+00 1.68856479e-03]
 [3.16227766e+00 9.49549762e-03]
 [1.12201845e+01 3.00274000e-04]
 [1.12201845e+01 1.68856479e-03]
 [1.12201845e+01 9.49549762e-03]
 [3.98107171e+01 3.00274000e-04]
 [3.98107171e+01 1.68856479e-03]
 [3.98107171e+01 9.49549762e-03]]
[[3.16227766e+00 3.00274000e-04]
 [3.16227766e+00 1.68856479e-03]
 [3.16227766e+00 9.49549762e-03]
 [1.12201845e+01 3.00274000e-04]
 [1.12201845e+01 1.68856479e-03]
 [1.12201845e+01 9.49549762e-03]
 [3.98107171e+01 3.00274000e-04]
 [3.98107171e+01 1.68856479e-03]
 [3.98107171e+01 9.49549762e-03]]
[[3.16227766e+00 3.00274000e-04]
 [3.16227766e+00 1.68856479e-03]
 [3.16227766e+00 9.49549762e-03]
 [1.12201845e+01 3.00274000e-04]
 [1.12201845e+01 1.68856479e-03]
 [1.12201845e+01 9.49549762e-03]
 [3.98107171e+01 3.00274000e-04]
 [3.98107171e+01 1.68856479e-03]
 [3.98107171e+01 9.49549762e-03]]
[[3.16227766e+00 3.00274000e-04]
 [3.16227766e+00 1.68856479e-03]
 [3.16227766e+00 9.49549762e-03]
 [1.12201845e+01 3.00274000e-04]
 [1.12201845e+01 1.68856479e-03]
 [1.12201845e+01 9.49549762e-03]
 [3.98107171e+01 3.00274000e-04]
 [3.98107171e+01 1.68856479e-03]
 [3.98107171e+01 9.49549762e-03]]
 [3.98107171e+01 9.49549762e-03]]
2.1698359962288034 5.999868176178571
5.044746915754659 4.799743483275775
6.247720412793799 3.2249249489764327
1.7322662721642401 1.733259491036081
3.758530685315919 5.750495133482627
4.880890518925016 0.19816472998502613
2.7589568838711176 6.246557349699927
3.58837062341979 5.808320541128675
3.3232025071400817 0.8679488442677397
3.8567638782675844 2.0067749643577426
5.229614668534738 4.55582291072935
2.1348257278863927 3.429622147728196
2.677145040569489 1.759495982066816
3.939358029643186 5.281946751251547
1.8998021859956797 5.833793957237408
4.827597174912834 0.8096651403940354
1.3757619153765952 3.229931974002868
3.613288816194846 1.622671961947069
5.247228671053027 4.140354991918497
0.7610874190212054 4.7789597127534496
3.2658981019171027 2.4388931241459852
2.4679357790714342 1.315988098899557
5.9701859935245 4.7506986528975625
3.8921767525470226 2.925074996115621
2.037276718931173 4.387017857305305
4.248418660077463 3.3716140173608644
5.921242348430121 4.9202090988001865
0.977840104159667 1.9120443292488802
2.744397282579403 3.5108777480367372
2.8485775127664326 4.608428839145993
2.548419013983373 0.7489579798644284
5.921027852162821 3.5843020834350603
1.6332273643340784 5.939863383922411
4.5907372914854125 4.172244202464891
[[3.16227766e+00 3.00274000e-04]
 [3.16227766e+00 1.68856479e-03]
 [3.16227766e+00 9.49549762e-03]
 [1.12201845e+01 3.00274000e-04]
 [1.12201845e+01 1.68856479e-03]
 [1.12201845e+01 9.49549762e-03]
 [3.98107171e+01 3.00274000e-04]
 [3.98107171e+01 1.68856479e-03]
 [3.98107171e+01 9.49549762e-03]]
[[3.16227766e+00 3.00274000e-04]
 [3.16227766e+00 1.68856479e-03]
 [3.16227766e+00 9.49549762e-03]
 [1.12201845e+01 3.00274000e-04]
 [1.12201845e+01 1.68856479e-03]
 [1.12201845e+01 9.49549762e-03]
 [3.98107171e+01 3.00274000e-04]
 [3.98107171e+01 1.68856479e-03]
 [3.98107171e+01 9.49549762e-03]]
[[3.16227766e+00 3.00274000e-04]
 [3.16227766e+00 1.68856479e-03]
 [3.16227766e+00 9.49549762e-03]
 [1.12201845e+01 3.00274000e-04]
 [1.12201845e+01 1.68856479e-03]
 [1.12201845e+01 9.49549762e-03]
 [3.98107171e+01 3.00274000e-04]
 [3.98107171e+01 1.68856479e-03]
 [3.98107171e+01 9.49549762e-03]]
[[3.16227766e+00 3.00274000e-04]
 [3.16227766e+00 1.68856479e-03]
 [3.16227766e+00 9.49549762e-03]
 [1.12201845e+01 3.00274000e-04]
 [1.12201845e+01 1.68856479e-03]
 [1.12201845e+01 9.49549762e-03]
 [3.98107171e+01 3.00274000e-04]
 [3.98107171e+01 1.68856479e-03]
[[3.16227766e+00 3.00274000e-04]
 [3.16227766e+00 1.68856479e-03]
 [3.16227766e+00 9.49549762e-03]
 [1.12201845e+01 3.00274000e-04]
 [1.12201845e+01 1.68856479e-03]
 [1.12201845e+01 9.49549762e-03]
 [3.98107171e+01 3.00274000e-04]
 [3.98107171e+01 1.68856479e-03]
 [3.98107171e+01 9.49549762e-03]]
[[3.16227766e+00 3.00274000e-04]
 [3.16227766e+00 1.68856479e-03]
 [3.16227766e+00 9.49549762e-03]
 [1.12201845e+01 3.00274000e-04]
 [1.12201845e+01 1.68856479e-03]
 [1.12201845e+01 9.49549762e-03]
 [3.98107171e+01 3.00274000e-04]
 [3.98107171e+01 1.68856479e-03]
 [3.98107171e+01 9.49549762e-03]]
[[3.16227766e+00 3.00274000e-04]
 [3.16227766e+00 1.68856479e-03]
 [3.16227766e+00 9.49549762e-03]
 [1.12201845e+01 3.00274000e-04]
 [1.12201845e+01 1.68856479e-03]
 [1.12201845e+01 9.49549762e-03]
 [3.98107171e+01 3.00274000e-04]
 [3.98107171e+01 1.68856479e-03]
 [3.98107171e+01 9.49549762e-03]]
[[3.16227766e+00 3.00274000e-04]
 [3.16227766e+00 1.68856479e-03]
 [3.16227766e+00 9.49549762e-03]
 [1.12201845e+01 3.00274000e-04]
 [1.12201845e+01 1.68856479e-03]
 [1.12201845e+01 9.49549762e-03]
 [3.98107171e+01 3.00274000e-04]
 [3.98107171e+01 1.68856479e-03]
 [3.98107171e+01 9.49549762e-03]]
[[3.16227766e+00 3.00274000e-04]
 [3.16227766e+00 1.68856479e-03]
 [3.16227766e+00 9.49549762e-03]
 [1.12201845e+01 3.00274000e-04]
 [1.12201845e+01 1.68856479e-03]
 [1.12201845e+01 9.49549762e-03]
 [3.98107171e+01 3.00274000e-04]
 [3.98107171e+01 1.68856479e-03]
 [3.98107171e+01 9.49549762e-03]]
[[3.16227766e+00 3.00274000e-04]
 [3.16227766e+00 1.68856479e-03]
 [3.16227766e+00 9.49549762e-03]
 [1.12201845e+01 3.00274000e-04]
 [1.12201845e+01 1.68856479e-03]
 [1.12201845e+01 9.49549762e-03]
 [3.98107171e+01 3.00274000e-04]
 [3.98107171e+01 1.68856479e-03]
 [3.98107171e+01 9.49549762e-03]]
[[3.16227766e+00 3.00274000e-04]
 [3.16227766e+00 1.68856479e-03]
 [3.16227766e+00 9.49549762e-03]
 [1.12201845e+01 3.00274000e-04]
 [1.12201845e+01 1.68856479e-03]
 [1.12201845e+01 9.49549762e-03]
 [3.98107171e+01 3.00274000e-04]
 [3.98107171e+01 1.68856479e-03]
 [3.98107171e+01 9.49549762e-03]]
[[3.16227766e+00 3.00274000e-04]
 [3.16227766e+00 1.68856479e-03]
 [3.16227766e+00 9.49549762e-03]
 [1.12201845e+01 3.00274000e-04]
 [1.12201845e+01 1.68856479e-03]
 [1.12201845e+01 9.49549762e-03]
 [3.98107171e+01 3.00274000e-04]
 [3.98107171e+01 1.68856479e-03]
 [3.98107171e+01 9.49549762e-03]]
[[3.16227766e+00 3.00274000e-04]
 [3.16227766e+00 1.68856479e-03]
 [3.16227766e+00 9.49549762e-03]
 [1.12201845e+01 3.00274000e-04]
 [1.12201845e+01 1.68856479e-03]
 [1.12201845e+01 9.49549762e-03]
 [3.98107171e+01 3.00274000e-04]
 [3.98107171e+01 1.68856479e-03]
 [3.98107171e+01 9.49549762e-03]]
[[3.16227766e+00 3.00274000e-04]
 [3.16227766e+00 1.68856479e-03]
 [3.16227766e+00 9.49549762e-03]
 [1.12201845e+01 3.00274000e-04]
 [1.12201845e+01 1.68856479e-03]
 [1.12201845e+01 9.49549762e-03]
 [3.98107171e+01 3.00274000e-04]
 [3.98107171e+01 1.68856479e-03]
 [3.98107171e+01 9.49549762e-03]]
[[3.16227766e+00 3.00274000e-04]
 [3.16227766e+00 1.68856479e-03]
 [3.16227766e+00 9.49549762e-03]
 [1.12201845e+01 3.00274000e-04]
 [1.12201845e+01 1.68856479e-03]
 [1.12201845e+01 9.49549762e-03]
 [3.98107171e+01 3.00274000e-04]
 [3.98107171e+01 1.68856479e-03]
 [3.98107171e+01 9.49549762e-03]]
[[3.16227766e+00 3.00274000e-04]
 [3.16227766e+00 1.68856479e-03]
 [3.16227766e+00 9.49549762e-03]
 [1.12201845e+01 3.00274000e-04]
 [1.12201845e+01 1.68856479e-03]
 [1.12201845e+01 9.49549762e-03]
 [3.98107171e+01 3.00274000e-04]
 [3.98107171e+01 1.68856479e-03]
 [3.98107171e+01 9.49549762e-03]]
[[3.16227766e+00 3.00274000e-04]
 [3.16227766e+00 1.68856479e-03]
 [3.16227766e+00 9.49549762e-03]
 [1.12201845e+01 3.00274000e-04]
 [1.12201845e+01 1.68856479e-03]
 [1.12201845e+01 9.49549762e-03]
 [3.98107171e+01 3.00274000e-04]
 [3.98107171e+01 1.68856479e-03]
 [3.98107171e+01 9.49549762e-03]]
[[3.16227766e+00 3.00274000e-04]
 [3.16227766e+00 1.68856479e-03]
 [3.16227766e+00 9.49549762e-03]
 [1.12201845e+01 3.00274000e-04]
 [1.12201845e+01 1.68856479e-03]
 [1.12201845e+01 9.49549762e-03]
 [3.98107171e+01 3.00274000e-04]
 [3.98107171e+01 1.68856479e-03]
 [3.98107171e+01 9.49549762e-03]]
[[3.16227766e+00 3.00274000e-04]
 [3.16227766e+00 1.68856479e-03]
 [3.16227766e+00 9.49549762e-03]
 [1.12201845e+01 3.00274000e-04]
 [1.12201845e+01 1.68856479e-03]
 [1.12201845e+01 9.49549762e-03]
 [3.98107171e+01 3.00274000e-04]
 [3.98107171e+01 1.68856479e-03]
 [3.98107171e+01 9.49549762e-03]]
[[3.16227766e+00 3.00274000e-04]
 [3.16227766e+00 1.68856479e-03]
 [3.16227766e+00 9.49549762e-03]
 [1.12201845e+01 3.00274000e-04]
 [1.12201845e+01 1.68856479e-03]
 [1.12201845e+01 9.49549762e-03]
 [3.98107171e+01 3.00274000e-04]
 [3.98107171e+01 1.68856479e-03]
 [3.98107171e+01 9.49549762e-03]]
[[3.16227766e+00 3.00274000e-04]
 [3.16227766e+00 1.68856479e-03]
 [3.16227766e+00 9.49549762e-03]
 [1.12201845e+01 3.00274000e-04]
 [1.12201845e+01 1.68856479e-03]
 [1.12201845e+01 9.49549762e-03]
 [3.98107171e+01 3.00274000e-04]
 [3.98107171e+01 1.68856479e-03]
 [3.98107171e+01 9.49549762e-03]]
[[3.16227766e+00 3.00274000e-04]
 [3.16227766e+00 1.68856479e-03]
 [3.16227766e+00 9.49549762e-03]
 [1.12201845e+01 3.00274000e-04]
 [1.12201845e+01 1.68856479e-03]
 [1.12201845e+01 9.49549762e-03]
 [3.98107171e+01 3.00274000e-04]
 [3.98107171e+01 1.68856479e-03]
 [3.98107171e+01 9.49549762e-03]]
[[3.16227766e+00 3.00274000e-04]
 [3.16227766e+00 1.68856479e-03]
 [3.16227766e+00 9.49549762e-03]
 [1.12201845e+01 3.00274000e-04]
 [1.12201845e+01 1.68856479e-03]
 [1.12201845e+01 9.49549762e-03]
 [3.98107171e+01 3.00274000e-04]
 [3.98107171e+01 1.68856479e-03]
 [3.98107171e+01 9.49549762e-03]]
[[3.16227766e+00 3.00274000e-04]
 [3.16227766e+00 1.68856479e-03]
 [3.16227766e+00 9.49549762e-03]
 [1.12201845e+01 3.00274000e-04]
 [1.12201845e+01 1.68856479e-03]
 [1.12201845e+01 9.49549762e-03]
 [3.98107171e+01 3.00274000e-04]
 [3.98107171e+01 1.68856479e-03]
 [3.98107171e+01 9.49549762e-03]]
[[3.16227766e+00 3.00274000e-04]
 [3.16227766e+00 1.68856479e-03]
 [3.16227766e+00 9.49549762e-03]
 [1.12201845e+01 3.00274000e-04]
 [1.12201845e+01 1.68856479e-03]
 [1.12201845e+01 9.49549762e-03]
 [3.98107171e+01 3.00274000e-04]
 [3.98107171e+01 1.68856479e-03]
 [3.98107171e+01 9.49549762e-03]]
[[3.16227766e+00 3.00274000e-04]
 [3.16227766e+00 1.68856479e-03]
 [3.16227766e+00 9.49549762e-03]
 [1.12201845e+01 3.00274000e-04]
 [1.12201845e+01 1.68856479e-03]
 [1.12201845e+01 9.49549762e-03]
 [3.98107171e+01 3.00274000e-04]
 [3.98107171e+01 1.68856479e-03]
 [3.98107171e+01 9.49549762e-03]]
[[3.16227766e+00 3.00274000e-04]
 [3.16227766e+00 1.68856479e-03]
 [3.16227766e+00 9.49549762e-03]
 [1.12201845e+01 3.00274000e-04]
 [1.12201845e+01 1.68856479e-03]
 [1.12201845e+01 9.49549762e-03]
 [3.98107171e+01 3.00274000e-04]
 [3.98107171e+01 1.68856479e-03]
 [3.98107171e+01 9.49549762e-03]]
[[3.16227766e+00 3.00274000e-04]
 [3.16227766e+00 1.68856479e-03]
 [3.16227766e+00 9.49549762e-03]
 [1.12201845e+01 3.00274000e-04]
 [1.12201845e+01 1.68856479e-03]
 [1.12201845e+01 9.49549762e-03]
 [3.98107171e+01 3.00274000e-04]
 [3.98107171e+01 1.68856479e-03]
 [3.98107171e+01 9.49549762e-03]]
[[3.16227766e+00 3.00274000e-04]
 [3.16227766e+00 1.68856479e-03]
 [3.16227766e+00 9.49549762e-03]
 [1.12201845e+01 3.00274000e-04]
 [1.12201845e+01 1.68856479e-03]
 [1.12201845e+01 9.49549762e-03]
 [3.98107171e+01 3.00274000e-04]
 [3.98107171e+01 1.68856479e-03]
 [3.98107171e+01 9.49549762e-03]]
[[3.16227766e+00 3.00274000e-04]
 [3.16227766e+00 1.68856479e-03]
 [3.16227766e+00 9.49549762e-03]
 [1.12201845e+01 3.00274000e-04]
 [1.12201845e+01 1.68856479e-03]
 [1.12201845e+01 9.49549762e-03]
 [3.98107171e+01 3.00274000e-04]
 [3.98107171e+01 1.68856479e-03]
 [3.98107171e+01 9.49549762e-03]]
[[3.16227766e+00 3.00274000e-04]
 [3.16227766e+00 1.68856479e-03]
 [3.16227766e+00 9.49549762e-03]
 [1.12201845e+01 3.00274000e-04]
 [1.12201845e+01 1.68856479e-03]
 [1.12201845e+01 9.49549762e-03]
 [3.98107171e+01 3.00274000e-04]
 [3.98107171e+01 1.68856479e-03]
 [3.98107171e+01 9.49549762e-03]]
[[3.16227766e+00 3.00274000e-04]
 [3.16227766e+00 1.68856479e-03]
 [3.16227766e+00 9.49549762e-03]
 [1.12201845e+01 3.00274000e-04]
 [1.12201845e+01 1.68856479e-03]
 [1.12201845e+01 9.49549762e-03]
 [3.98107171e+01 3.00274000e-04]
 [3.98107171e+01 1.68856479e-03]
 [3.98107171e+01 9.49549762e-03]]
[[3.16227766e+00 3.00274000e-04]
 [3.16227766e+00 1.68856479e-03]
 [3.16227766e+00 9.49549762e-03]
 [1.12201845e+01 3.00274000e-04]
 [1.12201845e+01 1.68856479e-03]
 [1.12201845e+01 9.49549762e-03]
 [3.98107171e+01 3.00274000e-04]
 [3.98107171e+01 1.68856479e-03]
 [3.98107171e+01 9.49549762e-03]]
[[3.16227766e+00 3.00274000e-04]
 [3.16227766e+00 1.68856479e-03]
 [3.16227766e+00 9.49549762e-03]
 [1.12201845e+01 3.00274000e-04]
 [1.12201845e+01 1.68856479e-03]
 [1.12201845e+01 9.49549762e-03]
 [3.98107171e+01 3.00274000e-04]
 [3.98107171e+01 1.68856479e-03]
 [3.98107171e+01 9.49549762e-03]]
 [3.98107171e+01 9.49549762e-03]]
[[3.16227766e+00 3.00274000e-04]
 [3.16227766e+00 1.68856479e-03]
 [3.16227766e+00 9.49549762e-03]
 [1.12201845e+01 3.00274000e-04]
 [1.12201845e+01 1.68856479e-03]
 [1.12201845e+01 9.49549762e-03]
 [3.98107171e+01 3.00274000e-04]
 [3.98107171e+01 1.68856479e-03]
 [3.98107171e+01 9.49549762e-03]]
[[3.16227766e+00 3.00274000e-04]
 [3.16227766e+00 1.68856479e-03]
 [3.16227766e+00 9.49549762e-03]
 [1.12201845e+01 3.00274000e-04]
 [1.12201845e+01 1.68856479e-03]
 [1.12201845e+01 9.49549762e-03]
 [3.98107171e+01 3.00274000e-04]
 [3.98107171e+01 1.68856479e-03]
 [3.98107171e+01 9.49549762e-03]]
[[3.16227766e+00 3.00274000e-04]
 [3.16227766e+00 1.68856479e-03]
 [3.16227766e+00 9.49549762e-03]
 [1.12201845e+01 3.00274000e-04]
 [1.12201845e+01 1.68856479e-03]
 [1.12201845e+01 9.49549762e-03]
 [3.98107171e+01 3.00274000e-04]
 [3.98107171e+01 1.68856479e-03]
[[3.16227766e+00 3.00274000e-04]
 [3.16227766e+00 1.68856479e-03]
 [3.16227766e+00 9.49549762e-03]
 [1.12201845e+01 3.00274000e-04]
 [1.12201845e+01 1.68856479e-03]
 [1.12201845e+01 9.49549762e-03]
 [3.98107171e+01 3.00274000e-04]
 [3.98107171e+01 1.68856479e-03]
 [3.98107171e+01 9.49549762e-03]]
[[3.16227766e+00 3.00274000e-04]
 [3.16227766e+00 1.68856479e-03]
 [3.16227766e+00 9.49549762e-03]
 [1.12201845e+01 3.00274000e-04]
 [1.12201845e+01 1.68856479e-03]
 [1.12201845e+01 9.49549762e-03]
 [3.98107171e+01 3.00274000e-04]
 [3.98107171e+01 1.68856479e-03]
 [3.98107171e+01 9.49549762e-03]]
[[3.16227766e+00 3.00274000e-04]
 [3.16227766e+00 1.68856479e-03]
 [3.16227766e+00 9.49549762e-03]
 [1.12201845e+01 3.00274000e-04]
 [1.12201845e+01 1.68856479e-03]
 [1.12201845e+01 9.49549762e-03]
 [3.98107171e+01 3.00274000e-04]
 [3.98107171e+01 1.68856479e-03]
 [3.98107171e+01 9.49549762e-03]]
[[3.16227766e+00 3.00274000e-04]
 [3.16227766e+00 1.68856479e-03]
 [3.16227766e+00 9.49549762e-03]
 [1.12201845e+01 3.00274000e-04]
 [1.12201845e+01 1.68856479e-03]
 [1.12201845e+01 9.49549762e-03]
 [3.98107171e+01 3.00274000e-04]
 [3.98107171e+01 1.68856479e-03]
 [3.98107171e+01 9.49549762e-03]]
[[3.16227766e+00 3.00274000e-04]
 [3.16227766e+00 1.68856479e-03]
 [3.16227766e+00 9.49549762e-03]
 [1.12201845e+01 3.00274000e-04]
 [1.12201845e+01 1.68856479e-03]
 [1.12201845e+01 9.49549762e-03]
 [3.98107171e+01 3.00274000e-04]
 [3.98107171e+01 1.68856479e-03]
 [3.98107171e+01 9.49549762e-03]]
[[3.16227766e+00 3.00274000e-04]
 [3.16227766e+00 1.68856479e-03]
 [3.16227766e+00 9.49549762e-03]
 [1.12201845e+01 3.00274000e-04]
 [1.12201845e+01 1.68856479e-03]
 [1.12201845e+01 9.49549762e-03]
 [3.98107171e+01 3.00274000e-04]
 [3.98107171e+01 1.68856479e-03]
 [3.98107171e+01 9.49549762e-03]]
[[3.16227766e+00 3.00274000e-04]
 [3.16227766e+00 1.68856479e-03]
 [3.16227766e+00 9.49549762e-03]
 [1.12201845e+01 3.00274000e-04]
 [1.12201845e+01 1.68856479e-03]
 [1.12201845e+01 9.49549762e-03]
 [3.98107171e+01 3.00274000e-04]
 [3.98107171e+01 1.68856479e-03]
 [3.98107171e+01 9.49549762e-03]]
[[3.16227766e+00 3.00274000e-04]
 [3.16227766e+00 1.68856479e-03]
 [3.16227766e+00 9.49549762e-03]
 [1.12201845e+01 3.00274000e-04]
 [1.12201845e+01 1.68856479e-03]
 [1.12201845e+01 9.49549762e-03]
 [3.98107171e+01 3.00274000e-04]
 [3.98107171e+01 1.68856479e-03]
 [3.98107171e+01 9.49549762e-03]]
[[3.16227766e+00 3.00274000e-04]
 [3.16227766e+00 1.68856479e-03]
 [3.16227766e+00 9.49549762e-03]
 [1.12201845e+01 3.00274000e-04]
 [1.12201845e+01 1.68856479e-03]
 [1.12201845e+01 9.49549762e-03]
 [3.98107171e+01 3.00274000e-04]
 [3.98107171e+01 1.68856479e-03]
 [3.98107171e+01 9.49549762e-03]]
[[3.16227766e+00 3.00274000e-04]
 [3.16227766e+00 1.68856479e-03]
 [3.16227766e+00 9.49549762e-03]
 [1.12201845e+01 3.00274000e-04]
 [1.12201845e+01 1.68856479e-03]
 [1.12201845e+01 9.49549762e-03]
 [3.98107171e+01 3.00274000e-04]
 [3.98107171e+01 1.68856479e-03]
 [3.98107171e+01 9.49549762e-03]]
[[3.16227766e+00 3.00274000e-04]
 [3.16227766e+00 1.68856479e-03]
 [3.16227766e+00 9.49549762e-03]
 [1.12201845e+01 3.00274000e-04]
 [1.12201845e+01 1.68856479e-03]
 [1.12201845e+01 9.49549762e-03]
 [3.98107171e+01 3.00274000e-04]
 [3.98107171e+01 1.68856479e-03]
 [3.98107171e+01 9.49549762e-03]]
[[3.16227766e+00 3.00274000e-04]
 [3.16227766e+00 1.68856479e-03]
 [3.16227766e+00 9.49549762e-03]
 [1.12201845e+01 3.00274000e-04]
 [1.12201845e+01 1.68856479e-03]
 [1.12201845e+01 9.49549762e-03]
 [3.98107171e+01 3.00274000e-04]
 [3.98107171e+01 1.68856479e-03]
 [3.98107171e+01 9.49549762e-03]]
 [3.98107171e+01 9.49549762e-03]]
[[3.16227766e+00 3.00274000e-04]
 [3.16227766e+00 1.68856479e-03]
 [3.16227766e+00 9.49549762e-03]
 [1.12201845e+01 3.00274000e-04]
 [1.12201845e+01 1.68856479e-03]
 [1.12201845e+01 9.49549762e-03]
 [3.98107171e+01 3.00274000e-04]
 [3.98107171e+01 1.68856479e-03]
[[3.16227766e+00 3.00274000e-04]
 [3.16227766e+00 1.68856479e-03]
 [3.16227766e+00 9.49549762e-03]
 [1.12201845e+01 3.00274000e-04]
 [1.12201845e+01 1.68856479e-03]
 [1.12201845e+01 9.49549762e-03]
 [3.98107171e+01 3.00274000e-04]
 [3.98107171e+01 1.68856479e-03]
 [3.98107171e+01 9.49549762e-03]]
[[3.16227766e+00 3.00274000e-04]
 [3.16227766e+00 1.68856479e-03]
 [3.16227766e+00 9.49549762e-03]
 [1.12201845e+01 3.00274000e-04]
 [1.12201845e+01 1.68856479e-03]
 [1.12201845e+01 9.49549762e-03]
 [3.98107171e+01 3.00274000e-04]
 [3.98107171e+01 1.68856479e-03]
 [3.98107171e+01 9.49549762e-03]]
[[3.16227766e+00 3.00274000e-04]
 [3.16227766e+00 1.68856479e-03]
 [3.16227766e+00 9.49549762e-03]
 [1.12201845e+01 3.00274000e-04]
 [1.12201845e+01 1.68856479e-03]
 [1.12201845e+01 9.49549762e-03]
 [3.98107171e+01 3.00274000e-04]
 [3.98107171e+01 1.68856479e-03]
 [3.98107171e+01 9.49549762e-03]]
[[3.16227766e+00 3.00274000e-04]
 [3.16227766e+00 1.68856479e-03]
 [3.16227766e+00 9.49549762e-03]
 [1.12201845e+01 3.00274000e-04]
 [1.12201845e+01 1.68856479e-03]
 [1.12201845e+01 9.49549762e-03]
 [3.98107171e+01 3.00274000e-04]
 [3.98107171e+01 1.68856479e-03]
 [3.98107171e+01 9.49549762e-03]]
[[3.16227766e+00 3.00274000e-04]
 [3.16227766e+00 1.68856479e-03]
 [3.16227766e+00 9.49549762e-03]
 [1.12201845e+01 3.00274000e-04]
 [1.12201845e+01 1.68856479e-03]
 [1.12201845e+01 9.49549762e-03]
 [3.98107171e+01 3.00274000e-04]
 [3.98107171e+01 1.68856479e-03]
 [3.98107171e+01 9.49549762e-03]]
[[3.16227766e+00 3.00274000e-04]
 [3.16227766e+00 1.68856479e-03]
 [3.16227766e+00 9.49549762e-03]
 [1.12201845e+01 3.00274000e-04]
 [1.12201845e+01 1.68856479e-03]
 [1.12201845e+01 9.49549762e-03]
 [3.98107171e+01 3.00274000e-04]
 [3.98107171e+01 1.68856479e-03]
 [3.98107171e+01 9.49549762e-03]]
[[3.16227766e+00 3.00274000e-04]
 [3.16227766e+00 1.68856479e-03]
 [3.16227766e+00 9.49549762e-03]
 [1.12201845e+01 3.00274000e-04]
 [1.12201845e+01 1.68856479e-03]
 [1.12201845e+01 9.49549762e-03]
 [3.98107171e+01 3.00274000e-04]
 [3.98107171e+01 1.68856479e-03]
 [3.98107171e+01 9.49549762e-03]]
[[3.16227766e+00 3.00274000e-04]
 [3.16227766e+00 1.68856479e-03]
 [3.16227766e+00 9.49549762e-03]
 [1.12201845e+01 3.00274000e-04]
 [1.12201845e+01 1.68856479e-03]
 [1.12201845e+01 9.49549762e-03]
 [3.98107171e+01 3.00274000e-04]
 [3.98107171e+01 1.68856479e-03]
 [3.98107171e+01 9.49549762e-03]]
[[3.16227766e+00 3.00274000e-04]
 [3.16227766e+00 1.68856479e-03]
 [3.16227766e+00 9.49549762e-03]
 [1.12201845e+01 3.00274000e-04]
 [1.12201845e+01 1.68856479e-03]
 [1.12201845e+01 9.49549762e-03]
 [3.98107171e+01 3.00274000e-04]
 [3.98107171e+01 1.68856479e-03]
 [3.98107171e+01 9.49549762e-03]]
[[3.16227766e+00 3.00274000e-04]
 [3.16227766e+00 1.68856479e-03]
 [3.16227766e+00 9.49549762e-03]
 [1.12201845e+01 3.00274000e-04]
 [1.12201845e+01 1.68856479e-03]
 [1.12201845e+01 9.49549762e-03]
 [3.98107171e+01 3.00274000e-04]
 [3.98107171e+01 1.68856479e-03]
 [3.98107171e+01 9.49549762e-03]]
[[3.16227766e+00 3.00274000e-04]
 [3.16227766e+00 1.68856479e-03]
 [3.16227766e+00 9.49549762e-03]
 [1.12201845e+01 3.00274000e-04]
 [1.12201845e+01 1.68856479e-03]
 [1.12201845e+01 9.49549762e-03]
 [3.98107171e+01 3.00274000e-04]
 [3.98107171e+01 1.68856479e-03]
 [3.98107171e+01 9.49549762e-03]]
[[3.16227766e+00 3.00274000e-04]
 [3.16227766e+00 1.68856479e-03]
 [3.16227766e+00 9.49549762e-03]
 [1.12201845e+01 3.00274000e-04]
 [1.12201845e+01 1.68856479e-03]
 [1.12201845e+01 9.49549762e-03]
 [3.98107171e+01 3.00274000e-04]
 [3.98107171e+01 1.68856479e-03]
 [3.98107171e+01 9.49549762e-03]]
[[3.16227766e+00 3.00274000e-04]
 [3.16227766e+00 1.68856479e-03]
 [3.16227766e+00 9.49549762e-03]
 [1.12201845e+01 3.00274000e-04]
 [1.12201845e+01 1.68856479e-03]
 [1.12201845e+01 9.49549762e-03]
 [3.98107171e+01 3.00274000e-04]
 [3.98107171e+01 1.68856479e-03]
 [3.98107171e+01 9.49549762e-03]]
[[3.16227766e+00 3.00274000e-04]
 [3.16227766e+00 1.68856479e-03]
 [3.16227766e+00 9.49549762e-03]
 [1.12201845e+01 3.00274000e-04]
 [1.12201845e+01 1.68856479e-03]
 [1.12201845e+01 9.49549762e-03]
 [3.98107171e+01 3.00274000e-04]
 [3.98107171e+01 1.68856479e-03]
 [3.98107171e+01 9.49549762e-03]]
[[3.16227766e+00 3.00274000e-04]
 [3.16227766e+00 1.68856479e-03]
 [3.16227766e+00 9.49549762e-03]
 [1.12201845e+01 3.00274000e-04]
 [1.12201845e+01 1.68856479e-03]
 [1.12201845e+01 9.49549762e-03]
 [3.98107171e+01 3.00274000e-04]
 [3.98107171e+01 1.68856479e-03]
 [3.98107171e+01 9.49549762e-03]]
[[3.16227766e+00 3.00274000e-04]
 [3.16227766e+00 1.68856479e-03]
 [3.16227766e+00 9.49549762e-03]
 [1.12201845e+01 3.00274000e-04]
 [1.12201845e+01 1.68856479e-03]
 [1.12201845e+01 9.49549762e-03]
 [3.98107171e+01 3.00274000e-04]
 [3.98107171e+01 1.68856479e-03]
 [3.98107171e+01 9.49549762e-03]]
[[3.16227766e+00 3.00274000e-04]
 [3.16227766e+00 1.68856479e-03]
 [3.16227766e+00 9.49549762e-03]
 [1.12201845e+01 3.00274000e-04]
 [1.12201845e+01 1.68856479e-03]
 [1.12201845e+01 9.49549762e-03]
 [3.98107171e+01 3.00274000e-04]
 [3.98107171e+01 1.68856479e-03]
 [3.98107171e+01 9.49549762e-03]]
[[3.16227766e+00 3.00274000e-04]
 [3.16227766e+00 1.68856479e-03]
 [3.16227766e+00 9.49549762e-03]
 [1.12201845e+01 3.00274000e-04]
 [1.12201845e+01 1.68856479e-03]
 [1.12201845e+01 9.49549762e-03]
 [3.98107171e+01 3.00274000e-04]
 [3.98107171e+01 1.68856479e-03]
 [3.98107171e+01 9.49549762e-03]]
 [3.98107171e+01 9.49549762e-03]]
5.90031391374292 1.2266195012236385
0.45710661901412974 2.7586544783810507
0.16817252898045892 3.0395540326170734
1.3953632576495738 2.3797349435800332
5.529388088908425 1.0011637201030417
5.207848514347454 1.478225916969528
4.352262767318543 4.540385881223908
2.779627173585401 4.782831917946755
5.405776492394579 4.159635957270611
4.678271090189616 1.1602825734534519
4.873849172761408 5.289603978375121
2.5730719180974404 3.281879959136294
1.2507959031528924 0.5144918841527358
2.308768788297531 6.200649382332449
0.9448778601890327 0.3036219319484394
5.474523507389714 6.2081632208402135
5.075680716482802 0.3140381919614981
4.986174843927057 1.4867835236848754
1.8770749014480292 4.223823750144472
2.0043869657857827 0.9268122995551146
5.43122930428073 3.240564018593783
2.3619976628694133 4.228184591757647
[[3.16227766e+00 3.00274000e-04]
 [3.16227766e+00 1.68856479e-03]
 [3.16227766e+00 9.49549762e-03]
 [1.12201845e+01 3.00274000e-04]
 [1.12201845e+01 1.68856479e-03]
 [1.12201845e+01 9.49549762e-03]
 [3.98107171e+01 3.00274000e-04]
 [3.98107171e+01 1.68856479e-03]
 [3.98107171e+01 9.49549762e-03]]
2.7580053313731074 3.7777883837988657
5.77514497491023 5.100322057020814
3.697137394567004 0.27447948255483595
0.31039871745065567 1.2587421238128345
3.1216207808787964 0.9463464930017237
4.619388121060064 1.6206222386527331
[[3.16227766e+00 3.00274000e-04]
 [3.16227766e+00 1.68856479e-03]
 [3.16227766e+00 9.49549762e-03]
 [1.12201845e+01 3.00274000e-04]
 [1.12201845e+01 1.68856479e-03]
 [1.12201845e+01 9.49549762e-03]
 [3.98107171e+01 3.00274000e-04]
 [3.98107171e+01 1.68856479e-03]
 [3.98107171e+01 9.49549762e-03]]
0.913938269378428 4.638187953394574
4.665708165364174 0.10146470943585459
4.240130947696519 1.814779110603066
6.20189494313731 6.06562405316426
3.9434425818862033 6.015844715693961
2.7758340957156915 4.608373369290698
[[3.16227766e+00 3.00274000e-04]
 [3.16227766e+00 1.68856479e-03]
 [3.16227766e+00 9.49549762e-03]
 [1.12201845e+01 3.00274000e-04]
 [1.12201845e+01 1.68856479e-03]
 [1.12201845e+01 9.49549762e-03]
 [3.98107171e+01 3.00274000e-04]
 [3.98107171e+01 1.68856479e-03]
 [3.98107171e+01 9.49549762e-03]]
3.3687578769932003 5.921770700935169
1.4246241043017607 2.7135627655784837
2.4788059006514014 6.088810994850359
1.5880736132025237 3.22048838924212
2.0183674544765395 0.20656548201013616
0.2407534724705528 3.44415046192272
2.542106892127852 1.3608359208421266
1.0133204260599686 4.038561669325955
5.546873524370088 5.55250833030868
0.8246922030937978 1.6826733649968058
3.43408836849814 0.07545924596492828
6.254559113155338 4.774409981883158
6.048458988371827 4.3250646687028595
5.802372803258147 3.368979628913451
3.0010781336061596 3.4743284129773726
5.232835503011363 5.9107204042376775
3.090042230936605 2.1699027514349383
4.776525422018693 3.6428757713392153
4.566321668528491 2.4161907039550305
2.783652003362366 3.8371217046754253
6.2238817679282965 1.9583350666860413
3.0808220438066396 5.741994579246589
2.4616735409738206 4.953631325087704
0.35497757915554895 3.8735562220383493
5.46828151312778 0.5736144975331549
3.1679687472278437 5.854749249214707
5.663028280335761 4.6761005907238795
3.5029185831692877 4.1429616417083555
2.2818734098309608 5.774245033623675
4.401327528897896 2.7746599967889285
2.1182579922165203 4.251399912579293
2.0537648378232323 4.921479637548088
3.6330197802739503 4.024386595370241
5.64718851958641 3.0611422872678724
0.8550677829561413 0.39128176490139993
3.8152317407100367 1.2246330395000684
1.9171417778765083 3.1983143860687537
[[3.16227766e+00 3.00274000e-04]
 [3.16227766e+00 1.68856479e-03]
 [3.16227766e+00 9.49549762e-03]
 [1.12201845e+01 3.00274000e-04]
 [1.12201845e+01 1.68856479e-03]
 [1.12201845e+01 9.49549762e-03]
 [3.98107171e+01 3.00274000e-04]
 [3.98107171e+01 1.68856479e-03]
 [3.98107171e+01 9.49549762e-03]]
[[3.16227766e+00 3.00274000e-04]
 [3.16227766e+00 1.68856479e-03]
 [3.16227766e+00 9.49549762e-03]
 [1.12201845e+01 3.00274000e-04]
 [1.12201845e+01 1.68856479e-03]
 [1.12201845e+01 9.49549762e-03]
 [3.98107171e+01 3.00274000e-04]
 [3.98107171e+01 1.68856479e-03]
 [3.98107171e+01 9.49549762e-03]]
[[3.16227766e+00 3.00274000e-04]
 [3.16227766e+00 1.68856479e-03]
 [3.16227766e+00 9.49549762e-03]
 [1.12201845e+01 3.00274000e-04]
 [1.12201845e+01 1.68856479e-03]
 [1.12201845e+01 9.49549762e-03]
 [3.98107171e+01 3.00274000e-04]
 [3.98107171e+01 1.68856479e-03]
 [3.98107171e+01 9.49549762e-03]]
[[3.16227766e+00 3.00274000e-04]
 [3.16227766e+00 1.68856479e-03]
 [3.16227766e+00 9.49549762e-03]
 [1.12201845e+01 3.00274000e-04]
 [1.12201845e+01 1.68856479e-03]
 [1.12201845e+01 9.49549762e-03]
 [3.98107171e+01 3.00274000e-04]
 [3.98107171e+01 1.68856479e-03]
 [3.98107171e+01 9.49549762e-03]]
[[3.16227766e+00 3.00274000e-04]
 [3.16227766e+00 1.68856479e-03]
 [3.16227766e+00 9.49549762e-03]
 [1.12201845e+01 3.00274000e-04]
 [1.12201845e+01 1.68856479e-03]
 [1.12201845e+01 9.49549762e-03]
 [3.98107171e+01 3.00274000e-04]
 [3.98107171e+01 1.68856479e-03]
 [3.98107171e+01 9.49549762e-03]]
[[3.16227766e+00 3.00274000e-04]
 [3.16227766e+00 1.68856479e-03]
 [3.16227766e+00 9.49549762e-03]
 [1.12201845e+01 3.00274000e-04]
 [1.12201845e+01 1.68856479e-03]
 [1.12201845e+01 9.49549762e-03]
 [3.98107171e+01 3.00274000e-04]
 [3.98107171e+01 1.68856479e-03]
[[3.16227766e+00 3.00274000e-04]
 [3.16227766e+00 1.68856479e-03]
 [3.16227766e+00 9.49549762e-03]
 [1.12201845e+01 3.00274000e-04]
 [1.12201845e+01 1.68856479e-03]
 [1.12201845e+01 9.49549762e-03]
 [3.98107171e+01 3.00274000e-04]
 [3.98107171e+01 1.68856479e-03]
 [3.98107171e+01 9.49549762e-03]]
[[3.16227766e+00 3.00274000e-04]
 [3.16227766e+00 1.68856479e-03]
 [3.16227766e+00 9.49549762e-03]
 [1.12201845e+01 3.00274000e-04]
 [1.12201845e+01 1.68856479e-03]
 [1.12201845e+01 9.49549762e-03]
 [3.98107171e+01 3.00274000e-04]
 [3.98107171e+01 1.68856479e-03]
 [3.98107171e+01 9.49549762e-03]]
[[3.16227766e+00 3.00274000e-04]
 [3.16227766e+00 1.68856479e-03]
 [3.16227766e+00 9.49549762e-03]
 [1.12201845e+01 3.00274000e-04]
 [1.12201845e+01 1.68856479e-03]
 [1.12201845e+01 9.49549762e-03]
 [3.98107171e+01 3.00274000e-04]
 [3.98107171e+01 1.68856479e-03]
 [3.98107171e+01 9.49549762e-03]]
[[3.16227766e+00 3.00274000e-04]
 [3.16227766e+00 1.68856479e-03]
 [3.16227766e+00 9.49549762e-03]
 [1.12201845e+01 3.00274000e-04]
 [1.12201845e+01 1.68856479e-03]
 [1.12201845e+01 9.49549762e-03]
 [3.98107171e+01 3.00274000e-04]
 [3.98107171e+01 1.68856479e-03]
 [3.98107171e+01 9.49549762e-03]]
[[3.16227766e+00 3.00274000e-04]
 [3.16227766e+00 1.68856479e-03]
 [3.16227766e+00 9.49549762e-03]
 [1.12201845e+01 3.00274000e-04]
 [1.12201845e+01 1.68856479e-03]
 [1.12201845e+01 9.49549762e-03]
 [3.98107171e+01 3.00274000e-04]
 [3.98107171e+01 1.68856479e-03]
 [3.98107171e+01 9.49549762e-03]]
[[3.16227766e+00 3.00274000e-04]
 [3.16227766e+00 1.68856479e-03]
 [3.16227766e+00 9.49549762e-03]
 [1.12201845e+01 3.00274000e-04]
 [1.12201845e+01 1.68856479e-03]
 [1.12201845e+01 9.49549762e-03]
 [3.98107171e+01 3.00274000e-04]
 [3.98107171e+01 1.68856479e-03]
 [3.98107171e+01 9.49549762e-03]]
[[3.16227766e+00 3.00274000e-04]
 [3.16227766e+00 1.68856479e-03]
 [3.16227766e+00 9.49549762e-03]
 [1.12201845e+01 3.00274000e-04]
 [1.12201845e+01 1.68856479e-03]
 [1.12201845e+01 9.49549762e-03]
 [3.98107171e+01 3.00274000e-04]
 [3.98107171e+01 1.68856479e-03]
 [3.98107171e+01 9.49549762e-03]]
[[3.16227766e+00 3.00274000e-04]
 [3.16227766e+00 1.68856479e-03]
 [3.16227766e+00 9.49549762e-03]
 [1.12201845e+01 3.00274000e-04]
 [1.12201845e+01 1.68856479e-03]
 [1.12201845e+01 9.49549762e-03]
 [3.98107171e+01 3.00274000e-04]
 [3.98107171e+01 1.68856479e-03]
 [3.98107171e+01 9.49549762e-03]]
[[3.16227766e+00 3.00274000e-04]
 [3.16227766e+00 1.68856479e-03]
 [3.16227766e+00 9.49549762e-03]
 [1.12201845e+01 3.00274000e-04]
 [1.12201845e+01 1.68856479e-03]
 [1.12201845e+01 9.49549762e-03]
 [3.98107171e+01 3.00274000e-04]
 [3.98107171e+01 1.68856479e-03]
 [3.98107171e+01 9.49549762e-03]]
[[3.16227766e+00 3.00274000e-04]
 [3.16227766e+00 1.68856479e-03]
 [3.16227766e+00 9.49549762e-03]
 [1.12201845e+01 3.00274000e-04]
 [1.12201845e+01 1.68856479e-03]
 [1.12201845e+01 9.49549762e-03]
 [3.98107171e+01 3.00274000e-04]
 [3.98107171e+01 1.68856479e-03]
 [3.98107171e+01 9.49549762e-03]]
[[3.16227766e+00 3.00274000e-04]
 [3.16227766e+00 1.68856479e-03]
 [3.16227766e+00 9.49549762e-03]
 [1.12201845e+01 3.00274000e-04]
 [1.12201845e+01 1.68856479e-03]
 [1.12201845e+01 9.49549762e-03]
 [3.98107171e+01 3.00274000e-04]
 [3.98107171e+01 1.68856479e-03]
 [3.98107171e+01 9.49549762e-03]]
[[3.16227766e+00 3.00274000e-04]
 [3.16227766e+00 1.68856479e-03]
 [3.16227766e+00 9.49549762e-03]
 [1.12201845e+01 3.00274000e-04]
 [1.12201845e+01 1.68856479e-03]
 [1.12201845e+01 9.49549762e-03]
 [3.98107171e+01 3.00274000e-04]
 [3.98107171e+01 1.68856479e-03]
 [3.98107171e+01 9.49549762e-03]]
[[3.16227766e+00 3.00274000e-04]
 [3.16227766e+00 1.68856479e-03]
 [3.16227766e+00 9.49549762e-03]
 [1.12201845e+01 3.00274000e-04]
 [1.12201845e+01 1.68856479e-03]
 [1.12201845e+01 9.49549762e-03]
 [3.98107171e+01 3.00274000e-04]
 [3.98107171e+01 1.68856479e-03]
 [3.98107171e+01 9.49549762e-03]]
[[3.16227766e+00 3.00274000e-04]
 [3.16227766e+00 1.68856479e-03]
 [3.16227766e+00 9.49549762e-03]
 [1.12201845e+01 3.00274000e-04]
 [1.12201845e+01 1.68856479e-03]
 [1.12201845e+01 9.49549762e-03]
 [3.98107171e+01 3.00274000e-04]
 [3.98107171e+01 1.68856479e-03]
 [3.98107171e+01 9.49549762e-03]]
[[3.16227766e+00 3.00274000e-04]
 [3.16227766e+00 1.68856479e-03]
 [3.16227766e+00 9.49549762e-03]
 [1.12201845e+01 3.00274000e-04]
 [1.12201845e+01 1.68856479e-03]
 [1.12201845e+01 9.49549762e-03]
 [3.98107171e+01 3.00274000e-04]
 [3.98107171e+01 1.68856479e-03]
 [3.98107171e+01 9.49549762e-03]]
[[3.16227766e+00 3.00274000e-04]
 [3.16227766e+00 1.68856479e-03]
 [3.16227766e+00 9.49549762e-03]
 [1.12201845e+01 3.00274000e-04]
 [1.12201845e+01 1.68856479e-03]
 [1.12201845e+01 9.49549762e-03]
 [3.98107171e+01 3.00274000e-04]
 [3.98107171e+01 1.68856479e-03]
 [3.98107171e+01 9.49549762e-03]]
[[3.16227766e+00 3.00274000e-04]
 [3.16227766e+00 1.68856479e-03]
 [3.16227766e+00 9.49549762e-03]
 [1.12201845e+01 3.00274000e-04]
 [1.12201845e+01 1.68856479e-03]
 [1.12201845e+01 9.49549762e-03]
 [3.98107171e+01 3.00274000e-04]
 [3.98107171e+01 1.68856479e-03]
 [3.98107171e+01 9.49549762e-03]]
[[3.16227766e+00 3.00274000e-04]
 [3.16227766e+00 1.68856479e-03]
 [3.16227766e+00 9.49549762e-03]
 [1.12201845e+01 3.00274000e-04]
 [1.12201845e+01 1.68856479e-03]
 [1.12201845e+01 9.49549762e-03]
 [3.98107171e+01 3.00274000e-04]
 [3.98107171e+01 1.68856479e-03]
 [3.98107171e+01 9.49549762e-03]]
[[3.16227766e+00 3.00274000e-04]
 [3.16227766e+00 1.68856479e-03]
 [3.16227766e+00 9.49549762e-03]
 [1.12201845e+01 3.00274000e-04]
 [1.12201845e+01 1.68856479e-03]
 [1.12201845e+01 9.49549762e-03]
 [3.98107171e+01 3.00274000e-04]
 [3.98107171e+01 1.68856479e-03]
 [3.98107171e+01 9.49549762e-03]]
[[3.16227766e+00 3.00274000e-04]
 [3.16227766e+00 1.68856479e-03]
 [3.16227766e+00 9.49549762e-03]
 [1.12201845e+01 3.00274000e-04]
 [1.12201845e+01 1.68856479e-03]
 [1.12201845e+01 9.49549762e-03]
 [3.98107171e+01 3.00274000e-04]
 [3.98107171e+01 1.68856479e-03]
 [3.98107171e+01 9.49549762e-03]]
[[3.16227766e+00 3.00274000e-04]
 [3.16227766e+00 1.68856479e-03]
 [3.16227766e+00 9.49549762e-03]
 [1.12201845e+01 3.00274000e-04]
 [1.12201845e+01 1.68856479e-03]
 [1.12201845e+01 9.49549762e-03]
 [3.98107171e+01 3.00274000e-04]
 [3.98107171e+01 1.68856479e-03]
 [3.98107171e+01 9.49549762e-03]]
[[3.16227766e+00 3.00274000e-04]
 [3.16227766e+00 1.68856479e-03]
 [3.16227766e+00 9.49549762e-03]
 [1.12201845e+01 3.00274000e-04]
 [1.12201845e+01 1.68856479e-03]
 [1.12201845e+01 9.49549762e-03]
 [3.98107171e+01 3.00274000e-04]
 [3.98107171e+01 1.68856479e-03]
 [3.98107171e+01 9.49549762e-03]]
[[3.16227766e+00 3.00274000e-04]
 [3.16227766e+00 1.68856479e-03]
 [3.16227766e+00 9.49549762e-03]
 [1.12201845e+01 3.00274000e-04]
 [1.12201845e+01 1.68856479e-03]
 [1.12201845e+01 9.49549762e-03]
 [3.98107171e+01 3.00274000e-04]
 [3.98107171e+01 1.68856479e-03]
 [3.98107171e+01 9.49549762e-03]]
[[3.16227766e+00 3.00274000e-04]
 [3.16227766e+00 1.68856479e-03]
 [3.16227766e+00 9.49549762e-03]
 [1.12201845e+01 3.00274000e-04]
 [1.12201845e+01 1.68856479e-03]
 [1.12201845e+01 9.49549762e-03]
 [3.98107171e+01 3.00274000e-04]
 [3.98107171e+01 1.68856479e-03]
 [3.98107171e+01 9.49549762e-03]]
[[3.16227766e+00 3.00274000e-04]
 [3.16227766e+00 1.68856479e-03]
 [3.16227766e+00 9.49549762e-03]
 [1.12201845e+01 3.00274000e-04]
 [1.12201845e+01 1.68856479e-03]
 [1.12201845e+01 9.49549762e-03]
 [3.98107171e+01 3.00274000e-04]
 [3.98107171e+01 1.68856479e-03]
 [3.98107171e+01 9.49549762e-03]]
 [3.98107171e+01 9.49549762e-03]]
4.180038107533106 4.994434557920189
3.6491208085036635 4.195937850681006
0.6991776388623553 2.9575572044187872
1.795101352829631 2.642807939367174
3.782739822052381 4.803837553868573
1.0050782167151628 0.8644750757068889
1.3733666487374805 3.2040907041943814
4.150126789076501 1.2301721406476573
2.735267190603288 0.3441604844643745
4.9458272895793565 5.167062012324422
1.7206395985168348 5.658566250034948
4.085203192739377 0.8030918427081155
2.7546644413385986 3.4867269625319963
4.656114191590543 5.771346052479104
0.753873413719789 2.7164422258388723
5.442585570354871 0.3925239150741545
3.127127902896473 1.224749782547525
4.091885212168708 0.6261690300087972
1.240175248095768 4.217761834262429
6.170123802899689 5.881815750128086
6.241334564175667 0.7788773112191161
4.441556894620836 5.714122191827179
3.0426925651726067 4.086721239791747
4.638947580270531 1.8458962759956612
5.7371497305323995 6.176464832989729
3.8501113624164907 0.2380097553037428
5.239933802163007 3.307723117650154
0.5248741584171083 3.752683897903079
2.802610993421101 3.5267001776704507
2.9812680511548586 3.848290290896593
2.5362610034766684 2.588394983776035
                                                                                                                                                                                                                                                                                                                                                                                                                                                                                                                                                                                                                                                                                                                                                                                                                                                                                                                                                                                                                                                                                                                                                                                                                                                                                                                                                                                                                                                                                                                                                                                                                                                                                                                                                                                                                                                                                                                                                                                                                                                                                                                                                                                                                                                                                                                                                                                                                                                                                                                                                                                                                                                                                                                                                                                                                                                                                                                                                                                                                                                                                                                                     2
1.926311451845638 -10.946445375325236 0.0
2
1.9263112804105638 -10.946445499638111 0.0
2
1.9263116666411522 -10.946445470181462 0.0
2
1.9263111556255443 -10.94644545278976 0.0
2
1.926311503418539 -10.946445374607414 0.0
2
1.9263112971504843 -10.94644549883069 0.0
2
1.9263110197408946 -10.946445488355145 0.0
2
1.9263115401060011 -10.946445468174979 0.0
2
1.926311539792911 -10.946445305374274 0.0
2
1.9263112942311413 -10.946445474467954 0.0
2
1.9263113687614712 -10.946445569622844 0.0
2
1.9263113856578533 -10.946445518068918 0.0
2
1.9263113898116733 -10.946445465949413 0.0
2
1.9263113449210834 -10.946445466036465 0.0
2
1.9263110976040143 -10.946445519476423 0.0
2
1.926311543617012 -10.946445415385575 0.0
2
1.926311423402968 -10.94644546854114 0.0
2
1.9263117315472804 -10.94644550462988 0.0
2
1.9263115196798362 -10.946445346713986 0.0
2
1.926311438816395 -10.94644538570257 0.0
2
1.9263116883856253 -10.946445418185647 0.0
2
1.92631137263025 -10.946445498092423 0.0
2
1.9263114429500716 -10.946445516840532 0.0
2
1.9263114289571313
4.6152756051609165 3.8179245485216518 0.0
3
-5.3657566376140275 -2.1443351386731164 0.0
-10.946445541326273 0.0
2
1.926311584257084 -10.946445453760393 0.0
2
1.9263113311527202 -10.946445445685706 0.0
2
1.9263111113005982 -10.946445651563348 0.0
2
1.9263111616621398 -10.94644537313022 0.0
2
1.9263111864956133 -10.94644551245164 0.0
2
1.9263112515206422 -10.946445529773841 0.0
2
1.9263114224585243 -10.946445549086958 0.0
2
1.926311751497185 -10.946445576553085 0.0
2
1.9263113079863106 -10.946445348345158 0.0
2
1.9263115313535715 -10.946445434035379 0.0
2
1.926311194361542 -10.946445337472818 0.0
2
1.926311318453944 -10.946445409992426 0.0
2
1.926311340652344 -10.946445466950632 0.0
2
1.9263111969792468 -10.946445373030732 0.0
2
1.9263113918149952 -10.946445432944753 0.0
2
1.9263113001270522 -10.946445478179003 0.0
2
1.9263115042869456 -10.946445381338084 0.0
2
1.926311370501487 -10.946445392104525 0.0
2
1.9263115398594302 -10.946445328964959 0.0
2
1.926311130778541 -10.946445466564926 0.0
2
1.926311204690624 -10.946445379410099 0.0
2
1.9263113580690152 -10.94644542920286 0.0
2
1.9263111429763586 -10.946445296291447 0.0
2
1.9263109949390718 -10.946445482230262 0.0
2
1.9263116603534733 -10.946445275027642 0.0
2
1.9263112898242216 -10.946445498842412 03
1.2300334148583174 5.188669026255362 0.0
 0.0
2
1.9263112745654676 -10.946445635816609 0.0
2
1.9263114447451735 -10.946445534530827 0.0
3
12.51021975321543 -14.586212682712956 0.0
3
-11.082432991732334 -15.612393224671568 0.0
3
10.787855952725565 -1.6538048701582173 0.0
3
-8.180453517433715 -17.595906639766348 0.0
3
-1.9549661545256882 17.833678090712773 0.0
3
-17.2379525103816 4.080183548080019 0.0
3
11.87182456717296 13.513058117032296 0.0
3
17.8785786148201 -6.909687115231184 0.0
3
18.935225185874557 1.2904235421439891 0.0
3
-2.2484728214424754 -19.26073728012306 0.0
3
21.41846040266311 -0.6020791019529024 0.0
3
-16.455142233459252 4.930925813908709 0.0
3
-4.129479321531905 -18.24148544693426 0.0
3
11.176937516325815 14.970300707001378 0.0
3
-7.341533822859175 -17.372962325884718 0.0
3
4.409757025321697 19.92321181840107 0.0
3
-15.517818153538277 -5.043757226567169 0.0
3
-9.44436105104332 -11.965063532430666 0.0
3
-10.517952967243124 -4.511836464358552 0.0
                                                                                                                                                                                                                                                                                                                                                                                                       3
-0.03218306625646916 4.713457422434594 0.0
3
-0.6170879954469035 4.530040112881619 0.0
3
-4.420512997387043 -1.5140655688950706 0.0
3
3.6816409314701826 -2.156856935135682 0.0
3
-4.1319542952658175 -1.0509477906484694 0.0
3
-1.6227341797438013 4.123351933004464 0.0
3
-3.1091936975500643 2.5584571596612333 0.0
3
-1.4358185796139846 3.3321221881938707 0.0
3
0.6518065589690318 3.958156166907166 0.0
0
2
-39.62592328848534 -3.056229293498045 0.0
2
-39.625923528949514 -3.0562220872740795 0.0
2
-39.625923816275105 -3.0562212684329384 0.0
2
-39.625923198086326 -3.056228880525213 0.0
2
-39.62592373545705 -3.056222576224762 0.0
2
-39.62592367299021 -3.0562222606656375 0.0
2
-39.62592358258531 -3.0562242034960754 0.0
2
-39.625923791386704 -3.056221533892405 0.0
2
-39.62592407919407 -3.056218902547547 0.0
2
-39.625924065270745 -3.056217466645867 0.0
2
-39.62592361651728 -3.0562241369417125 0.0
2
-39.62592352424905 -3.0562253751677804 0.0
2
-39.625923240998326 -3.0562294196395463 0.0
2
2
-39.625923591311974 -3.0562239787830277 0.0
-39.62592362947164 -3.0562238730915436 0.0
2
-39.62592513854587 -3.0562045199749206 0.0
2
-39.625923735340876 -3.0562236588586176 0.0
2
-39.62592425993931 -3.0562136668226487 0.0
2
-39.6259231143651 -3.0562295311550782 0.0
2
-39.62592390707726 -3.056219717712995 0.0
2
-39.62592347336951 -3.0562260820002476 0.0
2
-39.62592407254712 -3.0562165226277695 0.0
2
-39.62592504607838 -3.0562061665525837 0.0
2
-39.625923344776524 -3.0562270436107983 0.0
2
-39.62592441544027 -3.056214508134 0.0
2
-39.62592456027317 -3.0562130590911023 0.0
2
-39.62592353796991 -3.056225071758811 0.0
2
-39.625923833746505 -3.05622210975001 0.0
2
-39.625923116062225 -3.0562295506038524 0.0
2
-39.62592305304865 -3.0562313000364565 0.0
2
-39.62592482959719 -3.056207821268754 0.0
2
-39.625923993899754 -3.0562190335141657 0.0
2
-39.62592324554094 -3.0562281193883845 0.0
2
-39.625923816512326 -3.0562219155533397 0.0
2
-39.62592325632199 -3.056229023981437 0.0
2
-39.625924662693684 -3.056210782539291 0.0
2
-39.625923986198046 -3.0562205212193008 0.0
2
-39.625923434421296 -3.0562263727390206 0.0
2
-39.625924109796586 -3.0562186419405455 0.0
2
-39.62592357285412 -3.0562252884429855 0.0
2
-39.6259236602687 -3.056223281121138 0.0
2
-39.625922958177576 -3.0562319198650942 0.0
2
-39.6259234944979 -3.0562253313717513 0.0
2
-39.6259237591613 -3.0562218609820406 0.0
2
-39.625923579444795 -3.0562244596268435 0.0
2
-39.6259236410994 -3.056223795547425 0.0
2
-39.62592411903456 -3.05621745627806 0.0
2
-39.62592292053964 -3.0562325280127793 0.0
2
-39.625923657645174 -3.0562250289509447 0.0
2
-39.62592312134137 -3.056230277978569 0.0
2
-39.62592454903312 -3.0562129629651893 0.0
2
-39.62592408120599 -3.0562173533476304 0.0
2
-39.625924511512416 -3.0562129160635574 0.0
2
-39.62592385996335 -3.0562217227473587 0.0
2
-39.62592418327553 -3.0562166166620868 0.0
2
-39.62592372919327 -3.056222620940157 0.0
2
-39.625924585992024 -3.0562125394698283 0.0
2
-39.62592421847141 -3.056216602311303 0.0
2
-39.625924152208334 -3.0562169227766076 0.0
2
-39.62592420660011 -3.05621607286524 0.0
2
-39.6259234515602 -3.056226769930427 0.0
2
-39.625923347333966 -3.0562270102358546 0.0
2
-39.62592311626246 -3.05623062106375 0.0
2
-39.62592437452756 -3.056214917299176 0.0
2
-39.625924871192524 -3.056209884996562 0.0
2
-39.625923807583305 -3.0562219423692065 0.0
2
-39.62592387249301 -3.056221246010378 0.0
2
-39.62592408192726 -3.056218755840744 0.0
2
-39.62592369212314 -3.056222649064024 0.0
2
-39.6259232556282 -3.056230341491461 0.0
2
-39.625923937075264 -3.0562203698447883 0.0
2
-39.62592345240266 -3.056225936550344 0.0
2
-39.62592381238174 -3.056221503871769 0.0
2
-39.625923706198385 -3.056223389193484 0.0
2
-39.625923227159305 -3.056228892869613 0.0
2
-39.62592305381435 -3.0562314016558942 0.0
2
-39.62592296869973 -3.056233039267938 0.0
2
-39.625924057047044 -3.056218950335306 0.0
2
-39.62592346232252 -3.056227038497047 0.0
2
-39.62592359784589 -3.0562256099030938 0.0
2
-39.62592385665143 -3.0562199998007515 0.0
2
-39.6259244515641 -3.0562137170425623 0.0
2
-39.625923952357304 -3.0562194173705968 0.0
2
-39.62592298103637 -3.056233358014788 0.0
2
-39.62592373111117 -3.0562232215814062 0.0
2
-39.62592425333891 -3.0562165505271066 0.0
2
-39.62592358647999 -3.0562244134678545 0.0
3
42.957992557703626 -33.04597801781004 0.0
3
44.990021705194685 -33.29236460748123 0.0
3
-52.097551602198344 -20.567321807800187 0.0
3
-3.0013690018105263 58.032435476278444 0.0
3
-51.59321981890317 19.791557094441902 0.0
3
-14.242610833185493 -52.38587922635159 0.0
3
-1.3767832078596856 -50.89947975122382 0.0
3
3.0034955670170587 -51.030031813956384 0.0
3
48.805021480016705 -32.35872755403089 0.0
3
53.98586465462948 -9.255519356641408 0.0
3
55.68780831910385 7.170432211427678 0.0
3
-47.94654008376958 -20.35329665445088 0.0
3
-1.5426231601312057 -38.355038879168674 0.0
3
-44.50687651612528 21.30693201314492 0.0
3
32.245712907764755 44.10362446196963 0.0
3
-21.608309067434867 -34.304982664602356 0.0
3
29.13310301002113 -46.46560392802572 0.0
3
-12.726254263395091 39.19702439887377 0.0
3
-25.875624186703536 29.486695831874297 0.0
3
-51.29339226692054 -7.1715707394400745 0.0
3
-30.325382333781718 -42.583511116815174 0.0
3
-54.599562536115236 4.968591455243688 0.0
3
-49.99605534931187 -14.237328477215561 0.0
3
51.88132279338655 11.164335679793563 0.0
3
21.455376098079913 45.00022576363553 0.0
3
-17.47089161196765 49.953584323447444 0.0
3
-37.169210534274825 40.30499589529024 0.0
3
45.35683554852354 -31.717747597052316 0.0
3
25.70664228815531 -47.961735022955985 0.0
3
-26.439386439052385 -44.36885967407477 0.0
                                                                                         3
-26.57461330749956 16.190772137250974 0.0
3
-29.143884524567447 -10.508406317716037 0.0
3
28.6058837257545 8.119411637034569 0.0
3
-23.6200027277565 -19.94746509403588 0.0
3
-30.359434563731764 -3.225385858572677 0.0
3
-5.015148138500678 30.695780460444546 0.0
3
-27.705057946109044 14.590588041760673 0.0
3
26.33917249365317 17.987629471942856 0.0
3
11.599343493802344 24.192162306185605 0.0
3
-28.523343486215385 1.7624514704704122 0.0
3
-25.96997274145909 -15.41891534213306 0.0
3
-21.634788887020175 18.433381451250455 0.0
3
-16.585163852281106 22.894080002965637 0.0
3
21.30693732544601 -19.680631002480517 0.0
3
2.056290280424688 -28.25508662958658 0.0
3
22.041908708071784 -18.375866492190216 0.0
3
16.021102801658344 -25.17022517773151 0.0
3
-15.624662748020679 -22.930158318012317 0.0
3
26.183567530216337 -10.148532384631928 0.0
3
26.209641501772612 -3.0679563665095033 0.0
3
-2.1653930143486293 -28.058111367216835 0.0
3
30.7325108236995 6.380307579764357 0.0
3
3.092508455383047 26.501948625381246 0.0
3
2.495984146961198 25.680497333181826 0.0
3
15.05972015573701 -21.254441770861806 0.0
3
21.892441763333647 9.515827807911094 0.0
3
5.237495245833902 -24.602156139756502 0.0
3
23.189655960632905 7.60694667740465 0.0
3
-8.863636214076616 20.982422817335067 0.0
3
-18.994252165760134 15.008813313987657 0.0
