[[3.16227766e+00 3.00274000e-04]
 [3.16227766e+00 1.68856479e-03]
 [3.16227766e+00 9.49549762e-03]
 [1.12201845e+01 3.00274000e-04]
 [1.12201845e+01 1.68856479e-03]
 [1.12201845e+01 9.49549762e-03]
 [3.98107171e+01 3.00274000e-04]
 [3.98107171e+01 1.68856479e-03]
[[3.16227766e+00 3.00274000e-04]
 [3.16227766e+00 1.68856479e-03]
 [3.16227766e+00 9.49549762e-03]
 [1.12201845e+01 3.00274000e-04]
 [1.12201845e+01 1.68856479e-03]
 [1.12201845e+01 9.49549762e-03]
 [3.98107171e+01 3.00274000e-04]
 [3.98107171e+01 1.68856479e-03]
 [3.98107171e+01 9.49549762e-03]]
 [3.98107171e+01 9.49549762e-03]]
[[3.16227766e+00 3.00274000e-04]
 [3.16227766e+00 1.68856479e-03]
 [3.16227766e+00 9.49549762e-03]
 [1.12201845e+01 3.00274000e-04]
 [1.12201845e+01 1.68856479e-03]
 [1.12201845e+01 9.49549762e-03]
 [3.98107171e+01 3.00274000e-04]
 [3.98107171e+01 1.68856479e-03]
 [3.98107171e+01 9.49549762e-03]]
[[3.16227766e+00 3.00274000e-04]
 [3.16227766e+00 1.68856479e-03]
 [3.16227766e+00 9.49549762e-03]
 [1.12201845e+01 3.00274000e-04]
 [1.12201845e+01 1.68856479e-03]
 [1.12201845e+01 9.49549762e-03]
 [3.98107171e+01 3.00274000e-04]
 [3.98107171e+01 1.68856479e-03]
 [3.98107171e+01 9.49549762e-03]]
[[3.16227766e+00 3.00274000e-04]
 [3.16227766e+00 1.68856479e-03]
 [3.16227766e+00 9.49549762e-03]
 [1.12201845e+01 3.00274000e-04]
 [1.12201845e+01 1.68856479e-03]
 [1.12201845e+01 9.49549762e-03]
 [3.98107171e+01 3.00274000e-04]
 [3.98107171e+01 1.68856479e-03]
 [3.98107171e+01 9.49549762e-03]]
[[3.16227766e+00 3.00274000e-04]
 [3.16227766e+00 1.68856479e-03]
 [3.16227766e+00 9.49549762e-03]
 [1.12201845e+01 3.00274000e-04]
 [1.12201845e+01 1.68856479e-03]
 [1.12201845e+01 9.49549762e-03]
 [3.98107171e+01 3.00274000e-04]
 [3.98107171e+01 1.68856479e-03]
 [3.98107171e+01 9.49549762e-03]]
[[3.16227766e+00 3.00274000e-04]
 [3.16227766e+00 1.68856479e-03]
 [3.16227766e+00 9.49549762e-03]
 [1.12201845e+01 3.00274000e-04]
 [1.12201845e+01 1.68856479e-03]
 [1.12201845e+01 9.49549762e-03]
 [3.98107171e+01 3.00274000e-04]
 [3.98107171e+01 1.68856479e-03]
 [3.98107171e+01 9.49549762e-03]]
[[3.16227766e+00 3.00274000e-04]
 [3.16227766e+00 1.68856479e-03]
 [3.16227766e+00 9.49549762e-03]
 [1.12201845e+01 3.00274000e-04]
 [1.12201845e+01 1.68856479e-03]
 [1.12201845e+01 9.49549762e-03]
 [3.98107171e+01 3.00274000e-04]
 [3.98107171e+01 1.68856479e-03]
 [3.98107171e+01 9.49549762e-03]]
[[3.16227766e+00 3.00274000e-04]
 [3.16227766e+00 1.68856479e-03]
 [3.16227766e+00 9.49549762e-03]
 [1.12201845e+01 3.00274000e-04]
 [1.12201845e+01 1.68856479e-03]
 [1.12201845e+01 9.49549762e-03]
 [3.98107171e+01 3.00274000e-04]
 [3.98107171e+01 1.68856479e-03]
 [3.98107171e+01 9.49549762e-03]]
[[3.16227766e+00 3.00274000e-04]
 [3.16227766e+00 1.68856479e-03]
 [3.16227766e+00 9.49549762e-03]
 [1.12201845e+01 3.00274000e-04]
 [1.12201845e+01 1.68856479e-03]
 [1.12201845e+01 9.49549762e-03]
 [3.98107171e+01 3.00274000e-04]
 [3.98107171e+01 1.68856479e-03]
 [3.98107171e+01 9.49549762e-03]]
[[3.16227766e+00 3.00274000e-04]
 [3.16227766e+00 1.68856479e-03]
 [3.16227766e+00 9.49549762e-03]
 [1.12201845e+01 3.00274000e-04]
 [1.12201845e+01 1.68856479e-03]
 [1.12201845e+01 9.49549762e-03]
 [3.98107171e+01 3.00274000e-04]
 [3.98107171e+01 1.68856479e-03]
 [3.98107171e+01 9.49549762e-03]]
[[3.16227766e+00 3.00274000e-04]
 [3.16227766e+00 1.68856479e-03]
 [3.16227766e+00 9.49549762e-03]
 [1.12201845e+01 3.00274000e-04]
 [1.12201845e+01 1.68856479e-03]
 [1.12201845e+01 9.49549762e-03]
 [3.98107171e+01 3.00274000e-04]
 [3.98107171e+01 1.68856479e-03]
 [3.98107171e+01 9.49549762e-03]]
[[3.16227766e+00 3.00274000e-04]
 [3.16227766e+00 1.68856479e-03]
 [3.16227766e+00 9.49549762e-03]
 [1.12201845e+01 3.00274000e-04]
 [1.12201845e+01 1.68856479e-03]
 [1.12201845e+01 9.49549762e-03]
 [3.98107171e+01 3.00274000e-04]
 [3.98107171e+01 1.68856479e-03]
 [3.98107171e+01 9.49549762e-03]]
1.940349761004135 5.992254758107814
0.7654331177510081 0.8235408896382888
5.201579092405103 4.92289494917304
6.18675365954068 2.966532109900726
2.9590278143640147 4.749168948770565
1.2479533096565663 1.552684835805905
2.778965704864292 0.40093790994815076
3.9634397589099346 2.9362874955948834
1.1463985448949157 1.129618407900822
4.230231144906569 3.7041886141157043
4.068994068548845 2.622174111684191
4.212412092546599 4.724597174051968
4.4139006646808765 4.447966379885553
[[3.16227766e+00 3.00274000e-04]
 [3.16227766e+00 1.68856479e-03]
 [3.16227766e+00 9.49549762e-03]
 [1.12201845e+01 3.00274000e-04]
 [1.12201845e+01 1.68856479e-03]
 [1.12201845e+01 9.49549762e-03]
 [3.98107171e+01 3.00274000e-04]
 [3.98107171e+01 1.68856479e-03]
 [3.98107171e+01 9.49549762e-03]]
[[3.16227766e+00 3.00274000e-04]
 [3.16227766e+00 1.68856479e-03]
 [3.16227766e+00 9.49549762e-03]
 [1.12201845e+01 3.00274000e-04]
 [1.12201845e+01 1.68856479e-03]
 [1.12201845e+01 9.49549762e-03]
 [3.98107171e+01 3.00274000e-04]
 [3.98107171e+01 1.68856479e-03]
[[3.16227766e+00 3.00274000e-04]
 [3.16227766e+00 1.68856479e-03]
 [3.16227766e+00 9.49549762e-03]
 [1.12201845e+01 3.00274000e-04]
 [1.12201845e+01 1.68856479e-03]
 [1.12201845e+01 9.49549762e-03]
 [3.98107171e+01 3.00274000e-04]
 [3.98107171e+01 1.68856479e-03]
 [3.98107171e+01 9.49549762e-03]]
[[3.16227766e+00 3.00274000e-04]
 [3.16227766e+00 1.68856479e-03]
 [3.16227766e+00 9.49549762e-03]
 [1.12201845e+01 3.00274000e-04]
 [1.12201845e+01 1.68856479e-03]
 [1.12201845e+01 9.49549762e-03]
 [3.98107171e+01 3.00274000e-04]
 [3.98107171e+01 1.68856479e-03]
 [3.98107171e+01 9.49549762e-03]]
[[3.16227766e+00 3.00274000e-04]
 [3.16227766e+00 1.68856479e-03]
 [3.16227766e+00 9.49549762e-03]
 [1.12201845e+01 3.00274000e-04]
 [1.12201845e+01 1.68856479e-03]
 [1.12201845e+01 9.49549762e-03]
 [3.98107171e+01 3.00274000e-04]
 [3.98107171e+01 1.68856479e-03]
 [3.98107171e+01 9.49549762e-03]]
[[3.16227766e+00 3.00274000e-04]
 [3.16227766e+00 1.68856479e-03]
 [3.16227766e+00 9.49549762e-03]
 [1.12201845e+01 3.00274000e-04]
 [1.12201845e+01 1.68856479e-03]
 [1.12201845e+01 9.49549762e-03]
 [3.98107171e+01 3.00274000e-04]
 [3.98107171e+01 1.68856479e-03]
 [3.98107171e+01 9.49549762e-03]]
[[3.16227766e+00 3.00274000e-04]
 [3.16227766e+00 1.68856479e-03]
 [3.16227766e+00 9.49549762e-03]
 [1.12201845e+01 3.00274000e-04]
 [1.12201845e+01 1.68856479e-03]
 [1.12201845e+01 9.49549762e-03]
 [3.98107171e+01 3.00274000e-04]
 [3.98107171e+01 1.68856479e-03]
 [3.98107171e+01 9.49549762e-03]]
 [3.98107171e+01 9.49549762e-03]]
[[3.16227766e+00 3.00274000e-04]
 [3.16227766e+00 1.68856479e-03]
 [3.16227766e+00 9.49549762e-03]
 [1.12201845e+01 3.00274000e-04]
 [1.12201845e+01 1.68856479e-03]
 [1.12201845e+01 9.49549762e-03]
 [3.98107171e+01 3.00274000e-04]
 [3.98107171e+01 1.68856479e-03]
 [3.98107171e+01 9.49549762e-03]]
4.900803411941068 1.8550791388035353
3.708489033883802 1.2831596705376718
2.3610291319697208 2.950349679299952
5.490475282468209 2.418253945653045
0.4716963486109086 2.3206087338942805
3.473153574753652 0.30548640295876567
1.6452169270155088 1.0866192548268774
0.14429929296435046 2.407802807674927
[[3.16227766e+00 3.00274000e-04]
 [3.16227766e+00 1.68856479e-03]
 [3.16227766e+00 9.49549762e-03]
 [1.12201845e+01 3.00274000e-04]
 [1.12201845e+01 1.68856479e-03]
 [1.12201845e+01 9.49549762e-03]
 [3.98107171e+01 3.00274000e-04]
 [3.98107171e+01 1.68856479e-03]
[[3.16227766e+00 3.00274000e-04]
 [3.16227766e+00 1.68856479e-03]
 [3.16227766e+00 9.49549762e-03]
 [1.12201845e+01 3.00274000e-04]
 [1.12201845e+01 1.68856479e-03]
 [1.12201845e+01 9.49549762e-03]
 [3.98107171e+01 3.00274000e-04]
 [3.98107171e+01 1.68856479e-03]
 [3.98107171e+01 9.49549762e-03]]
[[3.16227766e+00 3.00274000e-04]
 [3.16227766e+00 1.68856479e-03]
 [3.16227766e+00 9.49549762e-03]
 [1.12201845e+01 3.00274000e-04]
 [1.12201845e+01 1.68856479e-03]
 [1.12201845e+01 9.49549762e-03]
 [3.98107171e+01 3.00274000e-04]
 [3.98107171e+01 1.68856479e-03]
 [3.98107171e+01 9.49549762e-03]]
[[3.16227766e+00 3.00274000e-04]
 [3.16227766e+00 1.68856479e-03]
 [3.16227766e+00 9.49549762e-03]
 [1.12201845e+01 3.00274000e-04]
 [1.12201845e+01 1.68856479e-03]
 [1.12201845e+01 9.49549762e-03]
 [3.98107171e+01 3.00274000e-04]
 [3.98107171e+01 1.68856479e-03]
 [3.98107171e+01 9.49549762e-03]]
[[3.16227766e+00 3.00274000e-04]
 [3.16227766e+00 1.68856479e-03]
 [3.16227766e+00 9.49549762e-03]
 [1.12201845e+01 3.00274000e-04]
 [1.12201845e+01 1.68856479e-03]
 [1.12201845e+01 9.49549762e-03]
 [3.98107171e+01 3.00274000e-04]
 [3.98107171e+01 1.68856479e-03]
 [3.98107171e+01 9.49549762e-03]]
[[3.16227766e+00 3.00274000e-04]
 [3.16227766e+00 1.68856479e-03]
 [3.16227766e+00 9.49549762e-03]
 [1.12201845e+01 3.00274000e-04]
 [1.12201845e+01 1.68856479e-03]
 [1.12201845e+01 9.49549762e-03]
 [3.98107171e+01 3.00274000e-04]
 [3.98107171e+01 1.68856479e-03]
 [3.98107171e+01 9.49549762e-03]]
[[3.16227766e+00 3.00274000e-04]
 [3.16227766e+00 1.68856479e-03]
 [3.16227766e+00 9.49549762e-03]
 [1.12201845e+01 3.00274000e-04]
 [1.12201845e+01 1.68856479e-03]
 [1.12201845e+01 9.49549762e-03]
 [3.98107171e+01 3.00274000e-04]
 [3.98107171e+01 1.68856479e-03]
 [3.98107171e+01 9.49549762e-03]]
[[3.16227766e+00 3.00274000e-04]
 [3.16227766e+00 1.68856479e-03]
 [3.16227766e+00 9.49549762e-03]
 [1.12201845e+01 3.00274000e-04]
 [1.12201845e+01 1.68856479e-03]
 [1.12201845e+01 9.49549762e-03]
 [3.98107171e+01 3.00274000e-04]
 [3.98107171e+01 1.68856479e-03]
 [3.98107171e+01 9.49549762e-03]]
[[3.16227766e+00 3.00274000e-04]
 [3.16227766e+00 1.68856479e-03]
 [3.16227766e+00 9.49549762e-03]
 [1.12201845e+01 3.00274000e-04]
 [1.12201845e+01 1.68856479e-03]
 [1.12201845e+01 9.49549762e-03]
 [3.98107171e+01 3.00274000e-04]
 [3.98107171e+01 1.68856479e-03]
 [3.98107171e+01 9.49549762e-03]]
[[3.16227766e+00 3.00274000e-04]
 [3.16227766e+00 1.68856479e-03]
 [3.16227766e+00 9.49549762e-03]
 [1.12201845e+01 3.00274000e-04]
 [1.12201845e+01 1.68856479e-03]
 [1.12201845e+01 9.49549762e-03]
 [3.98107171e+01 3.00274000e-04]
 [3.98107171e+01 1.68856479e-03]
 [3.98107171e+01 9.49549762e-03]]
[[3.16227766e+00 3.00274000e-04]
 [3.16227766e+00 1.68856479e-03]
 [3.16227766e+00 9.49549762e-03]
 [1.12201845e+01 3.00274000e-04]
 [1.12201845e+01 1.68856479e-03]
 [1.12201845e+01 9.49549762e-03]
 [3.98107171e+01 3.00274000e-04]
 [3.98107171e+01 1.68856479e-03]
 [3.98107171e+01 9.49549762e-03]]
[[3.16227766e+00 3.00274000e-04]
 [3.16227766e+00 1.68856479e-03]
 [3.16227766e+00 9.49549762e-03]
 [1.12201845e+01 3.00274000e-04]
 [1.12201845e+01 1.68856479e-03]
 [1.12201845e+01 9.49549762e-03]
 [3.98107171e+01 3.00274000e-04]
 [3.98107171e+01 1.68856479e-03]
 [3.98107171e+01 9.49549762e-03]]
[[3.16227766e+00 3.00274000e-04]
 [3.16227766e+00 1.68856479e-03]
 [3.16227766e+00 9.49549762e-03]
 [1.12201845e+01 3.00274000e-04]
 [1.12201845e+01 1.68856479e-03]
 [1.12201845e+01 9.49549762e-03]
 [3.98107171e+01 3.00274000e-04]
 [3.98107171e+01 1.68856479e-03]
 [3.98107171e+01 9.49549762e-03]]
[[3.16227766e+00 3.00274000e-04]
 [3.16227766e+00 1.68856479e-03]
 [3.16227766e+00 9.49549762e-03]
 [1.12201845e+01 3.00274000e-04]
 [1.12201845e+01 1.68856479e-03]
 [1.12201845e+01 9.49549762e-03]
 [3.98107171e+01 3.00274000e-04]
 [3.98107171e+01 1.68856479e-03]
 [3.98107171e+01 9.49549762e-03]]
[[3.16227766e+00 3.00274000e-04]
 [3.16227766e+00 1.68856479e-03]
 [3.16227766e+00 9.49549762e-03]
 [1.12201845e+01 3.00274000e-04]
 [1.12201845e+01 1.68856479e-03]
 [1.12201845e+01 9.49549762e-03]
 [3.98107171e+01 3.00274000e-04]
 [3.98107171e+01 1.68856479e-03]
 [3.98107171e+01 9.49549762e-03]]
[[3.16227766e+00 3.00274000e-04]
 [3.16227766e+00 1.68856479e-03]
 [3.16227766e+00 9.49549762e-03]
 [1.12201845e+01 3.00274000e-04]
 [1.12201845e+01 1.68856479e-03]
 [1.12201845e+01 9.49549762e-03]
 [3.98107171e+01 3.00274000e-04]
 [3.98107171e+01 1.68856479e-03]
 [3.98107171e+01 9.49549762e-03]]
[[3.16227766e+00 3.00274000e-04]
 [3.16227766e+00 1.68856479e-03]
 [3.16227766e+00 9.49549762e-03]
 [1.12201845e+01 3.00274000e-04]
 [1.12201845e+01 1.68856479e-03]
 [1.12201845e+01 9.49549762e-03]
 [3.98107171e+01 3.00274000e-04]
 [3.98107171e+01 1.68856479e-03]
 [3.98107171e+01 9.49549762e-03]]
[[3.16227766e+00 3.00274000e-04]
 [3.16227766e+00 1.68856479e-03]
 [3.16227766e+00 9.49549762e-03]
 [1.12201845e+01 3.00274000e-04]
 [1.12201845e+01 1.68856479e-03]
 [1.12201845e+01 9.49549762e-03]
 [3.98107171e+01 3.00274000e-04]
 [3.98107171e+01 1.68856479e-03]
 [3.98107171e+01 9.49549762e-03]]
[[3.16227766e+00 3.00274000e-04]
 [3.16227766e+00 1.68856479e-03]
 [3.16227766e+00 9.49549762e-03]
 [1.12201845e+01 3.00274000e-04]
 [1.12201845e+01 1.68856479e-03]
 [1.12201845e+01 9.49549762e-03]
 [3.98107171e+01 3.00274000e-04]
 [3.98107171e+01 1.68856479e-03]
 [3.98107171e+01 9.49549762e-03]]
[[3.16227766e+00 3.00274000e-04]
 [3.16227766e+00 1.68856479e-03]
 [3.16227766e+00 9.49549762e-03]
 [1.12201845e+01 3.00274000e-04]
 [1.12201845e+01 1.68856479e-03]
 [1.12201845e+01 9.49549762e-03]
 [3.98107171e+01 3.00274000e-04]
 [3.98107171e+01 1.68856479e-03]
 [3.98107171e+01 9.49549762e-03]]
 [3.98107171e+01 9.49549762e-03]]
[[3.16227766e+00 3.00274000e-04]
 [3.16227766e+00 1.68856479e-03]
 [3.16227766e+00 9.49549762e-03]
 [1.12201845e+01 3.00274000e-04]
 [1.12201845e+01 1.68856479e-03]
 [1.12201845e+01 9.49549762e-03]
 [3.98107171e+01 3.00274000e-04]
 [3.98107171e+01 1.68856479e-03]
 [3.98107171e+01 9.49549762e-03]]
[[3.16227766e+00 3.00274000e-04]
 [3.16227766e+00 1.68856479e-03]
 [3.16227766e+00 9.49549762e-03]
 [1.12201845e+01 3.00274000e-04]
 [1.12201845e+01 1.68856479e-03]
 [1.12201845e+01 9.49549762e-03]
 [3.98107171e+01 3.00274000e-04]
 [3.98107171e+01 1.68856479e-03]
 [3.98107171e+01 9.49549762e-03]]
[[3.16227766e+00 3.00274000e-04]
 [3.16227766e+00 1.68856479e-03]
 [3.16227766e+00 9.49549762e-03]
 [1.12201845e+01 3.00274000e-04]
 [1.12201845e+01 1.68856479e-03]
 [1.12201845e+01 9.49549762e-03]
 [3.98107171e+01 3.00274000e-04]
 [3.98107171e+01 1.68856479e-03]
 [3.98107171e+01 9.49549762e-03]]
[[3.16227766e+00 3.00274000e-04]
 [3.16227766e+00 1.68856479e-03]
 [3.16227766e+00 9.49549762e-03]
 [1.12201845e+01 3.00274000e-04]
 [1.12201845e+01 1.68856479e-03]
 [1.12201845e+01 9.49549762e-03]
 [3.98107171e+01 3.00274000e-04]
 [3.98107171e+01 1.68856479e-03]
 [3.98107171e+01 9.49549762e-03]]
3.709305309478446 1.618068389940552
3.097098147346682 2.8516082661841806
5.4998538558490155 2.1955070199282822
5.8311494073646735 3.096783595055317
3.1354288424859345 4.766379271704268
1.5970629764103397 5.713177947516131
4.599405204752792 2.075658649814516
3.422384753229809 1.5143229068476791
4.385353010625544 3.9035927732291325
2.428576568438749 2.0616558174433677
4.7475542254146434 5.606574597477778
2.8716489013216324 4.046650706783548
3.1527238924520877 5.534339927716965
5.896415853697338 2.499862062837066
4.29509171731092 0.5301762907711052
5.240873894024973 3.259323252266812
1.2094411050551768 0.8047937170202816
1.3946781888210502 4.405161010205903
0.7020198029578089 5.241350857473465
3.7244574170147597 1.114586550323965
4.470820741979639 0.7349673797638572
2.678453029976221 1.4575072680605352
4.713529020232964 3.158649701099425
2.5833974679246112 2.0156209831307037
[[3.16227766e+00 3.00274000e-04]
 [3.16227766e+00 1.68856479e-03]
 [3.16227766e+00 9.49549762e-03]
 [1.12201845e+01 3.00274000e-04]
 [1.12201845e+01 1.68856479e-03]
 [1.12201845e+01 9.49549762e-03]
 [3.98107171e+01 3.00274000e-04]
 [3.98107171e+01 1.68856479e-03]
[[3.16227766e+00 3.00274000e-04]
 [3.16227766e+00 1.68856479e-03]
 [3.16227766e+00 9.49549762e-03]
 [1.12201845e+01 3.00274000e-04]
 [1.12201845e+01 1.68856479e-03]
 [1.12201845e+01 9.49549762e-03]
 [3.98107171e+01 3.00274000e-04]
 [3.98107171e+01 1.68856479e-03]
 [3.98107171e+01 9.49549762e-03]]
[[3.16227766e+00 3.00274000e-04]
 [3.16227766e+00 1.68856479e-03]
 [3.16227766e+00 9.49549762e-03]
 [1.12201845e+01 3.00274000e-04]
 [1.12201845e+01 1.68856479e-03]
 [1.12201845e+01 9.49549762e-03]
 [3.98107171e+01 3.00274000e-04]
 [3.98107171e+01 1.68856479e-03]
 [3.98107171e+01 9.49549762e-03]]
[[3.16227766e+00 3.00274000e-04]
 [3.16227766e+00 1.68856479e-03]
 [3.16227766e+00 9.49549762e-03]
 [1.12201845e+01 3.00274000e-04]
 [1.12201845e+01 1.68856479e-03]
 [1.12201845e+01 9.49549762e-03]
 [3.98107171e+01 3.00274000e-04]
 [3.98107171e+01 1.68856479e-03]
 [3.98107171e+01 9.49549762e-03]]
[[3.16227766e+00 3.00274000e-04]
 [3.16227766e+00 1.68856479e-03]
 [3.16227766e+00 9.49549762e-03]
 [1.12201845e+01 3.00274000e-04]
 [1.12201845e+01 1.68856479e-03]
 [1.12201845e+01 9.49549762e-03]
 [3.98107171e+01 3.00274000e-04]
 [3.98107171e+01 1.68856479e-03]
 [3.98107171e+01 9.49549762e-03]]
[[3.16227766e+00 3.00274000e-04]
 [3.16227766e+00 1.68856479e-03]
 [3.16227766e+00 9.49549762e-03]
 [1.12201845e+01 3.00274000e-04]
 [1.12201845e+01 1.68856479e-03]
 [1.12201845e+01 9.49549762e-03]
 [3.98107171e+01 3.00274000e-04]
 [3.98107171e+01 1.68856479e-03]
 [3.98107171e+01 9.49549762e-03]]
[[3.16227766e+00 3.00274000e-04]
 [3.16227766e+00 1.68856479e-03]
 [3.16227766e+00 9.49549762e-03]
 [1.12201845e+01 3.00274000e-04]
 [1.12201845e+01 1.68856479e-03]
 [1.12201845e+01 9.49549762e-03]
 [3.98107171e+01 3.00274000e-04]
 [3.98107171e+01 1.68856479e-03]
 [3.98107171e+01 9.49549762e-03]]
[[3.16227766e+00 3.00274000e-04]
 [3.16227766e+00 1.68856479e-03]
 [3.16227766e+00 9.49549762e-03]
 [1.12201845e+01 3.00274000e-04]
 [1.12201845e+01 1.68856479e-03]
 [1.12201845e+01 9.49549762e-03]
 [3.98107171e+01 3.00274000e-04]
 [3.98107171e+01 1.68856479e-03]
 [3.98107171e+01 9.49549762e-03]]
[[3.16227766e+00 3.00274000e-04]
 [3.16227766e+00 1.68856479e-03]
 [3.16227766e+00 9.49549762e-03]
 [1.12201845e+01 3.00274000e-04]
 [1.12201845e+01 1.68856479e-03]
 [1.12201845e+01 9.49549762e-03]
 [3.98107171e+01 3.00274000e-04]
 [3.98107171e+01 1.68856479e-03]
 [3.98107171e+01 9.49549762e-03]]
[[3.16227766e+00 3.00274000e-04]
 [3.16227766e+00 1.68856479e-03]
 [3.16227766e+00 9.49549762e-03]
 [1.12201845e+01 3.00274000e-04]
 [1.12201845e+01 1.68856479e-03]
 [1.12201845e+01 9.49549762e-03]
 [3.98107171e+01 3.00274000e-04]
 [3.98107171e+01 1.68856479e-03]
 [3.98107171e+01 9.49549762e-03]]
[[3.16227766e+00 3.00274000e-04]
 [3.16227766e+00 1.68856479e-03]
 [3.16227766e+00 9.49549762e-03]
 [1.12201845e+01 3.00274000e-04]
 [1.12201845e+01 1.68856479e-03]
 [1.12201845e+01 9.49549762e-03]
 [3.98107171e+01 3.00274000e-04]
 [3.98107171e+01 1.68856479e-03]
 [3.98107171e+01 9.49549762e-03]]
[[3.16227766e+00 3.00274000e-04]
 [3.16227766e+00 1.68856479e-03]
 [3.16227766e+00 9.49549762e-03]
 [1.12201845e+01 3.00274000e-04]
 [1.12201845e+01 1.68856479e-03]
 [1.12201845e+01 9.49549762e-03]
 [3.98107171e+01 3.00274000e-04]
 [3.98107171e+01 1.68856479e-03]
 [3.98107171e+01 9.49549762e-03]]
[[3.16227766e+00 3.00274000e-04]
 [3.16227766e+00 1.68856479e-03]
 [3.16227766e+00 9.49549762e-03]
 [1.12201845e+01 3.00274000e-04]
 [1.12201845e+01 1.68856479e-03]
 [1.12201845e+01 9.49549762e-03]
 [3.98107171e+01 3.00274000e-04]
 [3.98107171e+01 1.68856479e-03]
 [3.98107171e+01 9.49549762e-03]]
[[3.16227766e+00 3.00274000e-04]
 [3.16227766e+00 1.68856479e-03]
 [3.16227766e+00 9.49549762e-03]
 [1.12201845e+01 3.00274000e-04]
 [1.12201845e+01 1.68856479e-03]
 [1.12201845e+01 9.49549762e-03]
 [3.98107171e+01 3.00274000e-04]
 [3.98107171e+01 1.68856479e-03]
 [3.98107171e+01 9.49549762e-03]]
[[3.16227766e+00 3.00274000e-04]
 [3.16227766e+00 1.68856479e-03]
 [3.16227766e+00 9.49549762e-03]
 [1.12201845e+01 3.00274000e-04]
 [1.12201845e+01 1.68856479e-03]
 [1.12201845e+01 9.49549762e-03]
 [3.98107171e+01 3.00274000e-04]
 [3.98107171e+01 1.68856479e-03]
 [3.98107171e+01 9.49549762e-03]]
[[3.16227766e+00 3.00274000e-04]
 [3.16227766e+00 1.68856479e-03]
 [3.16227766e+00 9.49549762e-03]
 [1.12201845e+01 3.00274000e-04]
 [1.12201845e+01 1.68856479e-03]
 [1.12201845e+01 9.49549762e-03]
 [3.98107171e+01 3.00274000e-04]
 [3.98107171e+01 1.68856479e-03]
 [3.98107171e+01 9.49549762e-03]]
[[3.16227766e+00 3.00274000e-04]
 [3.16227766e+00 1.68856479e-03]
 [3.16227766e+00 9.49549762e-03]
 [1.12201845e+01 3.00274000e-04]
 [1.12201845e+01 1.68856479e-03]
 [1.12201845e+01 9.49549762e-03]
 [3.98107171e+01 3.00274000e-04]
 [3.98107171e+01 1.68856479e-03]
 [3.98107171e+01 9.49549762e-03]]
[[3.16227766e+00 3.00274000e-04]
 [3.16227766e+00 1.68856479e-03]
 [3.16227766e+00 9.49549762e-03]
 [1.12201845e+01 3.00274000e-04]
 [1.12201845e+01 1.68856479e-03]
 [1.12201845e+01 9.49549762e-03]
 [3.98107171e+01 3.00274000e-04]
 [3.98107171e+01 1.68856479e-03]
 [3.98107171e+01 9.49549762e-03]]
[[3.16227766e+00 3.00274000e-04]
 [3.16227766e+00 1.68856479e-03]
 [3.16227766e+00 9.49549762e-03]
 [1.12201845e+01 3.00274000e-04]
 [1.12201845e+01 1.68856479e-03]
 [1.12201845e+01 9.49549762e-03]
 [3.98107171e+01 3.00274000e-04]
 [3.98107171e+01 1.68856479e-03]
 [3.98107171e+01 9.49549762e-03]]
[[3.16227766e+00 3.00274000e-04]
 [3.16227766e+00 1.68856479e-03]
 [3.16227766e+00 9.49549762e-03]
 [1.12201845e+01 3.00274000e-04]
 [1.12201845e+01 1.68856479e-03]
 [1.12201845e+01 9.49549762e-03]
 [3.98107171e+01 3.00274000e-04]
 [3.98107171e+01 1.68856479e-03]
 [3.98107171e+01 9.49549762e-03]]
[[3.16227766e+00 3.00274000e-04]
 [3.16227766e+00 1.68856479e-03]
 [3.16227766e+00 9.49549762e-03]
 [1.12201845e+01 3.00274000e-04]
 [1.12201845e+01 1.68856479e-03]
 [1.12201845e+01 9.49549762e-03]
 [3.98107171e+01 3.00274000e-04]
 [3.98107171e+01 1.68856479e-03]
 [3.98107171e+01 9.49549762e-03]]
[[3.16227766e+00 3.00274000e-04]
 [3.16227766e+00 1.68856479e-03]
 [3.16227766e+00 9.49549762e-03]
 [1.12201845e+01 3.00274000e-04]
 [1.12201845e+01 1.68856479e-03]
 [1.12201845e+01 9.49549762e-03]
 [3.98107171e+01 3.00274000e-04]
 [3.98107171e+01 1.68856479e-03]
 [3.98107171e+01 9.49549762e-03]]
[[3.16227766e+00 3.00274000e-04]
 [3.16227766e+00 1.68856479e-03]
 [3.16227766e+00 9.49549762e-03]
 [1.12201845e+01 3.00274000e-04]
 [1.12201845e+01 1.68856479e-03]
 [1.12201845e+01 9.49549762e-03]
 [3.98107171e+01 3.00274000e-04]
 [3.98107171e+01 1.68856479e-03]
 [3.98107171e+01 9.49549762e-03]]
[[3.16227766e+00 3.00274000e-04]
 [3.16227766e+00 1.68856479e-03]
 [3.16227766e+00 9.49549762e-03]
 [1.12201845e+01 3.00274000e-04]
 [1.12201845e+01 1.68856479e-03]
 [1.12201845e+01 9.49549762e-03]
 [3.98107171e+01 3.00274000e-04]
 [3.98107171e+01 1.68856479e-03]
 [3.98107171e+01 9.49549762e-03]]
[[3.16227766e+00 3.00274000e-04]
 [3.16227766e+00 1.68856479e-03]
 [3.16227766e+00 9.49549762e-03]
 [1.12201845e+01 3.00274000e-04]
 [1.12201845e+01 1.68856479e-03]
 [1.12201845e+01 9.49549762e-03]
 [3.98107171e+01 3.00274000e-04]
 [3.98107171e+01 1.68856479e-03]
 [3.98107171e+01 9.49549762e-03]]
[[3.16227766e+00 3.00274000e-04]
 [3.16227766e+00 1.68856479e-03]
 [3.16227766e+00 9.49549762e-03]
 [1.12201845e+01 3.00274000e-04]
 [1.12201845e+01 1.68856479e-03]
 [1.12201845e+01 9.49549762e-03]
 [3.98107171e+01 3.00274000e-04]
 [3.98107171e+01 1.68856479e-03]
 [3.98107171e+01 9.49549762e-03]]
[[3.16227766e+00 3.00274000e-04]
 [3.16227766e+00 1.68856479e-03]
 [3.16227766e+00 9.49549762e-03]
 [1.12201845e+01 3.00274000e-04]
 [1.12201845e+01 1.68856479e-03]
 [1.12201845e+01 9.49549762e-03]
 [3.98107171e+01 3.00274000e-04]
 [3.98107171e+01 1.68856479e-03]
 [3.98107171e+01 9.49549762e-03]]
 [3.98107171e+01 9.49549762e-03]]
[[3.16227766e+00 3.00274000e-04]
 [3.16227766e+00 1.68856479e-03]
 [3.16227766e+00 9.49549762e-03]
 [1.12201845e+01 3.00274000e-04]
 [1.12201845e+01 1.68856479e-03]
 [1.12201845e+01 9.49549762e-03]
 [3.98107171e+01 3.00274000e-04]
 [3.98107171e+01 1.68856479e-03]
 [3.98107171e+01 9.49549762e-03]]
[[3.16227766e+00 3.00274000e-04]
 [3.16227766e+00 1.68856479e-03]
 [3.16227766e+00 9.49549762e-03]
 [1.12201845e+01 3.00274000e-04]
 [1.12201845e+01 1.68856479e-03]
 [1.12201845e+01 9.49549762e-03]
 [3.98107171e+01 3.00274000e-04]
 [3.98107171e+01 1.68856479e-03]
 [3.98107171e+01 9.49549762e-03]]
[[3.16227766e+00 3.00274000e-04]
 [3.16227766e+00 1.68856479e-03]
 [3.16227766e+00 9.49549762e-03]
 [1.12201845e+01 3.00274000e-04]
 [1.12201845e+01 1.68856479e-03]
 [1.12201845e+01 9.49549762e-03]
 [3.98107171e+01 3.00274000e-04]
 [3.98107171e+01 1.68856479e-03]
 [3.98107171e+01 9.49549762e-03]]
[[3.16227766e+00 3.00274000e-04]
 [3.16227766e+00 1.68856479e-03]
 [3.16227766e+00 9.49549762e-03]
 [1.12201845e+01 3.00274000e-04]
 [1.12201845e+01 1.68856479e-03]
 [1.12201845e+01 9.49549762e-03]
 [3.98107171e+01 3.00274000e-04]
 [3.98107171e+01 1.68856479e-03]
 [3.98107171e+01 9.49549762e-03]]
[[3.16227766e+00 3.00274000e-04]
 [3.16227766e+00 1.68856479e-03]
 [3.16227766e+00 9.49549762e-03]
 [1.12201845e+01 3.00274000e-04]
 [1.12201845e+01 1.68856479e-03]
 [1.12201845e+01 9.49549762e-03]
 [3.98107171e+01 3.00274000e-04]
 [3.98107171e+01 1.68856479e-03]
 [3.98107171e+01 9.49549762e-03]]
[[3.16227766e+00 3.00274000e-04]
 [3.16227766e+00 1.68856479e-03]
 [3.16227766e+00 9.49549762e-03]
 [1.12201845e+01 3.00274000e-04]
 [1.12201845e+01 1.68856479e-03]
 [1.12201845e+01 9.49549762e-03]
 [3.98107171e+01 3.00274000e-04]
 [3.98107171e+01 1.68856479e-03]
 [3.98107171e+01 9.49549762e-03]]
[[3.16227766e+00 3.00274000e-04]
 [3.16227766e+00 1.68856479e-03]
 [3.16227766e+00 9.49549762e-03]
 [1.12201845e+01 3.00274000e-04]
 [1.12201845e+01 1.68856479e-03]
 [1.12201845e+01 9.49549762e-03]
 [3.98107171e+01 3.00274000e-04]
 [3.98107171e+01 1.68856479e-03]
 [3.98107171e+01 9.49549762e-03]]
2.2859706864615212 6.152218067267607
4.875962577122317 0.321722274893792
1.2921964893004205 5.115961632903149
3.8657826193412195 4.344234123588207
3.424010362380444 2.518884704501359
0.794456460940521 4.20992216722172
1.9241864139425642 1.86919868802896
2.454553260107649 6.281230107440535
[[3.16227766e+00 3.00274000e-04]
 [3.16227766e+00 1.68856479e-03]
 [3.16227766e+00 9.49549762e-03]
 [1.12201845e+01 3.00274000e-04]
 [1.12201845e+01 1.68856479e-03]
 [1.12201845e+01 9.49549762e-03]
 [3.98107171e+01 3.00274000e-04]
 [3.98107171e+01 1.68856479e-03]
 [3.98107171e+01 9.49549762e-03]]
3.4865728171376693 0.9615351489763563
4.927522953268141 2.3666988780412397
5.299022891512051 3.5563630084913567
0.8143124764403371 2.1217216385799773
[[3.16227766e+00 3.00274000e-04]
 [3.16227766e+00 1.68856479e-03]
 [3.16227766e+00 9.49549762e-03]
 [1.12201845e+01 3.00274000e-04]
 [1.12201845e+01 1.68856479e-03]
 [1.12201845e+01 9.49549762e-03]
 [3.98107171e+01 3.00274000e-04]
 [3.98107171e+01 1.68856479e-03]
 [3.98107171e+01 9.49549762e-03]]
[[3.16227766e+00 3.00274000e-04]
 [3.16227766e+00 1.68856479e-03]
 [3.16227766e+00 9.49549762e-03]
 [1.12201845e+01 3.00274000e-04]
 [1.12201845e+01 1.68856479e-03]
 [1.12201845e+01 9.49549762e-03]
 [3.98107171e+01 3.00274000e-04]
 [3.98107171e+01 1.68856479e-03]
 [3.98107171e+01 9.49549762e-03]]
6.025147345248148 0.7235736607242823
[[3.16227766e+00 3.00274000e-04]
 [3.16227766e+00 1.68856479e-03]
 [3.16227766e+00 9.49549762e-03]
 [1.12201845e+01 3.00274000e-04]
 [1.12201845e+01 1.68856479e-03]
 [1.12201845e+01 9.49549762e-03]
 [3.98107171e+01 3.00274000e-04]
 [3.98107171e+01 1.68856479e-03]
 [3.98107171e+01 9.49549762e-03]]
[[3.16227766e+00 3.00274000e-04]
 [3.16227766e+00 1.68856479e-03]
 [3.16227766e+00 9.49549762e-03]
 [1.12201845e+01 3.00274000e-04]
 [1.12201845e+01 1.68856479e-03]
 [1.12201845e+01 9.49549762e-03]
 [3.98107171e+01 3.00274000e-04]
 [3.98107171e+01 1.68856479e-03]
 [3.98107171e+01 9.49549762e-03]]
4.299235074074647 3.7072353372650437
[[3.16227766e+00 3.00274000e-04]
 [3.16227766e+00 1.68856479e-03]
 [3.16227766e+00 9.49549762e-03]
 [1.12201845e+01 3.00274000e-04]
 [1.12201845e+01 1.68856479e-03]
 [1.12201845e+01 9.49549762e-03]
 [3.98107171e+01 3.00274000e-04]
 [3.98107171e+01 1.68856479e-03]
 [3.98107171e+01 9.49549762e-03]]
1.173321349539148 0.7779356532487995
[[3.16227766e+00 3.00274000e-04]
 [3.16227766e+00 1.68856479e-03]
 [3.16227766e+00 9.49549762e-03]
 [1.12201845e+01 3.00274000e-04]
 [1.12201845e+01 1.68856479e-03]
 [1.12201845e+01 9.49549762e-03]
 [3.98107171e+01 3.00274000e-04]
 [3.98107171e+01 1.68856479e-03]
 [3.98107171e+01 9.49549762e-03]]
0.16343331574555775 5.794234201893448
[[3.16227766e+00 3.00274000e-04]
 [3.16227766e+00 1.68856479e-03]
 [3.16227766e+00 9.49549762e-03]
 [1.12201845e+01 3.00274000e-04]
 [1.12201845e+01 1.68856479e-03]
 [1.12201845e+01 9.49549762e-03]
 [3.98107171e+01 3.00274000e-04]
 [3.98107171e+01 1.68856479e-03]
 [3.98107171e+01 9.49549762e-03]]
5.217250017793183 0.8148318582884503
[[3.16227766e+00 3.00274000e-04]
 [3.16227766e+00 1.68856479e-03]
 [3.16227766e+00 9.49549762e-03]
 [1.12201845e+01 3.00274000e-04]
 [1.12201845e+01 1.68856479e-03]
 [1.12201845e+01 9.49549762e-03]
 [3.98107171e+01 3.00274000e-04]
 [3.98107171e+01 1.68856479e-03]
 [3.98107171e+01 9.49549762e-03]]
0.5379911252375386 2.291624166449934
[[3.16227766e+00 3.00274000e-04]
 [3.16227766e+00 1.68856479e-03]
 [3.16227766e+00 9.49549762e-03]
 [1.12201845e+01 3.00274000e-04]
 [1.12201845e+01 1.68856479e-03]
 [1.12201845e+01 9.49549762e-03]
 [3.98107171e+01 3.00274000e-04]
 [3.98107171e+01 1.68856479e-03]
 [3.98107171e+01 9.49549762e-03]]
3.4260552513055713 4.518303798971804
[[3.16227766e+00 3.00274000e-04]
 [3.16227766e+00 1.68856479e-03]
 [3.16227766e+00 9.49549762e-03]
 [1.12201845e+01 3.00274000e-04]
 [1.12201845e+01 1.68856479e-03]
 [1.12201845e+01 9.49549762e-03]
 [3.98107171e+01 3.00274000e-04]
 [3.98107171e+01 1.68856479e-03]
 [3.98107171e+01 9.49549762e-03]]
0.7316464372559406 5.230562126864034
4.251403830516082 2.7637964115817617
[[3.16227766e+00 3.00274000e-04]
 [3.16227766e+00 1.68856479e-03]
 [3.16227766e+00 9.49549762e-03]
 [1.12201845e+01 3.00274000e-04]
 [1.12201845e+01 1.68856479e-03]
 [1.12201845e+01 9.49549762e-03]
 [3.98107171e+01 3.00274000e-04]
 [3.98107171e+01 1.68856479e-03]
 [3.98107171e+01 9.49549762e-03]]
[[3.16227766e+00 3.00274000e-04]
 [3.16227766e+00 1.68856479e-03]
 [3.16227766e+00 9.49549762e-03]
 [1.12201845e+01 3.00274000e-04]
 [1.12201845e+01 1.68856479e-03]
 [1.12201845e+01 9.49549762e-03]
 [3.98107171e+01 3.00274000e-04]
 [3.98107171e+01 1.68856479e-03]
 [3.98107171e+01 9.49549762e-03]]
[[3.16227766e+00 3.00274000e-04]
 [3.16227766e+00 1.68856479e-03]
 [3.16227766e+00 9.49549762e-03]
 [1.12201845e+01 3.00274000e-04]
 [1.12201845e+01 1.68856479e-03]
 [1.12201845e+01 9.49549762e-03]
 [3.98107171e+01 3.00274000e-04]
 [3.98107171e+01 1.68856479e-03]
 [3.98107171e+01 9.49549762e-03]]
[[3.16227766e+00 3.00274000e-04]
 [3.16227766e+00 1.68856479e-03]
 [3.16227766e+00 9.49549762e-03]
 [1.12201845e+01 3.00274000e-04]
 [1.12201845e+01 1.68856479e-03]
 [1.12201845e+01 9.49549762e-03]
 [3.98107171e+01 3.00274000e-04]
 [3.98107171e+01 1.68856479e-03]
 [3.98107171e+01 9.49549762e-03]]
[[3.16227766e+00 3.00274000e-04]
 [3.16227766e+00 1.68856479e-03]
 [3.16227766e+00 9.49549762e-03]
 [1.12201845e+01 3.00274000e-04]
 [1.12201845e+01 1.68856479e-03]
 [1.12201845e+01 9.49549762e-03]
 [3.98107171e+01 3.00274000e-04]
 [3.98107171e+01 1.68856479e-03]
 [3.98107171e+01 9.49549762e-03]]
0.07431529752636222 4.436795947896387
[[3.16227766e+00 3.00274000e-04]
 [3.16227766e+00 1.68856479e-03]
 [3.16227766e+00 9.49549762e-03]
 [1.12201845e+01 3.00274000e-04]
 [1.12201845e+01 1.68856479e-03]
 [1.12201845e+01 9.49549762e-03]
 [3.98107171e+01 3.00274000e-04]
 [3.98107171e+01 1.68856479e-03]
 [3.98107171e+01 9.49549762e-03]]
1.060790428727321 5.4577120027709025
[[3.16227766e+00 3.00274000e-04]
 [3.16227766e+00 1.68856479e-03]
 [3.16227766e+00 9.49549762e-03]
 [1.12201845e+01 3.00274000e-04]
 [1.12201845e+01 1.68856479e-03]
 [1.12201845e+01 9.49549762e-03]
 [3.98107171e+01 3.00274000e-04]
 [3.98107171e+01 1.68856479e-03]
 [3.98107171e+01 9.49549762e-03]]
4.926692702248743 1.2767309379339813
3.476125728477449 2.9642913057042444
1.2915423675749351 6.214580144527582
[[3.16227766e+00 3.00274000e-04]
 [3.16227766e+00 1.68856479e-03]
 [3.16227766e+00 9.49549762e-03]
 [1.12201845e+01 3.00274000e-04]
 [1.12201845e+01 1.68856479e-03]
 [1.12201845e+01 9.49549762e-03]
 [3.98107171e+01 3.00274000e-04]
 [3.98107171e+01 1.68856479e-03]
 [3.98107171e+01 9.49549762e-03]]
5.808923833535059 0.4841479293449406
5.481363117960968 0.9689535945397166
1.0563413538405322 0.4106311722926671
2.0201320499700333 1.8298683206030704
5.435968567701315 4.61320935179533
5.443328393313217 2.579591504929559
1.328925120634146 1.0910985764056829
[[3.16227766e+00 3.00274000e-04]
 [3.16227766e+00 1.68856479e-03]
 [3.16227766e+00 9.49549762e-03]
 [1.12201845e+01 3.00274000e-04]
 [1.12201845e+01 1.68856479e-03]
 [1.12201845e+01 9.49549762e-03]
 [3.98107171e+01 3.00274000e-04]
 [3.98107171e+01 1.68856479e-03]
 [3.98107171e+01 9.49549762e-03]]
[[3.16227766e+00 3.00274000e-04]
 [3.16227766e+00 1.68856479e-03]
 [3.16227766e+00 9.49549762e-03]
 [1.12201845e+01 3.00274000e-04]
 [1.12201845e+01 1.68856479e-03]
 [1.12201845e+01 9.49549762e-03]
 [3.98107171e+01 3.00274000e-04]
 [3.98107171e+01 1.68856479e-03]
 [3.98107171e+01 9.49549762e-03]]
[[3.16227766e+00 3.00274000e-04]
 [3.16227766e+00 1.68856479e-03]
 [3.16227766e+00 9.49549762e-03]
 [1.12201845e+01 3.00274000e-04]
 [1.12201845e+01 1.68856479e-03]
 [1.12201845e+01 9.49549762e-03]
 [3.98107171e+01 3.00274000e-04]
 [3.98107171e+01 1.68856479e-03]
 [3.98107171e+01 9.49549762e-03]]
5.683946667062212 0.4245120738305528
[[3.16227766e+00 3.00274000e-04]
 [3.16227766e+00 1.68856479e-03]
 [3.16227766e+00 9.49549762e-03]
 [1.12201845e+01 3.00274000e-04]
 [1.12201845e+01 1.68856479e-03]
 [1.12201845e+01 9.49549762e-03]
 [3.98107171e+01 3.00274000e-04]
 [3.98107171e+01 1.68856479e-03]
 [3.98107171e+01 9.49549762e-03]]
[[3.16227766e+00 3.00274000e-04]
 [3.16227766e+00 1.68856479e-03]
 [3.16227766e+00 9.49549762e-03]
 [1.12201845e+01 3.00274000e-04]
 [1.12201845e+01 1.68856479e-03]
 [1.12201845e+01 9.49549762e-03]
 [3.98107171e+01 3.00274000e-04]
 [3.98107171e+01 1.68856479e-03]
 [3.98107171e+01 9.49549762e-03]]
[[3.16227766e+00 3.00274000e-04]
 [3.16227766e+00 1.68856479e-03]
 [3.16227766e+00 9.49549762e-03]
 [1.12201845e+01 3.00274000e-04]
 [1.12201845e+01 1.68856479e-03]
 [1.12201845e+01 9.49549762e-03]
 [3.98107171e+01 3.00274000e-04]
 [3.98107171e+01 1.68856479e-03]
 [3.98107171e+01 9.49549762e-03]]
[[3.16227766e+00 3.00274000e-04]
 [3.16227766e+00 1.68856479e-03]
 [3.16227766e+00 9.49549762e-03]
 [1.12201845e+01 3.00274000e-04]
 [1.12201845e+01 1.68856479e-03]
 [1.12201845e+01 9.49549762e-03]
 [3.98107171e+01 3.00274000e-04]
 [3.98107171e+01 1.68856479e-03]
 [3.98107171e+01 9.49549762e-03]]
[[3.16227766e+00 3.00274000e-04]
 [3.16227766e+00 1.68856479e-03]
 [3.16227766e+00 9.49549762e-03]
 [1.12201845e+01 3.00274000e-04]
 [1.12201845e+01 1.68856479e-03]
 [1.12201845e+01 9.49549762e-03]
 [3.98107171e+01 3.00274000e-04]
 [3.98107171e+01 1.68856479e-03]
 [3.98107171e+01 9.49549762e-03]]
[[3.16227766e+00 3.00274000e-04]
 [3.16227766e+00 1.68856479e-03]
 [3.16227766e+00 9.49549762e-03]
 [1.12201845e+01 3.00274000e-04]
 [1.12201845e+01 1.68856479e-03]
 [1.12201845e+01 9.49549762e-03]
 [3.98107171e+01 3.00274000e-04]
 [3.98107171e+01 1.68856479e-03]
 [3.98107171e+01 9.49549762e-03]]
[[3.16227766e+00 3.00274000e-04]
 [3.16227766e+00 1.68856479e-03]
 [3.16227766e+00 9.49549762e-03]
 [1.12201845e+01 3.00274000e-04]
 [1.12201845e+01 1.68856479e-03]
 [1.12201845e+01 9.49549762e-03]
 [3.98107171e+01 3.00274000e-04]
 [3.98107171e+01 1.68856479e-03]
 [3.98107171e+01 9.49549762e-03]]
[[3.16227766e+00 3.00274000e-04]
 [3.16227766e+00 1.68856479e-03]
 [3.16227766e+00 9.49549762e-03]
 [1.12201845e+01 3.00274000e-04]
 [1.12201845e+01 1.68856479e-03]
 [1.12201845e+01 9.49549762e-03]
 [3.98107171e+01 3.00274000e-04]
 [3.98107171e+01 1.68856479e-03]
 [3.98107171e+01 9.49549762e-03]]
[[3.16227766e+00 3.00274000e-04]
 [3.16227766e+00 1.68856479e-03]
 [3.16227766e+00 9.49549762e-03]
 [1.12201845e+01 3.00274000e-04]
 [1.12201845e+01 1.68856479e-03]
 [1.12201845e+01 9.49549762e-03]
 [3.98107171e+01 3.00274000e-04]
 [3.98107171e+01 1.68856479e-03]
 [3.98107171e+01 9.49549762e-03]]
[[3.16227766e+00 3.00274000e-04]
 [3.16227766e+00 1.68856479e-03]
 [3.16227766e+00 9.49549762e-03]
 [1.12201845e+01 3.00274000e-04]
 [1.12201845e+01 1.68856479e-03]
 [1.12201845e+01 9.49549762e-03]
 [3.98107171e+01 3.00274000e-04]
 [3.98107171e+01 1.68856479e-03]
 [3.98107171e+01 9.49549762e-03]]
[[3.16227766e+00 3.00274000e-04]
 [3.16227766e+00 1.68856479e-03]
 [3.16227766e+00 9.49549762e-03]
 [1.12201845e+01 3.00274000e-04]
 [1.12201845e+01 1.68856479e-03]
 [1.12201845e+01 9.49549762e-03]
 [3.98107171e+01 3.00274000e-04]
 [3.98107171e+01 1.68856479e-03]
 [3.98107171e+01 9.49549762e-03]]
[[3.16227766e+00 3.00274000e-04]
 [3.16227766e+00 1.68856479e-03]
 [3.16227766e+00 9.49549762e-03]
 [1.12201845e+01 3.00274000e-04]
 [1.12201845e+01 1.68856479e-03]
 [1.12201845e+01 9.49549762e-03]
 [3.98107171e+01 3.00274000e-04]
 [3.98107171e+01 1.68856479e-03]
 [3.98107171e+01 9.49549762e-03]]
[[3.16227766e+00 3.00274000e-04]
 [3.16227766e+00 1.68856479e-03]
 [3.16227766e+00 9.49549762e-03]
 [1.12201845e+01 3.00274000e-04]
 [1.12201845e+01 1.68856479e-03]
 [1.12201845e+01 9.49549762e-03]
 [3.98107171e+01 3.00274000e-04]
 [3.98107171e+01 1.68856479e-03]
 [3.98107171e+01 9.49549762e-03]]
[[3.16227766e+00 3.00274000e-04]
 [3.16227766e+00 1.68856479e-03]
 [3.16227766e+00 9.49549762e-03]
 [1.12201845e+01 3.00274000e-04]
 [1.12201845e+01 1.68856479e-03]
 [1.12201845e+01 9.49549762e-03]
 [3.98107171e+01 3.00274000e-04]
 [3.98107171e+01 1.68856479e-03]
 [3.98107171e+01 9.49549762e-03]]
[[3.16227766e+00 3.00274000e-04]
 [3.16227766e+00 1.68856479e-03]
 [3.16227766e+00 9.49549762e-03]
 [1.12201845e+01 3.00274000e-04]
 [1.12201845e+01 1.68856479e-03]
 [1.12201845e+01 9.49549762e-03]
 [3.98107171e+01 3.00274000e-04]
 [3.98107171e+01 1.68856479e-03]
 [3.98107171e+01 9.49549762e-03]]
2.1143829261695104 4.079776648821951
5.103727648103821 2.3712643966668168
3.6999013343188625 5.5178272132813495
4.586409804408545 3.5756865387511603
0.15164611588770258 2.1094623486203194
4.732424208918396 2.5707332908255913
1.689760307822596 4.707008992435183
1.618791152533164 0.055568182011249766
2.182551734689894 2.9961468864514638
2.5283387450454993 3.4177447408177457
1.420194910398899 2.3802323396077623
3.8943436269027676 5.473569975556899
3.820591251077839 0.6172067323402042
4.156328889044509 4.12500132859654
5.871395006805241 1.3506891224511404
5.7439353575932515 2.792611076063568
3.3009024018143562 2.011217353880577
0.353270799531333 3.9748012541782907
5.148383105549956 4.256819820005044
2.504412023824516 0.32260900496650174
6.041732488780813 1.7496043271985293
3.809584801908289 4.411524018480234
1.4342182783296462 3.4323897824616587
2.419543507992385 4.651782931416085
2.4792341259733064 4.737999712472825
5.943713193806029 5.795210330506162
1.3025597624653298 4.479431002244293
3.8857954268109585 3.5388082244100953
5.37136760866899 4.029839201604528
0.2455341832166202 4.566727405420147
4.56277542230666 1.2876331038500048
6.195917313827535 4.858795179321493
2.554497290053302 3.645103027085829
3.4194109670031603 2.688206202971561
3.7560922028423662 2.806285114610236
3.7435492792394855 5.5663217865851715
1.352475738339444 1.4497658877235735
[[3.16227766e+00 3.00274000e-04]
 [3.16227766e+00 1.68856479e-03]
 [3.16227766e+00 9.49549762e-03]
 [1.12201845e+01 3.00274000e-04]
 [1.12201845e+01 1.68856479e-03]
 [1.12201845e+01 9.49549762e-03]
 [3.98107171e+01 3.00274000e-04]
 [3.98107171e+01 1.68856479e-03]
 [3.98107171e+01 9.49549762e-03]]
[[3.16227766e+00 3.00274000e-04]
 [3.16227766e+00 1.68856479e-03]
 [3.16227766e+00 9.49549762e-03]
 [1.12201845e+01 3.00274000e-04]
 [1.12201845e+01 1.68856479e-03]
 [1.12201845e+01 9.49549762e-03]
 [3.98107171e+01 3.00274000e-04]
 [3.98107171e+01 1.68856479e-03]
 [3.98107171e+01 9.49549762e-03]]
[[3.16227766e+00 3.00274000e-04]
 [3.16227766e+00 1.68856479e-03]
 [3.16227766e+00 9.49549762e-03]
 [1.12201845e+01 3.00274000e-04]
 [1.12201845e+01 1.68856479e-03]
 [1.12201845e+01 9.49549762e-03]
 [3.98107171e+01 3.00274000e-04]
 [3.98107171e+01 1.68856479e-03]
 [3.98107171e+01 9.49549762e-03]]
[[3.16227766e+00 3.00274000e-04]
 [3.16227766e+00 1.68856479e-03]
 [3.16227766e+00 9.49549762e-03]
 [1.12201845e+01 3.00274000e-04]
 [1.12201845e+01 1.68856479e-03]
 [1.12201845e+01 9.49549762e-03]
 [3.98107171e+01 3.00274000e-04]
 [3.98107171e+01 1.68856479e-03]
 [3.98107171e+01 9.49549762e-03]]
[[3.16227766e+00 3.00274000e-04]
 [3.16227766e+00 1.68856479e-03]
 [3.16227766e+00 9.49549762e-03]
 [1.12201845e+01 3.00274000e-04]
 [1.12201845e+01 1.68856479e-03]
 [1.12201845e+01 9.49549762e-03]
 [3.98107171e+01 3.00274000e-04]
 [3.98107171e+01 1.68856479e-03]
 [3.98107171e+01 9.49549762e-03]]
[[3.16227766e+00 3.00274000e-04]
 [3.16227766e+00 1.68856479e-03]
 [3.16227766e+00 9.49549762e-03]
 [1.12201845e+01 3.00274000e-04]
 [1.12201845e+01 1.68856479e-03]
 [1.12201845e+01 9.49549762e-03]
 [3.98107171e+01 3.00274000e-04]
 [3.98107171e+01 1.68856479e-03]
[[3.16227766e+00 3.00274000e-04]
 [3.16227766e+00 1.68856479e-03]
 [3.16227766e+00 9.49549762e-03]
 [1.12201845e+01 3.00274000e-04]
 [1.12201845e+01 1.68856479e-03]
 [1.12201845e+01 9.49549762e-03]
 [3.98107171e+01 3.00274000e-04]
 [3.98107171e+01 1.68856479e-03]
 [3.98107171e+01 9.49549762e-03]]
[[3.16227766e+00 3.00274000e-04]
 [3.16227766e+00 1.68856479e-03]
 [3.16227766e+00 9.49549762e-03]
 [1.12201845e+01 3.00274000e-04]
 [1.12201845e+01 1.68856479e-03]
 [1.12201845e+01 9.49549762e-03]
 [3.98107171e+01 3.00274000e-04]
 [3.98107171e+01 1.68856479e-03]
 [3.98107171e+01 9.49549762e-03]]
[[3.16227766e+00 3.00274000e-04]
 [3.16227766e+00 1.68856479e-03]
 [3.16227766e+00 9.49549762e-03]
 [1.12201845e+01 3.00274000e-04]
 [1.12201845e+01 1.68856479e-03]
 [1.12201845e+01 9.49549762e-03]
 [3.98107171e+01 3.00274000e-04]
 [3.98107171e+01 1.68856479e-03]
 [3.98107171e+01 9.49549762e-03]]
[[3.16227766e+00 3.00274000e-04]
 [3.16227766e+00 1.68856479e-03]
 [3.16227766e+00 9.49549762e-03]
 [1.12201845e+01 3.00274000e-04]
 [1.12201845e+01 1.68856479e-03]
 [1.12201845e+01 9.49549762e-03]
 [3.98107171e+01 3.00274000e-04]
 [3.98107171e+01 1.68856479e-03]
 [3.98107171e+01 9.49549762e-03]]
[[3.16227766e+00 3.00274000e-04]
 [3.16227766e+00 1.68856479e-03]
 [3.16227766e+00 9.49549762e-03]
 [1.12201845e+01 3.00274000e-04]
 [1.12201845e+01 1.68856479e-03]
 [1.12201845e+01 9.49549762e-03]
 [3.98107171e+01 3.00274000e-04]
 [3.98107171e+01 1.68856479e-03]
 [3.98107171e+01 9.49549762e-03]]
[[3.16227766e+00 3.00274000e-04]
 [3.16227766e+00 1.68856479e-03]
 [3.16227766e+00 9.49549762e-03]
 [1.12201845e+01 3.00274000e-04]
 [1.12201845e+01 1.68856479e-03]
 [1.12201845e+01 9.49549762e-03]
 [3.98107171e+01 3.00274000e-04]
 [3.98107171e+01 1.68856479e-03]
 [3.98107171e+01 9.49549762e-03]]
[[3.16227766e+00 3.00274000e-04]
 [3.16227766e+00 1.68856479e-03]
 [3.16227766e+00 9.49549762e-03]
 [1.12201845e+01 3.00274000e-04]
 [1.12201845e+01 1.68856479e-03]
 [1.12201845e+01 9.49549762e-03]
 [3.98107171e+01 3.00274000e-04]
 [3.98107171e+01 1.68856479e-03]
 [3.98107171e+01 9.49549762e-03]]
[[3.16227766e+00 3.00274000e-04]
 [3.16227766e+00 1.68856479e-03]
 [3.16227766e+00 9.49549762e-03]
 [1.12201845e+01 3.00274000e-04]
 [1.12201845e+01 1.68856479e-03]
 [1.12201845e+01 9.49549762e-03]
 [3.98107171e+01 3.00274000e-04]
 [3.98107171e+01 1.68856479e-03]
 [3.98107171e+01 9.49549762e-03]]
[[3.16227766e+00 3.00274000e-04]
 [3.16227766e+00 1.68856479e-03]
 [3.16227766e+00 9.49549762e-03]
 [1.12201845e+01 3.00274000e-04]
 [1.12201845e+01 1.68856479e-03]
 [1.12201845e+01 9.49549762e-03]
 [3.98107171e+01 3.00274000e-04]
 [3.98107171e+01 1.68856479e-03]
 [3.98107171e+01 9.49549762e-03]]
 [3.98107171e+01 9.49549762e-03]]
[[3.16227766e+00 3.00274000e-04]
 [3.16227766e+00 1.68856479e-03]
 [3.16227766e+00 9.49549762e-03]
 [1.12201845e+01 3.00274000e-04]
 [1.12201845e+01 1.68856479e-03]
 [1.12201845e+01 9.49549762e-03]
 [3.98107171e+01 3.00274000e-04]
 [3.98107171e+01 1.68856479e-03]
 [3.98107171e+01 9.49549762e-03]]
[[3.16227766e+00 3.00274000e-04]
 [3.16227766e+00 1.68856479e-03]
 [3.16227766e+00 9.49549762e-03]
 [1.12201845e+01 3.00274000e-04]
 [1.12201845e+01 1.68856479e-03]
 [1.12201845e+01 9.49549762e-03]
 [3.98107171e+01 3.00274000e-04]
 [3.98107171e+01 1.68856479e-03]
 [3.98107171e+01 9.49549762e-03]]
[[3.16227766e+00 3.00274000e-04]
 [3.16227766e+00 1.68856479e-03]
 [3.16227766e+00 9.49549762e-03]
 [1.12201845e+01 3.00274000e-04]
 [1.12201845e+01 1.68856479e-03]
 [1.12201845e+01 9.49549762e-03]
 [3.98107171e+01 3.00274000e-04]
 [3.98107171e+01 1.68856479e-03]
 [3.98107171e+01 9.49549762e-03]]
[[3.16227766e+00 3.00274000e-04]
 [3.16227766e+00 1.68856479e-03]
 [3.16227766e+00 9.49549762e-03]
 [1.12201845e+01 3.00274000e-04]
 [1.12201845e+01 1.68856479e-03]
 [1.12201845e+01 9.49549762e-03]
 [3.98107171e+01 3.00274000e-04]
 [3.98107171e+01 1.68856479e-03]
 [3.98107171e+01 9.49549762e-03]]
[[3.16227766e+00 3.00274000e-04]
 [3.16227766e+00 1.68856479e-03]
 [3.16227766e+00 9.49549762e-03]
 [1.12201845e+01 3.00274000e-04]
 [1.12201845e+01 1.68856479e-03]
 [1.12201845e+01 9.49549762e-03]
 [3.98107171e+01 3.00274000e-04]
 [3.98107171e+01 1.68856479e-03]
 [3.98107171e+01 9.49549762e-03]]
[[3.16227766e+00 3.00274000e-04]
 [3.16227766e+00 1.68856479e-03]
 [3.16227766e+00 9.49549762e-03]
 [1.12201845e+01 3.00274000e-04]
 [1.12201845e+01 1.68856479e-03]
 [1.12201845e+01 9.49549762e-03]
 [3.98107171e+01 3.00274000e-04]
 [3.98107171e+01 1.68856479e-03]
 [3.98107171e+01 9.49549762e-03]]
[[3.16227766e+00 3.00274000e-04]
 [3.16227766e+00 1.68856479e-03]
 [3.16227766e+00 9.49549762e-03]
 [1.12201845e+01 3.00274000e-04]
 [1.12201845e+01 1.68856479e-03]
 [1.12201845e+01 9.49549762e-03]
 [3.98107171e+01 3.00274000e-04]
 [3.98107171e+01 1.68856479e-03]
 [3.98107171e+01 9.49549762e-03]]
[[3.16227766e+00 3.00274000e-04]
 [3.16227766e+00 1.68856479e-03]
 [3.16227766e+00 9.49549762e-03]
 [1.12201845e+01 3.00274000e-04]
 [1.12201845e+01 1.68856479e-03]
 [1.12201845e+01 9.49549762e-03]
 [3.98107171e+01 3.00274000e-04]
 [3.98107171e+01 1.68856479e-03]
 [3.98107171e+01 9.49549762e-03]]
[[3.16227766e+00 3.00274000e-04]
 [3.16227766e+00 1.68856479e-03]
 [3.16227766e+00 9.49549762e-03]
 [1.12201845e+01 3.00274000e-04]
 [1.12201845e+01 1.68856479e-03]
 [1.12201845e+01 9.49549762e-03]
 [3.98107171e+01 3.00274000e-04]
 [3.98107171e+01 1.68856479e-03]
 [3.98107171e+01 9.49549762e-03]]
[[3.16227766e+00 3.00274000e-04]
 [3.16227766e+00 1.68856479e-03]
 [3.16227766e+00 9.49549762e-03]
 [1.12201845e+01 3.00274000e-04]
 [1.12201845e+01 1.68856479e-03]
 [1.12201845e+01 9.49549762e-03]
 [3.98107171e+01 3.00274000e-04]
 [3.98107171e+01 1.68856479e-03]
 [3.98107171e+01 9.49549762e-03]]
[[3.16227766e+00 3.00274000e-04]
 [3.16227766e+00 1.68856479e-03]
 [3.16227766e+00 9.49549762e-03]
 [1.12201845e+01 3.00274000e-04]
 [1.12201845e+01 1.68856479e-03]
 [1.12201845e+01 9.49549762e-03]
 [3.98107171e+01 3.00274000e-04]
 [3.98107171e+01 1.68856479e-03]
 [3.98107171e+01 9.49549762e-03]]
[[3.16227766e+00 3.00274000e-04]
 [3.16227766e+00 1.68856479e-03]
 [3.16227766e+00 9.49549762e-03]
 [1.12201845e+01 3.00274000e-04]
 [1.12201845e+01 1.68856479e-03]
 [1.12201845e+01 9.49549762e-03]
 [3.98107171e+01 3.00274000e-04]
 [3.98107171e+01 1.68856479e-03]
 [3.98107171e+01 9.49549762e-03]]
[[3.16227766e+00 3.00274000e-04]
 [3.16227766e+00 1.68856479e-03]
 [3.16227766e+00 9.49549762e-03]
 [1.12201845e+01 3.00274000e-04]
 [1.12201845e+01 1.68856479e-03]
 [1.12201845e+01 9.49549762e-03]
 [3.98107171e+01 3.00274000e-04]
 [3.98107171e+01 1.68856479e-03]
 [3.98107171e+01 9.49549762e-03]]
[[3.16227766e+00 3.00274000e-04]
 [3.16227766e+00 1.68856479e-03]
 [3.16227766e+00 9.49549762e-03]
 [1.12201845e+01 3.00274000e-04]
 [1.12201845e+01 1.68856479e-03]
 [1.12201845e+01 9.49549762e-03]
 [3.98107171e+01 3.00274000e-04]
 [3.98107171e+01 1.68856479e-03]
 [3.98107171e+01 9.49549762e-03]]
[[3.16227766e+00 3.00274000e-04]
 [3.16227766e+00 1.68856479e-03]
 [3.16227766e+00 9.49549762e-03]
 [1.12201845e+01 3.00274000e-04]
 [1.12201845e+01 1.68856479e-03]
 [1.12201845e+01 9.49549762e-03]
 [3.98107171e+01 3.00274000e-04]
 [3.98107171e+01 1.68856479e-03]
 [3.98107171e+01 9.49549762e-03]]
[[3.16227766e+00 3.00274000e-04]
 [3.16227766e+00 1.68856479e-03]
 [3.16227766e+00 9.49549762e-03]
 [1.12201845e+01 3.00274000e-04]
 [1.12201845e+01 1.68856479e-03]
 [1.12201845e+01 9.49549762e-03]
 [3.98107171e+01 3.00274000e-04]
 [3.98107171e+01 1.68856479e-03]
 [3.98107171e+01 9.49549762e-03]]
[[3.16227766e+00 3.00274000e-04]
 [3.16227766e+00 1.68856479e-03]
 [3.16227766e+00 9.49549762e-03]
 [1.12201845e+01 3.00274000e-04]
 [1.12201845e+01 1.68856479e-03]
 [1.12201845e+01 9.49549762e-03]
 [3.98107171e+01 3.00274000e-04]
 [3.98107171e+01 1.68856479e-03]
 [3.98107171e+01 9.49549762e-03]]
[[3.16227766e+00 3.00274000e-04]
 [3.16227766e+00 1.68856479e-03]
 [3.16227766e+00 9.49549762e-03]
 [1.12201845e+01 3.00274000e-04]
 [1.12201845e+01 1.68856479e-03]
 [1.12201845e+01 9.49549762e-03]
 [3.98107171e+01 3.00274000e-04]
 [3.98107171e+01 1.68856479e-03]
 [3.98107171e+01 9.49549762e-03]]
[[3.16227766e+00 3.00274000e-04]
 [3.16227766e+00 1.68856479e-03]
 [3.16227766e+00 9.49549762e-03]
 [1.12201845e+01 3.00274000e-04]
 [1.12201845e+01 1.68856479e-03]
 [1.12201845e+01 9.49549762e-03]
 [3.98107171e+01 3.00274000e-04]
 [3.98107171e+01 1.68856479e-03]
 [3.98107171e+01 9.49549762e-03]]
4.283390243388252 0.9564220954726589
4.014553635510735 2.7091784196496795
0.41299464223576 1.5818071336472632
2.986789179873527 3.404620293952386
3.1501947822608027 6.014958008682056
3.031745913002769 0.09381397318275668
0.3826426888955632 0.9347282088361059
0.06481898706144112 0.8667534581828559
4.155144688733104 1.4857139897770997
4.910319438206006 5.075079539446695
2.4508946953778326 2.658922626645186
0.12149885714959069 5.859916105802998
3.1791501241495173 1.9810061056365098
4.829926544013192 3.9240999287573883
1.6402626921789218 3.5254064281815922
1.9574667666392143 3.544501387716239
0.9615824617406894 4.365813383259872
3.3208540670298987 4.1920701553820265
1.0005941536752514 0.1336405694953184
4.954729783878405 0.9291534676882954
2.7355024689773435 2.550057389834592
5.572091149282482 4.668494163976798
0.8103236117370106 2.4789492920267673
1.8905684333153645 2.119905644553056
4.538007335182801 1.6017413150334048
3.9916704294815486 0.13287032231569856
2.7086121661790252 5.606632371491231
3.5235779919773864 0.9247527084518563
0.3000361576041929 3.326060727415566
1.7815202065853448 4.724388581281122
3.488348983831908 5.753465506028713
2.6669624678675867 3.3990002653085165
4.986152654967495 5.232549794582742
3.4151985927986024 5.403808054516594
                          2
-11.087227355994594 -0.7802136408559179 0.0
2
-11.087227348109653 -0.7802140813607068 0.0
2
-11.087227363294375 -0.7802137119713132 0.0
2
-11.087227331021692 -0.7802137435455099 0.0
2
-11.087227361632733 -0.7802137140635406 0.0
2
-11.087227357557275 -0.7802136614252135 0.0
2
-11.08722733297448 -0.7802137940491733 0.0
2
-11.087227302947515 -0.7802138545902946 0.0
2
-11.087227319265601 -0.780213848540761 0.0
2
-11.087227341172307 -0.7802137710102909 0.0
2
-11.087227370668954 -0.7802135971195147 0.0
2
-11.087227305815002 -0.7802139600746073 0.0
2
-11.087227311631043 -0.7802138826032736 0.0
2
-11.087227352635628 -0.7802136258856776 0.0
2
-11.087227348103116 -0.7802136473627064 0.0
2
-11.087227307200683 -0.7802137699277734 0.0
2
-11.087227337799302 -0.7802139240741155 0.0
2
-11.087227379628986 -0.7802137506803914 0.0
2
-11.087227348648733 -0.7802138220484529 0.0
2
-11.087227343636316 -0.7802137222630242 0.0
2
-11.087227358767278 -0.7802136904633203 0.0
2
-11.087227345383601 -0.7802138247689416 0.0
2
-11.087227344403422 -0.7802136704926141 0.0
2
-11.087227334172637 -0.7802136884484994 0.0
2
-11.087227365154183 -0.7802138678203241 0.0
2
-11.08722734179601 -0.7802137907531276 0.0
2
-11.087227347934098 -0.7802137837231251 0.0
2
-11.087227392023975 -0.7802136743077415 0.0
2
-11.087227338712847 -0.7802138036597059 0.0
2
-11.087227293013903 -0.7802138235001616 0.0
2
-11.087227362588504 -0.7802137261867415 0.0
2
-11.08722738009312 -0.7802138236469551 0.0
2
-11.087227343620162 -0.7802138234181912 0.0
2
2
-11.087227332595628 -0.7802137241603782 0.0
-11.087227355475202 -0.7802136887914718 0.0
2
-11.087227351404547 -0.7802135871273872 0.0
2
-11.087227344388713 -0.7802139782104496 0.0
2
-11.087227360582641 -0.7802138417045994 0.0
2
-11.087227342602915 -0.7802138602847204 0.0
2
-11.087227304017263 -0.7802139145975158 0.0
2
-11.08722735103838 -0.7802136609118849 0.0
2
-11.087227386424608 -0.7802136700224229 0.0
2
-11.08722732506404 -0.7802138787160385 0.0
2
-11.087227308882834 -0.7802137357056316 0.0
2
-11.087227334329059 -0.7802137270917012 0.0
2
-11.087227336068011 -0.780213792526006 0.0
2
-11.087227332101104 -0.7802137677738115 0.0
2
-11.08722735628608 -0.7802137686864551 0.0
2
-11.087227327359493 -0.7802137111814188 0.0
2
-11.0872273479983 -0.7802136993742198 0.0
2
-11.087227314979346 -0.780213658459906 0.0
2
-11.087227362846383 -0.7802136840455294 0.0
2
-11.087227353300595 -0.7802136932893162 0.0
2
-11.08722736461989 -0.7802136389320796 0.0
2
-11.087227327455516 -0.7802137445507298 0.0
2
-11.08722733595229 -0.7802137471543739 0.0
2
-11.087227325352961 -0.7802136615620421 0.0
2
-11.08722732771612 -0.7802136717586714 0.0
2
-11.087227377911136 -0.7802136263099292 0.0
2
-11.087227301763658 -0.7802138346652037 0.0
2
-11.0872273382969 -0.7802137825992523 0.0
2
-11.08722740710178 -0.7802137610444855 0.0
2
-11.08722731774975 -0.7802139112316819 0.0
2
-11.087227312787677 -0.7802138976404395 0.0
2
-11.087227309496036 -0.7802136827852424 0.0
2.72547702961777 1.2003348132743519 0.0
2
39.72547706412236 1.2003336330363685 0.0
2
39.725477185917484 1.2003285578191105 0.0
2
39.72547695054412 1.200337395013578 0.0
2
39.72547698553144 1.2003356997983534 0.0
2
39.72547676039531 1.2003431483817963 0.0
2
39.725476782550174 1.2003432483725613 0.0
2
39.725476768863516 1.2003431206512416 0.0
2
39.725476755313856 1.2003440524097 0.0
2
39.725476780145854 1.200343160538079 0.0
2
39.72547696235556 1.2003375253735808 0.0
2
39.72547678232491 1.2003421762969007 0.0
2
39.72547689220813 1.2003385755475953 0.0
2
39.72547717527767 1.2003304813671778 0.0
2
39.725476920483786 1.2003383203976514 0.0
2
39.72547667386175 1.200346633884493 0.0
2
39.725477140164145 1.2003315655678 0.0
2
39.7254766796514 1.2003464073432588 0.0
2
39.72547816516911 1.20029790129436 0.0
2
39.725476510822396 1.2003523226989836 0.0
2
39.72547707857517 1.2003338204456186 0.0
                                                                                                                                                                                                                          3
26.692022349497673 -29.785976411803393 0.6200007299907963
2
39.7254768335415 1.2003417213633143 0.0
3
22.84384328588294 31.57516226942403 0.5682341539847365
3
51.577201427491445 22.8977087085732 0.06939263515390717
2
39.72548485555999 1.2000758870399912 0.0
3
45.78361011511049 27.5627523461963 0.14384933293815022
3
-47.27766833254705 28.801092240571073 -5.051679354211303
3
25.3548258226499 -44.95946647215999 -2.346064783202277
3
-54.446659753109415 -19.50414027261998 0.8189510777179241
3
13.052013839739697 -39.18512914564347 -0.38338637508115414
3
-7.555611747650911 52.59239509458972 -0.33186561698424494
3
-53.2219056507617 -4.197050468669302 -0.22485137245793238
3
27.016186691522876 31.544252756651428 -3.691767827875789
3
-47.99508246508769 22.615075486711337 -0.4530422440477591
3
17.472401406619994 -35.9151052316346 1.3127860914996494
3
59.4399978974781 1.6436743301484844 -0.3320610664192208
3
-46.088758340722094 -29.93292224351223 -2.3936474241777788
3
-54.198819246140836 13.371181017525103 -0.5229711501659261
3
35.01002928680756 -22.264771287474908 0.7671352778053107
3
46.168701064970925 34.82734368349539 4.698048741956318
3
20.21485968084319 -51.03772352567694 2.3379589396968643
3
15.569310123898028 -49.93577883488006 -2.4920532831399873
3
53.43408594165932 -0.4524710434125162 0.23235538428960845
3
42.55072270266677 -31.898237447003687 -0.5684953091710211
3
-50.35568485118634 -19.513964024778527 -0.8798773388832618
3
-0.7208663131394077 -41.51151919509044 0.22610733758534537
3
-53.41886881738509 -18.065097222276854 0.76825456197748
3
-32.1904049927514 44.93981183196604 2.821977927632767
3
55.540297336527765 2.6209418647873637 -0.14526610630033268
3
35.01147364754393 -19.093049788113927 -2.9529202003928736
3
-22.711608504506227 -48.59482397573307 0.9129905726586721
3
-11.569869607280747 -39.72276204427262 0.54968166354472
3
-8.177559083162905 52.04060551801511 -2.6571566902136037
3
6.048030926831336 -41.28436898370509 2.499870241936456
3
-15.068399822216184 36.36927227709529 -2.4817161733579858
                                                                                                                                                                                                                                                                                                                                                                                                                                                                                                                                                                                                                                                                                                                                                                                                                                                                                    2
39.72548978656517 1.1999123842507446 0.0
513976965552512
223.83468008327588 326.74655650218415 -25.28721694970784
3
-377.8920890634551 921.9220775176209 69.06707738744534
3
40.7980920830304 -4.310806752833608 -1.4482396117348288
2
0.6715442680168007 39.79310046963276 0.0
3
-47.54738866642884 9.006412383925163 -8.601092979352874
3
71.05947445184925 -63.31765027017247 -20.99521281004278
3
19.09460513575456 -34.034340229176976 0.7324072077749286
3
-351.13545462155327 263.92688788817264 -29.790466581651387
3
81.2343930205785 50.92262943880195 -2.982081496537139
3
13.194550674463905 -193.3944810758588 -20.185188398093132
2
0.6718720821688153 39.79309493400661 0.0
3
-167.71079086865853 843.69555947403 -59.93601699064266
3
-1242.8372218834083 -14.693116354390611 -36.09275338697686
3
-22.36380775118928 269.33706619949163 -4.08285715151327
3
-14.324859979006328 403.5891142463495 -39.606423370797884
3
73.25537226390882 3.9173409184098853 -5.644964176605946
