2.304327149741189 1.776990187804579
1.5298813727181562 3.3337488939504305
1.6437177762017232 2.1454133942471496
6.255862108032355 2.57433293456328
1.4948108798759343 1.6104881327294451
4.135608310829396 2.6780070499718733
4.373289040601155 4.160749165869045
1.7043753326151865 1.9749565696779172
0.06852922727528767 1.8228325420177025
4.248948862381672 5.223023201492396
1.9587671164784934 2.3943875937910506
3.1110258810787625 2.4677551528330772
2.9065169090271996 5.4402144928726095
3.118227313399321 0.7556927768635304
3.2926115731160346 1.727628591942415
6.2491771187553855 2.696673614282623
0.6629162697689915 2.9467107114419067
0.736620714089793 1.4678687875990717
3.9998144806572227 1.1332541065634778
4.711819939344997 1.558312233259329
2.7285723134509796 2.7712593637351053
3.320945237454764 3.380594547730016
4.9013466358355755 3.333592308716623
2.7840253571428293 4.346766871196088
1.2969004482188546 4.179456500841766
4.921127001806446 3.1432732274758046
0.5904316817408112 4.428277099286863
0.6388681411086279 2.4511837715506855
2.023089295919394 4.944505642065661
3.863324253812531 1.0095803985131748
2.1335498875905268 1.8899643917024311
0.07873458702249299 4.996503596303557
6.140537823332026 4.182265899694241
2.3488967556637443 1.6250562246249074
3.4652335499235734 3.895783668181016
5.052102515732129 4.841299804621789
0.6064447225237675 3.0389492088064354
2.938241598134207 2.495862044505407
4.11083909180626 5.225488296587529
1.2333323123377973 2.2369916329776722
1.3462120008448597 0.4710081297902692
5.680908425080176 2.204613666082732
0.6845904072262379 4.660119277221775
5.521632990693476 4.631184348104896
3.89535329006994 0.9438306466119009
5.324522936192416 0.7023642640786695
1.5161519614596501 2.9810101156178854
1.3703316225602462 3.0739561608969246
0.3992860916402551 6.199095053612665
1.9006277850076219 3.944657436249092
3.993045747084889 1.2101483474789057
4.883725824404596 2.20610234221095
1.6458628963821629 5.526407355324487
3.5799299020108406 4.113500657606766
1.7690831766516064 4.79862162282847
3.8288057433284597 4.200089945667721
2.7811820191746657 2.784979065863762
6.077532018315534 0.8512030729171903
0.951756823449385 4.921047826253806
0.8083399238299174 5.642966629129561
6.24836889206047 1.4934486702591485
2.0512045746926475 6.166204867516493
4.398267069150009 4.206349099342291
2.4760131528964884 2.0253401774803317
6.083549535639831 2.5467960881732936
2.7454806526332143 2.79731563241537
1.1015593942551931 3.095186944603707
5.080352545018319 5.511266710639347
4.134907805979023 1.5433356584985154
1.991708273895228 3.010548236045057
0.767389491568203 0.9682346612161256
2.66058564588994 4.21582683899546
4.696635692252415 0.04281862720577969
5.3262936832631205 3.6877033329241757
2.3185926686931637 2.5699055362489323
0.111404377741865 5.701810299030348
4.6818774142656086 3.9108688583709568
0.9880936484519501 3.255843651038935
0.20124303259247062 0.3590174631874386
2.8703241114601137 5.734833079993447
3.5533008958035195 2.4786699059736943
5.820007441628239 6.267376659134336
0.9198309491908765 4.576530404703276
3.3352169276014636 0.11761993565574455
2.734822001254018 0.4972112874014013
5.601848199316082 3.9467713924868963
0.36121018406862204 5.863791319641462
1.1256269222091475 2.8684438233914626
5.338528124020885 1.3470958042926078
1.1111633557857958 0.19403658240245347
1.6518213436474332 1.1463075218798124
2.9168799468674935 3.519955786030462
4.258644821732654 6.187233545213201
6.098507014427451 4.917368488218557
6.007327119065508 5.237578476077101
5.99276541458583 1.0666453438658592
1.4557447282609066 5.7562130991344915
5.76294434881606 3.1282200134168408
2.7135587094013394 5.828644193832004
3.846419373122444 2.342009021142186
4.976630698533223 0.4884152690135885
2.05748024207806 5.928967461525916
3.818591076552212 0.6420404614843671
5.035568750250198 3.4315845700827543
1.7004160379598001 0.35657723229976934
5.3001355309724545 2.5120427422486085
0.7084004658839986 4.563353548418792
0.6992500590561004 5.66628006818169
5.420642392637138 0.47358434922337544
5.771574624590304 5.280799868737048
2.6002571676412316 0.5476115853493718
5.493973606989823 2.6041460593549064
2.1999430448247637 3.718233572326829
6.173385378365085 1.1453554659701657
5.978810081067891 2.359990824048956
1.1219537238082333 0.8944349089052215
3.9269087243859797 3.3660187263122445
0.6078863929119598 1.6797854200806352
2.6018433471551936 3.2668231620164865
1.1334794842682172 2.2885874915272315
5.038053264970903 2.807512718055483
6.031908903478281 2.7948638035932047
3.2617689680626833 0.6607270036587696
0.14137092079514624 1.4643222309066735
1.5449550635586486 3.413596883690467
2.594674781349772 4.494362061412836
5.677434019646577 4.443544112341437
1.7228794316935148 1.1712196148202596
0.64565874391584 5.614089561080391
0.39854931975370766 4.307023653376151
3.6258028061625915 0.0008797664718051294
1.2520502186020106 2.9324127577410084
4.953073382978426 3.5093788129755734
1.8282965579861201 6.01628104160396
1.5996883660504064 1.5310269394918716
3.93235030774063 4.091882433022798
6.129449567154908 3.090626383512899
2.4608773513972033 2.72368896060456
0.5730254265694397 0.8544312572503926
2.746906197482174 2.947044706248631
5.996183314256853 4.151715980555331
5.113502647904218 6.258774605652998
2.6071595958342257 2.5934699068231435
1.0164196020867702 2.0196167629185053
0.6526332918845281 2.7019816529097476
5.427016775191938 2.231432922452635
1.548133514839542 3.040543121679689
6.0551747916133705 5.438448155744265
5.458544562542227 1.1319625503409843
5.192623953733514 4.539463730739536
