3.6380832407555608 2.0059502989786804
4.389575819980755 3.209314848757003
2.3051327380425257 5.889451954791496
4.435918969763989 2.7546866995117356
1.1617477734482025 1.0371591016650903
0.10800093697663501 3.4369804627008382
3.5819954322920706 4.393865875508086
0.2919571592097655 2.157189077958108
0.9253676127610572 0.8268533396819635
3.5449216037703057 0.17506499565886655
0.9847964461466094 1.3276391268811187
0.951404552511593 0.7813292135482184
1.9736658851930498 4.206373936622334
5.061636180067579 0.7102316339188368
0.6098409132703889 2.0995343230111936
5.616329187764218 1.8770328144942858
4.321816418954669 0.13538056398602655
5.869680120777324 0.3878586981965502
2.858711311855078 5.653986913962741
3.358407632700025 2.029983992612683
5.1133395227178156 4.614801329123099
4.544256477967121 1.0859499718036585
4.20824419396863 4.242933373678433
2.58448778511557 3.4862615457688895
1.4649122658187985 5.123325430093653
4.521184064703404 5.595672839008465
4.487259752752515 4.039027860191769
1.8892186648828504 4.441463183199818
2.8969073873592595 5.073290532300516
5.1922887624595795 0.20153436648058776
3.257309004660713 1.5961047786756621
2.0743538693391628 3.184312516119078
1.9143958734932116 3.7950047394448685
3.44327938892981 5.285346363521648
1.9171799740837592 1.1870804014949252
3.9501869534657685 0.8110531912247344
0.08186845579620661 5.699904604966147
4.69803563994487 0.6499037200793106
0.2409631026038202 0.3110570576291418
4.921526440137194 5.9507471580495785
4.274944688974238 5.146786175980458
5.996379854166238 4.422702371171708
2.3100435290459513 2.9975560214312336
2.698958570626585 4.271389463989518
1.4754222902671916 0.5990575582286486
4.7463506223902945 1.307485138333079
3.830167205746021 4.828688898328456
5.382508604979853 1.958854021799115
1.6711468070641389 1.620319499270164
0.038247327963291805 1.5270271484889621
5.88041475886106 5.174192121682279
4.870590295852484 3.152647917439411
3.9502720593745613 2.925164142762905
1.2307916594210684 2.402264337655006
2.758603329494545 4.9283379223266826
2.061038291926647 2.4455382901591345
2.0865122847342117 1.4675824158199948
4.825628499570724 0.9138922355940325
0.5651473606416495 2.707954464677546
2.8472258504037677 5.491046574077732
2.7072875235787013 1.2628743804628901
6.08211198844511 5.40630441647656
0.25054851208734286 1.448348551610467
0.7026912545712559 4.264949142236703
2.939679308439356 0.9390230340655277
4.785931230399927 1.9413239788886698
5.640512027645815 6.259659065798333
5.824571441143366 4.536545896028539
5.158261217489904 2.131766186804823
2.670065156471013 5.034508925289802
0.9287746750055962 5.661132183844335
3.36464826047609 1.1875621037805235
4.45117244239382 2.539214446494045
3.6835096950351605 3.832749275797419
6.04809742604505 4.960760992869179
5.97575563281267 6.15291402834495
1.4609955922541458 5.958390120784692
1.2178315863950002 2.824424905180312
0.8311259615940763 0.2822361160814755
1.0199442281024291 3.180142230912225
0.07067435645026154 0.41791277417737877
1.9638712466736612 1.3348635303671141
1.473081113492638 2.691718096614793
5.530373048329376 0.9467511622567574
2.190917088995209 1.2696491393433298
0.3015964068947807 2.539065707697352
0.017044661518401193 3.0499231914226703
1.8409658837404026 0.6503898971607287
6.132447983611445 0.9333083492872052
3.457387679562033 3.2093916220615637
0.11742191519533002 1.9306282447632765
3.4005016849731486 3.9458092089153802
6.104347023050584 1.0868275343067892
0.46749453929831886 2.6675713264031224
2.7617506911344334 1.6295236008985552
2.2979583129953753 5.8529441974575525
2.0153770815712786 5.451145554945154
5.867115712556305 0.4428943001664986
1.4046289725421306 2.629435262169998
3.1080862025442233 5.644385836128194
2.952491964151362 4.413121189209654
3.2768142420569073 3.9034551563824396
2.23877449332955 5.854612707802218
2.5432351024580786 3.437886028492124
6.0361373836324175 5.513542920329493
0.2212760137703188 1.2206938684922182
0.1429668293608676 5.391668286458493
5.5156832042367165 6.104305529014153
2.1847419963198127 2.3501484761579903
0.32901995947657386 2.793918248735102
4.073515409403825 5.361866378423213
4.159338942125139 3.1995881162356348
1.3663061440908049 0.43173232049743676
3.483066809309553 3.3089599768473117
5.851366144774922 5.691191276282993
1.1440629435329261 3.455850932107129
3.2464392636487616 5.039111680138384
0.45053574219354636 4.009803303878897
2.734368560974877 0.5555393542553929
5.540412575134116 0.6856741563859342
5.666816301459126 2.6386032230506733
5.250595372723949 2.3773377233301445
0.16866792506144962 4.4962319155074475
0.38112801745803443 0.0955391456882055
5.615566121425195 0.3981340706345399
4.347801669055897 1.2851498413682674
1.153063165262912 1.4600734244374198
4.734891973530408 3.1907060363416133
5.392690785167676 3.655465163021476
2.6932360488129072 0.10951675010646385
1.4306693047660872 5.422725692166454
4.459159728246222 0.2206626691454768
3.3857384373400223 0.7810104360827236
3.5844305942506334 4.054151664405294
1.4002453931730736 3.431503868177764
3.611595812232278 2.03068877679312
5.793846022568858 2.635380731158104
4.2543780699958305 5.465256796827141
6.07856384092827 6.10908200317861
1.6258164874029888 3.9783358671944913
1.365541333781256 2.587469500297869
0.41818694354300723 5.78241715019818
2.425716398918892 1.8564601973312886
4.476160202900007 2.911921979169806
5.195713365339576 4.200829527012441
5.084563956436848 0.3891526298762494
1.0954945367777866 0.9658475499586747
4.724853888137056 3.534291166014003
0.4531984281925844 4.394672888623102
1.0398788797755167 5.088093799251809
3
-1355.0882002694505 898.2706236655386 147.80658422762895
3
-1.526076483298928 0.9897777330591633 0.011443809292212857
3
-3969.4817228725597 1016.9830679962557 24.484254635040216
3
0.6320425541676619 1.4452409543669273 0.07358338588797673
3
-27.09702574297749 -49.98761704996302 1.9583333360250939
3
-4095.525417384435 818.0180647713347 33.196055917240535
3
3623.4832406551154 -1317.5616331921199 133.15144710184563
3
1717.0466507919512 -1916.5085251871897 -51.34692658270903
3
-1.4384564157533266 1.0407438262977744 -0.14087225008879461
3
-487.06121413395977 -2208.330988807307 39.11843078626384
3
-1545.7822150652275 -1051.894562139191 -27.633984240941892
3
-70.32155664211442 1207.7914689535085 -127.49711902208516
3
1.5525825323353848 0.29702444746743917 -0.03283829902506437
3
1754.2292302563737 2653.0066759029464 -137.4364612608805
2
-0.8073795053443026 -0.5739463808551873 0.0
3
-662.8253387605367 651.0368055913661 -80.90754500225403
2
-0.8073795051751377 -0.5739463810928223 0.0
3
0.7504088741030874 -0.015291282192091707 -0.07451322928767218
3
-2606.5308487563343 -3371.907873445884 -290.41575943233346
3
-2132.273141917145 -2341.398987660621 -70.27755465325359
3
473.1140309277543 -1260.3858544369918 10.757270617087036
3
11.612316035966094 627.4812581018591 -0.5978696000358706
3
1284.9266689189112 -225.7309105900952 -209.85942205377629
3
-426.4351471672526 -1397.8846671867136 14.817006264140467
3
36.92243084911447 3450.407248482264 -284.87084246203136
3
3857.66100611336 -3928.9828588294586 54.25116865716397
3
334.2327220562555 1470.182437038544 -53.96519541107219
3
-3325.9183735958804 -1555.620091796174 -536.9449865755852
2
-0.8073795051008843 -0.5739463811973019 0.0
3
164.9888830871899 1277.284361738019 38.10097388166559
3
234.2477191597555 146.74047859686127 2.3075881873533275
3
-28.74290607486246 -1094.391306429337 -126.0966593696804
3
1.598483585602584 -0.2698647191348065 0.032958064654928274
3
1586.731550816864 410.3395126105607 79.03273866652229
3
-0.2527529054468935 -1.670947679017531 -0.029987737521902463
3
810.8131297497168 110.05711688663243 30.4317243788992
3
933.1617783467057 -2170.9454342131403 -17.589084665821535
3
-17.552301387705153 -3877.195881762906 428.9194935405085
3
-1.8691020787685884 0.19743866044808198 0.004404779697144202
3
-2019.3558806072906 744.393609783765 23.438445163900496
3
1.2588377240450592 0.923617744104217 -0.08650162436542203
3
45.73203898793324 -43.38233614317905 6.528987799016719
3
2856.114090960061 -822.3570034157914 225.39378066195061
3
-1.6709415515992407 -0.18236742478504606 0.07974977791575331
3
1.3260390997524187 -0.7875388602517637 0.0946107176361057
3
-302.40326539503764 236.77887531674074 15.26769357933592
3
-0.37174817599636834 -1.658461902985294 -0.0642092676629935
3
1085.6668061471864 -613.7268474302301 17.983532816432085
3
-583.22798350365 34.8941688290891 64.80472629238001
3
-1782.8370346035424 -242.7759857387668 63.95767750663379
3
-3361.07110473976 -3268.2212514192706 115.25050193483085
3
-1947.7870586144625 -973.0815106249252 -408.00159111627056
3
-2086.676544750656 -84.45289870649378 -60.06591711347888
3
-1.7074336157773469 0.14589927428063207 0.003233370197969798
3
478.5766417233264 -1757.255838970684 7.395389818114737
3
-752.5588765588197 349.61494849288727 126.96179706360188
3
1.31106478807426 -0.7990626659582883 0.039298416176357605
3
-1901.8850757818955 -2097.0316786057165 -3.1354108534896667
3
111.6180043745295 28.581694926871933 4.810678543643136
3
425.6776743828875 1702.2336877199048 -84.37850921597308
3
-4102.843569291935 -2087.1538924410606 -299.929886671394
3
-83.12892606850806 209.7770778243963 11.7846305782344
3
-1163.8776930515885 2644.507637990688 -100.07821666461123
3
1.060432217162297 1.2707755518321633 0.10746016772655503
3
2192.1341069542214 365.4808731903562 -203.65872014029793
3
0.1540914815730114 -1.0397549957819077 -0.08002899838061672
3
-920.0254921558086 2182.863319866789 90.73015047168369
3
-8.590645886074693 -12.068696581912075 -1.665519027028671
3
1.1525874128985785 1.262882041284341 0.06746880101843399
3
-1193.6362367907338 -1232.754406308648 -33.93631939622593
3
-3477.8855370607052 499.47249781501887 454.48201339945814
3
697.9848098339734 -450.4570584923912 -65.3228586715166
3
-2397.0011027937812 -340.9864397165134 332.4656690484722
3
175.36928455819216 215.49817052541414 2.6262423614102017
3
-64.95247432383326 0.09139766309782392 -9.544942883327163
3
-50.54026571301696 16.846638969725177 -0.13586481700093922
3
0.0441773562351869 -0.5613556904284756 -0.006573500826253754
3
-825.6328127257048 2999.2785699321867 -33.834282959480916
3
-1.7340615600213485 0.24354219534036908 0.012997481129835765
3
-0.2410639236415582 0.6053237206180203 -0.05059672927997006
3
-0.577789119473862 0.12063477560423777 -0.007478307452520914
3
1795.6412658514346 -1865.4097676322385 -54.95536819881275
3
-0.30022896872793864 0.5305692719064615 -0.04290375535232321
3
-81.54601040482417 361.51148647917665 -33.715529822797784
3
1.3883480544567042 0.938264439000417 0.09108298572827828
3
-0.2954764413254257 -0.3091131437217676 -0.031248196384627405
3
-2349.4033031420336 -733.2789615773245 232.09627209900194
3
847.457012257431 1827.1083052309555 -207.1177982536669
3
-533.8861914433975 -401.0725175558367 6.922313571006474
3
-0.25674742051164834 0.4949225756198662 0.0038256026806436478
3
4529.685735111615 1778.058912940886 -14.7655279646612
3
-2181.3258072403064 1767.904942331263 -146.95750672572137
3
1.1348294560015186 1.2087672553728992 -0.014269122321557174
3
-0.9155383040705725 0.29524502511303763 0.0012646609424640303
3
-1367.8716578273613 39.43047898692594 -0.29915649987443266
3
0.5150187530851679 0.1558639538331299 -0.010975157087837055
3
-808.039667103188 937.9638651410537 16.231855668838158
3
-2317.9223141959537 -2081.8462266813267 -6.410881462713549
3
0.24060328623834237 -0.5057634898129781 0.03867411167235646
3
93.38508200182893 -2280.4466977190227 97.75349919025521
3
-0.4034585887911855 0.27949989178836854 -0.01936730114481869
3
0.21887243334578288 -0.5287214940944327 -0.05263023446475943
3
-317.1942347740385 -250.3405920610169 29.248994961932443
3
-0.34979362124379065 0.5458552937041635 0.025794271536307197
3
0.31380815542462875 -0.49738670873906954 -0.018384306753640035
3
-99.85697233059513 -107.04802557239421 -4.032589564533568
3
0.3455935282856689 0.33087429472679303 -0.018152834964129585
3
-0.06254891628228927 -0.44479816736124955 0.00274052676990812
3
0.3972558778353208 -1.6653400646050904 0.012836078517862889
3
-2.924195485090015 4.933374266342996 0.4315065657435551
3
2377.3319968369783 1583.5999579946697 -209.13541572273863
3
43.96849807110374 -5.672957756040499 -0.12237763508199512
3
-108.05439473772071 10.339386299904778 -2.0317728733424416
3
0.3644122707523941 0.5986807505297213 -0.03941694266823285
3
0.23624410027588966 0.47694091576860753 0.010148507381380015
3
0.09985293934381481 0.4507672458866865 0.018074181925822184
3
-0.509954528678513 0.004231059410783618 -0.008077546487425383
3
-0.2628208364708263 0.4246523489414144 0.002302771062834423
3
0.7372547212553034 -0.10401610443915724 0.06980464902359428
3
222.3520355913872 525.3711737628768 -58.46080339181895
3
-0.5812257539537902 1.5360997422211433 0.00455998839187366
3
-204.42616525889727 2348.626276801767 22.952461387982563
3
0.38904295541138195 0.3661626998800816 0.006313996306089428
3
-364.2959280129208 366.55463617857276 -29.519274349258318
3
-2077.581681211435 -738.3345253438899 -162.97988327993409
3
-1.5756573224182133 0.4931820132676342 -0.010285981658795034
3
-344.83265870162217 409.8640034269396 1.0527040232493325
3
-0.07766927053661092 -0.48525423790117844 0.02698583415662717
3
-0.4267787841415127 -0.1713547423447052 -4.346127404183031e-05
3
-893.8718570464418 482.65718231112737 19.48014831683988
3
-0.1565268723777866 0.44234029495563293 -0.015396398387599722
3
-0.40886697861610377 0.44557807318263537 -0.00012368913126823387
3
0.36927047695852544 0.37128629135797353 0.0194151793517124
3
0.37475724387037973 0.341591369000184 0.0014179345810706513
3
-0.04923858887060324 -0.5026715376001832 -0.013651209923235715
3
-0.08933769252500726 0.6494575791660779 0.005472639582448511
3
0.4182700689235443 -0.20921810807338911 -0.000392802694090555
3
0.3285812434096754 -0.2333507933570873 -0.0012837712981845885
3
-0.35963463799178735 0.03167437274847136 -0.006852918996316117
3
0.35493223425585657 -0.33952356415977386 -0.0018786032870220116
3
-0.4899332388721286 -0.031104414095935166 0.019644508865452805
3
0.37573353451837616 -0.051391594365177914 -0.02950526936736869
3
-0.30234254556508844 0.1994634065536936 -0.011366176717346039
3
-0.08586397901139683 -0.3110238553718756 0.024290770935156653
3
0.322958978188261 -0.2543976215272174 0.011919859681586787
3
-0.041122609889190545 -0.2911378773877988 0.01770058100546008
3
0.30838189921827897 -0.028583426837698128 0.020410289674945008
3
-0.23764831970617548 0.18311528137443367 -0.00017653412901773755
3
-0.1522792002658025 -0.23284248072261304 0.02663202718281601
3
-0.16938284524348268 0.18415757108600433 0.013909401403313384
