1.3982266791918454 3.653574184212489
0.09461551527189285 3.1669300876446576
6.122349094747076 0.9127998621272672
0.3347028961920736 6.053766767218052
4.931272052490365 5.00534848259412
0.8515618493049385 6.072656904853542
0.4141427140885159 0.36437146412898275
5.329670242818773 0.0513866397531167
4.963534921463356 0.8729692266975488
5.4972976934390685 5.8270885932380905
3.9915439586506514 4.5460382121800205
5.495094031805896 3.364103977348994
3.8447984647237976 1.8701803726423076
0.6337064427068427 5.464440378072865
5.714044523203487 2.6047195368889446
6.177124714633724 2.3615337001382457
3.100343780166685 1.8648104427743546
1.1714575560349423 3.214185680552365
1.5785450488854236 3.4869238370869162
2.424841354072877 5.571991055802223
2.044106372551074 3.5410508025355716
5.6440271958550765 5.43948768101304
3.052096517484113 0.021734472983323084
4.185877314830599 2.8686316806610392
3.798827376480585 2.99427686096861
0.8718651229155372 1.4233766545698374
3.3257080594198287 1.099987913323461
2.141583598033223 2.0371343384007665
4.6601626904166915 1.7963063398484742
6.047516956726482 6.223275932059607
4.853363657813602 3.1731177117422944
1.3296823504108286 3.1056608462611197
0.4315412621030589 5.01796561022345
5.343903500963877 4.425811193679174
0.02566032691617153 0.8255582847490812
4.822486326981894 1.937574173767142
5.216905893395335 1.066454622420905
4.669865704442244 0.6397718174185005
2.986395153569433 1.380243708939491
4.211553585020078 2.6765766627645746
4.537303491137077 4.304583828547291
0.5410283488243715 3.9136313486277694
0.10496749534317334 2.0734701653920617
4.753609499915621 1.5355574284315212
0.05923583497207866 1.2872973856809404
5.141681270714357 1.3640855278285946
1.8280490246475456 5.721275884104095
1.6404739068200243 0.6409985416934758
6.0310287350081735 1.7524329373797554
0.23982016779535187 4.969884856901485
2.1266283712162486 3.497453128483798
3.218896867678019 5.577048183736176
1.790881803459991 3.9828099356499185
4.77834110496051 5.335636438658645
4.298925315686694 0.11445440041895616
5.881518724694757 1.0300030405730487
3.9330824302143212 5.069675696668321
2.474974404356882 0.6675314177792889
5.539051127478847 0.3401545171246541
1.8920191216524502 2.3377976369013638
4.1892752036123575 3.9910975062132312
4.338628921481439 2.1637596921036217
4.349240691691173 0.018243842384385048
2.707308366459266 1.3990694157983077
0.6774508321835481 5.808872985263061
4.743808412564874 6.25174003018127
3.7649580324799055 1.1597238708776407
6.114795422427769 3.8649216220615465
4.80621747804983 4.635332359790285
1.5850757081011555 2.2460960556258054
3.904745166417164 4.058478962492378
4.3609493539795725 4.824404746886519
3.5284205342198343 4.14758403437942
1.4454641403578001 2.631819172310853
4.217997750801814 0.033395812000827016
5.042317064190023 2.3457893839723387
0.920399501669115 3.257250058474837
2.7827913548380643 4.986945064959735
0.2039052452149393 6.118350894198507
3.0069721272094205 4.436856020602245
2.0817514408638886 1.2306573000704204
1.669739609436554 1.4603554719442444
0.4787761477274537 4.068849057779522
0.5750507759314707 5.16562370400239
2.2747696039471794 4.353866061465459
2.228011742107079 0.20468297007096115
0.6523642913607848 3.6057807472098324
3.2628519752149567 0.8219423501215255
0.7030640237081904 0.44209760142397125
5.861889960443144 4.185905579737418
1.8167466700687473 1.3711629666006877
0.5078339297624671 1.1689737154348556
2.8843909197703823 0.7346760618647208
3.1404742009809414 0.6326889061765277
2.027617874933155 2.13677372883121
4.193713435181861 2.815471917379871
4.693732070704572 0.6434302287959827
5.571804045131159 1.4412597177381203
0.4014332759851528 2.312517912203499
5.918817805297582 2.242780591895453
2.6167326936947086 3.4215730562906694
2.653183862826581 4.514417900622994
2.0703578472167288 5.474685455910908
5.614251528767807 1.2900054419312252
5.4632562721956885 4.621328814779334
0.9503240268387982 4.8909190882208655
5.588624411806283 0.6605838463652884
4.471239687655714 0.9421985536269101
0.07491469869602414 0.9730928138517134
6.058178080028393 2.868733413424594
0.03659157520331424 0.8543698379175902
0.5767763039714549 2.1493010151152685
5.032899891658312 4.194984152276113
0.05364193604495358 3.44002802350763
3.226918971165271 5.862411677186455
5.038789922649134 6.17368543132138
3.8176160420616183 3.5589126885610027
2.6771492285529126 6.135937237775111
1.2133949615489197 1.145491820761813
0.22603234168321615 4.916336441543055
5.731624039611521 5.847224563348244
5.726582311801548 0.39616421060405127
2.2250074850210138 6.222351005539218
0.6007727526183733 1.302788590739208
5.327418515715206 4.541143014403633
2.356561635568285 5.147642679009775
1.3725513834381062 3.972955862588976
1.4459116471178126 0.6964153989047472
3.2550047422064665 2.4121335358974405
0.45548182348327254 3.697304212984837
1.51258991292425 3.5000675320745294
6.280157514462585 0.26219239198769095
5.3952838885541095 0.2708749493528203
4.262752792030976 2.127123332303184
2.5222937472877747 4.4482612703141
3.7231445454160497 0.9294420884674506
5.612299418833689 2.9386751347931366
2.4145468533858305 5.998916030471364
4.214560808559612 2.2815238689376347
3.8164174973905745 1.7146844197592226
1.7296555804978233 4.214474109995848
0.11253663964917794 3.8280768040045023
4.708210292963062 2.883306035987987
3.5265710257840333 0.9813683191455052
4.908118444220133 5.146026755405216
0.28749207328117876 4.129358193881265
2.4084571218989916 5.418588920948845
1.3215345251322084 4.942071494336725
4.194164617047938 2.9047945211610617
4.869781511718019 6.088296739784758
3
0.08059804787016353 -1.0227628986570612 -0.02838740659402233
3
-1.4917152169329886 0.9147769210502671 0.10661758442547987
3
0.9770925620049593 0.1773160614384047 0.05028845904829557
3
0.6884121759862692 0.6983999325927762 -0.005831596101115959
3
0.8176727594490842 0.832568959164447 -0.07553837464519655
3
-3.5598698061121667 -0.5565461976653548 0.010164730015898104
3
-1.236467814447835 -0.35772726289029894 0.1310494837435461
3
-1.2147723745847532 0.24799124785322924 -0.03587993350157627
3
0.6695123272873821 1.7176300836231269 -0.04467538294318137
3
0.12818458079333528 0.8362082846126657 -0.009045756788518048
3
0.8911690883542315 -0.8084756429786416 0.002012092205778208
3
-0.4410792725009661 -1.200339192624631 -0.06263242813383185
3
2.5156679759757683 1.578441903904661 0.22746222498389965
3
0.20207520489051067 -0.7914842195407884 -0.02349010064440978
3
0.7414203471993271 0.6585631270163231 -0.03798036204021727
3
-0.2945612042207445 -0.6518704219312135 -0.014896696846269744
3
0.7025575158764632 -1.1248143867918072 0.11565638249420603
3
0.7759069400040751 0.8909894940602163 -0.0036422438087117363
3
0.765663241368298 0.14662739765020635 0.021700454075796752
3
3.477833594302293 1.6483244694477701 -0.09191425038478165
3
0.3637947853556718 -0.7351792719301451 -0.026886664212705663
3
-0.553740064666073 1.1115664268894638 0.07342497599770649
3
0.413444248809108 -0.7453309596006904 -0.0751298069817384
3
4.4525816021387055 -5.1624657634960585 0.1933351747122954
3
1.0068259564261104 0.004084873272371899 0.06408208559695427
3
0.4666169658630631 -0.7689225763184622 -0.02495460780117014
3
-3.22602499945007 -8.154207304071011 -0.10238026626001069
3
-1.013281829751789 -0.6628057713609111 -0.07817715070966574
3
-0.7884888166687806 -0.44597328024443567 0.06810914221085762
3
-1.0228244847830763 -0.5644883075072048 0.01611311231484569
3
-0.6253679101552934 0.5102786218739358 -0.01389317488963293
3
0.05406889285759245 0.7011362286077076 -0.04632801394747187
3
-4.317883538054728 1.355137572005231 0.09696052885754608
3
0.44838241029844955 0.6468993003498008 -0.025528314556392248
3
-0.7201903338137648 0.45312760967787735 0.0008602341636075026
3
0.3138004789408712 -0.6714533481599058 -0.02328032007689863
3
1.553903996081155 0.84859318924094 0.03238208262060095
3
4.6007924726729055 3.9906573938222 0.08408630234819323
3
0.2662378024187219 -0.6025788909770385 -0.08945635062873432
3
1.5679670572758828 0.4894369939461979 -0.17743195376452908
3
0.025861952715850497 0.8304980372771265 -0.011666409226701566
3
0.14749513354282315 0.7654548588662866 0.009089683343657826
3
0.8720010617932819 1.0066085302637684 -0.005743910725217668
3
-0.49887196218593244 0.5192669145514819 -0.06453822804530845
3
-0.3298382033988093 -0.5608533303868005 -0.07498682645228098
3
1.0177928866581951 0.12380829751367398 -0.01387153764874554
3
-0.8551578601587935 0.8811130406884599 -0.008415371735550053
3
-1.0911545381690821 1.582925175347058 0.0772539925158838
3
0.37584867089151125 0.9080912416544311 -0.03980050603712151
3
0.09976621306787589 1.0016814826325793 -0.062439780205946316
3
-1.011513084630754 -0.13614202978830048 -0.00666812348830554
3
0.2043255017558327 -1.0018003517103677 -0.052022531328016444
3
-1.0329286329118303 1.1462109984575828 0.10829623118851646
3
-0.4465307196437218 -1.120662065003433 -0.07819266201971842
3
-0.8206853626909334 -0.6317591042291539 -0.0028870017450742854
3
0.8200015807212984 1.0069445665702426 0.04761475624658289
3
-1.6492555873562071 -1.0535831523496946 0.13326150491533684
3
1.3200447767461259 0.06527892137016347 -0.04052648529240766
3
-1.3051944863563287 1.7293687671566842 -0.10409293799104036
3
-1.7914848408012727 1.1591015213332183 -0.08032847197273918
3
-1.0887481086067732 0.8870324948992976 0.017798955192432492
3
-0.5708548653878956 -0.8326411138349055 -0.01436218109964352
3
-0.02641525599624868 -1.0177257130672261 0.06254420125745892
3
-3.366444100353226 5.927857479140744 0.060350615070322425
3
-2.216771421998186 1.6258092246769897 0.03756320466354456
3
-0.10629128253511266 -1.2306315820311262 -0.04952418775984937
3
1.2091788872284814 0.31539130315173947 0.032226428159478494
3
-1.1633540899871888 0.8534572199281469 -0.11316559736716648
3
-0.7042215135622639 -1.0928315476933539 0.05955351065700403
3
0.3697725810784197 -1.010492759474525 -0.1004399246233714
3
0.45804402060915494 0.8998593707527184 -0.0025604201873666035
3
0.922882868669788 0.28307466500395073 -0.0003711418483234808
3
-0.3332199460863269 2.243485814056534 -0.021100812047648573
3
-2.0141692737246446 0.9519248264439754 0.18290753975939109
3
-0.10178471313906834 0.6306777329204496 -0.035009459059761855
3
-0.13512231145661147 1.2248222703174705 0.058986702182771515
3
-0.9769748668668768 -1.234325747023081 -0.05330309470472679
3
-1.7977424425947595 4.180961262594591 -0.13290534522580685
3
3.027339673605412 4.332663291441658 0.36369467059701704
3
-0.9252932049646209 -0.8734238652008485 0.06351116638639676
3
1.21521902575238 2.8568886259619264 0.10042636317804857
3
-0.594827161504911 0.7192162410839732 0.0018799509564136874
3
0.2811014305748116 1.1898904912671109 -0.007231690324004483
3
-0.6087814928796567 -0.7720483189859976 0.004967021447205438
3
0.742616017569124 1.0274466353197853 0.0969264622032094
3
-0.007524917714651309 -0.8330800735706863 -0.05159633911795467
3
0.9799273767138921 1.715548103671637 -0.06790205207337463
3
-0.32245066654820415 1.1934255424102793 0.11075600227980717
3
0.24840026898241419 -0.7592122401101621 -0.0012647277467008116
3
-1.6447115444957843 3.911546475878441 0.042729574113832776
3
1.2237991642304393 -0.3483705527958344 0.0328540434478108
3
-0.2116211377622279 1.2337986770228553 0.06329964316815374
3
0.48845647335359554 1.701934168871257 -0.12166882058327898
3
0.15823971445079615 -1.2881228247240073 0.009002670259278565
3
1.4495373223623322 1.1557905198111107 -0.11453845161767859
3
0.6560106524122955 0.4103009053181742 0.024630920322738004
3
0.043185392826771404 -1.4524091987084917 0.00550940336145696
3
-3.8436877362646262 -1.3361296618464202 0.03592999820914718
3
0.1264664690223356 -1.2438768261031996 -0.008608525546776257
3
-1.6714302465494617 1.137532325028551 0.13815279512715253
3
-0.10246490236489758 -1.1781645523932316 0.048530671961286825
3
1.2912920306671603 0.21212194560770226 0.003381977845585459
3
-1.0459765665796006 -0.3924438726555041 0.045856256394171555
3
0.9228700382031304 0.7708868355556422 -0.025928538328773003
3
1.0882674065077855 -2.0822854515192604 0.007899899667147582
3
0.9189543511875259 0.024112238648641888 -0.07149624680917822
3
-1.0207145028715638 -0.4835147234483976 0.003529501979816952
3
0.6309804420256969 -0.9530828871805623 0.031520658653895674
3
0.05279383877399006 -1.2762156503400954 -0.02064840274544324
3
-0.1181210573602857 -0.724255157746638 0.04661541485944577
3
-0.2706185969198619 -0.9696384149612963 0.06163222349045037
3
0.7986663191085518 -0.7218816891125747 0.06386369747628474
3
0.10183868595791508 0.7664608346446111 0.028981230047013036
3
3.1002016275960163 0.8647461435807582 0.002898788521457516
3
-0.232714808061941 1.8153420864898118 0.08528387487113852
3
-0.28579274848608116 -0.7373791359319528 -0.005559455526399423
3
0.4495682443315713 0.6145302322848077 -0.0021022004118721616
3
-0.05738718401798332 0.9625278155952847 -0.09588144107429453
3
0.5815534648094594 0.5304701311684462 0.0062799285182493616
3
-0.3770335843318926 0.6879146795823918 0.014968407642820345
3
1.739797371486879 -1.3918214495714085 0.013083732972226914
3
-0.7210800939928719 0.35795503582045 -0.006716904417571306
3
0.5119186279631237 0.24666349079304928 -0.03444095480764791
3
0.02194437843467923 0.8678103005663816 0.041888161858189846
3
-0.6924715298272435 -0.4562474847233754 0.02623457837212813
3
-0.8503553080094747 -0.3853121731131091 -0.1028933042819605
3
-0.7118592330518068 -0.0707030597530996 0.014679687824123388
3
-0.8052159572163192 0.13891087813392078 0.014488098451138423
3
-0.028427572381684654 0.7092198993303083 0.0365217569994757
3
-0.6693802930197832 -0.3445663118127421 -0.002494118375255616
3
-0.15502418336207524 -0.7110871216567108 -0.02895407851844959
3
0.787316127451462 0.017024611458498942 0.025174762470536002
3
0.45715033922396875 -0.7728010816468134 0.04483558498297447
3
0.6754803500253116 -0.18510438020762932 0.004266794690975189
3
-0.8323301924456515 0.6478913347237116 -0.06002274319525476
3
-0.574683276672289 0.4700654801775101 0.002294100758926625
3
0.3293342079444316 0.6589757658670453 -0.032478189317855594
3
-0.2631006913190721 0.6968017215682412 -0.032322928425195574
3
0.7924969891892364 -0.1340243248585003 0.011310110574687343
3
0.2500998562213775 -0.7120243599392907 0.03783196703332018
3
1.673545815558614 2.1929639410577697 0.14824115531981252
3
0.04029321504052843 -0.8814173125297555 -0.002928704320094889
3
1.08313706956939 -0.8075734741905619 -0.021761211662234985
3
1.3967922541573412 0.2145169611702492 0.00307435225278624
3
-0.29932518617138215 -1.115759451911199 0.00593367569100211
3
-0.7478459225499574 -0.49130961741262347 -0.06154483410120419
3
-0.7582885365902889 -0.44850059524329 -0.0411889065051166
3
-0.38010658686724386 0.8138937603082899 0.0038758152441247503
3
-1.309040227601158 1.1238238657547566 0.05239752326562769
3
0.6360158630430098 -0.43253967301759094 0.038062766380827846
68024922 0.029467345140945508
