0.8056312858049857 5.49094715173255
1.9641480762038022 2.8312206400667717
1.483266875869293 5.733038896928054
5.506092004616404 5.534750854506408
0.8176281604025513 2.91981657554916
1.3771281546033418 5.110121457832415
5.355794019075777 0.9752885653848827
2.5857947503718797 0.5897417246629519
5.16401672949438 2.1641427449186934
1.4945711346761008 0.3090219172571839
4.696732913427155 2.9878337926927085
2.168834391065049 2.4375527747138905
1.284271177341585 0.8051457994199097
6.192650678324526 4.793604269286367
4.565221919373337 5.405669751565515
0.5485816788489712 2.515231026004714
0.5610013060503105 4.376037263365219
3.2969999405812183 1.2720229457621854
5.392352251504797 1.192150993795958
3.6777230476052694 5.327886700985627
4.458375951885431 1.66653051311766
1.872810380270844 4.870624040888632
3.490651679620413 4.0757597502851945
1.618076032956518 0.7388673901436554
5.473297400534847 4.26991894985662
6.252712000346354 0.7828241842500759
4.632592634561529 0.536531511470769
3.4036889467370184 5.786931099306658
0.973141342012973 0.9571473481003218
1.5841752628150483 0.8537834518112055
0.8249640497220457 4.967259667764559
2.2106149727708955 3.8648810577276826
2.0336498433088894 1.9701293336706263
3.446200284593693 5.4132276084052044
4.820823580378011 3.601934062325517
1.5540405038768694 2.8600308151369536
1.0578007816505095 1.8530839459294006
3.466235626018522 0.9083649017824549
1.0471481258240418 3.875569286050132
5.186469205010035 2.4185345448488653
0.8910421568417688 2.069272926025524
0.8260917210116874 4.07432719246452
3.6146969558601523 2.2674506975475994
4.929461111914724 5.596234562404628
3.0217720264986037 0.7581514201770246
0.7542804145504292 4.059668090582129
3.894524302333562 4.548049218929562
2.8660260185010733 2.604240231038827
6.18829186884052 3.2729568476933246
1.1329157260828764 5.143272721186792
1.989574717676122 6.03616040866054
2.1291599467237607 3.9866005657603862
1.1565902612403691 0.028575706752108656
2.857707473688129 3.895822225988542
1.3778267426314779 1.7778784858488323
4.039245132333192 2.5725814558410485
2.278165594964976 0.0012648864442032838
0.8319149289082207 0.07418982874385194
4.023487661059868 4.301314153931566
1.5820826845641869 6.208042032198996
0.5639152794545551 1.2383288859731527
3.707678679694349 0.9794285520066571
5.339705413281258 4.326218233385774
1.2653995305042067 1.661914895363278
5.059758585648912 1.6951813795999027
1.4030577779540716 0.041762217387837045
4.108699271851816 3.783085559355992
5.902816163708284 4.841734007013466
4.245575580151195 2.0008777331576106
2.02542794984163 2.187712704760955
3.6866375650934105 0.462317388891961
1.0688645267708874 2.0976881189411505
2.637292433150594 4.056996960713883
1.5502372891647072 1.4550795142487134
3.8638585382370687 4.276487914840881
2.470388875540248 2.187527792717765
2.565969839049627 0.7771077316264638
5.495377948815527 3.8045866282461707
3.034427106513588 1.9912332507220123
1.3914809028080881 0.6720801853079796
0.8719165300089339 4.156879659896317
0.3155053971109252 5.569724537531279
2.6845701874306496 5.489064449102028
4.090200522426894 0.1613243575658113
2.6661644558500153 6.162393161805734
1.0582454307623474 2.42964554453459
5.747775262297249 1.026317853544237
0.32408112983514265 4.6662528679668736
5.163213050761156 2.934405052722576
0.7539917819375841 2.284684231094822
4.664890675222703 4.503887774687843
5.396956878874104 5.012164644209831
4.8024183437848365 3.4297977037770897
0.9238291869703331 2.4886955183024306
3.6671277408135485 1.6644085597605507
5.904855701698374 4.741895674080856
5.52940223365285 2.7877169245680995
0.3466165055527922 6.071237806736153
3.746292255032288 5.134702447000631
2.7743476600313457 4.845475604298233
0.035015119459061224 5.70943348351607
1.6440113342671325 3.9083671359063805
5.092482632011784 4.741127046635392
3.3393033068223654 6.246876214400841
5.569344506414241 2.1632470796467924
5.643438707913974 2.1344826946049915
3.950026514212635 0.46266034924742505
5.882347196201313 1.9365845770472623
5.122193743600415 0.20832676635728256
4.210230180681571 5.873051846266243
4.533133179274161 1.6189907606692742
2.7685999854074486 4.107886629301964
0.017122884193995692 2.838766014513962
1.3711004436059648 4.833021453075761
1.7639692908730413 1.5155910429158994
4.681055977687396 5.123046488658158
1.7427203226235823 0.4908675072699006
2.536448924612251 2.8976909326080933
0.5773003435580472 1.3932957535960293
6.0215383041423305 5.644993209721629
4.544944927291025 4.166357738948171
6.27810075949603 5.804200744883793
5.357502166393739 0.8768539049195898
1.7743159628665783 1.9709977877175837
4.040969081948183 5.6845582058719515
2.321648291593715 5.898021916291959
0.17710000975559734 2.9003143690178796
4.6346484363374145 5.703521882097879
1.5355903865725478 4.79431682269899
5.130822320525519 3.0628403152346526
0.7196745331478244 4.628310082884351
1.844434459304897 1.8294922569167589
2.6630106800581337 3.005518263088221
4.9937564148705835 0.11537907079630708
0.00972646831598262 0.4798364073904223
4.620746010162427 2.0088091693585763
0.37087932801158147 5.922123446303999
4.707625030400645 2.0239864787713175
1.6169598552085618 0.7265964591755378
4.848743501375887 3.325061740482884
0.7291582232058335 2.74809019060427
6.143025528989318 1.263203504501246
0.2653290519533002 4.9741469985484335
2.7122183825631003 4.1430823498697205
4.823626318739957 3.9796055923858713
1.9176918434031585 3.4156138007487864
2.322691754221458 3.528522021853679
0.3658701329501992 1.5238868156585532
6.104540208244118 3.702475320030255
1.2946878440055107 0.9529688433334752
.059859470347391
