1.3716855514456838 2.7686421141458086
4.246735855673056 0.8399713574166178
3
-0.30841754923144865 1.9381174737163347 0.007471242883443084
3
0.19661768698050444 1.740352732882348 0.009051475383568052
5.608799558546811 2.5110451834804537
4.675526958702063 4.996284311836163
2.56245611439476 3.17230919717786
2.499497936053657 3.224168982597383
1.233659054699654 2.02959520826478
0.6742039856791591 0.7620529929889447
1.0681359392003216 3.3716891381192395
6.0088729561585446 1.4055574484438276
1.2038324198084187 6.202619148564804
5.2326533880799335 4.318928287337186
4.622602910007733 2.153443228724154
4.623655705853579 0.2512734467737161
1.633046354482005 1.648100143404429
1.9986262494025542 3.66172527740075
3.6139959789247924 4.335758769519507
6.278657148327676 4.177091373717835
2.761493655136176 2.834526775602516
6.239977525981162 5.5664877923546525
2.62744427175074 0.6961357399215278
0.41201275313664143 0.9111012593341415
3.4692089661183094 4.0936837844537255
4.846206598319159 2.0580662393217466
4.634973983818087 5.765158786063619
3
-0.26138699538304494 1.9267396143873234 -0.08286034581352408
3
0.9529190262084716 1.664186392563836 -0.16383106797250957
3
-0.11320809362444657 1.778630861871626 0.04824898561384112
3
-0.10206830630480107 -1.9808774641780709 -0.011633395179902934
3
1.137082488791029 1.3504066647260429 -0.011828992775552797
3
0.4579741266095853 -1.6765269022726434 0.07507577949068285
3
-1.8916765800522326 -0.6744246828439653 0.021280020301028883
3
0.6024618132886228 -1.8814162322742654 -0.09255993332366148
3
0.10740065969496873 1.9015966376248956 -0.015666615803758544
3
1.3197871904296263 -1.12788898663536 -0.007275613159354885
3
3
-1.7289838322864028 0.04329711795838109 -0.009807925897376352
-0.7054352743103701 -1.8219322545243573 0.005005406853950906
3
1.4027257972323424 1.351278246080635 -3.833930036211544e-05
3
-1.8125216229106291 -0.43688988207592555 0.08078972812825849
3
1.7600953266365622 0.6023585362657381 -0.0373488088756177
3
0.47745881493978193 -1.6669820510374942 -0.011037009628566578
3
-1.9056303609340102 0.041428910139089836 0.022228101187416992
3
-1.8357113663942182 0.6187932322553414 -0.05493945732535663
3
1.5521482818082801 0.831000293423709 0.06701002852697466
3
1.9536205167814389 0.010434320518152618 -0.038359599214464406
3
1.8415860412816591 0.6580455870783232 0.12136965476666145
3
0.3592778981697977 -1.820205522047361 -0.008181462634181189
3
1.7768249692718792 0.12222144936129421 0.17374968779613922
6.056629627868355 5.107893619503694
5.627124038896518 0.595184395823918
0.39204502398907554 6.016008736668265
0.9152853019151103 2.421908132154652
0.9420093073969921 5.058037607740504
3.328599894728921 6.210891009630331
0.43189621133829503 0.6722755822146476
5.7006988277897195 2.1166249839861453
2.2578159296012936 3.845326441969408
4.960110210384104 3.9899932409525483
4.513152732490647 0.9105869776494047
1.6162540195209094 2.5353613178420256
1.7628036435674996 4.036225298262247
0.2801555056776267 5.435935090634566
4.477466258277326 1.432458211306878
5.881145425685202 0.5952452120702351
4.402071757378946 3.129010690596829
1.2066200776715925 5.740592756071443
1.1959946114470992 0.8556680666046044
1.9386386823667183 0.8778455463819542
5.634379893341981 0.16823319052475225
1.9104287790230197 2.883178948468232
4.189915842269064 5.68484958775585
1.2878293560590448 5.546326432085506
2.554790743153701 2.6132184629446082
4.135367830509925 2.1683737871019435
2.3193267650368834 5.345348084768183
3.109808957749015 2.5687141137824927
1.7561881216684039 2.2566057946408336
2.744474058066897 1.278343415432596
6.040575365642392 3.669181060163344
1.5548316213123057 2.011751447722115
0.922948364437269 5.640575469138164
1.6325686394015322 4.629985960232801
2.401642726864496 2.2844812957452056
2.6416634502516088 4.096119622752895
4.26274197842954 5.8076867763292865
5.846579932356077 5.268036120314099
6.0145977840875275 5.7324157154946755
0.47765377309813234 1.2774173155152848
2.05232215005182 3.2587780171714167
0.7040114734477373 3.3233259902481183
3.3263632942625256 6.21179877143227
2.048479641226019 3.2133165891236826
4.580085484556934 6.1925657150357365
2.291999404175379 1.2637392914754058
0.11883908281140255 3.533743801777134
0.8991803605815929 5.920724671058116
2.540775126317265 3.944921411037904
3
1.7294656086592002 -0.1509844069309096 0.057610744041665385
3
1.035017794039856 -1.556937626038763 0.008771940487575116
3
0.6844766477629586 -1.8015640113563463 0.06711242027332756
3
3
0.9440534954114073 -1.5193981188116956 -0.06132787562312924
3
0.3750894888655547 1.7551095162730102 -0.03286921582178137
3
1.7866992303029243 -0.8330897083483882 0.07073477680836783
3
0.6463824851356444 -1.8183628033232733 0.10661540718300612
-0.596108906690112 1.7222206771209825 0.08291397253115924
3
-0.6654677501119185 1.7733026237242069 -0.09635860418636992
3
-1.3888833566203789 1.141171032555385 -0.055115916639996564
3
-0.15429812182878438 1.9434424756241035 0.02125689220149314
3
0.3486514543580172 1.8386740412094906 -0.11097895743480964
3
0.023522258506921686 1.9996526653687665 0.0059125084587246975
3
-0.5353925131200316 -1.7108566488452668 0.10633005559207982
3
0.9383306395139942 -1.5951200171400952 -0.11213236693933192
3
-1.944471433428707 -0.029161173977429154 0.025716182603921677
3
3
-0.3477477790109144 1.696318628887479 0.009652203205197692
1.9341968292327645 0.3866460921666358 -0.006903812241725215
3
-1.34870515182665 1.1905124266261669 0.06991971266026385
3
-1.0430934912391476 -1.4570069112180053 0.08445067604655325
3
1.3157009883462496 1.1049845732158885 0.08468414761493348
3
-0.8037352710404504 1.6066234208846766 0.022768386060774734
3
-1.9174188080438006 0.42607824511978626 -0.14092198456909558
3
1.4582489632841846 1.1139533812255422 0.12822347870019876
3
1.5907868420656457 -1.0705995782141313 -0.03836052387646402
3
-1.4375588930688619 1.1293563980297752 0.0662808891230349
3
0.4310357570083589 1.8543200343500905 -0.10142620077392839
3
-0.7887748108850767 1.5477734146371576 0.06566035781296209
3
-1.700874011319471 -0.6620257438627825 0.03178075981052692
3
1.7959001666737573 -0.09896014337337637 0.1367121896516032
3
0.9639162366980742 1.6865213821426361 0.05525997146300758
3
-0.6476163391221572 -1.8232881061694808 0.08995380800224657
3
0.49351215786715363 -1.8080523353387488 0.10127780827689362
3
-0.133245695727825 -1.8719559819436602 -0.005024327764485987
3
1.428257050077637 1.1128505553411978 -0.08722814804718039
3
-1.2144765343618478 -1.2561180922619994 0.047927723649022425
3
1.3873008695388618 1.110702188346071 -0.05678164633279802
3
-1.09190400867252 -1.4877252888154182 0.061395666712999904
3
1.039835479908614 1.6141948059248306 -0.006881917804906579
3
0.6020229777926509 -1.636822126568484 -0.07741278103136456
3
-1.9565205250952087 0.09369254610532246 -0.03782771355186403
3
0.8488963217321005 1.6549389709723703 -0.022179401770266133
3
-0.9622742523333024 -1.6474879229541095 -0.12291120965891728
3
-0.749700821456704 1.5884029026827782 -0.010673300603019457
3
0.8857549717686886 1.6301212284086175 -0.06928363850108754
3
1.5726241573511435 0.925179121633309 0.0093845283821424
3
1.3963965596160572 1.4269578300984078 0.05573310744569623
3
-0.981912975283068 -1.5533648756060725 0.07733185211774729
3
1.7551553240686513 -0.40803561696172047 -0.00592863788491344
3
-1.9212200480597008 0.38578500523407483 0.004324758872407345
3
-1.005804324298822 -1.4679349767748535 0.06039953803117843
3
-1.2141737788899378 -1.5640513586855123 0.007995572549075593
3
1.68621621742528 -1.0154649248553238 -0.12508293457268813
3
1.8993817575459764 0.3389543188400656 -0.13962600797078067
3
0.8159251987632447 -1.8254450848183585 -0.0784700237796737
3
-1.8862410704456356 -0.4876674246194824 0.005374135188366582
3
-1.545430815514852 1.245451384872369 0.16997715303705313
3
-1.816883786913018 0.6512661316302205 -2.4880287512892538e-05
3
0.1176279878366033 -1.872655968853792 0.06922123904433362
3
0.2117910476877803 1.7782704823086655 0.07725402839342899
3
-1.7556046470094313 -0.14675064013305494 0.002778897712954002
3
1.7100921091175767 0.6520376672601633 0.012794683046582031
3
-1.945403602786639 0.13792587831752853 0.1060746713345352
3
-1.7791751822534985 -0.1580515489884349 0.14913863568661906
3
0.5750653877124282 1.7884616425313378 0.10078643175886126
3
-1.832994162133251 0.5204858628637278 -0.00032362794919410195
3
-1.838261736547014 -0.023456725277340676 -0.13368082915852134
3
-1.6533364366487713 0.5667854340200559 0.00013787521996231852
3
0.9405426485883263 -1.5141924431282843 0.005066214836047438
3
0.4889621816751142 1.7286528564126218 -0.06400523474357032
3
0.36841861012953914 1.7345051278444674 -0.009753374030812677
3
-0.34964254586455246 -1.9302875869143465 0.12237585225407609
3
-1.4987172946724567 -1.062108772722488 -0.17138256170372027
3
-1.1832792427756396 1.3625515339194516 -0.15331365392964502
3
-0.8317356817386609 1.6871249545582263 0.05422486940792955
3
-0.4965949089046509 -1.915447497933646 -0.12561967400677926
3
-1.8173551447655254 0.40875948415716656 -0.1693074927654562
3
1.9702442479301567 0.019982055089830614 0.07167692721340052
3
-1.5414649872364745 1.1056199533256053 -0.09337926657240016
3
-0.2114514149899689 1.9274718789102596 0.0702272271573401
3
1.0170715907925927 -1.4480963845666173 0.07240468512107584
3
1.6943933408674337 -0.6554460145888267 0.0817469199056116
3
0.1344393251425687 1.7590480325007316 -0.0853521755800357
3
-0.5256718186187828 1.789983094660818 0.07456351619397951
3
1.4483044490125552 1.2096414298354357 0.08915855998069373
3
-1.1685791343779959 1.5197079328182013 -0.08264508662111722
3
-0.9365434856826815 -1.549735732551522 -0.10458081747569492
3
-0.17392269490439438 -1.9003756686006488 0.012259469915032623
3
1.1089308199297638 -1.6353418992619422 -0.0067565323857116544
3
-1.9190481905241898 -0.2228661960275545 0.0876277994183291
3
-0.44369826730463374 -1.7194540710688133 -0.11047343359320494
3
1.7825229872727408 -0.3182815587011186 0.1431028420680752
3
-0.7823865071383739 -1.7883448779279607 0.016209359331710457
3
1.7171173254995746 0.3524060534410627 -0.051145077268928946
3
-1.5363428825537078 -0.9555440347953188 0.036620100806012
3
-1.5279676098189308 -0.815789041418261 -0.05082247171902436
3
-1.0890320517099898 -1.6390744299973918 0.07451044993762235
3
-1.688334396061946 0.6456136189857755 0.08415878005180585
3
-0.9854295507293246 1.424589807838913 -0.0026770395896800747
3
0.5745787518103277 1.7331280165629868 0.03650401471977146
3
-1.3533348734550794 -1.2312719156724727 -0.010384104930817817
3
-1.4565458949499177 -1.1265190181973257 0.1025319891511326
3
1.905113298036112 -0.0403219473797924 0.12619774089834962
3
1.7230436407391536 0.24325630408007728 0.09767725669346344
3
-1.7339515232518097 -0.8804427835079468 0.007986069608596245
3
-0.9874432341125281 1.5930076397567803 -0.13314650734532762
3
-0.6027847355010068 1.8534386441133728 0.1549039523009558
3
-1.0322703556568773 -1.5746012027789087 0.17125234372008016
3
0.3792566148295005 -1.9721259230537398 -0.03691037690716677
3
-0.22019505493794111 1.8809659772930276 -0.08475541584488341
3
1.7503941086866603 0.33682479046636626 -0.019342711214350758
3
1.7398152648211374 -0.8410609474849348 0.040363821401612
3
1.5231670046406391 1.0359390666170396 0.05369061457052322
3
-1.4679474089072082 -1.0834496136909506 -0.11364192360230645
3
-1.2150274977898397 1.237387471240501 -0.13494150178110564
3
-1.3659889917240113 1.184295606547434 0.015308472741707813
3
1.4943228554509667 -1.1002185667619448 -0.007679644726546076
3
1.748146694369154 0.4987073939011913 -0.08933778346835508
3
-1.0469742951543657 -1.3930007161091114 -0.03198881313676329
3
-1.2836781922811644 1.2554550202354162 -0.01088540138704437
3
0.6324862904132527 1.720385804957969 0.026764509050448304
3
0.6556970959980837 1.6249832770235633 0.16997058538293738
3
-1.6699886597661486 -1.0280536808910288 0.008154256345079863
3
-1.0371558941639805 -1.6633972090839981 -0.002404938719887039
3
1.5428710319910626 0.8906746848205138 0.045971049027997604
3
-1.8875718739321075 -0.5831834646137527 0.006914697993218917
3
-1.8062935126452695 -0.6605823210259081 -0.1335901500154487
3
-1.3759167392822245 1.4161972951191693 0.003251518797661477
3
1.487274359381833 -1.2362102501906773 -0.09550381496434
3
0.2689277655526937 1.9537123499881202 -0.0057421710577254936
3
0.8790469641711847 -1.791924444913102 -0.04894540417009424
3
-0.0550185583751031 -1.9455480919622026 1.805168029686788e-06
3
-0.2870903964830468 1.8361687995253897 0.026590982433337733
3
-1.9234590509547445 -0.3195534639365941 0.05619803802698826
3
-1.6277173780246486 -0.9165784149439395 -0.08085179970062867
3
-1.0730732011665869 1.5339749808363659 -0.14923263426385108
3
1.7171061925612274 -0.80009071783726 0.03811898038202606
3
-1.880929025846717 -0.137272585103168 0.07667687259847727
3
0.5355802842687862 1.686484433397968 -0.14091695410718727
3
1.3210019372365913 -1.261207009935084 -0.0845269632870588
3
0.20336347511333813 1.7262439145285082 -0.07546149043069857
3
1.7588770404349505 0.3305141857097859 0.011010283836798647
3
-0.8032677110105422 1.5482138310527362 -0.07707317010292848
3
0.7398507377012595 1.5471357723707342 0.011639156188231818
3
-1.1573270689264286 -1.34423325367006 -0.008505393659156712
3
-1.5093337937632854 1.2668032851954678 0.1104872777326005
3
-1.5671830036164383 0.9682579548254818 -0.05401667261709135
3
-0.27242121845475253 -1.7948312080083308 0.10205418530358377
3
-1.9768829025525558 0.14805623058698103 -0.14235535008913086
3
0.5968213812753043 -1.7797680195118146 -0.010950680705189352
3
-0.08579248468028654 -1.9526379676803052 -0.12473986467063995
3
1.4449298987193229 1.1576169153298599 0.051036433296118164
3
1.8897073658927108 0.3939680310914735 -0.14830086954823835
3
1.9094968029802766 -0.10063522068010605 0.10064921466657102
3
0.043859768536189316 -1.8685525858165057 0.16980325002025118
3
0.6136758675546631 -1.8226372517189482 -0.03772698730180946
3
1.871192010387518 0.0102799132695032 -0.04528648070693725
3
-0.0873379181434662 1.9002124792826869 0.10077665281168416
3
-1.7973332576948133 0.11317505563134785 0.11215841117273694
3
1.1822142467104522 -1.3674774341342133 -0.08229944131542587
3
-1.256443616262394 -1.2932817894624205 0.09736441638888302
3
-1.7281926310523494 0.14545861809517474 0.10289613631742417
3
0.25693256681168797 -1.7586761214753117 0.1289172688578725
3
-1.8294059278274586 0.756082108380071 -0.003167559708739776
3
-1.701761584801718 -0.6434633742496266 0.0487088458465712
3
-0.6812393915770909 -1.6540959409386924 -0.004891494957844342
3
-1.3540692065710613 -1.2080124030832602 -0.032463435879126194
3
1.4098935643615667 -1.1470400313453808 -0.03632211822613132
3
-1.055440066160551 1.61813963689244 0.017403025655605562
3
0.3081656713297489 -1.7792675185427247 0.058106157440664746
3
1.0742714152904078 1.4810676749616798 0.01132280043986858
3
0.270401415812468 1.921779383067226 -0.04030785020211418
3
1.0785730466523809 1.4447819275240168 -0.05781162814349197
3
1.0454424044653714 -1.6907542378560994 0.07663448234267091
3
-1.529452148467231 -0.7913103157355889 -0.08282552037370303
3
-0.43128006368910854 -1.6666152457165988 0.08918711152676391
3
1.9690914608908445 -0.0189478170041225 0.01553630087601363
3
-1.8433196452730531 0.801902425615805 -0.04816219715105687
3
1.453347004921272 1.1495329870247006 0.0708346902997603
3
1.3475498750653123 -1.356270602328504 0.15453915448088296
3
1.6625887288381906 -1.011851099969405 -0.05811243809926219
3
0.7562222663528082 1.6168796287062344 0.05247995224095939
3
-1.248374404268829 1.4593013502173118 0.06573580060616561
3
-1.5170879785003857 0.7987550505355474 -0.01596187543820668
3
1.8329454607791897 0.22087345138832334 0.04506142548917764
3
-1.6713568405157277 -0.9157797521600867 -0.0520032447346685
3
0.804324056876943 1.6460154238483842 -0.10425232268963164
3
-1.5331518953301644 -1.0575641793221906 -0.004756360288425207
3
-1.7683847108179147 -0.5162699860522411 -0.1414071336469596
3
1.7862708132578133 -0.35102529139751604 -0.09619632903378492
3
0.4480990234237107 -1.6609191324685026 0.02011779460399599
3
0.24246848961958167 1.8585968620338142 0.04274150441355498
3
-1.614980768056759 0.8664179212692353 0.05767664862424378
3
-0.9394467011833334 -1.5119436990384094 0.008539082409043093
3
-1.0240998635564644 -1.4360531550262292 0.08425726581465878
3
-1.5716645547150234 -0.763340679513475 -0.026707870658595062
3
1.967776322738709 0.06330110971049822 -0.07043520453035113
3
1.1969708978714024 -1.54985774351469 -0.007235788177990298
3
-1.762210961599504 -0.017909580559879346 -0.018402774462854366
3
-1.881439829698229 0.6088755184319627 -0.011855279367256851
3
0.3794799615834469 1.8924189242152631 -0.0001601713731228477
3
0.7198942805041496 1.7121675376564949 -0.11434415565435217
3
1.791802474186431 0.750731968058081 -0.16852941713262742
3
1.7562000708764156 0.8107555140205475 1.3836047644456046e-05
3
0.009571432647449807 -1.9200041608971483 -0.03715110499042891
3
1.0810167613528994 -1.669969931151541 -0.02661349061594565
3
0.43343996526023865 -1.7983568505254286 -0.06465811484489535
3
-1.7570134352373268 -0.7926594724569149 -0.10400012700215558
3
1.385269391099774 1.2104235019153826 -0.015532043981070257
3
-1.8774815019907318 -0.095069861354383 0.07279165710137259
3
-1.5075378189561797 1.2527295639254132 -0.016041303646667587
3
-1.883288078964624 0.06846979563693532 0.1732837077108284
3
0.8665599415444578 1.5456298813835345 0.09457323590002424
3
0.06233222514374591 1.7828822415814372 -0.09917867088737262
3
1.6849755122743943 -0.5071822060793296 0.0002639542299386231
3
-1.618901642856619 0.6769022226236168 0.05741940862056847
3
-1.4240881671419239 -0.9911855134120693 -0.01777424505495635
3
-1.7460002819835745 -0.36975771196060314 0.00025665159733410557
3
1.6315465424347655 0.6763140891853212 -0.006795963048017753
3
1.8552979577639523 0.6932510132550569 0.08716794558110788
3
0.2847839539568185 1.823711047650398 0.15039020946657375
3
1.5749212801248182 0.8463274122582611 -0.043233488511811906
3
-0.20121844377091397 1.9746194726605906 0.04258860569627814
3
-1.93695526251044 0.25353014934266765 0.10959935361476458
3
-0.39092593546323556 1.8259374656799408 -0.05322172254092603
3
0.5760818189134553 -1.836709161230529 0.18863592954298383
3
0.1574463437782489 -1.9172173372078425 0.13216241311650107
3
1.8591175026376239 0.46984799336791794 -0.08425071258896447
3
0.4327863709384201 1.8209592044916496 0.05566903687468488
3
0.0077262768333173915 1.912889616729153 0.04821520945994515
3
1.4398253695616436 -1.1650244739620168 -0.007758475574100186
3
0.3537565232705752 -1.8647566440903587 -0.022263849570865243
3
1.7063283528860804 0.5056305423144485 -0.005949829293953598
3
-1.5317123797054815 -0.943639719756094 -0.08707281367618225
3
1.2552450007305687 -1.24265691069676 0.08373224777777159
3
-0.11655304789817256 -1.7470144062309256 -0.11188484622143746
3
0.9358054850149196 -1.5039293705006094 -0.1437893653089252
3
1.111430241336024 1.4183135392420334 -0.10333645377182754
3
-0.7515056811369393 1.6305246713576624 0.05211408495250561
3
3
1.9543782252688147 0.432139810349438 0.00821704321890576
-0.7482491402667234 -1.66965981268619 -0.01253538720642108
3
-1.0868527378866146 -1.4597569386998654 -0.036063865777667174
3
1.1423042278212603 -1.5540256787943756 -0.10761845355598043
3
-0.9624915293370839 1.511260088674983 -0.12604246725519144
3
1.9367676125261717 0.017524513915476395 -0.0036799845568031395
3
1.9233848548752401 0.3284528932341835 -0.14215756779036226
3
1.7910233013443075 -0.7550128834710952 -0.10124109107606792
3
-1.7821677828277676 0.8804474149096106 -0.019925731985240135
3
0.6592495506615068 -1.5958577554872837 0.0466324181957674
3
-1.445251431907381 0.9953932784403126 0.0470908276283749
3
-1.7078499854300881 0.9353433202243847 0.010094002420585594
3
1.6975306607469665 1.0619678741464431 0.04727275933888622
3
-1.5840404193208644 1.0036408152254572 -0.16216923432330513
3
-1.7063179951463538 0.2339591983889599 0.1318713226243522
3
-1.936061382911012 -0.19861362151937328 -0.16703391533006715
3
-1.4958402892892075 -1.1249480174063013 0.04045737267419945
3
0.5428052751747823 -1.8409779912962487 0.0019636672945633404
3
-1.9113775237103785 -0.040571499671614775 -0.15542567677195712
3
1.7643928364434927 -0.6186208121403972 -0.07572080698426381
3
-1.8593024169149677 -0.11597221408916047 -0.05697351879631661
3
0.884833231535436 1.5287368873777092 -0.009584012063648312
3
0.6809487199581818 -1.6744675751731712 -0.007474291808481061
3
-1.8364474164027402 0.07307713799949746 0.021203438906896507
3
1.51131629660686 -0.9897694614007311 -0.09792543273849344
3
-1.091167529552699 -1.4888130610614776 0.08385821670047507
3
1.6083342600670085 -0.786669438553348 -0.14058213433768146
3
-0.8258825712208054 -1.602761345420776 0.018479094874227296
3
-1.678283660665054 -0.6105869171783886 -0.02179854445097091
3
0.6600136074503514 1.7352055654852911 0.11065043817774828
3
1.6840494151236034 -0.45064170636800754 -0.15451055548553622
3
-1.7258362447903972 0.9149410701716927 0.1086304605688383
3
1.8731086891412816 0.5761771737851141 -0.005830154692960337
3
1.5193065989950874 -0.8771910010007402 -0.06159814456928813
3
-1.1925054188915698 1.5743301644070304 -0.00027291951989469754
3
1.8625534676445912 0.6907500609107432 -0.003735687709439758
3
0.6495769089685218 -1.7362016464360226 -0.08659690364670007
3
-1.321884704538818 1.415285911974153 4.1711359109298986e-05
3
1.533022026271543 -1.1685186082896357 -0.00627368585906669
3
-1.4517063182344574 -1.2374492405596853 0.027790778810940095
3
1.1478535850273466 -1.6432420808152373 0.003856763511740708
3
-1.4410511854564454 -1.2220141143104142 -0.051744078431419316
3
-0.5963334838686567 1.774555886219916 -0.034984537224221304
3
3
-1.2360345501589116 -1.3509791427654807 0.07708449906381863
1.0762496059068298 -1.5738418611856 -0.030017014488436827
3
-1.8321215132213726 -0.2508099273066984 -0.1349259184081995
3
-1.1649135187631987 -1.4621592690356016 -0.17031246048932175
3
-1.280522885225585 -1.2076441220860796 0.1436795982985351
3
1.1642189498622844 1.3624803396503238 0.02511526054587712
3
-0.8349583939749017 -1.5268036293321992 0.07566146521558546
3
-1.649868196414892 -0.6547413731637368 0.0822698061553728
3
0.932780901904521 1.5369869126050986 0.023884590704673136
3
1.1474820413962872 -1.3179026464521135 -0.01211195608770607
3
-1.762338808272024 0.12742248192227779 -0.004992872034628871
3
-0.30369645417203994 -1.9670058135576542 0.05502817794569636
3
1.7851556915533393 0.5107975897835128 0.10867494559535922
3
-1.6980504204802305 0.6741478014204335 -0.02967239249029923
3
0.3739412154570941 1.9404084107788147 -0.0344953172689382
3
1.8905920410396997 0.5532436558716339 0.16473034326657726
3
0.1593545973862853 -1.8710311068931935 0.014248917629805447
3
-1.772217017357772 -0.7526807636572804 -0.1802513505605034
3
-1.7202621604049113 0.7996969374631818 -0.15724322057055215
3
-0.6125275441839345 -1.8066746017980375 0.08217701806917738
3
-0.9128024262356184 -1.5502894930140434 -0.08486935673615498
3
-0.8568972990121385 -1.664021796684026 -0.12898093598532506
3
0.40051157350032507 -1.7931695864571084 0.05643575362798435
3
-0.6232793206987386 1.7897906595773412 -0.0965879629285788
3
-1.4347935040479987 -1.0806169857921453 -0.11605359286698042
3
-1.3195469956456387 -1.5034884438521834 0.00029523417076545664
3
-1.7231599347466215 -0.5283921352146177 0.07467517132810843
3
1.4250389897645501 -1.067816441812475 0.1557289011797126
3
1.3647482262794386 -1.1608295212789925 -0.08273726692786146
3
-1.075771956466607 -1.638976537938163 -0.02039725382736646
3
0.44434759241754085 1.9415040223372668 0.04170117016579633
3
-0.18880869687871482 -1.7643998641617111 -0.13294649382205373
3
0.3941050897115356 1.7857667396527062 0.01383606337877801
3
1.731749630518171 -0.14113002810031372 0.10924308141677871
3
-0.6462205819456271 1.6811885240287177 0.06458644984392474
3
-1.1967732151323667 -1.5348315243639319 0.007035253446687446
3
1.7141874094053715 -0.2767406718404004 -0.06126408270611068
3
-0.7933505913236626 -1.621591752516161 0.03305238332271945
3
0.46777120087738144 -1.7100320213957727 -0.11381140206233395
3
0.9928803287847742 -1.6436774803270098 -0.0041750880847001735
3
-0.10299153379793521 -1.986004207358109 0.037015663060631906
3
1.7984486465086074 -0.5111566823906853 0.16423551565042246
3
1.6710955387164732 0.5985309994846344 -0.06608038361729515
3
1.342231946742776 1.4174489223465472 0.02431476480570304
3
1.6738601342241939 0.4450201511244145 0.057852049205542135
3
1.5271546789767243 1.060297452367485 0.009622568314988521
3
-1.7051237333129226 0.8323049309655906 0.1007488596996659
3
1.0178867087583083 -1.5289028914993985 0.0925283704762438
3
1.3492620588162576 -1.3013836006318051 -0.0059502543092440656
3
1.4183071596735473 0.974042454675929 -0.014469868272099739
3
-1.7093302433131001 0.6482871104022352 0.15453725803624743
3
1.849240686875395 0.21004062191463066 0.017326266825033746
3
-1.6757488258013702 -0.3864402681327914 0.035160625921307864
3
1.0537370341332775 1.4570302764787242 -0.05677040643101678
3
0.24609751544808833 1.9220752410398485 -0.06358222094574215
3
0.87041300918487 -1.5952321519396504 -0.10292348794251201
3
1.2920920912306912 -1.289959783462817 0.10679162621715521
3
0.5898617330600118 1.681560698687982 0.16332795362860808
3
-0.7314404614838725 -1.6117737160160177 -0.042257628166734604
3
-0.5807804775821738 1.6512677699768652 0.029659337089424902
3
1.018410518985146 1.5486694981355518 0.0326648707588199
3
-1.0267083289110894 1.4376028903460922 0.11645892007875315
3
1.08156647345683 -1.6081021221393823 -0.11545731327124296
3
0.11149193486937656 1.95556471089907 0.0005527463781032744
3
-0.06722259095263279 1.9726821972271809 0.01210881227293754
3
1.5350845195163454 -1.1808101093416223 -0.0053612434453481125
3
-0.6979245912745302 -1.8103242722401607 5.20091379712011e-05
3
-1.74759408704828 0.7814812958609276 -0.045575251829321956
3
-0.26553556471945894 -1.8878955762451455 0.16321982650547606
3
-1.8746521891192014 0.2883917128231647 0.09060307768585421
3
1.3032888432299123 -1.4923010632653964 0.02762510504435008
3
-0.9937718430392035 -1.5864172060056125 0.10610096532824628
3
0.779563967857432 -1.7305847102580252 0.060393303691994776
3
-0.8148157233077595 1.708521451266758 0.029903340475056158
3
0.9581388998000826 1.6056531519051453 0.023815957233097346
3
-1.8798366574755625 -0.25706175094948785 0.027848470746304803
3
0.463154033992081 -1.8138103583263752 0.13850141408358138
3
-0.9666811497120734 1.4979537642838014 -0.036000407096048466
3
1.8074283519878949 -0.06636117859174527 -0.0004557201086269535
3
1.3840940575206575 1.117647241561352 -0.12564344620628223
3
-1.378325078273992 1.0895178381078408 -0.003249584737177699
3
-0.7256510087345938 -1.6110424612140841 -0.04489754004488338
3
-0.04520678110474188 -1.7591881320788811 -0.02644671062169933
3
0.28428393595367935 1.7108167288012888 -0.0051445458798691
3
1.4895610128772978 -0.9556155163068206 -0.0035993347124271234
3
-1.5780221570436002 1.2257163525054602 0.0174541226222522
3
1.1960566206594574 -1.4235426140419738 -0.11261201080451347
3
0.5130576946569972 -1.7157225676403494 0.09430497579951147
3
1.8952693964858998 -0.48542608221609895 -0.060534356742869784
3
0.9087019439435791 -1.744826542357346 0.05139674456673438
3
-0.9221844650979518 1.695161500797824 0.12424063869734435
3
0.08361478870919169 1.8666643654933892 0.053086459928807575
3
1.637596650554215 0.8435010174550824 0.006961514725173265
3
1.1504497435713092 1.5201733776001738 0.027385911419881608
3
-1.3674596130298982 1.1755838287801121 -0.024954777687189702
3
1.2366579750119615 1.4070223876678134 -0.15462409076569777
3
0.8745877785764195 -1.6823542430293397 0.035369052161249734
3
-0.7864632784138734 -1.6440595802981763 -0.0910316212358814
3
0.226400564116842 1.9645361613624501 -0.008138188643374778
3
1.0489405283047066 1.4844259251485068 -0.07179116272222981
3
-1.8072911886476462 -0.12895117646215326 -0.06380954361810971
3
-1.562151082715985 1.1878543518269888 0.10488911240143685
3
-0.7193766332889092 1.8388162571917321 -0.009722956780225472
3
-1.1700347252281214 1.5459305014218823 0.10346501439474991
3
-1.5420870517101517 1.2339574001531617 -0.05573753558931513
3
1.7298407392448476 -0.45209682704706466 -0.16122539418264728
3
0.8903380351123785 1.7459977578503492 -0.016656718691098072
3
-0.018556315462875686 1.93898942403967 -0.014862984524808625
3
1.4617384431076628 -1.0231915312974351 0.07482000775579532
3
-0.012006744544290862 -1.812603118637076 -0.01511461809751063
3
-0.8098007664665976 1.5583184616466506 -0.01395941046806058
3
0.11275901433578647 1.7425203270670309 -0.09810289766875825
3
-0.5087033314385556 -1.7360860313095798 0.034949119772413724
3
-1.3707376650250096 -1.1925797932509654 0.02498046361214545
3
-1.8998395275084061 0.09249830569664592 -0.16033837331743203
3
0.03306401918841556 1.7604145175719499 -0.01162720632296343
3
-0.20557352538413448 -1.9243063352073226 0.1723087560016409
3
-1.0779070998506675 1.538458808003949 0.12051652524253363
3
-1.5110271638621824 -1.04556164186998 -0.026452340408275613
3
1.457597651132163 1.1138172139648252 0.09777583253201107
3
0.6442849981232006 -1.7387084880963646 0.07837366413514602
3
1.365916789583659 -1.3228982281609338 0.01812785685219791
3
-0.3027488709255505 1.6969410781411718 -0.07780194361836089
3
-1.3954662172445467 1.1952805978055097 0.08126620577807857
3
0.16596546689678376 1.8000336841859954 -0.0225314362116592
3
0.3778320411621133 -1.7097650062199836 -0.0691205149084136
3
1.2604030820590326 1.3053308777424386 -0.022290494384342645
3
-1.4925256775629088 -0.8791719028200038 -0.12668525039828918
3
0.2037992465623764 -1.7960959753153094 -0.1025232351568993
3
-0.9942483565608975 -1.679785682885451 -0.04637193232140423
3
1.4160419441745788 1.1192404067947772 0.12503862891987255
3
-1.749559590143173 0.2551812171238297 -0.1537440350098327
3
-0.5541140005843825 -1.6535503304261783 0.05383509288625736
3
1.547511495955023 0.7674790486923171 -0.027045019771464975
3
-0.19392306228863304 -1.7622649928748841 0.08774845221372872
3
1.3072150700882983 1.2981629412854419 -0.08659275449270341
3
-0.19627735591346665 1.9415867952507848 0.08864959844195987
3
1.0803519046275514 1.6564951030823234 -0.006755598552581471
3
-0.10559077538887056 -1.9756959509587255 -0.004750638239032414
3
1.925974766625629 -0.09294922831643525 7.634760845273617e-05
3
1.7622087482087752 0.8724832269548585 0.017528677217508407
3
-1.0109291763965034 1.5953124607225484 0.13699629006894345
3
-1.7820442957595681 -0.6927528822138321 0.00884247488930778
3
1.4074142688927245 -1.437091103893998 0.05821074586951474
3
-0.46693297944284157 -1.8342507568994204 0.0384977755832225
3
-0.988625913602589 1.640896100913535 0.04749628804993177
3
-0.6603658597854865 -1.707568012882929 -0.0760680722843247
3
-1.8290801956315377 -0.283881163443129 0.11345513270271865
3
0.37313089030655916 -1.9232933732962076 0.016767256572673975
3
1.7215290718964096 -0.7072089674186685 -0.08699525708442957
3
-1.793367563314637 0.7935335143616549 0.006343507363865875
3
1.5755206837434326 0.8058162114027332 0.12922393039748534
3
-1.1260941208334967 1.4162257223236396 -0.14929049039106435
3
1.3463403316338416 1.1073303166994461 -0.07559399343533364
3
0.532357802985369 -1.6520160422884178 -0.08520268046634852
3
-0.6240908892599548 1.618380488944034 0.02555397991163577
3
-1.683606495390752 -0.619074462144233 0.010511784455652165
3
-0.82661335417481 1.5200800137733137 -0.002066441448332162
3
1.8402474727595615 0.7905433015832711 -0.02176566719519791
3
0.21221808329754455 -1.7660561262140855 0.02821587977637793
3
-0.8082034511520678 -1.6573834012423956 -0.1485846632873543
3
1.0666791156297315 1.461875668269038 -0.1443629642113633
3
-0.6490850264576778 -1.842597299533559 0.12020147702568633
3
1.6008593803579971 1.0833536919822309 -0.03443305770404363
3
-1.526336196457185 -1.225791275729559 -0.1346743737698229
3
-0.28887640959150407 -1.8482835600231022 -0.01664862450855768
3
-0.2958794740560715 -1.8785518804294372 0.15325792126216264
3
-1.5814736533346416 -1.0730069755225853 -0.05662795541361884
3
-1.707908992446982 -0.6722262396637728 0.09247283283033125
3
-1.5577356807241844 -1.0713747958336042 0.008490077855921542
3
-1.1139876352645106 1.5290358486524065 0.09175136787666142
3
0.8946663746978778 -1.7635738992137544 0.0029558621968424487
3
-1.6314076525421146 -0.8332076077045434 0.10916334971969993
3
1.902954315919389 -0.4787129131282908 0.014340187381745561
3
-0.5347765811048549 -1.7175378886290278 0.06564008853172318
3
-1.6747959658704072 -1.035765055993359 -0.1308007887046433
3
-1.7758517546869534 0.3015538865820685 0.04776376112112809
3
1.9016821619403734 0.5131479693623394 -0.02158260099745033
3
-0.9042360255423812 -1.7517587138199269 -0.012292036967181839
3
-1.5846580907924777 1.1328695161707703 0.024328285166976892
3
1.786920260122967 0.740469064944298 0.026326649450780525
3
1.7445939086839493 0.24139746988270744 0.15942070734708944
3
-0.38647491569948184 1.7614111252402196 0.016704898789841154
3
1.841313706460912 0.33468421587007513 0.14309765814355474
3
1.5409893824576646 -0.9115273509004822 -0.06425884270054226
3
1.541096357196948 -0.8263081793442882 0.11678143331115626
3
-0.14914275343197536 -1.8035510066579723 -0.03343034368099861
3
-0.04494788380959279 1.7411681149669829 0.03128285860082615
3
-1.7462752793574468 0.12830632882494575 0.07623375931800386
3
-0.5139744407495982 -1.683989961645619 0.09593618556960548
3
-1.1065500805381683 1.6093085721825977 0.010224040760641314
3
-0.18751522370840695 1.8616413012743853 -0.14157431964699768
3
-0.8493395705185945 1.657729779997268 0.03234276281846116
3
-0.2219752045790426 -1.8226259763340549 -0.030853997493326877
3
1.502747177455912 1.055881145813058 -0.06103066653200575
3
-0.9370696429838431 1.5656309308301535 -0.09997876331801715
3
0.9655337894434568 -1.521124440422386 0.032887670568830574
3
-1.73043772888349 0.6776442830650611 0.022344241806334073
3
-1.7423652624718187 -0.08696522248969998 -0.016910008397002914
3
-1.718077831331659 0.20563585743196977 -0.09774232501693972
3
-1.1559250779110435 -1.3326987433123678 -0.06253882843974268
3
-0.6373055547061413 -1.7145755811185814 -0.10561017783955877
3
1.4758315147895444 1.0270824654547213 0.04245457513136178
3
1.5659003007999734 1.1864828808787313 0.03223707449653593
3
-0.03543637752639517 -1.798352705892972 0.11615744689686654
3
-0.9308695777503241 1.5276607828607944 0.140005622946199
3
-0.31823000634788334 -1.7231102956656388 -0.05727668885083117
3
0.798777336186774 -1.5883618412398202 0.03477642885703289
3
1.29016498490946 1.2019406614364352 -0.16985421801580203
3
1.5645688943866496 0.9914038692950856 -0.09433760536360615
3
-0.7937590321375538 -1.8057218386263432 -0.03368803887966148
3
1.8387377313234508 0.7402246640142283 -0.00813945306314406
3
-1.7392546994897178 -0.8730120079954988 -0.0015705426356785888
3
-0.7764803625097264 1.7924258417437064 8.48150370417951e-05
3
-0.3997542228885188 -1.9096188054848426 0.0802455458157503
3
0.5356007599860342 1.8175571605799996 0.16140877504659618
3
-1.4704341942629358 1.2093415568222516 -0.16262673407217693
3
1.4909351121855676 -1.2890310247130625 0.07785457773104917
3
0.06969902403608486 -1.917437925982919 -0.11323371986452627
3
1.2094506397123974 -1.4907556930638377 -0.05115047830341004
3
0.4743786363285512 1.7978319603327635 -0.031844889161038815
3
0.16973888908018334 1.9020606094472188 -0.03846755229307665
3
-1.8279661993754943 -0.43910688825535416 -0.1134709286200752
3
1.6131931521044667 0.910442207364224 0.02262692094338431
3
-0.27690944237446863 -1.7548405015924924 0.08698742729346168
3
1.718325586962782 0.4608398417611973 -0.03261437645905278
3
0.8778001890046284 -1.5180850867393576 0.006268234148271678
3
1.5081649528774101 -0.9131562815463651 0.039632453343679284
3
1.3587851129758604 -1.159854363596115 -0.02201671785532124
3
1.4277143129188092 -0.9401938280327147 0.008867502832733609
3
-0.003157405944505823 -1.7185844941497836 -0.0010360802239605595
3
-1.367624440593999 -1.405194487779909 0.006880956981438331
3
-0.19524213337697066 -1.9943607779417936 -0.05879067083060983
3
-1.8185956594809365 0.7526194270607017 -0.116489500005135
3
-1.8406941918194724 0.10393644742668397 0.05364762902063847
3
1.231626344945684 -1.4877792008148223 -0.06461366078788042
3
-1.5132681324928607 1.2431357311844944 -0.12559645772131564
3
0.5314118808042376 1.808418051856404 -0.05211107878251803
3
-1.493243428936304 1.2186802004216006 -0.13906194313447418
3
1.8313628320447426 0.5061374316339914 -0.07851584718436974
3
-1.7884683354404212 -0.17244180055160024 0.17287783507612411
3
0.33024597697993663 1.7498587536031902 0.054491893406261774
3
1.329499881465363 -1.3574636257902928 -0.047959235779188494
3
1.7455679576417977 0.6606498245207459 0.16051527701455495
3
-1.7667747185434757 0.944987488727842 0.007046952468038761
3
-1.8028762137409229 0.3371393714810723 -0.10249532075140749
3
0.6947375979074287 1.6103293306186628 0.06184772599274337
3
0.24983584004622233 -1.9672589798174471 0.008337916698802366
3
-1.4447700007122504 -1.2909721472865316 0.01855877146937407
3
-0.7103900652431132 -1.841190493779689 0.06165550527218029
3
-0.0952798443249941 1.7906596019413836 0.11515517114232861
3
-1.6415720260797828 0.7344418875957469 -0.02896386445835625
3
1.600311767791765 1.1138209784815718 0.00046665807259263395
3
-0.9897939482497126 1.5229812808388385 0.07278315477109445
3
0.27469532663145596 -1.9072430157390199 -0.09480104408938538
3
0.7690124697615386 -1.6332240345380808 -0.018220134998409167
3
-1.6714669095839068 -0.849890740804961 -0.11365487731952367
3
1.5273844817733764 0.9003801629374164 -0.15325609757011666
3
1.6004091601637849 -0.757380225771854 0.04647242365448024
3
-1.7589511083296443 -0.17166033470151085 0.12202667497330595
3
1.8367745097518742 -0.5869736800947671 -0.1717386741642441
3
0.17971446597313964 -1.7874829754711576 -0.03473773405447158
3
1.508494340502402 -0.9469400219537744 -0.06640156203938036
3
0.9833451618628712 1.458311878721239 0.13065867708103418
3
0.7596545649861326 1.7334631257480009 -0.06782547593189742
3
-0.1123814296157824 -1.743109822390445 -0.04768212021397937
3
-1.753734184242021 -0.5113010188737915 -0.05319851560013164
3
-1.0513060069797564 -1.5208316741225625 -0.06491490770669807
3
-1.4874495727037749 -1.078978798299658 -0.0932954678115054
3
-0.39815944051125896 1.810746558498441 -0.1503951655997863
3
-0.9866228242477743 -1.5176665692598628 -0.014850430191324005
3
1.2048985356442319 1.169974809643799 0.05366276375258065
3
-0.06893596419906847 -1.7208158779302618 0.08750124676535359
3
0.8614020839548404 1.5072914824289483 -0.08888684433780956
3
-1.221007727197974 -1.320872022695261 -0.10473757665456475
3
-0.6858935432190144 -1.5798392709282836 0.1123506111122209
3
1.6010239173248966 0.7632510769118269 0.048993402360074434
3
-1.897263186740149 -0.5240276684643492 0.06947618673642586
3
1.7485042038717562 0.2232581584241803 -0.04930418118079672
3
-1.6098078415003119 -0.7735707864461034 0.14791755295738074
3
-0.14855281463355344 -1.7689942248989192 0.05158749347330993
3
-1.4917891056982298 -0.8188505887994723 -0.037986383184210507
3
-1.7763193850352497 -0.060420186728434334 0.013693951664288741
3
1.7688027142821299 0.6117941199465408 0.02335949705025775
3
1.5835860694257389 1.1590282063246844 -0.0315219190456911
3
1.9415011589798528 -0.438394468531919 0.011391159891002766
3
-1.7329891280918255 0.9041420921302045 0.0018320416112353835
3
-1.4354513540783043 -1.2821244349849505 9.994838032548169e-05
3
-1.128299855314876 1.5109763877782665 0.11553841409102093
3
1.726040723839371 0.8013152279823343 0.1605679711505281
3
0.343723966039313 1.8878852382560745 -0.010525128122267023
3
1.6247201428661204 -1.194026157129866 0.09754234334369419
3
0.5500892713692134 -1.8723957830583868 -0.03444865280375503
3
-1.3937447903779423 1.3037817454479503 -0.05919690558225157
3
-0.10452406028310013 -1.859183970859399 0.07570045613634373
3
-0.4649278594767032 -1.833654721521992 0.00040824582762258527
3
-1.8414719340693073 -0.37783603747329697 -0.025895535903008814
3
0.25565714998185063 1.8212346657341894 0.04200069608444227
3
1.4151365161716727 1.0681205396515303 0.08646845271305652
3
1.783958074053356 0.14424283450620687 -0.09046294326519698
3
-1.6649540531857567 -0.528547643678439 0.07524247866615238
3
1.7371576888130245 0.44451064799756124 0.09319017853874337
3
-1.6801093263983544 0.393357546356391 0.014223654241918715
3
-0.0284242870456915 1.78590101099581 -0.006443589255560388
3
0.842846548879911 1.497839024949814 -0.0001165896764774737
3
-1.6505743206197676 1.1316492226609605 -0.09005026979943584
3
0.8633365682821168 1.748241034185828 0.04652561228523026
3
-1.358881750358686 -1.3649928112134229 0.14543792927502824
3
0.9365748272128855 1.7316383224212208 0.06570760420190556
3
-0.7634869847905518 -1.709478310206048 0.01905356549976253
3
-0.6679955007707781 1.7237479198979166 0.17116460104709252
3
1.7778623268647054 0.5309838894903652 -0.04016336468086423
3
0.8337513962876476 -1.778448276598419 0.0015403883400917852
3
-1.8944362384315263 0.09956052619325817 -0.015574322200234046
3
-0.38132215966738503 -1.825727296420574 0.05040516597225913
3
-1.5102226949406032 1.1612220761596903 -0.0878812890802908
3
-1.8464346364314925 -0.21413031920863596 0.11717110853609067
3
1.9875012445602098 0.275947620497303 -0.005391135069259534
3
-1.2109960118797953 1.4006568971023645 0.07638456681647643
3
1.1873716582473515 -1.346408221307064 -0.17319476457906408
3
1.8891085559602316 -0.5095454032589598 0.12534851111448245
3
-0.30387040910702245 1.9058779317525725 -0.0011883228069481703
3
-1.0879519820014065 1.6628608155189333 0.005041179935223934
3
0.6781014524856191 -1.6869443764514152 0.008456290252819701
3
-1.9142776266750525 -0.16867725423426852 0.013110428723285928
3
-1.4289066958960344 1.1142114824263054 0.012099292209822417
3
-0.15233247587250975 1.879012029931199 0.011970902940504468
3
-1.9177880203149187 0.19725516592219244 -0.0549111209948512
3
1.463489913875726 1.230649563847651 0.08521302230750316
3
-1.1114345318541965 1.431270899141377 0.019481052794978845
3
1.0679388516052428 1.4337798499947363 0.1427312823270793
3
1.6760043344445241 -0.6681543070493463 -0.03034114528474593
3
1.4179741674188815 1.1141426484386834 -0.009306180276015768
3
-1.8087511324697572 -0.7456189505102921 -0.0434861906693524
3
1.485106263361817 1.1850448062255354 0.16805571179571147
3
0.4789413506665903 -1.7348058903034846 0.03417282651125576
3
-1.7325085457657754 -0.44312138838929555 0.04968109158312515
3
-1.3510908275355813 -1.1323611652414884 0.06628058248135599
3
1.7555018702577123 -0.1007915002653363 0.013267158771745152
3
-1.6322442990037582 0.8623570796900294 -0.007607976096439215
3
-1.6273655839060284 -0.9303712317038856 0.06296338380028066
3
1.4863315106930572 1.0953621548112098 -0.1225593872750554
3
0.241704454938509 1.8167709638982454 0.006152819221839016
3
1.21241496582494 -1.4066038338738371 0.005053972675085352
3
1.7292086708294199 -0.26618043374348394 -0.0286967907067448
3
1.9556617045074025 0.20978720474584261 -0.034123087655928266
3
-1.4155382563988668 -1.048325171128637 0.024765254343857915
3
1.153008461839543 -1.317356159996061 -0.04300382650586411
3
-1.7199915512422856 -0.6062621266181124 -0.10568809215328925
3
-0.13674592672862368 -1.707442732328002 0.08306374330620978
3
1.7023487299594757 0.5345877009483236 -0.011550164540482967
3
-0.5317151485375492 1.7141537573197463 -0.026589670642347997
3
1.9531117333120704 -0.23332147609233336 0.01816874961599865
3
0.5808273696918421 -1.7063417762511917 0.14861411099647454
3
-0.07286388032433298 -1.7963382207163938 -0.03255396259253158
3
-1.0063693694831881 1.443195495613597 0.037784003975250335
3
1.3270400968992002 -1.1783706293987306 0.15857304385741583
3
1.8841529124615395 0.18326929139134107 0.1113066887305659
3
-1.9250915699616356 -0.2568510472857693 0.08628022029930933
                                                                                                                                 3
-0.059904401159024026 1.9688439875759323 0.004903064548461435
3
1.3465639116491606 -1.4599382874600195 0.0016777049188753104
3
1.809642446101036 -0.7347580026064412 0.00010723786478255555
3
1.8175311701811252 -0.297455795289214 0.1270620218595172
3
1.7413928725382315 -0.7916564473379194 0.1355833560516271
3
1.8218438050492087 0.6412587102040259 0.1667218795843648
3
1.6552051668311558 -1.0720824120185446 0.11160333189922449
3
0.9944349992608729 -1.6803551598653448 0.11390581289951934
3
1.520931714869839 -1.1170712522955768 0.03807826292856761
3
0.9496115435186663 1.7087428889723233 0.038653836093344135
3
-0.16244861208080472 1.8159611051893967 0.034407154153235885
3
-1.778462939293028 -0.5020641196419641 0.13549095407712453
3
-1.262142747208681 1.3132620518932727 -0.10215602069332451
3
-1.7733283351600666 0.3168183178726688 -0.1493526666975446
3
1.7585371454587406 -0.1911995893702068 0.14107430204074273
3
-0.2532900326674874 1.7317376026687468 -0.009417433934520329
3
0.9331541333768056 1.4724942960468763 -0.02547735838689019
3
1.7388874862504555 0.2758621997526892 -0.007640803132117944
3
1.7838209817204385 0.8945271111134103 -0.11251226190132371
3
-1.4637753567815042 -0.9276635034034179 -0.011265270586154062
3
-1.4984012443828696 -0.8874554883208847 0.0009291382395392147
3
1.668599915274374 -1.0204478790235982 0.045823749871687726
3
-1.4871062930517183 1.216879477882085 -0.18717793514270054
3
1.8829584000619806 -0.5922948801450407 0.1649725038603204
3
1.3122885174515477 1.3154774580963569 0.0053696452330963505
3
0.9437106217603968 1.6082854728314497 0.05116240584859549
3
-0.7124812222133071 -1.73312689286749 0.1664449256019014
3
1.761516357125247 -0.6887994541037981 0.06409528153786304
3
1.5187197947880111 -1.096847018418273 -0.06311324018308954
3
1.6553180134732932 -0.9482383182399379 0.056446082147203785
3
3
1.839346361325798 -0.24046504470293462 -0.07122484452891592
-1.4593963186027918 -1.341838848474825 -0.005111044173707918
3
-0.05599859043965916 1.8664185252864114 -0.0303801968329016
3
1.202954195254355 1.5739574141892732 -0.11522143213559148
3
1.9997902939291536 -0.06244311365689248 -0.06367396554085303
3
1.7807142954229387 -0.7925071213476046 -0.01949930071577471
3
1.7421066286388052 -0.8400966749881493 0.013792416588717861
3
-1.1397867318905885 1.4039036870081312 -0.10924036919647466
3
-1.1395230038748156 1.4008049521909487 0.002806769994245289
3
3
-0.9053756922901114 1.709647104712706 0.10502670335881915
0.25148954092473075 1.7958605679308606 0.14779091307206635
3
-1.1372012360980945 -1.5034557000108064 -0.05025249389913092
3
1.3991206943387122 -1.1684930434848482 -0.020676734487108085
3
0.6659115433533225 1.8132621096842474 0.07834922109186881
3
0.4824880135246961 1.7097919839947493 -0.1249081871058379
3
1.9575387558803665 0.1628645398143719 -0.005209309450634266
3
0.9410283675877971 1.6804454247188443 0.16445573911817502
3
1.8752521591064777 0.35988521857758576 0.013951876411477382
3
1.7150471286807505 -0.46764672971098087 0.007861432639060998
3
-0.6445957557916725 -1.7069304129318403 -0.13557067095725017
3
0.5669987316631654 1.6460387860239127 0.00983854577909422
3
0.8128831151394647 -1.6016978066290328 0.033569871183938324
3
1.631390421426342 0.7109463936993654 -0.052998122411898545
3
0.744033522054227 1.678417644885552 0.05130564661199383
3
0.11592156745786988 1.7437437761477925 0.021173997137440264
3
-1.866844952400009 -0.16923477425102545 0.03165433318318954
3
0.7571015789632681 1.6681831987429936 0.15012877125942903
3
-1.519106427789755 -1.0793803600630636 -0.14635099770940824
3
1.5832289853150925 0.8889796124983756 0.007754117070344836
3
-0.3027772054557521 1.7511274799984977 0.05510768060222447
3
0.4401759912828273 1.6645610757072284 -0.07282949424192622
3
-1.6329591719303884 -0.5574168898046147 0.01654107418192216
3
-1.7966176762257169 0.09545030002763039 -0.1026942509009383
3
0.4863924252575651 -1.6454300803572066 -0.09864017740939474
3
1.7875541635713146 0.2186607231165975 -0.05692805150113304
3
-1.6435449147057217 -0.7025035546816611 0.09087933674385049
3
-1.6882296861268709 0.9569832641115091 -0.05551552961916929
3
1.7783656872381985 0.38736355894193597 0.14404564083063498
3
0.0770716698978187 -1.7807487182486947 0.0072508649460996475
3
1.4697740206998458 0.930779973091699 -0.0475874369611788
3
1.7573800169814016 0.31570891911308535 -0.03987983524185596
3
-0.18116747345971612 1.7430282823783947 -0.11645593460920015
3
1.8705368291089095 -0.28554139211986784 0.04715849102068965
3
1.8225672649925229 -0.672736101362856 -0.11457113575857905
3
1.5486195963907334 1.1579253150358002 0.00536084305113301
3
0.27321160021959645 -1.9654304296192482 -0.01247768083966609
3
0.12027806362283502 1.9188012928716744 0.00011168279225839174
3
-1.536244118901809 -1.0826275561611156 0.12721948575946632
3
0.516660793271655 -1.8533502281302288 0.08926498584636218
3
1.4937473592173574 -1.270777190380738 0.020852206144579475
3
1.783278924171857 -0.9079608006078476 0.12069063463297963
3
1.3546919471083354 -1.37684348659318 0.03583065657778084
3
-1.60303496161015 0.9553521724748424 0.06393762642112641
3
-1.3362357413133097 -1.349615345130094 -0.021253676117227466
3
0.44817774549389766 -1.8083034241799478 -0.07173549453405041
3
-1.8115581224453479 -0.570294136712085 -0.07478533662923599
3
-1.8044824348049808 -0.18134125836840384 0.14323813129418844
3
0.9400283848162551 -1.5432038466818856 0.002905292878500253
3
1.6801067302499533 -0.5516641856551947 -0.08264022370676674
3
1.7464858123141342 -0.12654100626005516 -0.0746586140727771
3
-0.08559676201807317 -1.985872952627228 -0.12389515942731258
3
-0.2462316864060899 1.7401985720965074 -0.09325217011982727
3
-1.3731594976011001 -1.1239707812893895 -0.003847951664590044
3
1.6534233178188726 -0.6087844355409885 0.0012665471749917744
3
-1.1091818571128433 -1.6211263192512873 -0.11759734403817051
3
1.73984518454805 0.0462031141691789 0.0021338546923353762
3
1.0636138511765758 1.6012777034666001 0.1802690433867839
3
-0.25075798150705353 -1.9708241083854223 0.02808784181685437
3
1.7143197242500583 -0.6542942206892401 -0.16837576816764632
3
-1.1347813975297398 -1.4941190563286673 -0.02183178277263104
3
-1.152653534839274 1.5622369916209846 -0.11332802936026688
3
-1.4591141608435598 1.2107560322671262 0.07402143924912434
3
-1.7704359604164808 0.7107367123732122 0.0810828207044476
3
-1.1161778214812923 -1.3834892337471283 0.03197745542032206
3
0.4771056810282058 1.9218754015956108 0.007271482467394857
3
-1.706114236904206 0.7032426579107343 -0.16779357510975035
3
1.1642955542780342 1.4736582092851809 -0.024642462684165853
3
-1.1903210378467113 -1.6206046350748198 0.00934605205790112
3
-0.9323388576943724 1.7375704559272298 -0.02762258760094736
3
-1.6843230458944487 -1.02614606993315 -0.012272285605306958
3
-1.156257389865414 1.5971201987660768 0.002469170986893453
3
1.5210978305431642 -0.9241328968950914 -0.08335592044131793
3
-0.7564758238413641 1.6361941099850472 -0.02211838747074531
3
1.8585166975502523 -0.121077907375579 -0.004580560078221897
3
0.6735024280115639 1.7566554965426775 0.004391786542144872
3
-1.6215642234423961 0.8661044840638391 0.021873819487371243
3
1.594246508923583 -1.1029870829011372 0.079458749343897
3
-0.21568926067962993 1.7660758419910847 0.1032638678121839
3
3
0.3455291173352822 -1.927171852195894 0.0741808258609596
-1.5346208745699488 -0.9067221338070798 -0.09679915771066622
3
1.810973817233454 -0.5477038108351101 -0.17312614642995952
3
-0.30178030250195353 1.8014186704085038 -0.10190099873947339
3
1.7402376403235076 -0.3894787218334838 0.011127106525546108
3
0.9331645535525552 -1.5510156351888584 -0.05799567567828784
3
-1.7844491538773821 -0.19543639352309344 -0.13115201425172004
3
1.0812514030604263 -1.419601247487136 -0.0347365323841249
3
0.5595462125643687 -1.7197684092339898 0.10765992587897079
3
-1.7283156532996362 0.6483222079023454 -0.0780702199965234
3
-1.7447422379589859 0.0797433218474106 -0.05426448797991214
3
1.3083720886013004 1.294848974845306 0.09654027656348373
3
1.5447665521762648 1.026790906832271 -0.16202534588433695
3
0.5416537527526863 1.8925476536796422 -0.007407565164019582
3
-0.4104063547061543 1.8106826972730012 -0.01730827595789956
3
-1.6312793118073712 0.6090800054445693 0.06624355007322225
3
1.790169066909217 -0.01982789668427412 0.054403535120867735
3
0.052063931279954595 1.7573732844347099 0.0727344379151923
3
-1.5978344176867518 0.9070803662419215 -0.10185698475414005
3
1.0098135279764053 -1.3918412046420032 -0.09867702683936636
3
1.8001368525461066 -0.19001225469779603 -0.028013690299022776
3
0.9940366271761859 -1.4596151185607429 -0.14552013211249223
3
-0.12320816253887903 1.8406555979541217 0.1323937387683434
3
1.1629345366981552 -1.5343380247133824 -0.05694239232563368
3
0.24243772423759147 -1.7227800951617818 0.017879514097268037
3
-1.0346804342657558 -1.4098442780132907 -0.08156982336895074
3
1.096424305366021 -1.3143797159688877 0.04343114501047357
3
1.7336719582130016 -0.7413324861679664 -0.08198948335660139
3
-1.7027699205576494 0.5043216337715625 -0.061639690613301344
3
-1.2816291794046106 1.4919634042633396 0.11032300585684814
3
1.842179942149155 -0.7492420479545149 0.003564702418060613
3
-0.8965482405462164 -1.7664826280097525 0.005708074857553724
3
-1.812685091991201 -0.7338631581234806 0.00011636815116402832
3
-1.098977071180139 -1.586141289612845 0.028429868810962877
3
0.2042053125833811 1.940003187146091 0.10533970314216715
3
-0.3284531263051556 -1.9481900186643704 -0.16788252432397222
3
1.8032137673861215 -0.8351293847636407 0.12000465063849938
3
1.6509788341998948 -0.9397810955317384 -0.11148843838791811
3
1.6651683851951813 -0.8206236112053642 -0.027957268329885234
3
1.5320908401285525 1.1238701383359282 -0.02861434105937246
3
-0.8033941060870222 1.663889590121464 -0.03921228072300948
3
-1.769057375693073 -0.5461694216550512 -0.07823749652020771
3
-0.981319483323337 -1.518991282084249 -0.16768058277425885
3
0.46216249808212695 1.7093357801308395 0.14371305449489388
3
-1.6820281426214205 1.0425225782316097 -0.12287062979763858
3
1.5496696525213929 -0.8880545887454342 -0.03912736893534047
3
-0.4071410058608491 -1.6994590281403765 0.012758167091233005
3
-1.395197465937298 1.1007521586200062 0.018954484604967382
3
-1.5233209282417113 1.2081860909198268 0.12114003110171902
3
0.8064655390062624 1.528580411611963 0.011212617603728603
3
1.70466423356837 -0.9028240613825431 -0.12721508280891317
3
-1.9782284205992144 -0.09725403109086374 -0.15028724014626405
3
0.06581626763616678 -1.837555009320422 -0.06674623650551795
3
1.326434043096755 1.3317001139628062 -0.0501747117007453
3
1.8775935177500311 0.14118595472945217 -0.08115102828138063
3
-0.29655792200794934 1.714821625052522 0.012154541381312254
3
-1.5719102886353964 0.773875765506154 0.003494651836044027
3
0.9908627077927761 -1.609104702471472 0.0028002354410065836
3
1.8454089769630149 -0.46421990579989625 -0.06552733576060958
3
-1.8281378837628635 -0.09557015616756732 -0.05789665236730538
3
0.7105543482349937 -1.8720886870692022 0.0023372037934699975
3
1.4555653724009447 -1.133294432837759 -0.055891744285496966
3
1.8418660272984142 0.4028476929687588 0.07401641393188121
3
-0.6642815489877849 1.8957818895195826 0.06167456807240933
3
-1.94697210435261 -0.24357877121652305 0.1411023623446973
3
0.14579362383362357 1.967272489125124 0.011929185868229164
3
0.28380841184666533 -1.9321987653156936 -0.010878874511406037
3
-1.7616021901945713 0.3272677435583683 0.05589149875592181
3
0.05539595436482127 1.8582411164977255 0.11505091790867052
3
-0.325005158255687 1.7737877864522813 0.04116933683922869
3
-0.26771801804118756 -1.8899378518122056 0.03249511266708625
3
1.7621471299033933 -0.5373946009219928 -0.02269432755993484
3
-1.4818657912719844 -1.2598104333965974 -0.05311097104917609
3
-0.9065444307509756 1.5249749466019356 -0.08046612164679916
3
-1.4594767418171228 1.2562675330470479 -0.14966683079518672
3
1.3265407383465901 -1.3413208444850508 0.04074064316780322
3
1.1766036753870452 -1.3682437082752714 0.050879858186600034
3
1.7870356974381294 -0.19585858728623295 -0.03329429014952229
3
1.3052421785746546 -1.222321672959087 -0.03229605652705607
3
-1.719305246787675 0.257567772249454 0.061443476063429724
3
1.7744924666977913 -0.38997361848732787 -0.10441051608977273
3
-1.7130374236768546 -0.5816813515277253 0.07154458007158748
3
-1.2108342542396764 1.376636703298549 0.004034364800332062
3
-0.11475380970053647 -1.7446852772522479 0.08124535446975562
3
1.6314527434596615 0.8308639779489551 -0.08430205742633913
3
1.6957122813128946 -0.6869620896402021 0.035828875847863026
3
-1.5483995900222265 -0.9878941975071798 -0.17224128104436087
3
-1.8220726387382327 -0.0652154801773451 0.022832766327244874
3
-0.7937824317517694 -1.5297572646716586 0.03769132195716275
3
-1.0180643337963384 -1.617021302434454 0.03204236280915448
3
1.5966923083139382 -0.6499986396991345 0.09780697391150252
3
-1.0952609529045518 1.4195750247511163 -0.09804384503547914
3
1.4025745352854122 -1.0542281975505183 0.08090336858736559
3
1.721114052178926 -0.5214198133285162 0.03738536042530113
3
1.3436882645778678 1.20101685707143 0.16625227932563807
3
-1.8269393475744864 0.13832914390454637 0.11522191169206246
3
-0.434916423626575 1.8680953743846045 0.018308968135043905
3
-1.5853215044459017 1.1669288632534647 -0.00337500333768207
3
0.4559007457724453 -1.6845153174114336 -0.03748482521634845
3
1.717013897406065 0.36030283198110513 0.16937208935945547
3
-1.3593319854279422 -1.1352076818927453 0.023132256731369608
3
-1.437797293608473 -0.5464773583409583 0.0819260213202481
3
0.05365307277512347 -1.5489349789332814 -0.03472199961207823
3
1.5671204013236797 0.44481715295368107 -0.013719631120386305
3
0.8174767027613529 -1.4970706932527518 0.026365936558457075
3
0.8541876449952951 1.7330688466004087 -0.11993728124038673
3
-1.5498628738976246 1.150884890928154 -0.11081034358389882
3
0.534635446477329 1.764794591692268 -0.07956191853147064
3
-1.991324006485881 -0.08610777916351472 -0.0037794047109075786
3
-0.7718023043839536 1.7986593398867572 -0.03686947918247849
3
-0.27377771740743834 1.7703425144894402 0.14125056195667124
3
-1.38001088487846 -0.6997468481138753 -0.07842350948592881
3
0.8690361905911724 -1.5337006152709434 0.019943063453099544
3
-1.1384300061114705 1.1201395275986408 0.11674223908548394
3
-1.7118799307093657 0.18990103247022536 -0.032446822754543046
3
0.17562096698106386 -1.6944092589822772 0.12632775932566762
3
1.6264339222661846 0.18165805389095038 0.03875333727344609
3
1.429768210875243 1.3108419935752902 0.13919159943862386
3
-1.2785972849013867 -1.4079015517960878 0.03606873518380765
3
-1.8859489771330256 -0.3705453256277352 -0.1358047595895617
3
-1.7426948760110366 -0.7344071687485523 0.01955965690554033
3
0.5030808509778631 1.8041640915964448 -0.01599716128328154
3
-0.42281408242266283 1.8672811889260919 -0.009739147772575318
3
1.6931117770918367 -0.6254380556495032 0.01952068788699634
3
-1.4479889773867924 1.0491797969795877 -0.01451085026397033
3
-1.9695381534176926 -0.007209415225319163 0.005351296469301443
3
-0.15301750674454903 -1.9018975184907756 0.007550504448868943
3
-1.918760555662233 -0.326966706214193 0.09734748681317668
3
-1.730445959003116 -0.7227363777647163 -0.005314438248677987
3
-0.187731448814424 1.8681162523827086 -0.10677699649119614
3
-1.8180354424031282 -0.12159060981993074 -0.13955865821915167
3
-0.9769057730264976 -1.6263987114673915 -0.1189310880510022
3
1.7029651834064354 0.8119607890138621 0.028117205783986507
3
-0.33924834021266626 -1.7887375303725315 0.09017934965535876
3
1.2223023125625985 -1.4207045203115967 3.5918340447769006e-05
3
1.166918753473661 1.4047046009115594 0.0695476388818612
3
1.7097952829844951 -0.11074282281590796 -0.04276804735002668
3
1.5646964549556226 -0.6347699549914796 0.10386934275693352
3
-1.754173707213795 0.2800928793090206 -0.13751915956025165
3
1.3679464043398704 1.2145690736388228 -0.05883022807117418
3
0.36943302390587657 -1.6325737973946812 0.13532548521225846
3
-0.4211651143229225 -1.6637861980242965 -0.10924336362495592
3
-1.5068402473339446 0.6524207344023764 0.02976971530211726
3
0.32659127423714723 -1.7293416095023784 -0.015824456162373293
3
0.5558867022416879 1.5264732448526561 -0.00011257553402838104
3
-1.4052284890148283 0.5111584880781985 -0.02492176035369406
3
-0.8084298920914268 -1.4276011317636765 0.06231107862188942
3
-1.7170164967769952 0.30815856834797284 0.04276282318209478
3
-0.8197847679880504 -1.313247878841198 -0.002244734361238582
3
-0.902478021783583 -1.3731174152313679 0.03086659226610295
3
-0.8780164297079387 -1.2989996551701866 0.12047853090386929
3
-0.5375277261328322 -1.6217590213308906 -0.05775513655314985
3
-0.651494912203219 1.6256870962410865 -0.026641983100803797
3
0.6455059244569415 -1.5694257908233045 -0.08337598097703411
3
-1.0235103045425757 -1.3232663115817973 0.11868396147895013
3
-0.7113537383443636 -1.3739069762489238 0.09981306639467599
3
-1.5346996163573243 0.466230041668943 0.04628176851655382
3
1.2233762824389123 0.9816351799886305 -0.09026144347716447
3
-0.5353151457246863 -1.5453979183796773 0.013041270743051237
3
1.896211969941885 0.6306689285283027 0.009616845923485043
3
0.7334285413491766 1.8050955167513167 -0.10778876612456897
3
-1.5201349120389427 0.9784333592147163 0.0013661858135641024
3
-1.455199402808689 1.1493460419580233 -0.18239444613741676
3
1.8686516305102696 0.21888489782789106 0.047304439678447434
3
-0.2784186787725158 1.752812510628054 0.009710495274923861
3
1.4227455295208455 1.2453425980342132 0.04159819369980252
3
-0.6501617656153292 1.7909058156398807 0.05864827862301367
3
0.6659111961304759 -1.641012557272114 -0.02441712031344514
3
-1.473898425178297 -0.9920034372167299 0.10274618910663622
3
-1.6769889624869783 -0.4693446635280298 0.06103463542887828
3
0.8739545826403682 1.464943283185409 -0.06979841800934111
3
0.5257578781284068 1.5782718686041033 -0.07981464673861967
3
-0.8733048812879762 1.474840220188759 -0.040946231504894015
3
0.8049374168034082 -1.5027538059033407 0.024532313981623952
3
-1.6140334399405352 0.1257564504662255 -0.06154317991213712
3
-1.55458972301067 0.2612416809351413 0.0039009525743002272
3
0.9304531630228589 -1.1042656676363494 -0.04141255348844084
3
-1.5726841985478124 -0.13747210881110017 -0.014507831052280715
3
-1.553712335432519 0.713729149149136 -0.011009333511861681
3
-0.5881937549033649 1.9170102794427093 -0.12921107754391575
3
1.686402244135704 0.9404480725795147 0.11017013993255043
3
-1.5237006740279495 -0.9784764014787013 0.10675298948116156
3
-0.7638538695430594 -1.8364695066580112 -0.007713681945328863
3
0.8152497168453264 -1.8093266392549197 -0.023047722622413055
3
0.03230538331004527 1.7776876018261567 -0.1442517382691987
3
0.1494856434867433 -1.5630501179603526 -0.06478534663185634
3
-1.2790043439767547 -0.9747683673995579 0.026325411024533736
3
1.6438386625028143 -0.3223714008408408 -0.05575199282786793
3
0.07132226774913197 1.6911721919260212 -0.07590907469708748
3
-1.3158739045550059 1.4312009191178487 -0.1297258247081983
3
-1.893704348928062 -0.020016817430602706 -0.022731539314538442
3
-0.2668508637290229 1.9248350646379122 0.1267721108236632
3
0.2081034037710512 1.8396251048149963 -0.0465842851608895
3
-1.5917248818984637 -0.12608796823323046 0.046269805162731596
3
1.0611725549743762 -1.177045297829204 0.13503957926392837
3
0.8991206633266633 1.6421870539507955 -0.07555530633317009
3
-1.8330454615493592 0.5919147240111919 0.02370326198277796
3
1.7699015379300416 -0.6107783200873725 -0.049764054763970535
3
-0.26781734651046046 -1.7611186117643964 8.533245624222621e-05
3
0.43259888953967063 1.9429464123508773 -0.006585441451414488
3
-1.7815669984488187 0.655537572870656 0.13109132154950937
3
-1.6998064320638209 0.9369665077266961 0.12881915434239458
3
1.3709547806943696 -1.2439707763533463 -0.005320178694308987
3
-1.8122982208325393 -0.48837076061171325 -0.039836070770447894
3
1.1809119196883142 1.4768300358756612 -0.17395468781598464
3
-0.739892109188544 1.7465939593218422 0.1383224902852979
3
-0.6332758638926024 -1.7855817666406792 -0.041107050212035916
3
0.48539380686826505 -1.7647872540394745 0.011714519022565966
3
-1.8828990814139759 -0.23338210536749143 0.00019492772976686864
3
1.248790389282238 1.2798577655846595 -0.08526124694735564
3
0.49627702218899417 -1.6211485593063748 0.04777799033026742
3
1.54142523306469 -0.9082041632784797 0.04014722387473323
3
1.8127828156301562 -0.2629624571871725 -0.008971440681845782
3
0.03972142636909384 1.6745855837399524 0.09734584635451009
3
-1.4934721159945057 0.7157321952650174 0.01765729865406125
3
1.1964720464885563 1.1583282561034258 0.1451600326544723
3
-1.6334373496379158 -0.14451325834842582 0.06785973018048565
3
0.45148503964838205 1.6683539129149438 0.004325523592242609
3
0.042170348090216914 -1.6603655922285279 -0.017534104300225437
3
1.5863032537766133 0.5985657126778332 -0.023849007227212265
3
-1.4898917992105707 -0.39241227661156514 -0.08662112194516638
3
0.023221233224859014 -1.787973457840508 0.049767431988593964
3
1.342569469777476 0.7384040516715261 0.004002158479338321
3
-1.514666831114094 0.03930345414500386 -0.029798764832977668
3
1.3911587777317045 -0.9487605037557925 -0.06419905229454345
3
1.6771182931442656 0.3260559231863662 0.09745118344118024
3
-1.1340897963297278 1.3032682261134343 0.04957706571411257
3
-1.0724797301747448 1.313063262390596 0.1518224535019623
3
-1.2379955522887232 1.0902699774178255 -0.11002517824005373
3
0.6377700441498735 -1.4060405695949754 0.010409898295355602
3
-0.1895691333482991 1.5590316131973276 0.029259474446620838
3
-0.4827330700016214 -1.7173083812432244 -0.0014465131195278299
3
0.29186991789749567 1.618358152171602 0.0037750030977001326
3
-1.460582915576645 -1.3031477347828173 -0.020218180766579438
3
-1.578589478588422 1.1311361504582071 0.0992132062100465
3
1.8179312383678674 0.04107255655920136 0.0007154269807623724
3
0.21924160399253456 -1.851660883780566 0.08945239238820957
3
1.100402768821554 -1.5260927296342794 0.07012511488118327
3
0.22294549689090995 -1.7987756967240665 0.007921830626571669
3
-1.5097876107081711 -1.1092235214253228 0.012839225005975372
3
-1.6380705985566815 -0.9907911363558183 -0.06875692796266057
3
-0.8454334180027421 -1.5118571917393457 0.011788801787283797
3
1.6657229691429238 0.5006784574915406 0.10277255075710699
3
-1.7380494601013496 -0.356327263828609 0.0018835758697938786
3
-1.6892043516808577 0.053265116394210464 0.023700656802918846
3
1.320941492601159 -1.0633173470658215 -0.0868069563525316
3
-0.13867673279823278 -1.5292993134432489 0.03713674340327626
3
0.5281301234621809 1.60473815466203 -0.05349100099560901
3
1.3947746454474927 -0.7640677865196122 0.022414838414587523
3
-0.37376374872282353 1.524603481803403 -0.03249214048954601
3
1.5871235593151511 -0.08975444463206497 -0.04265077291679815
3
1.5939595677369907 -0.11730922124256404 -0.012718933055435451
3
1.6890172496360394 0.3419805101793916 -0.013125880103859023
3
-1.6565759667623572 1.1959794061010007 -0.09536752343255855
3
0.16067026040980212 -1.9276325324272825 -0.08838710651583377
3
1.7922742503910936 -0.35810264918148166 -0.1231855204948408
3
1.3470427389115252 -1.4503537138769487 -0.008713817666305494
3
-0.827994728889123 1.7868004036011784 0.0415838933970551
3
0.3510481919089849 1.7508468046992602 0.06062965935443839
3
1.6087492837678037 -0.6460527688465603 -0.07135551648091928
3
0.9662087043166798 -1.3033796235351274 -0.10034625601498874
3
1.2104150947902073 1.2277024836136767 0.050354288751668044
3
1.6919936329792151 0.1677259075981056 -0.07730905157745796
3
-1.4387502004374912 -1.3180457674813508 0.1137134709744009
3
-1.30730295706073 1.3847182609528907 0.002870072875069453
3
1.9352137851439553 0.14346633816037213 -0.0726234337510895
3
1.6149929776366085 -0.9764840442752815 -0.10871996122473766
3
1.2460534802518204 1.3961836571022401 -0.11569216753754344
3
-1.4143321095515857 -1.2877142008487867 0.04355863385936056
3
-1.8386364773333406 -0.3716823126392126 0.03463809599054369
3
1.6130786769641352 0.15041775970286306 0.030499544599401185
3
1.652860877409039 0.15360095034002796 0.14093057269772397
3
1.5743649531553623 0.8034406809705928 0.014983534504618187
3
1.846539354473782 -0.7800736745358335 0.006605098560913321
3
1.2207267283689678 1.5264069687898247 0.05638131915601782
3
-0.807968871235494 1.7898023120317021 0.11045578604499666
3
0.5983998849770659 1.7344104504706954 -0.005316276063283815
3
0.7900651398542186 -1.6979146257180797 0.11623966678032026
3
0.29322891899342335 -1.8070173088368857 -0.08050261031175716
3
-0.951678338792271 1.6411210014211208 -0.032861500259477844
3
1.8497752608010714 -0.4288355335356137 -0.12775922408543325
3
1.222049751847972 -1.364709943520495 -0.07496260905432674
3
0.7893367701693422 1.6904174520209312 0.00032120007849336014
3
1.3932636536998078 1.1398342738930387 0.08367766479387027
3
-1.083621147376487 1.4090154796628374 0.10813575166295997
3
-1.38153935172769 -1.017633675054064 0.03594677684417481
3
0.9654402805048952 -1.555138618653236 0.04687262605040914
3
-1.6201272563003304 -0.4957045285254336 0.08887346323655938
3
0.9160119794460873 1.4457430725766445 0.08312700087463519
3
-1.566577659760327 0.5559621751696067 0.14811967767295614
3
-1.1256764446018257 -1.3255684975633348 0.006807248238611868
3
-1.4559375979942402 -0.746042058217725 0.10270097069267743
3
-0.6786447283824188 1.5228051447637019 0.0195793874166423
3
-1.574213109203447 0.5214648207188439 -0.022837319885902145
3
-1.594127220106708 0.5669353754852611 -0.011900143626428338
3
1.6785156182978165 0.4441109537007777 0.05894041423717582
3
-0.688242126484108 -1.6212809588523414 0.005462660151426196
3
-0.4846251077985238 1.5221270780701106 -0.014474894787780801
3
-1.0846303492779912 1.3492521493521936 -0.11648250022490536
3
1.0093734927013074 1.2361412698765049 -0.10167503970222405
3
-1.4648123579597339 0.9038117556999804 -0.033068382118101085
3
1.4652865705564875 -0.8744711172576709 -0.13354466032574072
3
1.1875094339467875 1.1808109752622542 0.10183736519928327
3
-0.055959096212139486 -1.647912072587057 -0.064126450907354
3
1.2815284062889087 0.8449304617941371 -0.0017880724894982609
3
-1.4712460527917048 -0.12367124732728867 0.012879683777836342
3
-0.9457672307514128 1.0917959978786802 -0.0078590633364245
3
0.7514884693497877 1.8450503751445 0.030857090573109754
3
-1.469059641034322 -1.2633729855543243 -0.08958336130325927
3
-1.5336562075777147 -0.991535149415325 -0.0001181742653228616
3
1.414315042028248 1.2741222186545174 0.0812188480916048
3
-0.7895937977392146 -1.7249049023932568 0.05126871839162531
3
-0.22070548306032334 1.7915802968547303 -0.02200148510156309
3
-1.7164031158832393 -0.6759113385041029 0.011660011756744741
3
1.2682896684520064 -1.497837677597211 0.0889850308019108
3
-1.7368693140887708 -0.2561433863051601 0.005798175579388873
3
-1.7812610045465718 0.023812447423839415 0.10715339840680815
3
-1.7742103622863257 -0.2375886163375993 -0.060846525430269645
3
-1.5433615246841093 -0.7831159801189533 -0.08972003020565954
3
0.465036201149981 -1.578491816355948 0.05228378935754705
3
1.0920342635555178 1.1698572275237658 -0.03987175596331701
3
-1.5492940527670924 -0.6799170066467304 -0.02870802422192031
3
-0.7909033426583081 1.4441525966852011 0.04956477944839037
3
-1.3965319501843718 -0.39911270903311247 -0.02967239417023807
3
1.2175321097911156 1.0593271545092928 -0.049539670646723
3
-1.5484444234340768 0.3648894983177702 -0.008530925388537409
3
-1.1937472491088013 -1.2508396410509925 0.02708511407250207
3
-1.9779643801593767 -0.10755268495479271 -0.028900051436517353
3
-1.820325011324374 0.6470529333436337 0.049448626722542785
3
-1.1505362073407626 1.4157598924024795 0.1451974824990862
3
0.8923105263702953 -1.7205065936722526 0.01534571904846233
3
1.867104375859635 0.6296639999094098 -0.006398382052060912
3
0.650980822682982 1.6803912931264424 0.062227122826925274
3
1.5419440146063388 0.2611236205556011 -0.08653016629992492
3
1.3271270343164667 0.8823289138108631 -0.08549746989953638
3
0.2780524615211508 -1.7098929276448152 -0.036305883692944844
3
0.016613845633219076 1.71640696274446 0.002930302854785785
3
1.3231039155812958 -1.4412680248796783 -0.09318344726025593
3
0.16206372514743106 1.9186030145486999 0.017601767221448288
3
0.056644476296390744 -1.916648002628296 -0.0028937353082967585
3
-1.6203391426719813 -0.9024189209691034 -0.12947593484078607
3
1.5287716161805713 1.0805506789673605 -0.12567679417312974
3
0.41713586203411807 -1.882810638815576 0.040588566226685
3
1.399626219543656 -1.1321718725889254 -0.02520179063208
3
-1.1152056230063705 -1.6361668201401796 -0.0052115606447625746
3
-1.4678601958583286 1.0390859274926407 -0.010110342729625224
3
-1.6478089895414327 -0.00801829049901892 0.0017822436288637083
3
0.9617864720628354 -1.7074492390119416 -0.09979711014537287
3
1.6575049914227462 -0.5960863256530101 -0.057672227483943884
3
0.4008312436308995 1.9109657399612616 0.042564039302222745
3
-1.8522642151984632 -0.1469161917040908 -0.005392143436246545
3
1.5397085699968869 1.0582002375744952 0.010154161496467045
3
-1.5468314372261793 1.0964102263434228 0.058711764028240625
3
1.8192312194604978 -0.47330578169116944 0.03758459521610842
3
1.688039703922611 -0.6979764955099483 -0.11515236045316495
3
-1.4414956459943324 -1.2460790181657768 0.09145099933214525
3
1.0388585630308194 -1.5879306785752152 0.0004272899127678172
3
1.4741287754843375 1.0845357498196762 -0.06110906702694455
3
0.4979090483559187 -1.7063441674045285 -0.1184817766950716
3
-0.5702684636350193 -1.7366142479171354 0.07139225694291623
3
-1.391422201823761 0.9536431365224332 -0.05160365699760665
3
1.0138642307465728 -1.3517778647326264 0.07928395512918399
3
1.169200784837088 -1.172297132913154 -0.11360422252051143
3
1.616849108175536 0.7005325502962333 -0.018232675944313
3
0.3368630136328519 -1.6432953696899804 0.14778989863077502
3
-0.9686907038291863 -1.377722420886159 0.11663725589472654
3
1.3124041857940072 -1.0682044784760618 -0.005618187461981821
3
0.8079979364197196 -1.4512678973125712 0.05745708964212949
3
-1.4232584345773727 -0.6282222911828436 0.06281889242593837
3
-0.8655309142458681 1.5236218433317783 0.07181425270306632
3
-0.6103952200722935 1.3659857355496918 0.004678029597851462
3
1.5130805977139772 0.38441181085483916 0.03999721299179647
3
-0.761408370247412 -1.5992006259259677 0.11212814732104774
3
-1.339227878498495 0.8156150852123766 0.07601153372569718
3
-1.6997214487078567 0.40422878877876706 -0.009934475078920726
3
-1.6383648875531993 0.436049855353503 0.04245150475809282
3
1.2048820600334134 -1.209012978487765 -0.08402231837529368
3
1.2793725037077321 1.272671756876936 -0.09188880173628015
3
1.2855102438540578 -0.7840140803104859 -0.028334474330621372
3
0.20656041099166095 1.5605713807223516 -0.07106224127258405
3
-1.5863205086326355 -0.22864001859087968 0.014840238120143399
3
0.021462011218899416 -1.9626148384489075 -0.0361025363926702
3
0.8788488252443551 -1.7220697321986749 0.0806742746150394
3
0.7309174487182357 1.651381033556165 -0.0009427016135010714
3
-1.815352156310151 0.1827095790687348 -0.17906207124490076
3
-1.9035385948748633 -0.2026984126710418 0.0027664676249943183
3
0.16229287218759908 -1.7716815930942054 0.023694685503365336
3
1.8425719236787446 0.2606136673571666 -0.056359071892451235
3
1.3678174772118679 1.4484232768374765 -0.1152862675863201
3
-1.3680604610716616 1.1555306484000507 -0.022230381557575025
3
1.7053781155550756 -0.4292194629166338 0.10658194138059487
3
-1.7706994617432321 -0.16558095552017535 -0.05448645834766255
3
-0.03927047938442424 1.7207397760932839 -0.08954613548337761
3
1.3141868158665202 1.1142585138342935 -0.06890060074665062
3
-1.6101319933554148 -0.15600367919962188 0.040542920136330644
3
1.5514121597255208 -0.6344250783455561 0.050828574809183
3
0.5001451387687692 -1.5135359704568425 -0.0581199824910877
3
-0.6689104099589079 1.5115048807048943 0.046941113064486714
3
0.2846134043196941 1.5488352463681676 -0.033678484859421355
3
1.4973787208289044 -0.6411873299183044 -0.002152154845854026
3
-1.2874975287027983 -1.4422422782574587 0.029790036150280134
3
1.3341743396328463 1.3958764180553207 -0.0007657126191362596
3
-0.1526915743303845 -1.8019973982193553 -0.15313415257747323
3
0.1827058453848242 1.9610786056182623 -0.0014558881036694576
3
-1.0093790992379381 1.6460703423411684 -0.04236754267596668
3
0.23559896856834486 1.701661996609553 -0.020343356096741098
3
0.8975926396577801 1.5742000685255662 -0.1490769596290158
3
0.33278060759699013 1.438576789687131 -0.0816074647632028
3
-0.6365773644081721 1.5023937598150015 0.0655232985371005
3
-1.647799966630314 -0.41958601949714286 0.025264758192139997
3
-1.400304683888576 0.927351856669013 -0.044647006931882526
3
1.4485455955974555 1.3216661101883191 0.06979578993755685
3
1.572308992925864 1.1398341570702095 -0.03309805787352268
3
-1.894155007947226 -0.02280329262917004 0.07225235834097772
3
-0.15490224449498996 1.8744285004152355 -0.11512737124600145
3
1.7353302550563934 0.7101726830996177 -0.10264864464345333
3
1.8194956843643677 -0.5914067172579203 0.014873286539342293
3
-1.7126509281769426 0.8200757516061833 0.02007747769315348
3
-1.3298442489779976 1.4592213507617897 0.0030870947000211464
3
-0.026638469491878057 -1.7517808078156336 -0.008435760485735966
3
-1.8793632291416071 -0.33613665461755915 -0.11350980549695992
3
1.4948457592049331 1.2397523227127456 -0.037905307220802965
3
0.9513346181431992 -1.6229101002752133 -0.005566223034394919
3
-1.2983010329144153 1.3348910345464036 -0.11810861559602696
3
1.7702731707988628 0.4452874140556648 0.16208664054811756
3
-1.5797078617215992 -1.076617343443077 0.03652944597516683
3
1.8285062869119855 0.12757783743058657 -0.08582996835878232
3
-0.16226614743490242 1.8988697357778304 -0.03626505388307845
3
1.6141265818460524 0.023603633160994307 -0.03187632739120393
3
0.4394105978133088 -1.3421374055505748 -0.06965553799725853
3
-1.877030887358042 0.02667814340809116 0.000497067159299581
3
1.5035754712323395 1.0009909448534304 0.020039193751754066
84883 0.026934614565737314
3
1.3078074575472247 -1.4153476787496806 0.009128361718909146
3
0.2536767596699026 1.8002215437405678 0.037820052158352435
3
1.52259187188743 0.9670658928486008 -0.10049164519186721
3
-0.03369420969069997 -1.9554233190461687 0.028743378034881147
3
1.669316875601714 0.41373346771910596 -0.019970362251907396
3
-1.6905591892299963 0.8224916459126419 -0.16349595449159057
3
-1.0914906145103205 -1.4206248789161466 -0.06567821891421163
3
1.713932579263737 0.011281121953203549 0.010583720121697294
3
1.0401932420372402 1.620062827434258 -0.0991095300202415
3
-1.6829714353397374 -0.46106361187881995 0.010929234451552751
3
1.7361391007732334 0.28225697634764674 0.036839021269158556
3
-1.89520351658566 0.24301741760127565 0.07915730012648803
3
0.8176205159892832 -1.606299977663073 -0.052469255043776426
3
-1.7463851517347329 0.8734561514133492 -0.1475016115103005
3
-0.5477851394525471 -1.6476383983415293 -0.010914112465320164
3
0.315017178944438 1.7357864526823084 -0.07898663355840484
3
1.6946850367806812 0.5021138381488036 0.08385446244624399
3
-0.2563864279612689 1.844768264339019 0.0761201409432498
3
1.8402362437716493 -0.00616695648097379 0.022217282386179017
3
1.7351212713607511 -0.060045207608405954 -0.07866571884510092
3
0.7095908615791383 -1.683427615029746 -0.0667657241911879
3
0.9459296139702794 -1.5858533593538822 0.040310973903747854
3
1.5577563615738452 1.0118617806236816 -0.13104449055103537
3
-1.7225414550637035 -0.6293109399981953 0.01698856886522681
3
0.28615413494429154 -1.7408495783638773 -0.05979860095976171
3
0.9347248807886454 -1.452530906673587 -0.05523396633891626
3
-1.3651287181137497 1.0550322510793875 -0.09823727962312191
3
0.9096601891696041 1.4639120811902397 0.13219940361810198
3
1.8321158816032819 0.04695471530085583 -0.07282970643173076
3
-1.9368313502503858 0.3767744125910507 0.0035921434769232803
3
-1.8031992051099885 0.17259603295479362 0.10400753477687542
3
-1.120064757654277 -1.4264194768700837 -0.03965180737482625
3
1.0567626254881795 -1.4177477247978667 0.042762627822354335
3
-0.2392687941362217 -1.7983912323118387 0.17338422093636172
3
1.1664816073704165 -1.3000954087489904 0.011404644971460869
3
1.7069989197252713 -0.4326205824788284 -0.16908145820104264
3
-1.4617304335083054 1.03904667199639 0.06496127649689476
3
-0.3242866274332026 -1.8460282698270223 -0.10581288720254609
3
-1.2801139358811773 1.513872499859965 -0.006987012374739277
3
1.3919269821928548 -1.372468560423973 -0.0999680307465383
3
1.7453767393358623 -0.3073817369480015 -0.05203901229691475
3
1.9327182646289776 -0.17460413340066339 0.0014829158535615888
3
1.665388372594969 1.0801058965985155 -0.010037963761911512
3
-1.7783073338197375 0.842146365090987 5.8924388970711984e-05
3
-0.044532602021790366 -1.9487801245283856 0.1518162863232687
3
1.9300552135973013 0.41620817739106086 -0.13497254444570292
3
0.920767207272783 -1.652482259050138 -0.13101583366899358
3
2.0157989882840424 0.08249392494450943 0.018530350305134696
3
0.8085645763986409 1.7669960005994254 0.1177719614662088
3
1.8462298795757952 0.4350653209499612 -0.01245876333701934
3
0.8915494937575855 -1.73033095091972 0.02354867323770817
3
-1.9188686618414827 -0.18723929185313165 0.13613584806211554
3
1.3871933094419964 -1.2939677122672841 -0.021756840702112947
3
-1.596044261024633 -0.9548854118426853 -0.1388324095560209
3
0.6981986978607002 1.8533070026620873 -0.09088466501865279
3
-1.7908407842168632 0.3290902722856106 0.05492204402872823
3
1.774568799954936 -0.7472724305791472 -0.14361822333020796
3
1.8800370236008292 0.07809142560373017 0.04614783644454776
3
-1.845684697795944 -0.3094764698445119 0.09172642138968205
3
-1.8430225666402684 -0.3809378310549781 -0.021560779782818743
3
1.5632702135853005 1.1044664652892764 0.08915043090169436
3
1.679284057187158 0.7731097340989843 -0.009653672618905075
3
-1.1194569123532772 -1.4514696617331042 0.0830711079449445
3
-1.4653612895913315 1.120017712042937 -0.042927341622919675
3
-1.6539201567750095 0.7332578091220671 0.10747431989851661
3
-1.543470792939177 1.239300685853993 0.006040846778908856
3
-0.21846074936849855 -1.7481596777002217 0.06979950797023778
3
0.49593978812205525 1.9367089145588305 -0.033334537979973905
3
1.7206466424425513 0.3372428747150207 -0.02352083820595048
3
-1.3198753851271185 -1.4756506090920083 0.14008878000345992
3
1.0006307788218463 1.520692769454046 -0.028084667371689354
3
-1.8001468407156747 -0.6620354064304453 -0.09263029080411725
3
1.3849763997454068 1.0917698352290834 0.012036454337865899
3
0.9775534099966708 1.7083705635585202 0.02029551837770247
3
1.7093901113484593 0.5519662910755277 0.10507819316239224
3
0.33561088644951775 -1.7506317663172586 0.11938713948429636
3
-0.3956514456628817 1.8874466965745091 -0.005552761208684304
3
1.854849980635812 -0.4349621736616867 0.1674814497810292
3
-0.505458810300553 -1.7051835403643603 0.09424288019029352
3
-1.410286679734897 -1.0753067696534775 0.014459624396024818
3
1.3199372925429589 -1.4103143262608027 -0.04155055444044573
3
1.6725170508923564 0.5714100101374627 0.028758968859831403
3
-1.6819475934264052 1.0046171925142982 0.0656301057073179
3
-1.544656228258375 0.957395675453777 0.10050533437535292
3
-1.0935556160389317 1.426676878576189 0.0609598958767762
3
-0.7784530615088597 -1.5679761246089536 -0.13286105942111295
3
1.6802076407501239 0.6602949697148515 -0.08102569768975953
3
-1.5356872726105484 1.0863388420226072 -0.16381266198366776
3
1.8860003800742315 0.47686962942390054 0.07171145971234244
3
-1.0969596776805064 1.3968949685367253 -0.0029085214705799017
3
1.666522928132963 -0.43610938096220664 0.011615123545528246
3
0.054735063908056256 1.7605379636718756 0.05091663300229495
3
3
1.8700014322711196 0.07153797518761518 0.006418168780934191
1.6683953773646811 -0.842579495832432 -0.08022025164369181
3
0.10765206551125102 -1.8343379573867085 -0.1589648663171303
3
-1.574053285375885 -0.9714705310969912 -0.10771807331277974
3
1.7718274912240957 -0.47073282689354 -0.012689775113599238
3
0.2806234439546798 -1.8153235356022939 -0.023129182134561752
3
-1.0693207567303475 -1.5059817557743596 0.17309017099846677
3
1.5754077167570595 0.7562044108379777 0.0809316937424766
3
1.5023225723874019 0.9177219295208209 -0.08628496585430548
3
0.3979493909809 1.7175141147187523 -0.011813517420928735
3
1.6574976851940009 -0.6776064695156789 -0.06540554606306054
3
1.6258380000621282 -1.075049459224854 0.06560588168529566
3
0.07456354593562334 -1.757513105533491 -0.14745652093880962
3
1.265766841972296 -1.3173945687981792 -0.07046200758982306
3
0.9725567789861689 -1.4848529870051912 0.04483575960823021
3
1.292975612822193 -1.2228723639666053 0.014036453657487472
3
1.5228872249271377 0.9583311469286565 -0.13990023315100802
3
-1.0063445931673722 1.4671475056612573 0.0123057846984613
3
0.971880364562571 1.4355543360807517 -0.06659661377883978
3
-0.7694166031933893 -1.7249380974194801 -0.001599711817659682
3
-1.8634422428279345 -0.6667555074733941 -0.006341509290341618
3
-0.5685095519843202 1.8579498363191465 0.05151300171415166
3
-1.4562970986833692 1.0379495198293218 0.006330868013835796
3
0.8552504855614269 -1.794236158122299 0.00469392877451423
3
1.9837189155491752 -0.05827735131980956 0.009930146558628316
3
-0.15825229522961293 -1.9010006933025818 3.7126742416462424e-05
3
-1.6960523521285136 -0.9261014102763224 0.076659242948973
3
-0.8643433964328402 -1.736823786057293 -0.10696866734474489
3
-0.6550365696192562 -1.7919972779653057 -0.08213211221388393
3
1.9622745518525986 0.21425517150900042 -0.012283756817610559
3
-1.811040595036917 -0.7595154589010773 -0.103666469082982
3
0.31515600300908303 1.8795074879813536 0.012831919964163113
3
-0.37215637284392017 1.8968407927911672 -0.05084651702164018
3
1.9534819244509598 -0.3575133431742283 0.10553123855992651
3
-1.5369380124016716 -1.0269825615959385 0.15045096714867245
3
-1.8593870427234367 0.1489786417964025 -0.03132505272832689
3
-1.7582247152295076 -0.6166022078959474 0.06943954758110825
3
1.8713932463100384 -0.21418724560801028 -0.07937175361439004
3
-1.0235371047980877 1.6660305849680936 -0.025652635362310754
3
-1.6457305807820433 -0.9364170130891333 0.07156348424480878
3
1.8603775984876625 -0.08887004340046019 -0.056310121822031454
3
-1.390364159249919 -1.300402478786118 0.043587353643796053
3
-0.8923016687731713 -1.6589065346719838 -0.14293549655026816
3
0.6224913578247292 -1.8202919149403596 -0.06407265199455149
3
1.4504438585958321 1.1223882655538968 0.16637460365899656
3
-0.4442518972851484 1.8028877991295984 0.08518022580529899
3
1.9689887243836064 -0.18128994457873238 0.004167902246068799
3
-0.6630753990110799 -1.6965933549275054 0.028852937392929573
3
-1.3014885546539081 1.2153808401938264 -0.11923170288655421
3
1.31608977092576 -1.5234321996805693 0.05699640522509913
3
0.5288047242831264 -1.7347877210169351 0.07760798465427983
3
0.8505477889254585 -1.766907424848248 -0.02182605366392416
3
1.7974660453234095 0.11503324426885732 -0.10784731154041478
3
-0.9443079744315286 1.5156369803671312 0.03942197742841022
3
0.8587586477202451 -1.7431920226919697 0.004193100134613364
3
-0.5930341535196189 -1.8710330576303515 -0.015105628347347454
3
-0.5716286587539076 -1.6809621514399198 0.05332135160518176
3
-0.0019113004483032603 -1.7774018455510128 -0.07205399307716161
3
0.19267212320104077 -1.769319256927681 -0.11581305153604515
3
-1.8696104164476777 -0.006504448753371403 -0.15843932940770322
3
0.2456617569902156 1.7582116881332623 -0.09636167820295158
3
1.523390746496687 0.8701020543632108 -0.037699691362294604
3
1.8137981298822732 -0.033915062879051494 0.13516838842328716
3
1.77687567069143 -0.16556613484412694 -0.060628806526034855
3
1.1831666997543435 1.2939630646039657 -0.08347337420518632
3
-1.7038106270359497 -0.9235421408667776 0.08643339118370016
3
1.5792454314651703 0.7960615959922432 0.07072949237485389
3
-0.8031598980638531 1.6965750556236032 -0.021259969931684164
3
-1.2120302253508273 -1.515976879585042 0.16231200138831758
3
-1.7376906162579744 0.059904558809366515 -0.016863549320736502
3
0.6708370191419646 1.6261021173670092 -0.0036289719590375004
3
1.711533148161776 0.9658309342465154 0.09550697711862183
3
1.1863424583867341 -1.4703841248748384 0.018847918960127837
3
-0.01092223289957868 -1.8736000828970885 -0.08125517029236116
3
-0.5188263767353896 -1.7632375197206538 -0.03551243430556437
3
-0.6865587082173705 -1.6090869134573593 -0.012120331886140307
3
-1.238240369087677 1.1877345596464757 0.012495250894232243
3
1.5659266209099312 0.9638742537025635 -0.07663012095670761
3
1.8740048466612742 0.6986519496939742 0.01685567222702834
3
-0.6010918133110893 1.6186857721433625 0.013342686284901515
3
1.806757670858499 -0.23706972189456166 0.021864769624831328
3
0.3424547778437584 -1.698518566974724 -0.03641284946193952
3
-0.12601539001785236 1.7247397019646435 -0.13617881543349655
3
-1.8239306644403714 0.3373068615177737 0.017515674227001187
3
1.245040079286365 -1.3657776130720558 -0.058109825195791526
3
-1.0705346507296165 1.6086470674937405 0.0428523790302219
3
1.7346733102128251 0.4117275809327056 0.16459377460542365
3
1.4814558040748196 1.0878619037174266 -0.09555240906232076
3
0.8496485960541834 -1.6124482689247635 -0.022206238214493093
3
1.3989082793839351 -1.1447458544067521 -0.038942064118860316
3
-0.2850347170604009 -1.753549600795737 0.1590755479771747
3
-1.6778929563233134 0.6586062798064842 0.09390703009009999
3
1.5628782575211388 -0.8001657713856638 0.06589213105944493
3
-1.180605686631842 -1.4803006489662909 0.10612562962033159
3
-0.04144775662947282 -1.9848451030697976 -0.00021270464903213896
3
-0.37739556875496494 -1.914893870492177 0.007984305678212265
3
0.7807103070596114 -1.5887057435339615 0.05837450186267325
3
-0.9943509017667217 -1.6541923543306898 0.0053545920342389815
3
1.595623684399452 -1.180483340671891 0.0044062721197431105
3
1.865273391937156 0.6264647257068585 2.0835426523658375e-05
3
-0.6678120651573608 1.8390411265624014 0.1266488979870016
3
-1.6303897171854698 1.004420125156264 -0.14419384264344173
3
1.8527825112624732 0.5534272513626917 -0.04868558626271625
3
-0.6771315852498098 1.7428273406722499 -0.06080073835218374
3
-1.8034409520250243 -0.6763307556020214 -0.02147377640754769
3
1.964275076701765 0.4144427144972619 -0.036141675368116626
3
0.0019577813268766564 -1.9824229478405568 0.583307 -1.1670632785071886 -0.09697294120267773
3
-0.6928522853905074 -1.7757626879734414 0.022593073835615467
3
-0.1341629352019581 -1.9375799332065 -0.10961066188853039
3
-0.3384469729554017 1.836395550412604 0.0691407193074511
3
1.7997146849079522 -0.5474892255041738 0.07214246369911788
3
0.8702836867543385 -1.4428904858305562 0.04352101351532145
3
-1.8314873225145223 0.5694926141021781 -0.04280892392344955
3
0.8691254536655363 -1.5057387298028053 -0.030780375717168684
3
-0.9274707554135034 1.5753183533263697 0.021267766805173498
3
-1.9509945966785942 -0.27457651272146255 0.004971622830954992
3
0.10423355339017346 -1.799856284752217 -0.014288473791721093
3
-1.4049487926842907 -1.3697506994309878 0.03458143289480829
3
0.6099291021277137 -1.8399532936863126 -0.09969048944957909
3
0.4875311683499933 -1.7686148766177072 -0.005590853195981596
3
0.5186222275251814 1.782590638289214 -0.04640545352475978
3
1.6695678996486536 -0.8671103540474641 -0.09563859371756828
3
0.2577792817939494 1.8268085583332832 0.11649135232252435
3
-1.8709850709194675 0.12500130796244951 0.028518263146348904
3
0.42299856134882574 1.8639754410411682 -0.12473469731310527
3
-1.857046203649745 0.21654910291397977 0.0004550612728070154
3
1.7130417005448622 0.6311648347409031 0.08380811375616007
3
1.1406916786310135 1.4324679901230195 -0.07019271387331169
3
-1.680635952751574 -0.5439605150160413 -0.07453477918805451
3
-1.1658667200037933 -1.2440848412759768 -0.05966482238729415
3
0.1263485875125686 -1.6561715610220424 0.07113330949532315
3
0.1932575905358629 -1.7315267857793188 -0.02781484405909103
3
-1.606935514226439 0.11189401443344878 -0.009740720096863349
3
1.4188332741485916 -0.18818005332940746 0.12112553152627237
3
1.5467789061448516 0.6841787940518712 0.030799940390045986
3
0.9932837387062139 1.3010775695890002 -0.009645756762881794
3
1.4636174729165998 -0.767166772322228 -0.02825133161399222
3
1.3710760084536295 0.9673911859683063 0.09598923479246216
3
-1.3054580054931821 1.0579748102851612 0.10459018909962388
3
-1.7412882846062632 0.32480882022408986 0.09702002192128346
3
-0.7814819821154707 -1.439438524004055 -0.04323525859088273
3
1.6884481584215982 -0.25256879390488085 -0.06264924901891517
3
-0.2778137837592116 -1.4078089688175595 -0.0006696236899541206
3
3
-1.5085479119166638 0.6054893496110554 0.10721360396682149
-0.15980540219325173 1.6218020377905586 0.0014731971806976106
3
-0.7938702678344204 -1.5446163744482821 0.03332886110981228
3
-0.899676100789965 -1.446025139139458 -0.047787402657203173
3
0.9672083089689307 -1.3984174946156005 -0.0030262688194273744
3
-0.3021277568642306 1.5567690529621585 0.03792236863054488
3
1.3714739980567527 0.8976585691287894 0.10694051273974393
3
1.0741559973754562 -1.4215954080907651 0.06632957343330464
3
0.6135429510667719 -1.4088048124144033 0.002994713603990466
3
1.9531934269901081 0.29172280996709826 -0.027637405519659528
3
-0.9199603823493592 -1.7082089818786383 0.039503730748392696
3
-1.7303638121348104 -0.5751425476730468 -0.0003435851948905714
3
1.6372871448288955 -0.9350999351996376 0.11071868689368633
3
1.1630080815451997 -1.4729636604881713 -0.005515532076295303
3
-0.11596582206339365 -1.7900860857068543 -0.024728773729502107
3
0.8518872841482389 1.6405260596048512 -0.007572498407799052
3
0.29967880140626085 1.8895249652686938 -0.1640442271938745
3
0.8953976088591883 -1.5478958375526846 0.02000986248807097
3
0.2329343205952944 -1.7530278415796485 0.09684087883949503
3
-1.6885890470722464 0.5259346338754056 -0.0362122317662578
3
1.7354665101439808 0.04015679826563211 -0.06689231889009889
3
-1.1389512469181213 1.1672728452077636 0.001621361051166469
3
0.1484271180318778 1.7210715012046656 0.03548335644219032
3
-1.4872606473452046 0.7807115877333137 0.047485918535580984
3
-1.5667487029256104 -0.5921321906172371 -0.008005049458990757
3
-1.4392833091050143 1.1207171371892144 0.06705602596249263
3
-0.9543301433758021 -1.3948409307525869 0.021640903341897815
3
0.3881728064286339 -1.6153710175346196 0.014308686266749878
3
-1.152084249966236 -1.2478329106298174 0.008283032776142124
